[ 2017-12-30T00:06:36+08:00 ] 192.168.1.100 /index.php/Test/setSessionTest?open_id=oSFV6w-VMN-xdb7eM0pyIq608E8E&token=g232238gc959
INFO: [ app_init ] --START--
INFO: Run Behavior\BuildLiteBehavior [ RunTime:0.000000s ]
INFO: [ app_init ] --END-- [ RunTime:0.025002s ]
INFO: [ app_begin ] --START--
INFO: Run Behavior\ReadHtmlCacheBehavior [ RunTime:0.000000s ]
INFO: [ app_begin ] --END-- [ RunTime:0.000000s ]
INFO: [ view_parse ] --START--
INFO: [ template_filter ] --START--
INFO: Run Behavior\ContentReplaceBehavior [ RunTime:0.001000s ]
INFO: [ template_filter ] --END-- [ RunTime:0.001000s ]
INFO: Run Behavior\ParseTemplateBehavior [ RunTime:0.032002s ]
INFO: [ view_parse ] --END-- [ RunTime:0.032002s ]
INFO: [ view_filter ] --START--
INFO: Run Behavior\WriteHtmlCacheBehavior [ RunTime:0.011000s ]
INFO: [ view_filter ] --END-- [ RunTime:0.011000s ]
INFO: [ app_end ] --START--
INFO: Run Behavior\ShowPageTraceBehavior [ RunTime:0.019001s ]
INFO: [ app_end ] --END-- [ RunTime:0.019001s ]

[ 2017-12-30T00:06:40+08:00 ] 192.168.1.100 /index.php/index
INFO: [ app_init ] --START--
INFO: Run Behavior\BuildLiteBehavior [ RunTime:0.000000s ]
INFO: [ app_init ] --END-- [ RunTime:0.000000s ]
INFO: [ app_begin ] --START--
INFO: Run Behavior\ReadHtmlCacheBehavior [ RunTime:0.001000s ]
INFO: [ app_begin ] --END-- [ RunTime:0.001000s ]
NOTIC: [8] Undefined index: token D:\phpStudy\WWW\youpei_2.0\Application\Home\Controller\BaseController.class.php 第 177 行.
NOTIC: [2048] Declaration of Common\Model\UserModel::delete() should be compatible with Think\Model::delete($options = Array) D:\phpStudy\WWW\youpei_2.0\Application\Common\Model\UserModel.class.php 第 14 行.
NOTIC: [2048] Declaration of Common\Model\UserModel::find() should be compatible with Think\Model::find($options = Array) D:\phpStudy\WWW\youpei_2.0\Application\Common\Model\UserModel.class.php 第 14 行.
SQL: SHOW COLUMNS FROM `yp_user` [ RunTime:0.0240s ]
SQL: SELECT * FROM `yp_user` WHERE ( open_id='oSFV6w-VMN-xdb7eM0pyIq608E8E' ) LIMIT 1   [ RunTime:0.0530s ]
NOTIC: [2] file_get_contents(): Unable to find the wrapper &quot;https&quot; - did you forget to enable it when you configured PHP? D:\phpStudy\WWW\youpei_2.0\Application\Home\Controller\BaseController.class.php 第 241 行.
NOTIC: [2] file_get_contents(https://api.weixin.qq.com/cgi-bin/token?grant_type=client_credential&amp;appid=wx2a478415b419d817&amp;secret=5777fd0e27efa96cf5c85bbf1d2e5baa): failed to open stream: No such file or directory D:\phpStudy\WWW\youpei_2.0\Application\Home\Controller\BaseController.class.php 第 241 行.
NOTIC: [8] Trying to get property of non-object D:\phpStudy\WWW\youpei_2.0\Application\Home\Controller\BaseController.class.php 第 242 行.
NOTIC: [2] file_get_contents(): Unable to find the wrapper &quot;https&quot; - did you forget to enable it when you configured PHP? D:\phpStudy\WWW\youpei_2.0\Application\Home\Controller\BaseController.class.php 第 245 行.
NOTIC: [2] file_get_contents(https://api.weixin.qq.com/cgi-bin/user/info?access_token=&amp;openid=oSFV6w-VMN-xdb7eM0pyIq608E8E): failed to open stream: No such file or directory D:\phpStudy\WWW\youpei_2.0\Application\Home\Controller\BaseController.class.php 第 245 行.
NOTIC: [8] Trying to get property of non-object D:\phpStudy\WWW\youpei_2.0\Application\Home\Controller\BaseController.class.php 第 246 行.
SQL: SHOW COLUMNS FROM `yp_user` [ RunTime:0.0150s ]
SQL: SELECT `last_login_time` FROM `yp_user` WHERE `open_id` = 'oSFV6w-VMN-xdb7eM0pyIq608E8E' LIMIT 1   [ RunTime:0.0020s ]
SQL: UPDATE `yp_user` SET `last_login_time`='1514563599' WHERE ( id=7904 ) [ RunTime:0.0170s ]
SQL: SELECT * FROM `yp_user` WHERE ( open_id='oSFV6w-VMN-xdb7eM0pyIq608E8E' ) LIMIT 1   [ RunTime:0.0020s ]
NOTIC: [8] Undefined index: share_user_id D:\phpStudy\WWW\youpei_2.0\Application\Home\Controller\BaseController.class.php 第 133 行.
SQL: SHOW COLUMNS FROM `yp_wxuser` [ RunTime:0.0170s ]
SQL: SELECT * FROM `yp_wxuser` WHERE `token` = 'g232238gc959' LIMIT 1   [ RunTime:0.0020s ]
INFO: [ view_parse ] --START--
INFO: [ template_filter ] --START--
INFO: Run Behavior\ContentReplaceBehavior [ RunTime:0.000000s ]
INFO: [ template_filter ] --END-- [ RunTime:0.000000s ]
INFO: Run Behavior\ParseTemplateBehavior [ RunTime:0.051003s ]
INFO: [ view_parse ] --END-- [ RunTime:0.051003s ]
INFO: [ view_filter ] --START--
INFO: Run Behavior\WriteHtmlCacheBehavior [ RunTime:0.000000s ]
INFO: [ view_filter ] --END-- [ RunTime:0.000000s ]
INFO: [ app_end ] --START--
INFO: Run Behavior\ShowPageTraceBehavior [ RunTime:0.001000s ]
INFO: [ app_end ] --END-- [ RunTime:0.001000s ]

[ 2017-12-30T00:06:43+08:00 ] 192.168.1.100 /index.php/Index/ajaxIndex
INFO: [ app_init ] --START--
INFO: Run Behavior\BuildLiteBehavior [ RunTime:0.000000s ]
INFO: [ app_init ] --END-- [ RunTime:0.000000s ]
INFO: [ app_begin ] --START--
INFO: Run Behavior\ReadHtmlCacheBehavior [ RunTime:0.001000s ]
INFO: [ app_begin ] --END-- [ RunTime:0.001000s ]
NOTIC: [8] Undefined index: token D:\phpStudy\WWW\youpei_2.0\Application\Home\Controller\BaseController.class.php 第 177 行.
NOTIC: [2048] Declaration of Common\Model\UserModel::delete() should be compatible with Think\Model::delete($options = Array) D:\phpStudy\WWW\youpei_2.0\Application\Common\Model\UserModel.class.php 第 14 行.
NOTIC: [2048] Declaration of Common\Model\UserModel::find() should be compatible with Think\Model::find($options = Array) D:\phpStudy\WWW\youpei_2.0\Application\Common\Model\UserModel.class.php 第 14 行.
SQL: SHOW COLUMNS FROM `yp_user` [ RunTime:0.0190s ]
SQL: SELECT * FROM `yp_user` WHERE ( open_id='oSFV6w-VMN-xdb7eM0pyIq608E8E' ) LIMIT 1   [ RunTime:0.0020s ]
NOTIC: [2] file_get_contents(): Unable to find the wrapper &quot;https&quot; - did you forget to enable it when you configured PHP? D:\phpStudy\WWW\youpei_2.0\Application\Home\Controller\BaseController.class.php 第 241 行.
NOTIC: [2] file_get_contents(https://api.weixin.qq.com/cgi-bin/token?grant_type=client_credential&amp;appid=wx2a478415b419d817&amp;secret=5777fd0e27efa96cf5c85bbf1d2e5baa): failed to open stream: No such file or directory D:\phpStudy\WWW\youpei_2.0\Application\Home\Controller\BaseController.class.php 第 241 行.
NOTIC: [8] Trying to get property of non-object D:\phpStudy\WWW\youpei_2.0\Application\Home\Controller\BaseController.class.php 第 242 行.
NOTIC: [2] file_get_contents(): Unable to find the wrapper &quot;https&quot; - did you forget to enable it when you configured PHP? D:\phpStudy\WWW\youpei_2.0\Application\Home\Controller\BaseController.class.php 第 245 行.
NOTIC: [2] file_get_contents(https://api.weixin.qq.com/cgi-bin/user/info?access_token=&amp;openid=oSFV6w-VMN-xdb7eM0pyIq608E8E): failed to open stream: No such file or directory D:\phpStudy\WWW\youpei_2.0\Application\Home\Controller\BaseController.class.php 第 245 行.
NOTIC: [8] Trying to get property of non-object D:\phpStudy\WWW\youpei_2.0\Application\Home\Controller\BaseController.class.php 第 246 行.
SQL: SHOW COLUMNS FROM `yp_user` [ RunTime:0.0200s ]
SQL: SELECT `last_login_time` FROM `yp_user` WHERE `open_id` = 'oSFV6w-VMN-xdb7eM0pyIq608E8E' LIMIT 1   [ RunTime:0.0010s ]
SQL: UPDATE `yp_user` SET `last_login_time`='1514563602' WHERE ( id=7904 ) [ RunTime:0.0020s ]
SQL: SELECT * FROM `yp_user` WHERE ( open_id='oSFV6w-VMN-xdb7eM0pyIq608E8E' ) LIMIT 1   [ RunTime:0.0020s ]
NOTIC: [8] Undefined index: share_user_id D:\phpStudy\WWW\youpei_2.0\Application\Home\Controller\BaseController.class.php 第 133 行.
SQL: SHOW COLUMNS FROM `yp_wxuser` [ RunTime:0.0220s ]
SQL: SELECT * FROM `yp_wxuser` WHERE `token` = 'g232238gc959' LIMIT 1   [ RunTime:0.0010s ]
NOTIC: [2048] Declaration of Common\Model\PictureModel::delete() should be compatible with Think\Model::delete($options = Array) D:\phpStudy\WWW\youpei_2.0\Application\Common\Model\PictureModel.class.php 第 58 行.
NOTIC: [2048] Declaration of Common\Model\PictureModel::find() should be compatible with Think\Model::find($options = Array) D:\phpStudy\WWW\youpei_2.0\Application\Common\Model\PictureModel.class.php 第 58 行.
SQL: SHOW COLUMNS FROM `yp_picture` [ RunTime:0.0320s ]
SQL: SELECT * FROM `yp_picture` ORDER BY sort desc  [ RunTime:0.0020s ]
SQL: SHOW COLUMNS FROM `yp_homeclassify` [ RunTime:0.0270s ]
SQL: SELECT * FROM yp_homeclassify where is_show ='0' ORDER BY sort ASC [ RunTime:0.0110s ]
SQL: SHOW COLUMNS FROM `yp_bargain` [ RunTime:0.0280s ]
SQL: SELECT DISTINCT  `type_id` FROM `yp_bargain` WHERE `type` = 2 AND `start_time` <= 1514563603 AND `end_time` > 1514563603 LIMIT 4   [ RunTime:0.0070s ]
NOTIC: [2048] Declaration of Common\Model\ProductModel::delete() should be compatible with Think\Model::delete($options = Array) D:\phpStudy\WWW\youpei_2.0\Application\Common\Model\ProductModel.class.php 第 218 行.
NOTIC: [2048] Declaration of Common\Model\ProductModel::find() should be compatible with Think\Model::find($options = Array) D:\phpStudy\WWW\youpei_2.0\Application\Common\Model\ProductModel.class.php 第 218 行.
SQL: SHOW COLUMNS FROM `yp_product` [ RunTime:0.0310s ]
SQL: SELECT `id`,`title`,`f_title`,`pic_url`,`type`,`price`,`status`,`tag`,`is_hot`,`city`,`area`,`address` FROM `yp_product` WHERE `type` = 1 AND `status` = 1 AND `check_status` = 2 ORDER BY create_time desc LIMIT 3   [ RunTime:0.0510s ]
SQL: SHOW COLUMNS FROM `yp_product_class` [ RunTime:0.0200s ]
SQL: SELECT * FROM `yp_product_class` WHERE `type` = 2 ORDER BY sort asc LIMIT 0,3   [ RunTime:0.0020s ]
SQL: SELECT `id`,`title`,`f_title`,`pic_url`,`type`,`price`,`status`,`tag`,`is_hot` FROM `yp_product` WHERE `type` = 2 AND `is_hot` = 2 AND `check_status` = 2 AND `class_id` = 18 AND `status` = 1 ORDER BY sort desc LIMIT 4   [ RunTime:0.0020s ]
SQL: SELECT `id`,`title`,`f_title`,`pic_url`,`type`,`price`,`status`,`tag`,`is_hot` FROM `yp_product` WHERE `type` = 2 AND `is_hot` = 2 AND `check_status` = 2 AND `class_id` = 12 AND `status` = 1 ORDER BY sort desc LIMIT 4   [ RunTime:0.0020s ]
SQL: SELECT `id`,`title`,`f_title`,`pic_url`,`type`,`price`,`status`,`tag`,`is_hot` FROM `yp_product` WHERE `type` = 2 AND `is_hot` = 2 AND `check_status` = 2 AND `class_id` = 17 AND `status` = 1 ORDER BY sort desc LIMIT 4   [ RunTime:0.0020s ]
SQL: SHOW COLUMNS FROM `yp_user_message` [ RunTime:0.0230s ]
SQL: SELECT COUNT(*) AS tp_count FROM `yp_user_message` WHERE `user_id` = 7904 AND `is_read` = 1 LIMIT 1   [ RunTime:0.7750s ]

[ 2017-12-30T00:06:45+08:00 ] 192.168.1.100 /index.php/Index/getGroupProduct?page=0
INFO: [ app_init ] --START--
INFO: Run Behavior\BuildLiteBehavior [ RunTime:0.000000s ]
INFO: [ app_init ] --END-- [ RunTime:0.000000s ]
INFO: [ app_begin ] --START--
INFO: Run Behavior\ReadHtmlCacheBehavior [ RunTime:0.001000s ]
INFO: [ app_begin ] --END-- [ RunTime:0.001000s ]
NOTIC: [8] Undefined index: token D:\phpStudy\WWW\youpei_2.0\Application\Home\Controller\BaseController.class.php 第 177 行.
NOTIC: [2048] Declaration of Common\Model\UserModel::delete() should be compatible with Think\Model::delete($options = Array) D:\phpStudy\WWW\youpei_2.0\Application\Common\Model\UserModel.class.php 第 14 行.
NOTIC: [2048] Declaration of Common\Model\UserModel::find() should be compatible with Think\Model::find($options = Array) D:\phpStudy\WWW\youpei_2.0\Application\Common\Model\UserModel.class.php 第 14 行.
SQL: SHOW COLUMNS FROM `yp_user` [ RunTime:0.0180s ]
SQL: SELECT * FROM `yp_user` WHERE ( open_id='oSFV6w-VMN-xdb7eM0pyIq608E8E' ) LIMIT 1   [ RunTime:0.0020s ]
NOTIC: [2] file_get_contents(): Unable to find the wrapper &quot;https&quot; - did you forget to enable it when you configured PHP? D:\phpStudy\WWW\youpei_2.0\Application\Home\Controller\BaseController.class.php 第 241 行.
NOTIC: [2] file_get_contents(https://api.weixin.qq.com/cgi-bin/token?grant_type=client_credential&amp;appid=wx2a478415b419d817&amp;secret=5777fd0e27efa96cf5c85bbf1d2e5baa): failed to open stream: No such file or directory D:\phpStudy\WWW\youpei_2.0\Application\Home\Controller\BaseController.class.php 第 241 行.
NOTIC: [8] Trying to get property of non-object D:\phpStudy\WWW\youpei_2.0\Application\Home\Controller\BaseController.class.php 第 242 行.
NOTIC: [2] file_get_contents(): Unable to find the wrapper &quot;https&quot; - did you forget to enable it when you configured PHP? D:\phpStudy\WWW\youpei_2.0\Application\Home\Controller\BaseController.class.php 第 245 行.
NOTIC: [2] file_get_contents(https://api.weixin.qq.com/cgi-bin/user/info?access_token=&amp;openid=oSFV6w-VMN-xdb7eM0pyIq608E8E): failed to open stream: No such file or directory D:\phpStudy\WWW\youpei_2.0\Application\Home\Controller\BaseController.class.php 第 245 行.
NOTIC: [8] Trying to get property of non-object D:\phpStudy\WWW\youpei_2.0\Application\Home\Controller\BaseController.class.php 第 246 行.
SQL: SHOW COLUMNS FROM `yp_user` [ RunTime:0.0170s ]
SQL: SELECT `last_login_time` FROM `yp_user` WHERE `open_id` = 'oSFV6w-VMN-xdb7eM0pyIq608E8E' LIMIT 1   [ RunTime:0.0010s ]
SQL: UPDATE `yp_user` SET `last_login_time`='1514563605' WHERE ( id=7904 ) [ RunTime:0.0020s ]
SQL: SELECT * FROM `yp_user` WHERE ( open_id='oSFV6w-VMN-xdb7eM0pyIq608E8E' ) LIMIT 1   [ RunTime:0.0010s ]
NOTIC: [8] Undefined index: share_user_id D:\phpStudy\WWW\youpei_2.0\Application\Home\Controller\BaseController.class.php 第 133 行.
SQL: SHOW COLUMNS FROM `yp_wxuser` [ RunTime:0.0180s ]
SQL: SELECT * FROM `yp_wxuser` WHERE `token` = 'g232238gc959' LIMIT 1   [ RunTime:0.0020s ]

