[ 2017-11-11T18:34:18+08:00 ] 192.168.0.111 /index.php/Index/index.html
INFO: [ app_init ] --START--
INFO: Run Behavior\BuildLiteBehavior [ RunTime:0.000000s ]
INFO: [ app_init ] --END-- [ RunTime:0.034002s ]
INFO: [ app_begin ] --START--
INFO: Run Behavior\ReadHtmlCacheBehavior [ RunTime:0.014001s ]
INFO: [ app_begin ] --END-- [ RunTime:0.014001s ]
NOTIC: [8] Undefined index: token D:\phpStudy\WWW\youpei_2.0\Application\Home\Controller\BaseController.class.php 第 157 行.
NOTIC: [2048] Declaration of Common\Model\UserModel::delete() should be compatible with Think\Model::delete($options = Array) D:\phpStudy\WWW\youpei_2.0\Application\Common\Model\UserModel.class.php 第 14 行.
NOTIC: [2048] Declaration of Common\Model\UserModel::find() should be compatible with Think\Model::find($options = Array) D:\phpStudy\WWW\youpei_2.0\Application\Common\Model\UserModel.class.php 第 14 行.
SQL: SHOW COLUMNS FROM `yp_user` [ RunTime:0.0140s ]
SQL: SELECT * FROM `yp_user` WHERE ( open_id='oSFV6w-VMN-xdb7eM0pyIq608E8E' ) LIMIT 1   [ RunTime:0.0180s ]
SQL: UPDATE `yp_user` SET `last_login_time`='1510396456' WHERE ( id=7904 ) [ RunTime:0.0100s ]
SQL: SELECT * FROM `yp_user` WHERE ( open_id='oSFV6w-VMN-xdb7eM0pyIq608E8E' ) LIMIT 1   [ RunTime:0.0020s ]
NOTIC: [8] Undefined index: share_user_id D:\phpStudy\WWW\youpei_2.0\Application\Home\Controller\BaseController.class.php 第 113 行.
SQL: SHOW COLUMNS FROM `yp_wxuser` [ RunTime:0.0080s ]
SQL: SELECT * FROM `yp_wxuser` WHERE `token` = 'g232238gc959' LIMIT 1   [ RunTime:0.0010s ]
NOTIC: [2048] Declaration of Common\Model\PictureModel::delete() should be compatible with Think\Model::delete($options = Array) D:\phpStudy\WWW\youpei_2.0\Application\Common\Model\PictureModel.class.php 第 58 行.
NOTIC: [2048] Declaration of Common\Model\PictureModel::find() should be compatible with Think\Model::find($options = Array) D:\phpStudy\WWW\youpei_2.0\Application\Common\Model\PictureModel.class.php 第 58 行.
SQL: SHOW COLUMNS FROM `yp_picture` [ RunTime:0.0130s ]
SQL: SELECT * FROM `yp_picture` ORDER BY sort desc  [ RunTime:0.0080s ]
SQL: SHOW COLUMNS FROM `yp_homeclassify` [ RunTime:0.0160s ]
SQL: SELECT * FROM yp_homeclassify where is_show ='0' ORDER BY sort ASC [ RunTime:0.0060s ]
NOTIC: [2048] Declaration of Common\Model\ProductClassModel::delete() should be compatible with Think\Model::delete($options = Array) D:\phpStudy\WWW\youpei_2.0\Application\Common\Model\ProductClassModel.class.php 第 63 行.
NOTIC: [2048] Declaration of Common\Model\ProductClassModel::find() should be compatible with Think\Model::find($options = Array) D:\phpStudy\WWW\youpei_2.0\Application\Common\Model\ProductClassModel.class.php 第 63 行.
SQL: SHOW COLUMNS FROM `yp_product_class` [ RunTime:0.0110s ]
SQL: SELECT * FROM `yp_product_class` ORDER BY sort asc  [ RunTime:0.0020s ]
SQL: SHOW COLUMNS FROM `yp_bargain` [ RunTime:0.0190s ]
SQL: SELECT DISTINCT  `type_id` FROM `yp_bargain` WHERE `type` = 2 AND `start_time` <= 1510396457 AND `end_time` > 1510396457 LIMIT 4   [ RunTime:0.0060s ]
SQL: SELECT * FROM `yp_bargain` WHERE `type` = 2 AND `type_id` = 36 AND `start_time` <= 1510396457 AND `end_time` > 1510396457 LIMIT 1   [ RunTime:0.0010s ]
SQL: SHOW COLUMNS FROM `yp_product` [ RunTime:0.0210s ]
SQL: SELECT `id`,`title`,`f_title`,`pic_url`,`type`,`price`,`status`,`tag`,`is_hot`,`city`,`area`,`address` FROM `yp_product` WHERE `id` = 36 LIMIT 1   [ RunTime:0.0230s ]
NOTIC: [8] Undefined offset: 2 D:\phpStudy\WWW\youpei_2.0\Application\Home\Controller\IndexController.class.php 第 75 行.
SQL: SHOW COLUMNS FROM `yp_product` [ RunTime:0.0090s ]
SQL: SELECT `id`,`title`,`f_title`,`pic_url`,`type`,`price`,`status`,`tag`,`is_hot` FROM `yp_product` WHERE `type` = 2 AND `is_hot` = 2 AND `check_status` = 2 ORDER BY id desc LIMIT 5   [ RunTime:0.0160s ]
SQL: SHOW COLUMNS FROM `yp_group_record` [ RunTime:0.0210s ]
SQL: UPDATE `yp_group_record` SET `status`='2' WHERE `status` <> 5 AND `end_time` <= 1510396458 [ RunTime:0.0010s ]
SQL: SELECT * FROM `yp_group_record` WHERE `status` <> 5 AND `end_time` > 1510396458  [ RunTime:0.0010s ]
SQL: SHOW COLUMNS FROM `yp_order` [ RunTime:0.0150s ]
SQL: SELECT COUNT(amount) AS tp_count FROM `yp_order` WHERE `group_record_id` = 6 AND ( `status` = 1 OR `status` = 4 ) LIMIT 1   [ RunTime:0.0030s ]
NOTIC: [2048] Declaration of Common\Model\GroupProductModel::delete() should be compatible with Think\Model::delete($options = Array) D:\phpStudy\WWW\youpei_2.0\Application\Common\Model\GroupProductModel.class.php 第 68 行.
NOTIC: [2048] Declaration of Common\Model\GroupProductModel::find() should be compatible with Think\Model::find($options = Array) D:\phpStudy\WWW\youpei_2.0\Application\Common\Model\GroupProductModel.class.php 第 68 行.
SQL: SHOW COLUMNS FROM `yp_group_product` [ RunTime:0.0290s ]
SQL: SELECT * FROM `yp_group_product` WHERE ( id=9 ) LIMIT 1   [ RunTime:0.0120s ]
SQL: SELECT COUNT(amount) AS tp_count FROM `yp_order` WHERE `group_record_id` = 7 AND ( `status` = 1 OR `status` = 4 ) LIMIT 1   [ RunTime:0.0010s ]
SQL: SELECT * FROM `yp_group_product` WHERE ( id=11 ) LIMIT 1   [ RunTime:0.0010s ]
SQL: SELECT COUNT(amount) AS tp_count FROM `yp_order` WHERE `group_record_id` = 8 AND ( `status` = 1 OR `status` = 4 ) LIMIT 1   [ RunTime:0.0020s ]
SQL: SELECT * FROM `yp_group_product` WHERE ( id=13 ) LIMIT 1   [ RunTime:0.0010s ]
SQL: SELECT COUNT(amount) AS tp_count FROM `yp_order` WHERE `group_record_id` = 9 AND ( `status` = 1 OR `status` = 4 ) LIMIT 1   [ RunTime:0.0050s ]
SQL: SELECT * FROM `yp_group_product` WHERE ( id=12 ) LIMIT 1   [ RunTime:0.0020s ]
INFO: [ view_parse ] --START--
INFO: [ template_filter ] --START--
INFO: Run Behavior\ContentReplaceBehavior [ RunTime:0.001000s ]
INFO: [ template_filter ] --END-- [ RunTime:0.002000s ]
NOTIC: [8] Undefined variable: umark D:\phpStudy\WWW\youpei_2.0\Application\Runtime\Cache\Home\2a94b8bda04ff446dcedd42276fc99ee.php 第 674 行.
INFO: Run Behavior\ParseTemplateBehavior [ RunTime:0.130007s ]
INFO: [ view_parse ] --END-- [ RunTime:0.130007s ]
INFO: [ view_filter ] --START--
INFO: Run Behavior\WriteHtmlCacheBehavior [ RunTime:0.011001s ]
INFO: [ view_filter ] --END-- [ RunTime:0.011001s ]
INFO: [ app_end ] --START--
INFO: Run Behavior\ShowPageTraceBehavior [ RunTime:0.019001s ]
INFO: [ app_end ] --END-- [ RunTime:0.020001s ]

[ 2017-11-11T18:34:20+08:00 ] 192.168.0.111 /index.php/Index/getProductByType
INFO: [ app_init ] --START--
INFO: Run Behavior\BuildLiteBehavior [ RunTime:0.000000s ]
INFO: [ app_init ] --END-- [ RunTime:0.000000s ]
INFO: [ app_begin ] --START--
INFO: Run Behavior\ReadHtmlCacheBehavior [ RunTime:0.000000s ]
INFO: [ app_begin ] --END-- [ RunTime:0.001000s ]
NOTIC: [8] Undefined index: token D:\phpStudy\WWW\youpei_2.0\Application\Home\Controller\BaseController.class.php 第 157 行.
NOTIC: [2048] Declaration of Common\Model\UserModel::delete() should be compatible with Think\Model::delete($options = Array) D:\phpStudy\WWW\youpei_2.0\Application\Common\Model\UserModel.class.php 第 14 行.
NOTIC: [2048] Declaration of Common\Model\UserModel::find() should be compatible with Think\Model::find($options = Array) D:\phpStudy\WWW\youpei_2.0\Application\Common\Model\UserModel.class.php 第 14 行.
SQL: SHOW COLUMNS FROM `yp_user` [ RunTime:0.0090s ]
SQL: SELECT * FROM `yp_user` WHERE ( open_id='oSFV6w-VMN-xdb7eM0pyIq608E8E' ) LIMIT 1   [ RunTime:0.0020s ]
SQL: UPDATE `yp_user` SET `last_login_time`='1510396460' WHERE ( id=7904 ) [ RunTime:0.0010s ]
SQL: SELECT * FROM `yp_user` WHERE ( open_id='oSFV6w-VMN-xdb7eM0pyIq608E8E' ) LIMIT 1   [ RunTime:0.0010s ]
NOTIC: [8] Undefined index: share_user_id D:\phpStudy\WWW\youpei_2.0\Application\Home\Controller\BaseController.class.php 第 113 行.
SQL: SHOW COLUMNS FROM `yp_wxuser` [ RunTime:0.0100s ]
SQL: SELECT * FROM `yp_wxuser` WHERE `token` = 'g232238gc959' LIMIT 1   [ RunTime:0.0010s ]
SQL: SHOW COLUMNS FROM `yp_product` [ RunTime:0.0110s ]
SQL: SELECT `id`,`title`,`pic_url`,`tag`,`class_id`,`org_id`,`f_title`,`price` FROM `yp_product` WHERE `status` = 1 AND `check_status` = 2 AND `is_fire` = 2 ORDER BY sort desc,create_time desc LIMIT 3   [ RunTime:0.0240s ]
NOTIC: [8] Undefined offset: 2 D:\phpStudy\WWW\youpei_2.0\Application\Home\Controller\IndexController.class.php 第 219 行.
NOTIC: [2048] Declaration of Common\Model\ProductClassModel::delete() should be compatible with Think\Model::delete($options = Array) D:\phpStudy\WWW\youpei_2.0\Application\Common\Model\ProductClassModel.class.php 第 63 行.
NOTIC: [2048] Declaration of Common\Model\ProductClassModel::find() should be compatible with Think\Model::find($options = Array) D:\phpStudy\WWW\youpei_2.0\Application\Common\Model\ProductClassModel.class.php 第 63 行.
SQL: SHOW COLUMNS FROM `yp_product_class` [ RunTime:0.0130s ]
SQL: SELECT `title` FROM `yp_product_class` WHERE ( id=11 ) LIMIT 1   [ RunTime:0.0010s ]
NOTIC: [2048] Declaration of Common\Model\OrganizationModel::delete() should be compatible with Think\Model::delete($options = Array) D:\phpStudy\WWW\youpei_2.0\Application\Common\Model\OrganizationModel.class.php 第 112 行.
NOTIC: [2048] Declaration of Common\Model\OrganizationModel::find() should be compatible with Think\Model::find($options = Array) D:\phpStudy\WWW\youpei_2.0\Application\Common\Model\OrganizationModel.class.php 第 112 行.
SQL: SHOW COLUMNS FROM `yp_organization` [ RunTime:0.0290s ]
SQL: SELECT `picture` FROM `yp_organization` WHERE ( id=6 ) LIMIT 1   [ RunTime:0.0500s ]
SQL: SHOW COLUMNS FROM `yp_organization` [ RunTime:0.0120s ]
SQL: SELECT * FROM `yp_organization` WHERE `id` = 6 LIMIT 1   [ RunTime:0.0010s ]
NOTIC: [2048] Declaration of Common\Model\BargainModel::delete() should be compatible with Think\Model::delete($options = Array) D:\phpStudy\WWW\youpei_2.0\Application\Common\Model\BargainModel.class.php 第 64 行.
NOTIC: [2048] Declaration of Common\Model\BargainModel::find() should be compatible with Think\Model::find($options = Array) D:\phpStudy\WWW\youpei_2.0\Application\Common\Model\BargainModel.class.php 第 64 行.
SQL: SHOW COLUMNS FROM `yp_bargain` [ RunTime:0.0090s ]
SQL: SELECT * FROM `yp_bargain` WHERE `type` = 1 AND `type_id` = 58 AND `key` = 1 AND `start_time` < 1510396460 AND `end_time` > 1510396460 LIMIT 1   [ RunTime:0.0010s ]
NOTIC: [8] Undefined offset: 0 D:\phpStudy\WWW\youpei_2.0\Application\Home\Controller\IndexController.class.php 第 242 行.
NOTIC: [2048] Declaration of Common\Model\ProductModel::delete() should be compatible with Think\Model::delete($options = Array) D:\phpStudy\WWW\youpei_2.0\Application\Common\Model\ProductModel.class.php 第 218 行.
NOTIC: [2048] Declaration of Common\Model\ProductModel::find() should be compatible with Think\Model::find($options = Array) D:\phpStudy\WWW\youpei_2.0\Application\Common\Model\ProductModel.class.php 第 218 行.
SQL: SELECT `price` FROM `yp_product` WHERE `id` = 58 LIMIT 1   [ RunTime:0.0010s ]
SQL: SELECT `price` FROM `yp_bargain` WHERE `type` = 2 AND `key` = 1 AND `type_id` = 58 AND `start_time` <= 1510396460 AND `end_time` > 1510396460 LIMIT 1   [ RunTime:0.0010s ]
SQL: SELECT `title` FROM `yp_product_class` WHERE ( id=15 ) LIMIT 1   [ RunTime:0.0010s ]
SQL: SELECT `picture` FROM `yp_organization` WHERE ( id=1 ) LIMIT 1   [ RunTime:0.0090s ]
SQL: SELECT * FROM `yp_organization` WHERE `id` = 1 LIMIT 1   [ RunTime:0.0060s ]
SQL: SELECT * FROM `yp_bargain` WHERE `type` = 1 AND `type_id` = 88 AND `key` = 1 AND `start_time` < 1510396460 AND `end_time` > 1510396460 LIMIT 1   [ RunTime:0.0010s ]
NOTIC: [8] Undefined offset: 1 D:\phpStudy\WWW\youpei_2.0\Application\Home\Controller\IndexController.class.php 第 242 行.
SQL: SELECT `price` FROM `yp_product` WHERE `id` = 88 LIMIT 1   [ RunTime:0.0010s ]
SQL: SELECT `price` FROM `yp_bargain` WHERE `type` = 2 AND `key` = 1 AND `type_id` = 88 AND `start_time` <= 1510396460 AND `end_time` > 1510396460 LIMIT 1   [ RunTime:0.0010s ]
SQL: SELECT `title` FROM `yp_product_class` WHERE ( id=14 ) LIMIT 1   [ RunTime:0.0010s ]
SQL: SELECT `picture` FROM `yp_organization` WHERE ( id=1 ) LIMIT 1   [ RunTime:0.0000s ]
SQL: SELECT * FROM `yp_organization` WHERE `id` = 1 LIMIT 1   [ RunTime:0.0050s ]
SQL: SELECT * FROM `yp_bargain` WHERE `type` = 1 AND `type_id` = 86 AND `key` = 1 AND `start_time` < 1510396460 AND `end_time` > 1510396460 LIMIT 1   [ RunTime:0.0010s ]
NOTIC: [8] Undefined offset: 2 D:\phpStudy\WWW\youpei_2.0\Application\Home\Controller\IndexController.class.php 第 242 行.
SQL: SELECT `price` FROM `yp_product` WHERE `id` = 86 LIMIT 1   [ RunTime:0.0010s ]
SQL: SELECT `price` FROM `yp_bargain` WHERE `type` = 2 AND `key` = 1 AND `type_id` = 86 AND `start_time` <= 1510396460 AND `end_time` > 1510396460 LIMIT 1   [ RunTime:0.0010s ]

[ 2017-11-11T18:34:21+08:00 ] 192.168.0.111 /index.php/Index/indexTest
INFO: [ app_init ] --START--
INFO: Run Behavior\BuildLiteBehavior [ RunTime:0.000000s ]
INFO: [ app_init ] --END-- [ RunTime:0.000000s ]
INFO: [ app_begin ] --START--
INFO: Run Behavior\ReadHtmlCacheBehavior [ RunTime:0.001000s ]
INFO: [ app_begin ] --END-- [ RunTime:0.001000s ]
NOTIC: [8] Undefined index: token D:\phpStudy\WWW\youpei_2.0\Application\Home\Controller\BaseController.class.php 第 157 行.
NOTIC: [2048] Declaration of Common\Model\UserModel::delete() should be compatible with Think\Model::delete($options = Array) D:\phpStudy\WWW\youpei_2.0\Application\Common\Model\UserModel.class.php 第 14 行.
NOTIC: [2048] Declaration of Common\Model\UserModel::find() should be compatible with Think\Model::find($options = Array) D:\phpStudy\WWW\youpei_2.0\Application\Common\Model\UserModel.class.php 第 14 行.
SQL: SHOW COLUMNS FROM `yp_user` [ RunTime:0.0080s ]
SQL: SELECT * FROM `yp_user` WHERE ( open_id='oSFV6w-VMN-xdb7eM0pyIq608E8E' ) LIMIT 1   [ RunTime:0.0020s ]
SQL: UPDATE `yp_user` SET `last_login_time`='1510396461' WHERE ( id=7904 ) [ RunTime:0.0020s ]
SQL: SELECT * FROM `yp_user` WHERE ( open_id='oSFV6w-VMN-xdb7eM0pyIq608E8E' ) LIMIT 1   [ RunTime:0.0010s ]
NOTIC: [8] Undefined index: share_user_id D:\phpStudy\WWW\youpei_2.0\Application\Home\Controller\BaseController.class.php 第 113 行.
SQL: SHOW COLUMNS FROM `yp_wxuser` [ RunTime:0.0100s ]
SQL: SELECT * FROM `yp_wxuser` WHERE `token` = 'g232238gc959' LIMIT 1   [ RunTime:0.0010s ]
NOTIC: [2048] Declaration of Common\Model\PictureModel::delete() should be compatible with Think\Model::delete($options = Array) D:\phpStudy\WWW\youpei_2.0\Application\Common\Model\PictureModel.class.php 第 58 行.
NOTIC: [2048] Declaration of Common\Model\PictureModel::find() should be compatible with Think\Model::find($options = Array) D:\phpStudy\WWW\youpei_2.0\Application\Common\Model\PictureModel.class.php 第 58 行.
SQL: SHOW COLUMNS FROM `yp_picture` [ RunTime:0.0070s ]
SQL: SELECT * FROM `yp_picture` ORDER BY sort desc  [ RunTime:0.0010s ]
SQL: SHOW COLUMNS FROM `yp_homeclassify` [ RunTime:0.0100s ]
SQL: SELECT * FROM yp_homeclassify where is_show ='0' ORDER BY sort ASC [ RunTime:0.0020s ]
NOTIC: [2048] Declaration of Common\Model\ProductClassModel::delete() should be compatible with Think\Model::delete($options = Array) D:\phpStudy\WWW\youpei_2.0\Application\Common\Model\ProductClassModel.class.php 第 63 行.
NOTIC: [2048] Declaration of Common\Model\ProductClassModel::find() should be compatible with Think\Model::find($options = Array) D:\phpStudy\WWW\youpei_2.0\Application\Common\Model\ProductClassModel.class.php 第 63 行.
SQL: SHOW COLUMNS FROM `yp_product_class` [ RunTime:0.0120s ]
SQL: SELECT * FROM `yp_product_class` ORDER BY sort asc  [ RunTime:0.0020s ]
SQL: SHOW COLUMNS FROM `yp_bargain` [ RunTime:0.0080s ]
SQL: SELECT DISTINCT  `type_id` FROM `yp_bargain` WHERE `type` = 2 AND `start_time` <= 1510396461 AND `end_time` > 1510396461 LIMIT 4   [ RunTime:0.0020s ]
SQL: SELECT * FROM `yp_bargain` WHERE `type` = 2 AND `type_id` = 36 AND `start_time` <= 1510396461 AND `end_time` > 1510396461 LIMIT 1   [ RunTime:0.0020s ]
SQL: SHOW COLUMNS FROM `yp_product` [ RunTime:0.0100s ]
SQL: SELECT `id`,`title`,`f_title`,`pic_url`,`type`,`price`,`status`,`tag`,`is_hot` FROM `yp_product` WHERE `id` = 36 LIMIT 1   [ RunTime:0.0020s ]
NOTIC: [8] Undefined offset: 2 D:\phpStudy\WWW\youpei_2.0\Application\Home\Controller\IndexController.class.php 第 169 行.
SQL: SHOW COLUMNS FROM `yp_product` [ RunTime:0.0090s ]
SQL: SELECT `id`,`title`,`f_title`,`pic_url`,`type`,`price`,`status`,`tag`,`is_hot` FROM `yp_product` WHERE `type` = 2 AND `is_hot` = 2 AND `check_status` = 2 ORDER BY id desc LIMIT 5   [ RunTime:0.0020s ]

[ 2017-11-11T18:34:25+08:00 ] 192.168.0.111 /index.php/Product/productDetails?pro_id=86
INFO: [ app_init ] --START--
INFO: Run Behavior\BuildLiteBehavior [ RunTime:0.000000s ]
INFO: [ app_init ] --END-- [ RunTime:0.000000s ]
INFO: [ app_begin ] --START--
INFO: Run Behavior\ReadHtmlCacheBehavior [ RunTime:0.001000s ]
INFO: [ app_begin ] --END-- [ RunTime:0.001000s ]
NOTIC: [8] Undefined index: token D:\phpStudy\WWW\youpei_2.0\Application\Home\Controller\BaseController.class.php 第 157 行.
NOTIC: [2048] Declaration of Common\Model\UserModel::delete() should be compatible with Think\Model::delete($options = Array) D:\phpStudy\WWW\youpei_2.0\Application\Common\Model\UserModel.class.php 第 14 行.
NOTIC: [2048] Declaration of Common\Model\UserModel::find() should be compatible with Think\Model::find($options = Array) D:\phpStudy\WWW\youpei_2.0\Application\Common\Model\UserModel.class.php 第 14 行.
SQL: SHOW COLUMNS FROM `yp_user` [ RunTime:0.0060s ]
SQL: SELECT * FROM `yp_user` WHERE ( open_id='oSFV6w-VMN-xdb7eM0pyIq608E8E' ) LIMIT 1   [ RunTime:0.0010s ]
SQL: UPDATE `yp_user` SET `last_login_time`='1510396464' WHERE ( id=7904 ) [ RunTime:0.0010s ]
SQL: SELECT * FROM `yp_user` WHERE ( open_id='oSFV6w-VMN-xdb7eM0pyIq608E8E' ) LIMIT 1   [ RunTime:0.0010s ]
NOTIC: [8] Undefined index: share_user_id D:\phpStudy\WWW\youpei_2.0\Application\Home\Controller\BaseController.class.php 第 113 行.
SQL: SHOW COLUMNS FROM `yp_wxuser` [ RunTime:0.0070s ]
SQL: SELECT * FROM `yp_wxuser` WHERE `token` = 'g232238gc959' LIMIT 1   [ RunTime:0.0010s ]
NOTIC: [2048] Declaration of Common\Model\ProductModel::delete() should be compatible with Think\Model::delete($options = Array) D:\phpStudy\WWW\youpei_2.0\Application\Common\Model\ProductModel.class.php 第 218 行.
NOTIC: [2048] Declaration of Common\Model\ProductModel::find() should be compatible with Think\Model::find($options = Array) D:\phpStudy\WWW\youpei_2.0\Application\Common\Model\ProductModel.class.php 第 218 行.
SQL: SHOW COLUMNS FROM `yp_product` [ RunTime:0.0070s ]
SQL: SELECT * FROM `yp_product` WHERE ( id=86 ) LIMIT 1   [ RunTime:0.0020s ]
NOTIC: [2048] Declaration of Common\Model\ProductCommentModel::delete() should be compatible with Think\Model::delete($options = Array) D:\phpStudy\WWW\youpei_2.0\Application\Common\Model\ProductCommentModel.class.php 第 125 行.
NOTIC: [2048] Declaration of Common\Model\ProductCommentModel::find() should be compatible with Think\Model::find($options = Array) D:\phpStudy\WWW\youpei_2.0\Application\Common\Model\ProductCommentModel.class.php 第 125 行.
SQL: SHOW COLUMNS FROM `yp_product_comment` [ RunTime:0.0160s ]
SQL: SELECT * FROM `yp_product_comment` WHERE `father_id` = 0 AND `product_id` = 86 ORDER BY create_time desc  [ RunTime:0.0090s ]
NOTIC: [2048] Declaration of Common\Model\OrganizationModel::delete() should be compatible with Think\Model::delete($options = Array) D:\phpStudy\WWW\youpei_2.0\Application\Common\Model\OrganizationModel.class.php 第 112 行.
NOTIC: [2048] Declaration of Common\Model\OrganizationModel::find() should be compatible with Think\Model::find($options = Array) D:\phpStudy\WWW\youpei_2.0\Application\Common\Model\OrganizationModel.class.php 第 112 行.
SQL: SHOW COLUMNS FROM `yp_organization` [ RunTime:0.0070s ]
SQL: SELECT * FROM `yp_organization` WHERE ( id=1 ) LIMIT 1   [ RunTime:0.0030s ]
SQL: SELECT * FROM `yp_wxuser` WHERE `token` = 'g232238gc959' LIMIT 1   [ RunTime:0.0010s ]
NOTIC: [2048] Declaration of Common\Model\OrderModel::find() should be compatible with Think\Model::find($options = Array) D:\phpStudy\WWW\youpei_2.0\Application\Common\Model\OrderModel.class.php 第 123 行.
SQL: SHOW COLUMNS FROM `yp_order` [ RunTime:0.0060s ]
SQL: SELECT DISTINCT  `user_id` FROM `yp_order` WHERE ( `status` = 1 OR `status` = 4 ) AND `product_id` = 86  [ RunTime:0.0010s ]
NOTIC: [2048] Declaration of Common\Model\CollectModel::delete() should be compatible with Think\Model::delete($options = Array) D:\phpStudy\WWW\youpei_2.0\Application\Common\Model\CollectModel.class.php 第 94 行.
SQL: SHOW COLUMNS FROM `yp_collect` [ RunTime:0.0250s ]
SQL: SELECT `id` FROM `yp_collect` WHERE `user_id` = 7904 AND `type_id` = 86 AND `type` = 2 LIMIT 1   [ RunTime:0.0090s ]
NOTIC: [8] Undefined index: key D:\phpStudy\WWW\youpei_2.0\Application\Home\Controller\ProductController.class.php 第 111 行.
SQL: SHOW COLUMNS FROM `yp_bargain` [ RunTime:0.0080s ]
SQL: SELECT `price` FROM `yp_bargain` WHERE `type` = 2 AND `type_id` = 86 AND `key` = 1 AND `start_time` <= 1510396465 AND `end_time` > 1510396465 LIMIT 1   [ RunTime:0.0010s ]
NOTIC: [8] Undefined variable: headImg D:\phpStudy\WWW\youpei_2.0\Application\Home\Controller\ProductController.class.php 第 137 行.
INFO: [ view_parse ] --START--
INFO: [ template_filter ] --START--
INFO: Run Behavior\ContentReplaceBehavior [ RunTime:0.001000s ]
INFO: [ template_filter ] --END-- [ RunTime:0.001000s ]
NOTIC: [8] Undefined variable: isBargain D:\phpStudy\WWW\youpei_2.0\Application\Runtime\Cache\Home\2d20ebfb61e1b02ba49cc5d80777da94.php 第 103 行.
NOTIC: [8] Undefined variable: umark D:\phpStudy\WWW\youpei_2.0\Application\Runtime\Cache\Home\2d20ebfb61e1b02ba49cc5d80777da94.php 第 627 行.
INFO: Run Behavior\ParseTemplateBehavior [ RunTime:0.053003s ]
INFO: [ view_parse ] --END-- [ RunTime:0.053003s ]
INFO: [ view_filter ] --START--
INFO: Run Behavior\WriteHtmlCacheBehavior [ RunTime:0.000000s ]
INFO: [ view_filter ] --END-- [ RunTime:0.000000s ]
INFO: [ app_end ] --START--
INFO: Run Behavior\ShowPageTraceBehavior [ RunTime:0.001000s ]
INFO: [ app_end ] --END-- [ RunTime:0.001000s ]

[ 2017-11-11T18:34:27+08:00 ] 192.168.0.111 /index.php/Product/getNormalPrice?pro_id=86&key=1
INFO: [ app_init ] --START--
INFO: Run Behavior\BuildLiteBehavior [ RunTime:0.000000s ]
INFO: [ app_init ] --END-- [ RunTime:0.000000s ]
INFO: [ app_begin ] --START--
INFO: Run Behavior\ReadHtmlCacheBehavior [ RunTime:0.001000s ]
INFO: [ app_begin ] --END-- [ RunTime:0.001000s ]
NOTIC: [8] Undefined index: token D:\phpStudy\WWW\youpei_2.0\Application\Home\Controller\BaseController.class.php 第 157 行.
NOTIC: [2048] Declaration of Common\Model\UserModel::delete() should be compatible with Think\Model::delete($options = Array) D:\phpStudy\WWW\youpei_2.0\Application\Common\Model\UserModel.class.php 第 14 行.
NOTIC: [2048] Declaration of Common\Model\UserModel::find() should be compatible with Think\Model::find($options = Array) D:\phpStudy\WWW\youpei_2.0\Application\Common\Model\UserModel.class.php 第 14 行.
SQL: SHOW COLUMNS FROM `yp_user` [ RunTime:0.0130s ]
SQL: SELECT * FROM `yp_user` WHERE ( open_id='oSFV6w-VMN-xdb7eM0pyIq608E8E' ) LIMIT 1   [ RunTime:0.0020s ]
SQL: UPDATE `yp_user` SET `last_login_time`='1510396466' WHERE ( id=7904 ) [ RunTime:0.0010s ]
SQL: SELECT * FROM `yp_user` WHERE ( open_id='oSFV6w-VMN-xdb7eM0pyIq608E8E' ) LIMIT 1   [ RunTime:0.0020s ]
NOTIC: [8] Undefined index: share_user_id D:\phpStudy\WWW\youpei_2.0\Application\Home\Controller\BaseController.class.php 第 113 行.
SQL: SHOW COLUMNS FROM `yp_wxuser` [ RunTime:0.0120s ]
SQL: SELECT * FROM `yp_wxuser` WHERE `token` = 'g232238gc959' LIMIT 1   [ RunTime:0.0020s ]
SQL: SHOW COLUMNS FROM `yp_product` [ RunTime:0.0120s ]
SQL: SELECT `price`,`type` FROM `yp_product` WHERE `id` = 86 LIMIT 1   [ RunTime:0.0020s ]
SQL: SHOW COLUMNS FROM `yp_bargain` [ RunTime:0.0150s ]
SQL: SELECT `price` FROM `yp_bargain` WHERE `type` = 2 AND `type_id` = 86 AND `key` = 1 AND `start_time` <= 1510396467 AND `end_time` > 1510396467 LIMIT 1   [ RunTime:0.0010s ]
NOTIC: [2048] Declaration of Common\Model\BargainModel::delete() should be compatible with Think\Model::delete($options = Array) D:\phpStudy\WWW\youpei_2.0\Application\Common\Model\BargainModel.class.php 第 64 行.
NOTIC: [2048] Declaration of Common\Model\BargainModel::find() should be compatible with Think\Model::find($options = Array) D:\phpStudy\WWW\youpei_2.0\Application\Common\Model\BargainModel.class.php 第 64 行.
SQL: SELECT * FROM `yp_bargain` WHERE `type` = 1 AND `type_id` = 86 AND `key` = 1 AND `start_time` < 1510396467 AND `end_time` > 1510396467 LIMIT 1   [ RunTime:0.0010s ]

[ 2017-11-11T18:34:29+08:00 ] 192.168.0.111 /index.php/Product/getClassTable.html?pro_id=86
INFO: [ app_init ] --START--
INFO: Run Behavior\BuildLiteBehavior [ RunTime:0.000000s ]
INFO: [ app_init ] --END-- [ RunTime:0.000000s ]
INFO: [ app_begin ] --START--
INFO: Run Behavior\ReadHtmlCacheBehavior [ RunTime:0.001000s ]
INFO: [ app_begin ] --END-- [ RunTime:0.001000s ]
NOTIC: [8] Undefined index: token D:\phpStudy\WWW\youpei_2.0\Application\Home\Controller\BaseController.class.php 第 157 行.
NOTIC: [2048] Declaration of Common\Model\UserModel::delete() should be compatible with Think\Model::delete($options = Array) D:\phpStudy\WWW\youpei_2.0\Application\Common\Model\UserModel.class.php 第 14 行.
NOTIC: [2048] Declaration of Common\Model\UserModel::find() should be compatible with Think\Model::find($options = Array) D:\phpStudy\WWW\youpei_2.0\Application\Common\Model\UserModel.class.php 第 14 行.
SQL: SHOW COLUMNS FROM `yp_user` [ RunTime:0.0110s ]
SQL: SELECT * FROM `yp_user` WHERE ( open_id='oSFV6w-VMN-xdb7eM0pyIq608E8E' ) LIMIT 1   [ RunTime:0.0010s ]
SQL: UPDATE `yp_user` SET `last_login_time`='1510396469' WHERE ( id=7904 ) [ RunTime:0.0010s ]
SQL: SELECT * FROM `yp_user` WHERE ( open_id='oSFV6w-VMN-xdb7eM0pyIq608E8E' ) LIMIT 1   [ RunTime:0.0010s ]
NOTIC: [8] Undefined index: share_user_id D:\phpStudy\WWW\youpei_2.0\Application\Home\Controller\BaseController.class.php 第 113 行.
SQL: SHOW COLUMNS FROM `yp_wxuser` [ RunTime:0.0090s ]
SQL: SELECT * FROM `yp_wxuser` WHERE `token` = 'g232238gc959' LIMIT 1   [ RunTime:0.0010s ]
INFO: [ view_parse ] --START--
INFO: [ template_filter ] --START--
INFO: Run Behavior\ContentReplaceBehavior [ RunTime:0.001000s ]
INFO: [ template_filter ] --END-- [ RunTime:0.001000s ]
INFO: Run Behavior\ParseTemplateBehavior [ RunTime:0.040003s ]
INFO: [ view_parse ] --END-- [ RunTime:0.040003s ]
INFO: [ view_filter ] --START--
INFO: Run Behavior\WriteHtmlCacheBehavior [ RunTime:0.000000s ]
INFO: [ view_filter ] --END-- [ RunTime:0.000000s ]
INFO: [ app_end ] --START--
INFO: Run Behavior\ShowPageTraceBehavior [ RunTime:0.001000s ]
INFO: [ app_end ] --END-- [ RunTime:0.001000s ]

[ 2017-11-11T18:34:31+08:00 ] 192.168.0.111 /index.php/Product/getClassTableAjax.html
INFO: [ app_init ] --START--
INFO: Run Behavior\BuildLiteBehavior [ RunTime:0.000000s ]
INFO: [ app_init ] --END-- [ RunTime:0.000000s ]
INFO: [ app_begin ] --START--
INFO: Run Behavior\ReadHtmlCacheBehavior [ RunTime:0.001000s ]
INFO: [ app_begin ] --END-- [ RunTime:0.001000s ]
NOTIC: [8] Undefined index: token D:\phpStudy\WWW\youpei_2.0\Application\Home\Controller\BaseController.class.php 第 157 行.
NOTIC: [2048] Declaration of Common\Model\UserModel::delete() should be compatible with Think\Model::delete($options = Array) D:\phpStudy\WWW\youpei_2.0\Application\Common\Model\UserModel.class.php 第 14 行.
NOTIC: [2048] Declaration of Common\Model\UserModel::find() should be compatible with Think\Model::find($options = Array) D:\phpStudy\WWW\youpei_2.0\Application\Common\Model\UserModel.class.php 第 14 行.
SQL: SHOW COLUMNS FROM `yp_user` [ RunTime:0.0420s ]
SQL: SELECT * FROM `yp_user` WHERE ( open_id='oSFV6w-VMN-xdb7eM0pyIq608E8E' ) LIMIT 1   [ RunTime:0.0010s ]
SQL: UPDATE `yp_user` SET `last_login_time`='1510396471' WHERE ( id=7904 ) [ RunTime:0.0010s ]
SQL: SELECT * FROM `yp_user` WHERE ( open_id='oSFV6w-VMN-xdb7eM0pyIq608E8E' ) LIMIT 1   [ RunTime:0.0010s ]
NOTIC: [8] Undefined index: share_user_id D:\phpStudy\WWW\youpei_2.0\Application\Home\Controller\BaseController.class.php 第 113 行.
SQL: SHOW COLUMNS FROM `yp_wxuser` [ RunTime:0.0140s ]
SQL: SELECT * FROM `yp_wxuser` WHERE `token` = 'g232238gc959' LIMIT 1   [ RunTime:0.0010s ]
NOTIC: [2048] Declaration of Common\Model\ProductModel::delete() should be compatible with Think\Model::delete($options = Array) D:\phpStudy\WWW\youpei_2.0\Application\Common\Model\ProductModel.class.php 第 218 行.
NOTIC: [2048] Declaration of Common\Model\ProductModel::find() should be compatible with Think\Model::find($options = Array) D:\phpStudy\WWW\youpei_2.0\Application\Common\Model\ProductModel.class.php 第 218 行.
SQL: SHOW COLUMNS FROM `yp_product` [ RunTime:0.0140s ]
SQL: SELECT * FROM `yp_product` WHERE ( id=86 ) LIMIT 1   [ RunTime:0.0020s ]
NOTIC: [8] Undefined index: start_date D:\phpStudy\WWW\youpei_2.0\Application\Home\Controller\ProductController.class.php 第 364 行.

[ 2017-11-11T18:35:59+08:00 ] 192.168.0.111 /index.php/Product/getClassTableAjax.html
INFO: [ app_init ] --START--
INFO: Run Behavior\BuildLiteBehavior [ RunTime:0.000000s ]
INFO: [ app_init ] --END-- [ RunTime:0.000000s ]
INFO: [ app_begin ] --START--
INFO: Run Behavior\ReadHtmlCacheBehavior [ RunTime:0.001000s ]
INFO: [ app_begin ] --END-- [ RunTime:0.001000s ]
NOTIC: [8] Undefined index: token D:\phpStudy\WWW\youpei_2.0\Application\Home\Controller\BaseController.class.php 第 157 行.
NOTIC: [2048] Declaration of Common\Model\UserModel::delete() should be compatible with Think\Model::delete($options = Array) D:\phpStudy\WWW\youpei_2.0\Application\Common\Model\UserModel.class.php 第 14 行.
NOTIC: [2048] Declaration of Common\Model\UserModel::find() should be compatible with Think\Model::find($options = Array) D:\phpStudy\WWW\youpei_2.0\Application\Common\Model\UserModel.class.php 第 14 行.
SQL: SHOW COLUMNS FROM `yp_user` [ RunTime:0.0070s ]
SQL: SELECT * FROM `yp_user` WHERE ( open_id='oSFV6w-VMN-xdb7eM0pyIq608E8E' ) LIMIT 1   [ RunTime:0.0010s ]
SQL: UPDATE `yp_user` SET `last_login_time`='1510396559' WHERE ( id=7904 ) [ RunTime:0.0010s ]
SQL: SELECT * FROM `yp_user` WHERE ( open_id='oSFV6w-VMN-xdb7eM0pyIq608E8E' ) LIMIT 1   [ RunTime:0.0010s ]
NOTIC: [8] Undefined index: share_user_id D:\phpStudy\WWW\youpei_2.0\Application\Home\Controller\BaseController.class.php 第 113 行.
SQL: SHOW COLUMNS FROM `yp_wxuser` [ RunTime:0.0070s ]
SQL: SELECT * FROM `yp_wxuser` WHERE `token` = 'g232238gc959' LIMIT 1   [ RunTime:0.0010s ]
NOTIC: [2048] Declaration of Common\Model\ProductModel::delete() should be compatible with Think\Model::delete($options = Array) D:\phpStudy\WWW\youpei_2.0\Application\Common\Model\ProductModel.class.php 第 218 行.
NOTIC: [2048] Declaration of Common\Model\ProductModel::find() should be compatible with Think\Model::find($options = Array) D:\phpStudy\WWW\youpei_2.0\Application\Common\Model\ProductModel.class.php 第 218 行.
SQL: SHOW COLUMNS FROM `yp_product` [ RunTime:0.0070s ]
SQL: SELECT * FROM `yp_product` WHERE ( id=86 ) LIMIT 1   [ RunTime:0.0010s ]

[ 2017-11-11T18:36:00+08:00 ] 192.168.0.111 /index.php/Product/getClassTableAjax.html
INFO: [ app_init ] --START--
INFO: Run Behavior\BuildLiteBehavior [ RunTime:0.000000s ]
INFO: [ app_init ] --END-- [ RunTime:0.000000s ]
INFO: [ app_begin ] --START--
INFO: Run Behavior\ReadHtmlCacheBehavior [ RunTime:0.001000s ]
INFO: [ app_begin ] --END-- [ RunTime:0.001000s ]
NOTIC: [8] Undefined index: token D:\phpStudy\WWW\youpei_2.0\Application\Home\Controller\BaseController.class.php 第 157 行.
NOTIC: [2048] Declaration of Common\Model\UserModel::delete() should be compatible with Think\Model::delete($options = Array) D:\phpStudy\WWW\youpei_2.0\Application\Common\Model\UserModel.class.php 第 14 行.
NOTIC: [2048] Declaration of Common\Model\UserModel::find() should be compatible with Think\Model::find($options = Array) D:\phpStudy\WWW\youpei_2.0\Application\Common\Model\UserModel.class.php 第 14 行.
SQL: SHOW COLUMNS FROM `yp_user` [ RunTime:0.0060s ]
SQL: SELECT * FROM `yp_user` WHERE ( open_id='oSFV6w-VMN-xdb7eM0pyIq608E8E' ) LIMIT 1   [ RunTime:0.0000s ]
SQL: UPDATE `yp_user` SET `last_login_time`='1510396560' WHERE ( id=7904 ) [ RunTime:0.0000s ]
SQL: SELECT * FROM `yp_user` WHERE ( open_id='oSFV6w-VMN-xdb7eM0pyIq608E8E' ) LIMIT 1   [ RunTime:0.0010s ]
NOTIC: [8] Undefined index: share_user_id D:\phpStudy\WWW\youpei_2.0\Application\Home\Controller\BaseController.class.php 第 113 行.
SQL: SHOW COLUMNS FROM `yp_wxuser` [ RunTime:0.0070s ]
SQL: SELECT * FROM `yp_wxuser` WHERE `token` = 'g232238gc959' LIMIT 1   [ RunTime:0.0010s ]
NOTIC: [2048] Declaration of Common\Model\ProductModel::delete() should be compatible with Think\Model::delete($options = Array) D:\phpStudy\WWW\youpei_2.0\Application\Common\Model\ProductModel.class.php 第 218 行.
NOTIC: [2048] Declaration of Common\Model\ProductModel::find() should be compatible with Think\Model::find($options = Array) D:\phpStudy\WWW\youpei_2.0\Application\Common\Model\ProductModel.class.php 第 218 行.
SQL: SHOW COLUMNS FROM `yp_product` [ RunTime:0.0070s ]
SQL: SELECT * FROM `yp_product` WHERE ( id=86 ) LIMIT 1   [ RunTime:0.0010s ]

