[ 2017-10-11T21:50:08+08:00 ] 192.168.0.113 /index.php/
INFO: [ app_init ] --START--
INFO: Run Behavior\BuildLiteBehavior [ RunTime:0.000000s ]
INFO: [ app_init ] --END-- [ RunTime:0.000000s ]
INFO: [ app_begin ] --START--
INFO: Run Behavior\ReadHtmlCacheBehavior [ RunTime:0.000000s ]
INFO: [ app_begin ] --END-- [ RunTime:0.000000s ]
NOTIC: [8] Undefined index: token D:\phpStudy\WWW\youpei_2.0\Application\Home\Controller\BaseController.class.php 第 157 行.
NOTIC: [2048] Declaration of Common\Model\UserModel::delete() should be compatible with Think\Model::delete($options = Array) D:\phpStudy\WWW\youpei_2.0\Application\Common\Model\UserModel.class.php 第 14 行.
NOTIC: [2048] Declaration of Common\Model\UserModel::find() should be compatible with Think\Model::find($options = Array) D:\phpStudy\WWW\youpei_2.0\Application\Common\Model\UserModel.class.php 第 14 行.
SQL: SHOW COLUMNS FROM `yp_user` [ RunTime:0.0070s ]
SQL: SELECT * FROM `yp_user` WHERE ( open_id='oSFV6w-VMN-xdb7eM0pyIq608E8E' ) LIMIT 1   [ RunTime:0.0010s ]
SQL: UPDATE `yp_user` SET `last_login_time`='1507729806' WHERE ( id=7904 ) [ RunTime:0.0010s ]
SQL: SELECT * FROM `yp_user` WHERE ( open_id='oSFV6w-VMN-xdb7eM0pyIq608E8E' ) LIMIT 1   [ RunTime:0.0010s ]
NOTIC: [8] Undefined index: share_user_id D:\phpStudy\WWW\youpei_2.0\Application\Home\Controller\BaseController.class.php 第 113 行.
SQL: SHOW COLUMNS FROM `yp_wxuser` [ RunTime:0.0070s ]
SQL: SELECT * FROM `yp_wxuser` WHERE `token` = 'g232238gc959' LIMIT 1   [ RunTime:0.0000s ]
NOTIC: [2048] Declaration of Common\Model\PictureModel::delete() should be compatible with Think\Model::delete($options = Array) D:\phpStudy\WWW\youpei_2.0\Application\Common\Model\PictureModel.class.php 第 58 行.
NOTIC: [2048] Declaration of Common\Model\PictureModel::find() should be compatible with Think\Model::find($options = Array) D:\phpStudy\WWW\youpei_2.0\Application\Common\Model\PictureModel.class.php 第 58 行.
SQL: SHOW COLUMNS FROM `yp_picture` [ RunTime:0.0070s ]
SQL: SELECT * FROM `yp_picture` ORDER BY sort desc  [ RunTime:0.0010s ]
SQL: SHOW COLUMNS FROM `yp_homeclassify` [ RunTime:0.0100s ]
SQL: SELECT * FROM yp_homeclassify where is_show ='0' ORDER BY sort ASC [ RunTime:0.0020s ]
NOTIC: [2048] Declaration of Common\Model\ProductClassModel::delete() should be compatible with Think\Model::delete($options = Array) D:\phpStudy\WWW\youpei_2.0\Application\Common\Model\ProductClassModel.class.php 第 63 行.
NOTIC: [2048] Declaration of Common\Model\ProductClassModel::find() should be compatible with Think\Model::find($options = Array) D:\phpStudy\WWW\youpei_2.0\Application\Common\Model\ProductClassModel.class.php 第 63 行.
SQL: SHOW COLUMNS FROM `yp_product_class` [ RunTime:0.0070s ]
SQL: SELECT * FROM `yp_product_class` ORDER BY sort asc  [ RunTime:0.0010s ]
SQL: SHOW COLUMNS FROM `yp_bargain` [ RunTime:0.0070s ]
SQL: SELECT DISTINCT  `type_id` FROM `yp_bargain` WHERE `type` = 2 AND `start_time` <= 1507729808 AND `end_time` > 1507729808 LIMIT 4   [ RunTime:0.0000s ]
NOTIC: [2048] Declaration of Common\Model\ProductModel::delete() should be compatible with Think\Model::delete($options = Array) D:\phpStudy\WWW\youpei_2.0\Application\Common\Model\ProductModel.class.php 第 213 行.
NOTIC: [2048] Declaration of Common\Model\ProductModel::find() should be compatible with Think\Model::find($options = Array) D:\phpStudy\WWW\youpei_2.0\Application\Common\Model\ProductModel.class.php 第 213 行.
SQL: SHOW COLUMNS FROM `yp_product` [ RunTime:0.0060s ]
SQL: SELECT `id`,`title`,`f_title`,`pic_url`,`type`,`price`,`status`,`tag`,`is_hot` FROM `yp_product` WHERE `type` = 1 AND `status` = 1 AND `check_status` = 2 ORDER BY create_time desc LIMIT 4   [ RunTime:0.0010s ]
NOTIC: [2] reset() expects parameter 1 to be array, double given D:\phpStudy\WWW\youpei_2.0\Application\Home\Controller\IndexController.class.php 第 42 行.
NOTIC: [2] reset() expects parameter 1 to be array, double given D:\phpStudy\WWW\youpei_2.0\Application\Home\Controller\IndexController.class.php 第 43 行.
NOTIC: [2] reset() expects parameter 1 to be array, double given D:\phpStudy\WWW\youpei_2.0\Application\Home\Controller\IndexController.class.php 第 42 行.
NOTIC: [2] reset() expects parameter 1 to be array, double given D:\phpStudy\WWW\youpei_2.0\Application\Home\Controller\IndexController.class.php 第 43 行.
NOTIC: [2] reset() expects parameter 1 to be array, double given D:\phpStudy\WWW\youpei_2.0\Application\Home\Controller\IndexController.class.php 第 42 行.
NOTIC: [2] reset() expects parameter 1 to be array, double given D:\phpStudy\WWW\youpei_2.0\Application\Home\Controller\IndexController.class.php 第 43 行.
NOTIC: [8] Undefined offset: 2 D:\phpStudy\WWW\youpei_2.0\Application\Home\Controller\IndexController.class.php 第 48 行.
NOTIC: [2] reset() expects parameter 1 to be array, double given D:\phpStudy\WWW\youpei_2.0\Application\Home\Controller\IndexController.class.php 第 42 行.
NOTIC: [2] reset() expects parameter 1 to be array, double given D:\phpStudy\WWW\youpei_2.0\Application\Home\Controller\IndexController.class.php 第 43 行.
SQL: SELECT `id`,`title`,`f_title`,`pic_url`,`type`,`price`,`status`,`tag`,`is_hot` FROM `yp_product` WHERE `type` = 2 AND `is_hot` = 2 AND `check_status` = 2 ORDER BY id desc LIMIT 5   [ RunTime:0.0000s ]
INFO: [ view_parse ] --START--
INFO: [ template_filter ] --START--
INFO: Run Behavior\ContentReplaceBehavior [ RunTime:0.000000s ]
INFO: [ template_filter ] --END-- [ RunTime:0.000000s ]
NOTIC: [8] Undefined index: key D:\phpStudy\WWW\youpei_2.0\Application\Runtime\Cache\Home\2a94b8bda04ff446dcedd42276fc99ee.php 第 180 行.
NOTIC: [8] Undefined index: end_time D:\phpStudy\WWW\youpei_2.0\Application\Runtime\Cache\Home\2a94b8bda04ff446dcedd42276fc99ee.php 第 197 行.
NOTIC: [8] Undefined index: key D:\phpStudy\WWW\youpei_2.0\Application\Runtime\Cache\Home\2a94b8bda04ff446dcedd42276fc99ee.php 第 180 行.
NOTIC: [8] Undefined index: end_time D:\phpStudy\WWW\youpei_2.0\Application\Runtime\Cache\Home\2a94b8bda04ff446dcedd42276fc99ee.php 第 197 行.
NOTIC: [8] Undefined index: key D:\phpStudy\WWW\youpei_2.0\Application\Runtime\Cache\Home\2a94b8bda04ff446dcedd42276fc99ee.php 第 180 行.
NOTIC: [8] Undefined index: end_time D:\phpStudy\WWW\youpei_2.0\Application\Runtime\Cache\Home\2a94b8bda04ff446dcedd42276fc99ee.php 第 197 行.
NOTIC: [8] Undefined index: key D:\phpStudy\WWW\youpei_2.0\Application\Runtime\Cache\Home\2a94b8bda04ff446dcedd42276fc99ee.php 第 180 行.
NOTIC: [8] Undefined index: end_time D:\phpStudy\WWW\youpei_2.0\Application\Runtime\Cache\Home\2a94b8bda04ff446dcedd42276fc99ee.php 第 197 行.
NOTIC: [8] Undefined index: rush_price D:\phpStudy\WWW\youpei_2.0\Application\Runtime\Cache\Home\2a94b8bda04ff446dcedd42276fc99ee.php 第 245 行.
NOTIC: [8] Undefined index: end_time D:\phpStudy\WWW\youpei_2.0\Application\Runtime\Cache\Home\2a94b8bda04ff446dcedd42276fc99ee.php 第 249 行.
NOTIC: [8] Undefined index: rush_price D:\phpStudy\WWW\youpei_2.0\Application\Runtime\Cache\Home\2a94b8bda04ff446dcedd42276fc99ee.php 第 245 行.
NOTIC: [8] Undefined index: end_time D:\phpStudy\WWW\youpei_2.0\Application\Runtime\Cache\Home\2a94b8bda04ff446dcedd42276fc99ee.php 第 249 行.
NOTIC: [8] Undefined index: rush_price D:\phpStudy\WWW\youpei_2.0\Application\Runtime\Cache\Home\2a94b8bda04ff446dcedd42276fc99ee.php 第 245 行.
NOTIC: [8] Undefined index: end_time D:\phpStudy\WWW\youpei_2.0\Application\Runtime\Cache\Home\2a94b8bda04ff446dcedd42276fc99ee.php 第 249 行.
NOTIC: [8] Undefined index: rush_price D:\phpStudy\WWW\youpei_2.0\Application\Runtime\Cache\Home\2a94b8bda04ff446dcedd42276fc99ee.php 第 245 行.
NOTIC: [8] Undefined index: end_time D:\phpStudy\WWW\youpei_2.0\Application\Runtime\Cache\Home\2a94b8bda04ff446dcedd42276fc99ee.php 第 249 行.
NOTIC: [8] Undefined variable: umark D:\phpStudy\WWW\youpei_2.0\Application\Runtime\Cache\Home\2a94b8bda04ff446dcedd42276fc99ee.php 第 334 行.
INFO: Run Behavior\ParseTemplateBehavior [ RunTime:0.031002s ]
INFO: [ view_parse ] --END-- [ RunTime:0.031002s ]
INFO: [ view_filter ] --START--
INFO: Run Behavior\WriteHtmlCacheBehavior [ RunTime:0.000000s ]
INFO: [ view_filter ] --END-- [ RunTime:0.000000s ]
INFO: [ app_end ] --START--
INFO: Run Behavior\ShowPageTraceBehavior [ RunTime:0.000000s ]
INFO: [ app_end ] --END-- [ RunTime:0.000000s ]

[ 2017-10-11T21:50:09+08:00 ] 192.168.0.113 /index.php/Index/indexTest
INFO: [ app_init ] --START--
INFO: Run Behavior\BuildLiteBehavior [ RunTime:0.000000s ]
INFO: [ app_init ] --END-- [ RunTime:0.000000s ]
INFO: [ app_begin ] --START--
INFO: Run Behavior\ReadHtmlCacheBehavior [ RunTime:0.001000s ]
INFO: [ app_begin ] --END-- [ RunTime:0.001000s ]
NOTIC: [8] Undefined index: token D:\phpStudy\WWW\youpei_2.0\Application\Home\Controller\BaseController.class.php 第 157 行.
NOTIC: [2048] Declaration of Common\Model\UserModel::delete() should be compatible with Think\Model::delete($options = Array) D:\phpStudy\WWW\youpei_2.0\Application\Common\Model\UserModel.class.php 第 14 行.
NOTIC: [2048] Declaration of Common\Model\UserModel::find() should be compatible with Think\Model::find($options = Array) D:\phpStudy\WWW\youpei_2.0\Application\Common\Model\UserModel.class.php 第 14 行.
SQL: SHOW COLUMNS FROM `yp_user` [ RunTime:0.0120s ]
SQL: SELECT * FROM `yp_user` WHERE ( open_id='oSFV6w-VMN-xdb7eM0pyIq608E8E' ) LIMIT 1   [ RunTime:0.0010s ]
SQL: UPDATE `yp_user` SET `last_login_time`='1507729809' WHERE ( id=7904 ) [ RunTime:0.0020s ]
SQL: SELECT * FROM `yp_user` WHERE ( open_id='oSFV6w-VMN-xdb7eM0pyIq608E8E' ) LIMIT 1   [ RunTime:0.0020s ]
NOTIC: [8] Undefined index: share_user_id D:\phpStudy\WWW\youpei_2.0\Application\Home\Controller\BaseController.class.php 第 113 行.
SQL: SHOW COLUMNS FROM `yp_wxuser` [ RunTime:0.0220s ]
SQL: SELECT * FROM `yp_wxuser` WHERE `token` = 'g232238gc959' LIMIT 1   [ RunTime:0.0020s ]
NOTIC: [2048] Declaration of Common\Model\PictureModel::delete() should be compatible with Think\Model::delete($options = Array) D:\phpStudy\WWW\youpei_2.0\Application\Common\Model\PictureModel.class.php 第 58 行.
NOTIC: [2048] Declaration of Common\Model\PictureModel::find() should be compatible with Think\Model::find($options = Array) D:\phpStudy\WWW\youpei_2.0\Application\Common\Model\PictureModel.class.php 第 58 行.
SQL: SHOW COLUMNS FROM `yp_picture` [ RunTime:0.0110s ]
SQL: SELECT * FROM `yp_picture` ORDER BY sort desc  [ RunTime:0.0100s ]
SQL: SHOW COLUMNS FROM `yp_homeclassify` [ RunTime:0.0090s ]
SQL: SELECT * FROM yp_homeclassify where is_show ='0' ORDER BY sort ASC [ RunTime:0.0010s ]
NOTIC: [2048] Declaration of Common\Model\ProductClassModel::delete() should be compatible with Think\Model::delete($options = Array) D:\phpStudy\WWW\youpei_2.0\Application\Common\Model\ProductClassModel.class.php 第 63 行.
NOTIC: [2048] Declaration of Common\Model\ProductClassModel::find() should be compatible with Think\Model::find($options = Array) D:\phpStudy\WWW\youpei_2.0\Application\Common\Model\ProductClassModel.class.php 第 63 行.
SQL: SHOW COLUMNS FROM `yp_product_class` [ RunTime:0.0110s ]
SQL: SELECT * FROM `yp_product_class` ORDER BY sort asc  [ RunTime:0.0020s ]
SQL: SHOW COLUMNS FROM `yp_bargain` [ RunTime:0.0100s ]
SQL: SELECT * FROM `yp_bargain` WHERE `type` = 1 AND `start_time` <= 1507729809 AND `end_time` > 1507729809 GROUP BY type_id LIMIT 4   [ RunTime:0.0020s ]
NOTIC: [2048] Declaration of Common\Model\ProductModel::delete() should be compatible with Think\Model::delete($options = Array) D:\phpStudy\WWW\youpei_2.0\Application\Common\Model\ProductModel.class.php 第 213 行.
NOTIC: [2048] Declaration of Common\Model\ProductModel::find() should be compatible with Think\Model::find($options = Array) D:\phpStudy\WWW\youpei_2.0\Application\Common\Model\ProductModel.class.php 第 213 行.
SQL: SHOW COLUMNS FROM `yp_product` [ RunTime:0.0110s ]
SQL: SELECT `id`,`title`,`f_title`,`pic_url`,`type`,`price`,`status`,`tag`,`is_hot` FROM `yp_product` WHERE `type` = 1 AND `status` = 1 AND `check_status` = 2 ORDER BY create_time desc LIMIT 4   [ RunTime:0.0020s ]
NOTIC: [2] reset() expects parameter 1 to be array, double given D:\phpStudy\WWW\youpei_2.0\Application\Home\Controller\IndexController.class.php 第 103 行.
NOTIC: [2] reset() expects parameter 1 to be array, double given D:\phpStudy\WWW\youpei_2.0\Application\Home\Controller\IndexController.class.php 第 104 行.
NOTIC: [2] reset() expects parameter 1 to be array, double given D:\phpStudy\WWW\youpei_2.0\Application\Home\Controller\IndexController.class.php 第 103 行.
NOTIC: [2] reset() expects parameter 1 to be array, double given D:\phpStudy\WWW\youpei_2.0\Application\Home\Controller\IndexController.class.php 第 104 行.
NOTIC: [2] reset() expects parameter 1 to be array, double given D:\phpStudy\WWW\youpei_2.0\Application\Home\Controller\IndexController.class.php 第 103 行.
NOTIC: [2] reset() expects parameter 1 to be array, double given D:\phpStudy\WWW\youpei_2.0\Application\Home\Controller\IndexController.class.php 第 104 行.
NOTIC: [8] Undefined offset: 2 D:\phpStudy\WWW\youpei_2.0\Application\Home\Controller\IndexController.class.php 第 109 行.
NOTIC: [2] reset() expects parameter 1 to be array, double given D:\phpStudy\WWW\youpei_2.0\Application\Home\Controller\IndexController.class.php 第 103 行.
NOTIC: [2] reset() expects parameter 1 to be array, double given D:\phpStudy\WWW\youpei_2.0\Application\Home\Controller\IndexController.class.php 第 104 行.
SQL: SELECT `id`,`title`,`f_title`,`pic_url`,`type`,`price`,`status`,`tag`,`is_hot` FROM `yp_product` WHERE `type` = 2 AND `is_hot` = 2 AND `check_status` = 2 ORDER BY id desc LIMIT 5   [ RunTime:0.0010s ]

[ 2017-10-11T21:50:10+08:00 ] 192.168.0.113 /index.php/Index/getProductByType
INFO: [ app_init ] --START--
INFO: Run Behavior\BuildLiteBehavior [ RunTime:0.000000s ]
INFO: [ app_init ] --END-- [ RunTime:0.001001s ]
INFO: [ app_begin ] --START--
INFO: Run Behavior\ReadHtmlCacheBehavior [ RunTime:0.000000s ]
INFO: [ app_begin ] --END-- [ RunTime:0.001000s ]
NOTIC: [8] Undefined index: token D:\phpStudy\WWW\youpei_2.0\Application\Home\Controller\BaseController.class.php 第 157 行.
NOTIC: [2048] Declaration of Common\Model\UserModel::delete() should be compatible with Think\Model::delete($options = Array) D:\phpStudy\WWW\youpei_2.0\Application\Common\Model\UserModel.class.php 第 14 行.
NOTIC: [2048] Declaration of Common\Model\UserModel::find() should be compatible with Think\Model::find($options = Array) D:\phpStudy\WWW\youpei_2.0\Application\Common\Model\UserModel.class.php 第 14 行.
SQL: SHOW COLUMNS FROM `yp_user` [ RunTime:0.0120s ]
SQL: SELECT * FROM `yp_user` WHERE ( open_id='oSFV6w-VMN-xdb7eM0pyIq608E8E' ) LIMIT 1   [ RunTime:0.0020s ]
SQL: UPDATE `yp_user` SET `last_login_time`='1507729810' WHERE ( id=7904 ) [ RunTime:0.0020s ]
SQL: SELECT * FROM `yp_user` WHERE ( open_id='oSFV6w-VMN-xdb7eM0pyIq608E8E' ) LIMIT 1   [ RunTime:0.0010s ]
NOTIC: [8] Undefined index: share_user_id D:\phpStudy\WWW\youpei_2.0\Application\Home\Controller\BaseController.class.php 第 113 行.
SQL: SHOW COLUMNS FROM `yp_wxuser` [ RunTime:0.0120s ]
SQL: SELECT * FROM `yp_wxuser` WHERE `token` = 'g232238gc959' LIMIT 1   [ RunTime:0.0010s ]
SQL: SHOW COLUMNS FROM `yp_product` [ RunTime:0.0120s ]
SQL: SELECT `id`,`title`,`f_title`,`org_id`,`pic_url`,`type`,`count`,`sale_count`,`user_max_count`,`price`,`status`,`unit`,`least`,`class_id`,`tag`,`token`,`is_hot`,`is_voucher`,`is_coupon`,`is_mail`,`create_time`,`check_status`,`err_msg`,`is_book`,`book_time`,`class_time`,`is_fire`,`is_activity`,`is_bargain`,`sort` FROM `yp_product` WHERE `is_hot` = 1 AND `status` = 1 AND `check_status` = 2 AND `is_fire` = 2 ORDER BY sort desc,create_time desc LIMIT 3   [ RunTime:0.0030s ]
NOTIC: [8] Undefined offset: 1 D:\phpStudy\WWW\youpei_2.0\Application\Home\Controller\IndexController.class.php 第 172 行.
NOTIC: [8] Undefined offset: 2 D:\phpStudy\WWW\youpei_2.0\Application\Home\Controller\IndexController.class.php 第 173 行.
NOTIC: [2048] Declaration of Common\Model\ProductClassModel::delete() should be compatible with Think\Model::delete($options = Array) D:\phpStudy\WWW\youpei_2.0\Application\Common\Model\ProductClassModel.class.php 第 63 行.
NOTIC: [2048] Declaration of Common\Model\ProductClassModel::find() should be compatible with Think\Model::find($options = Array) D:\phpStudy\WWW\youpei_2.0\Application\Common\Model\ProductClassModel.class.php 第 63 行.
SQL: SHOW COLUMNS FROM `yp_product_class` [ RunTime:0.0110s ]
SQL: SELECT `title` FROM `yp_product_class` WHERE ( id=9 ) LIMIT 1   [ RunTime:0.0010s ]
NOTIC: [2048] Declaration of Common\Model\OrganizationModel::delete() should be compatible with Think\Model::delete($options = Array) D:\phpStudy\WWW\youpei_2.0\Application\Common\Model\OrganizationModel.class.php 第 112 行.
NOTIC: [2048] Declaration of Common\Model\OrganizationModel::find() should be compatible with Think\Model::find($options = Array) D:\phpStudy\WWW\youpei_2.0\Application\Common\Model\OrganizationModel.class.php 第 112 行.
SQL: SHOW COLUMNS FROM `yp_organization` [ RunTime:0.0110s ]
SQL: SELECT `picture` FROM `yp_organization` WHERE ( id=6 ) LIMIT 1   [ RunTime:0.0020s ]
NOTIC: [2048] Declaration of Common\Model\ProductModel::delete() should be compatible with Think\Model::delete($options = Array) D:\phpStudy\WWW\youpei_2.0\Application\Common\Model\ProductModel.class.php 第 213 行.
NOTIC: [2048] Declaration of Common\Model\ProductModel::find() should be compatible with Think\Model::find($options = Array) D:\phpStudy\WWW\youpei_2.0\Application\Common\Model\ProductModel.class.php 第 213 行.
SQL: SELECT `price` FROM `yp_product` WHERE `id` = 38 LIMIT 1   [ RunTime:0.0010s ]
NOTIC: [2] key() expects parameter 1 to be array, double given D:\phpStudy\WWW\youpei_2.0\Application\Common\Model\ProductModel.class.php 第 198 行.
SQL: SHOW COLUMNS FROM `yp_bargain` [ RunTime:0.0110s ]
SQL: SELECT `price` FROM `yp_bargain` WHERE `type` = 2 AND `key` = null AND `type_id` = 38 AND `start_time` <= 1507729810 AND `end_time` > 1507729810 LIMIT 1   [ RunTime:0.0010s ]
NOTIC: [2] reset() expects parameter 1 to be array, double given D:\phpStudy\WWW\youpei_2.0\Application\Common\Model\ProductModel.class.php 第 207 行.
NOTIC: [2] reset() expects parameter 1 to be array, double given D:\phpStudy\WWW\youpei_2.0\Application\Common\Model\ProductModel.class.php 第 208 行.
NOTIC: [2048] Declaration of Common\Model\BargainModel::delete() should be compatible with Think\Model::delete($options = Array) D:\phpStudy\WWW\youpei_2.0\Application\Common\Model\BargainModel.class.php 第 64 行.
NOTIC: [2048] Declaration of Common\Model\BargainModel::find() should be compatible with Think\Model::find($options = Array) D:\phpStudy\WWW\youpei_2.0\Application\Common\Model\BargainModel.class.php 第 64 行.
SQL: SELECT `id` FROM `yp_bargain` WHERE `type` = 1 AND `type_id` = 1 AND `key` = 38 AND `start_time` < 1507729810 AND `end_time` > 1507729810 LIMIT 1   [ RunTime:0.0010s ]
NOTIC: [8] Undefined offset: 2 D:\phpStudy\WWW\youpei_2.0\Application\Home\Controller\IndexController.class.php 第 173 行.
SQL: SELECT `title` FROM `yp_product_class` WHERE ( id=10 ) LIMIT 1   [ RunTime:0.0010s ]
SQL: SELECT `picture` FROM `yp_organization` WHERE ( id=6 ) LIMIT 1   [ RunTime:0.0010s ]
SQL: SELECT `price` FROM `yp_product` WHERE `id` = 58 LIMIT 1   [ RunTime:0.0020s ]
NOTIC: [2] key() expects parameter 1 to be array, double given D:\phpStudy\WWW\youpei_2.0\Application\Common\Model\ProductModel.class.php 第 198 行.
SQL: SELECT `price` FROM `yp_bargain` WHERE `type` = 2 AND `key` = null AND `type_id` = 58 AND `start_time` <= 1507729810 AND `end_time` > 1507729810 LIMIT 1   [ RunTime:0.0010s ]
NOTIC: [2] reset() expects parameter 1 to be array, double given D:\phpStudy\WWW\youpei_2.0\Application\Common\Model\ProductModel.class.php 第 207 行.
NOTIC: [2] reset() expects parameter 1 to be array, double given D:\phpStudy\WWW\youpei_2.0\Application\Common\Model\ProductModel.class.php 第 208 行.
SQL: SELECT `id` FROM `yp_bargain` WHERE `type` = 1 AND `type_id` = 1 AND `key` = 58 AND `start_time` < 1507729810 AND `end_time` > 1507729810 LIMIT 1   [ RunTime:0.0010s ]
SQL: SELECT `title` FROM `yp_product_class` WHERE ( id=15 ) LIMIT 1   [ RunTime:0.0020s ]
SQL: SELECT `picture` FROM `yp_organization` WHERE ( id=1 ) LIMIT 1   [ RunTime:0.0020s ]
SQL: SELECT `price` FROM `yp_product` WHERE `id` = 88 LIMIT 1   [ RunTime:0.0010s ]
NOTIC: [2] key() expects parameter 1 to be array, double given D:\phpStudy\WWW\youpei_2.0\Application\Common\Model\ProductModel.class.php 第 198 行.
SQL: SELECT `price` FROM `yp_bargain` WHERE `type` = 2 AND `key` = null AND `type_id` = 88 AND `start_time` <= 1507729810 AND `end_time` > 1507729810 LIMIT 1   [ RunTime:0.0010s ]
NOTIC: [2] reset() expects parameter 1 to be array, double given D:\phpStudy\WWW\youpei_2.0\Application\Common\Model\ProductModel.class.php 第 207 行.
NOTIC: [2] reset() expects parameter 1 to be array, double given D:\phpStudy\WWW\youpei_2.0\Application\Common\Model\ProductModel.class.php 第 208 行.
SQL: SELECT `id` FROM `yp_bargain` WHERE `type` = 1 AND `type_id` = 1 AND `key` = 88 AND `start_time` < 1507729810 AND `end_time` > 1507729810 LIMIT 1   [ RunTime:0.0010s ]

[ 2017-10-11T21:50:20+08:00 ] 192.168.0.113 /index.php/Product/productDetails?pro_id=58
INFO: [ app_init ] --START--
INFO: Run Behavior\BuildLiteBehavior [ RunTime:0.000000s ]
INFO: [ app_init ] --END-- [ RunTime:0.000000s ]
INFO: [ app_begin ] --START--
INFO: Run Behavior\ReadHtmlCacheBehavior [ RunTime:0.000000s ]
INFO: [ app_begin ] --END-- [ RunTime:0.000000s ]
NOTIC: [8] Undefined index: token D:\phpStudy\WWW\youpei_2.0\Application\Home\Controller\BaseController.class.php 第 157 行.
NOTIC: [2048] Declaration of Common\Model\UserModel::delete() should be compatible with Think\Model::delete($options = Array) D:\phpStudy\WWW\youpei_2.0\Application\Common\Model\UserModel.class.php 第 14 行.
NOTIC: [2048] Declaration of Common\Model\UserModel::find() should be compatible with Think\Model::find($options = Array) D:\phpStudy\WWW\youpei_2.0\Application\Common\Model\UserModel.class.php 第 14 行.
SQL: SHOW COLUMNS FROM `yp_user` [ RunTime:0.0080s ]
SQL: SELECT * FROM `yp_user` WHERE ( open_id='oSFV6w-VMN-xdb7eM0pyIq608E8E' ) LIMIT 1   [ RunTime:0.0010s ]
SQL: UPDATE `yp_user` SET `last_login_time`='1507729820' WHERE ( id=7904 ) [ RunTime:0.0010s ]
SQL: SELECT * FROM `yp_user` WHERE ( open_id='oSFV6w-VMN-xdb7eM0pyIq608E8E' ) LIMIT 1   [ RunTime:0.0010s ]
NOTIC: [8] Undefined index: share_user_id D:\phpStudy\WWW\youpei_2.0\Application\Home\Controller\BaseController.class.php 第 113 行.
SQL: SHOW COLUMNS FROM `yp_wxuser` [ RunTime:0.0070s ]
SQL: SELECT * FROM `yp_wxuser` WHERE `token` = 'g232238gc959' LIMIT 1   [ RunTime:0.0010s ]
NOTIC: [2048] Declaration of Common\Model\ProductModel::delete() should be compatible with Think\Model::delete($options = Array) D:\phpStudy\WWW\youpei_2.0\Application\Common\Model\ProductModel.class.php 第 213 行.
NOTIC: [2048] Declaration of Common\Model\ProductModel::find() should be compatible with Think\Model::find($options = Array) D:\phpStudy\WWW\youpei_2.0\Application\Common\Model\ProductModel.class.php 第 213 行.
SQL: SHOW COLUMNS FROM `yp_product` [ RunTime:0.0090s ]
SQL: SELECT * FROM `yp_product` WHERE ( id=58 ) LIMIT 1   [ RunTime:0.0050s ]
NOTIC: [2048] Declaration of Common\Model\ProductCommentModel::delete() should be compatible with Think\Model::delete($options = Array) D:\phpStudy\WWW\youpei_2.0\Application\Common\Model\ProductCommentModel.class.php 第 125 行.
NOTIC: [2048] Declaration of Common\Model\ProductCommentModel::find() should be compatible with Think\Model::find($options = Array) D:\phpStudy\WWW\youpei_2.0\Application\Common\Model\ProductCommentModel.class.php 第 125 行.
SQL: SHOW COLUMNS FROM `yp_product_comment` [ RunTime:0.0290s ]
SQL: SELECT * FROM `yp_product_comment` WHERE `father_id` = 0 AND `product_id` = 58 ORDER BY create_time desc  [ RunTime:0.0090s ]
NOTIC: [2048] Declaration of Common\Model\OrganizationModel::delete() should be compatible with Think\Model::delete($options = Array) D:\phpStudy\WWW\youpei_2.0\Application\Common\Model\OrganizationModel.class.php 第 112 行.
NOTIC: [2048] Declaration of Common\Model\OrganizationModel::find() should be compatible with Think\Model::find($options = Array) D:\phpStudy\WWW\youpei_2.0\Application\Common\Model\OrganizationModel.class.php 第 112 行.
SQL: SHOW COLUMNS FROM `yp_organization` [ RunTime:0.0060s ]
SQL: SELECT * FROM `yp_organization` WHERE ( id=6 ) LIMIT 1   [ RunTime:0.0010s ]
SQL: SELECT * FROM `yp_wxuser` WHERE `token` = 'g232238gc959' LIMIT 1   [ RunTime:0.0020s ]
NOTIC: [2048] Declaration of Common\Model\OrderModel::find() should be compatible with Think\Model::find($options = Array) D:\phpStudy\WWW\youpei_2.0\Application\Common\Model\OrderModel.class.php 第 123 行.
SQL: SHOW COLUMNS FROM `yp_order` [ RunTime:0.0360s ]
SQL: SELECT DISTINCT  `user_id` FROM `yp_order` WHERE ( `status` = 1 OR `status` = 4 ) AND `product_id` = 58  [ RunTime:0.0020s ]
NOTIC: [2048] Declaration of Common\Model\CollectModel::delete() should be compatible with Think\Model::delete($options = Array) D:\phpStudy\WWW\youpei_2.0\Application\Common\Model\CollectModel.class.php 第 94 行.
SQL: SHOW COLUMNS FROM `yp_collect` [ RunTime:0.0360s ]
SQL: SELECT `id` FROM `yp_collect` WHERE `user_id` = 7904 AND `type_id` = 58 AND `type` = 2 LIMIT 1   [ RunTime:0.0010s ]
NOTIC: [8] Undefined index: key D:\phpStudy\WWW\youpei_2.0\Application\Home\Controller\ProductController.class.php 第 96 行.
NOTIC: [2] key() expects parameter 1 to be array, double given D:\phpStudy\WWW\youpei_2.0\Application\Home\Controller\ProductController.class.php 第 99 行.
NOTIC: [2] Invalid argument supplied for foreach() D:\phpStudy\WWW\youpei_2.0\Application\Home\Controller\ProductController.class.php 第 102 行.
NOTIC: [8] Undefined variable: headImg D:\phpStudy\WWW\youpei_2.0\Application\Home\Controller\ProductController.class.php 第 117 行.
INFO: [ view_parse ] --START--
INFO: [ template_filter ] --START--
INFO: Run Behavior\ContentReplaceBehavior [ RunTime:0.000000s ]
INFO: [ template_filter ] --END-- [ RunTime:0.001000s ]
NOTIC: [8] Undefined variable: isBargain D:\phpStudy\WWW\youpei_2.0\Application\Runtime\Cache\Home\2d20ebfb61e1b02ba49cc5d80777da94.php 第 194 行.
NOTIC: [8] Undefined variable: umark D:\phpStudy\WWW\youpei_2.0\Application\Runtime\Cache\Home\2d20ebfb61e1b02ba49cc5d80777da94.php 第 685 行.
INFO: Run Behavior\ParseTemplateBehavior [ RunTime:0.018001s ]
INFO: [ view_parse ] --END-- [ RunTime:0.018001s ]
INFO: [ view_filter ] --START--
INFO: Run Behavior\WriteHtmlCacheBehavior [ RunTime:0.000000s ]
INFO: [ view_filter ] --END-- [ RunTime:0.000000s ]
INFO: [ app_end ] --START--
INFO: Run Behavior\ShowPageTraceBehavior [ RunTime:0.000000s ]
INFO: [ app_end ] --END-- [ RunTime:0.000000s ]

[ 2017-10-11T21:50:22+08:00 ] 192.168.0.113 /index.php/Product/getNormalPrice?pro_id=58&key=
INFO: [ app_init ] --START--
INFO: Run Behavior\BuildLiteBehavior [ RunTime:0.000000s ]
INFO: [ app_init ] --END-- [ RunTime:0.000000s ]
INFO: [ app_begin ] --START--
INFO: Run Behavior\ReadHtmlCacheBehavior [ RunTime:0.000000s ]
INFO: [ app_begin ] --END-- [ RunTime:0.000000s ]
NOTIC: [8] Undefined index: token D:\phpStudy\WWW\youpei_2.0\Application\Home\Controller\BaseController.class.php 第 157 行.
NOTIC: [2048] Declaration of Common\Model\UserModel::delete() should be compatible with Think\Model::delete($options = Array) D:\phpStudy\WWW\youpei_2.0\Application\Common\Model\UserModel.class.php 第 14 行.
NOTIC: [2048] Declaration of Common\Model\UserModel::find() should be compatible with Think\Model::find($options = Array) D:\phpStudy\WWW\youpei_2.0\Application\Common\Model\UserModel.class.php 第 14 行.
SQL: SHOW COLUMNS FROM `yp_user` [ RunTime:0.0120s ]
SQL: SELECT * FROM `yp_user` WHERE ( open_id='oSFV6w-VMN-xdb7eM0pyIq608E8E' ) LIMIT 1   [ RunTime:0.0010s ]
SQL: UPDATE `yp_user` SET `last_login_time`='1507729822' WHERE ( id=7904 ) [ RunTime:0.0010s ]
SQL: SELECT * FROM `yp_user` WHERE ( open_id='oSFV6w-VMN-xdb7eM0pyIq608E8E' ) LIMIT 1   [ RunTime:0.0020s ]
NOTIC: [8] Undefined index: share_user_id D:\phpStudy\WWW\youpei_2.0\Application\Home\Controller\BaseController.class.php 第 113 行.
SQL: SHOW COLUMNS FROM `yp_wxuser` [ RunTime:0.0100s ]
SQL: SELECT * FROM `yp_wxuser` WHERE `token` = 'g232238gc959' LIMIT 1   [ RunTime:0.0020s ]

[ 2017-10-11T21:50:28+08:00 ] 192.168.0.113 /index.php/Index/indexTest
INFO: [ app_init ] --START--
INFO: Run Behavior\BuildLiteBehavior [ RunTime:0.000000s ]
INFO: [ app_init ] --END-- [ RunTime:0.000000s ]
INFO: [ app_begin ] --START--
INFO: Run Behavior\ReadHtmlCacheBehavior [ RunTime:0.001000s ]
INFO: [ app_begin ] --END-- [ RunTime:0.001000s ]
NOTIC: [8] Undefined index: token D:\phpStudy\WWW\youpei_2.0\Application\Home\Controller\BaseController.class.php 第 157 行.
NOTIC: [2048] Declaration of Common\Model\UserModel::delete() should be compatible with Think\Model::delete($options = Array) D:\phpStudy\WWW\youpei_2.0\Application\Common\Model\UserModel.class.php 第 14 行.
NOTIC: [2048] Declaration of Common\Model\UserModel::find() should be compatible with Think\Model::find($options = Array) D:\phpStudy\WWW\youpei_2.0\Application\Common\Model\UserModel.class.php 第 14 行.
SQL: SHOW COLUMNS FROM `yp_user` [ RunTime:0.0090s ]
SQL: SELECT * FROM `yp_user` WHERE ( open_id='oSFV6w-VMN-xdb7eM0pyIq608E8E' ) LIMIT 1   [ RunTime:0.0030s ]
SQL: UPDATE `yp_user` SET `last_login_time`='1507729828' WHERE ( id=7904 ) [ RunTime:0.0010s ]
SQL: SELECT * FROM `yp_user` WHERE ( open_id='oSFV6w-VMN-xdb7eM0pyIq608E8E' ) LIMIT 1   [ RunTime:0.0010s ]
NOTIC: [8] Undefined index: share_user_id D:\phpStudy\WWW\youpei_2.0\Application\Home\Controller\BaseController.class.php 第 113 行.
SQL: SHOW COLUMNS FROM `yp_wxuser` [ RunTime:0.0090s ]
SQL: SELECT * FROM `yp_wxuser` WHERE `token` = 'g232238gc959' LIMIT 1   [ RunTime:0.0030s ]
NOTIC: [2048] Declaration of Common\Model\PictureModel::delete() should be compatible with Think\Model::delete($options = Array) D:\phpStudy\WWW\youpei_2.0\Application\Common\Model\PictureModel.class.php 第 58 行.
NOTIC: [2048] Declaration of Common\Model\PictureModel::find() should be compatible with Think\Model::find($options = Array) D:\phpStudy\WWW\youpei_2.0\Application\Common\Model\PictureModel.class.php 第 58 行.
SQL: SHOW COLUMNS FROM `yp_picture` [ RunTime:0.0080s ]
SQL: SELECT * FROM `yp_picture` ORDER BY sort desc  [ RunTime:0.0010s ]
SQL: SHOW COLUMNS FROM `yp_homeclassify` [ RunTime:0.0090s ]
SQL: SELECT * FROM yp_homeclassify where is_show ='0' ORDER BY sort ASC [ RunTime:0.0010s ]
NOTIC: [2048] Declaration of Common\Model\ProductClassModel::delete() should be compatible with Think\Model::delete($options = Array) D:\phpStudy\WWW\youpei_2.0\Application\Common\Model\ProductClassModel.class.php 第 63 行.
NOTIC: [2048] Declaration of Common\Model\ProductClassModel::find() should be compatible with Think\Model::find($options = Array) D:\phpStudy\WWW\youpei_2.0\Application\Common\Model\ProductClassModel.class.php 第 63 行.
SQL: SHOW COLUMNS FROM `yp_product_class` [ RunTime:0.0090s ]
SQL: SELECT * FROM `yp_product_class` ORDER BY sort asc  [ RunTime:0.0010s ]
SQL: SHOW COLUMNS FROM `yp_bargain` [ RunTime:0.0070s ]
SQL: SELECT * FROM `yp_bargain` WHERE `type` = 1 AND `start_time` <= 1507729828 AND `end_time` > 1507729828 GROUP BY type_id LIMIT 4   [ RunTime:0.0010s ]
NOTIC: [2048] Declaration of Common\Model\ProductModel::delete() should be compatible with Think\Model::delete($options = Array) D:\phpStudy\WWW\youpei_2.0\Application\Common\Model\ProductModel.class.php 第 213 行.
NOTIC: [2048] Declaration of Common\Model\ProductModel::find() should be compatible with Think\Model::find($options = Array) D:\phpStudy\WWW\youpei_2.0\Application\Common\Model\ProductModel.class.php 第 213 行.
SQL: SHOW COLUMNS FROM `yp_product` [ RunTime:0.0100s ]
SQL: SELECT `id`,`title`,`f_title`,`pic_url`,`type`,`price`,`status`,`tag`,`is_hot` FROM `yp_product` WHERE `type` = 1 AND `status` = 1 AND `check_status` = 2 ORDER BY create_time desc LIMIT 4   [ RunTime:0.0020s ]
NOTIC: [2] reset() expects parameter 1 to be array, double given D:\phpStudy\WWW\youpei_2.0\Application\Home\Controller\IndexController.class.php 第 103 行.
NOTIC: [2] reset() expects parameter 1 to be array, double given D:\phpStudy\WWW\youpei_2.0\Application\Home\Controller\IndexController.class.php 第 104 行.
NOTIC: [2] reset() expects parameter 1 to be array, double given D:\phpStudy\WWW\youpei_2.0\Application\Home\Controller\IndexController.class.php 第 103 行.
NOTIC: [2] reset() expects parameter 1 to be array, double given D:\phpStudy\WWW\youpei_2.0\Application\Home\Controller\IndexController.class.php 第 104 行.
NOTIC: [2] reset() expects parameter 1 to be array, double given D:\phpStudy\WWW\youpei_2.0\Application\Home\Controller\IndexController.class.php 第 103 行.
NOTIC: [2] reset() expects parameter 1 to be array, double given D:\phpStudy\WWW\youpei_2.0\Application\Home\Controller\IndexController.class.php 第 104 行.
NOTIC: [8] Undefined offset: 2 D:\phpStudy\WWW\youpei_2.0\Application\Home\Controller\IndexController.class.php 第 109 行.
NOTIC: [2] reset() expects parameter 1 to be array, double given D:\phpStudy\WWW\youpei_2.0\Application\Home\Controller\IndexController.class.php 第 103 行.
NOTIC: [2] reset() expects parameter 1 to be array, double given D:\phpStudy\WWW\youpei_2.0\Application\Home\Controller\IndexController.class.php 第 104 行.
SQL: SELECT `id`,`title`,`f_title`,`pic_url`,`type`,`price`,`status`,`tag`,`is_hot` FROM `yp_product` WHERE `type` = 2 AND `is_hot` = 2 AND `check_status` = 2 ORDER BY id desc LIMIT 5   [ RunTime:0.0010s ]

[ 2017-10-11T21:50:29+08:00 ] 192.168.0.113 /index.php/Index/getProductByType
INFO: [ app_init ] --START--
INFO: Run Behavior\BuildLiteBehavior [ RunTime:0.000000s ]
INFO: [ app_init ] --END-- [ RunTime:0.000000s ]
INFO: [ app_begin ] --START--
INFO: Run Behavior\ReadHtmlCacheBehavior [ RunTime:0.001000s ]
INFO: [ app_begin ] --END-- [ RunTime:0.001000s ]
NOTIC: [8] Undefined index: token D:\phpStudy\WWW\youpei_2.0\Application\Home\Controller\BaseController.class.php 第 157 行.
NOTIC: [2048] Declaration of Common\Model\UserModel::delete() should be compatible with Think\Model::delete($options = Array) D:\phpStudy\WWW\youpei_2.0\Application\Common\Model\UserModel.class.php 第 14 行.
NOTIC: [2048] Declaration of Common\Model\UserModel::find() should be compatible with Think\Model::find($options = Array) D:\phpStudy\WWW\youpei_2.0\Application\Common\Model\UserModel.class.php 第 14 行.
SQL: SHOW COLUMNS FROM `yp_user` [ RunTime:0.0060s ]
SQL: SELECT * FROM `yp_user` WHERE ( open_id='oSFV6w-VMN-xdb7eM0pyIq608E8E' ) LIMIT 1   [ RunTime:0.0010s ]
SQL: UPDATE `yp_user` SET `last_login_time`='1507729829' WHERE ( id=7904 ) [ RunTime:0.0010s ]
SQL: SELECT * FROM `yp_user` WHERE ( open_id='oSFV6w-VMN-xdb7eM0pyIq608E8E' ) LIMIT 1   [ RunTime:0.0010s ]
NOTIC: [8] Undefined index: share_user_id D:\phpStudy\WWW\youpei_2.0\Application\Home\Controller\BaseController.class.php 第 113 行.
SQL: SHOW COLUMNS FROM `yp_wxuser` [ RunTime:0.0080s ]
SQL: SELECT * FROM `yp_wxuser` WHERE `token` = 'g232238gc959' LIMIT 1   [ RunTime:0.0020s ]
SQL: SHOW COLUMNS FROM `yp_product` [ RunTime:0.0070s ]
SQL: SELECT `id`,`title`,`f_title`,`org_id`,`pic_url`,`type`,`count`,`sale_count`,`user_max_count`,`price`,`status`,`unit`,`least`,`class_id`,`tag`,`token`,`is_hot`,`is_voucher`,`is_coupon`,`is_mail`,`create_time`,`check_status`,`err_msg`,`is_book`,`book_time`,`class_time`,`is_fire`,`is_activity`,`is_bargain`,`sort` FROM `yp_product` WHERE `is_hot` = 1 AND `status` = 1 AND `check_status` = 2 AND `is_fire` = 2 ORDER BY sort desc,create_time desc LIMIT 3   [ RunTime:0.0020s ]
NOTIC: [8] Undefined offset: 1 D:\phpStudy\WWW\youpei_2.0\Application\Home\Controller\IndexController.class.php 第 172 行.
NOTIC: [8] Undefined offset: 2 D:\phpStudy\WWW\youpei_2.0\Application\Home\Controller\IndexController.class.php 第 173 行.
NOTIC: [2048] Declaration of Common\Model\ProductClassModel::delete() should be compatible with Think\Model::delete($options = Array) D:\phpStudy\WWW\youpei_2.0\Application\Common\Model\ProductClassModel.class.php 第 63 行.
NOTIC: [2048] Declaration of Common\Model\ProductClassModel::find() should be compatible with Think\Model::find($options = Array) D:\phpStudy\WWW\youpei_2.0\Application\Common\Model\ProductClassModel.class.php 第 63 行.
SQL: SHOW COLUMNS FROM `yp_product_class` [ RunTime:0.0070s ]
SQL: SELECT `title` FROM `yp_product_class` WHERE ( id=9 ) LIMIT 1   [ RunTime:0.0000s ]
NOTIC: [2048] Declaration of Common\Model\OrganizationModel::delete() should be compatible with Think\Model::delete($options = Array) D:\phpStudy\WWW\youpei_2.0\Application\Common\Model\OrganizationModel.class.php 第 112 行.
NOTIC: [2048] Declaration of Common\Model\OrganizationModel::find() should be compatible with Think\Model::find($options = Array) D:\phpStudy\WWW\youpei_2.0\Application\Common\Model\OrganizationModel.class.php 第 112 行.
SQL: SHOW COLUMNS FROM `yp_organization` [ RunTime:0.0070s ]
SQL: SELECT `picture` FROM `yp_organization` WHERE ( id=6 ) LIMIT 1   [ RunTime:0.0010s ]
NOTIC: [2048] Declaration of Common\Model\ProductModel::delete() should be compatible with Think\Model::delete($options = Array) D:\phpStudy\WWW\youpei_2.0\Application\Common\Model\ProductModel.class.php 第 213 行.
NOTIC: [2048] Declaration of Common\Model\ProductModel::find() should be compatible with Think\Model::find($options = Array) D:\phpStudy\WWW\youpei_2.0\Application\Common\Model\ProductModel.class.php 第 213 行.
SQL: SELECT `price` FROM `yp_product` WHERE `id` = 38 LIMIT 1   [ RunTime:0.0010s ]
NOTIC: [2] key() expects parameter 1 to be array, double given D:\phpStudy\WWW\youpei_2.0\Application\Common\Model\ProductModel.class.php 第 198 行.
SQL: SHOW COLUMNS FROM `yp_bargain` [ RunTime:0.0060s ]
SQL: SELECT `price` FROM `yp_bargain` WHERE `type` = 2 AND `key` = null AND `type_id` = 38 AND `start_time` <= 1507729829 AND `end_time` > 1507729829 LIMIT 1   [ RunTime:0.0010s ]
NOTIC: [2] reset() expects parameter 1 to be array, double given D:\phpStudy\WWW\youpei_2.0\Application\Common\Model\ProductModel.class.php 第 207 行.
NOTIC: [2] reset() expects parameter 1 to be array, double given D:\phpStudy\WWW\youpei_2.0\Application\Common\Model\ProductModel.class.php 第 208 行.
NOTIC: [2048] Declaration of Common\Model\BargainModel::delete() should be compatible with Think\Model::delete($options = Array) D:\phpStudy\WWW\youpei_2.0\Application\Common\Model\BargainModel.class.php 第 64 行.
NOTIC: [2048] Declaration of Common\Model\BargainModel::find() should be compatible with Think\Model::find($options = Array) D:\phpStudy\WWW\youpei_2.0\Application\Common\Model\BargainModel.class.php 第 64 行.
SQL: SELECT `id` FROM `yp_bargain` WHERE `type` = 1 AND `type_id` = 1 AND `key` = 38 AND `start_time` < 1507729829 AND `end_time` > 1507729829 LIMIT 1   [ RunTime:0.0010s ]
NOTIC: [8] Undefined offset: 2 D:\phpStudy\WWW\youpei_2.0\Application\Home\Controller\IndexController.class.php 第 173 行.
SQL: SELECT `title` FROM `yp_product_class` WHERE ( id=10 ) LIMIT 1   [ RunTime:0.0010s ]
SQL: SELECT `picture` FROM `yp_organization` WHERE ( id=6 ) LIMIT 1   [ RunTime:0.0010s ]
SQL: SELECT `price` FROM `yp_product` WHERE `id` = 58 LIMIT 1   [ RunTime:0.0020s ]
NOTIC: [2] key() expects parameter 1 to be array, double given D:\phpStudy\WWW\youpei_2.0\Application\Common\Model\ProductModel.class.php 第 198 行.
SQL: SELECT `price` FROM `yp_bargain` WHERE `type` = 2 AND `key` = null AND `type_id` = 58 AND `start_time` <= 1507729829 AND `end_time` > 1507729829 LIMIT 1   [ RunTime:0.0010s ]
NOTIC: [2] reset() expects parameter 1 to be array, double given D:\phpStudy\WWW\youpei_2.0\Application\Common\Model\ProductModel.class.php 第 207 行.
NOTIC: [2] reset() expects parameter 1 to be array, double given D:\phpStudy\WWW\youpei_2.0\Application\Common\Model\ProductModel.class.php 第 208 行.
SQL: SELECT `id` FROM `yp_bargain` WHERE `type` = 1 AND `type_id` = 1 AND `key` = 58 AND `start_time` < 1507729829 AND `end_time` > 1507729829 LIMIT 1   [ RunTime:0.0010s ]
SQL: SELECT `title` FROM `yp_product_class` WHERE ( id=15 ) LIMIT 1   [ RunTime:0.0020s ]
SQL: SELECT `picture` FROM `yp_organization` WHERE ( id=1 ) LIMIT 1   [ RunTime:0.0020s ]
SQL: SELECT `price` FROM `yp_product` WHERE `id` = 88 LIMIT 1   [ RunTime:0.0010s ]
NOTIC: [2] key() expects parameter 1 to be array, double given D:\phpStudy\WWW\youpei_2.0\Application\Common\Model\ProductModel.class.php 第 198 行.
SQL: SELECT `price` FROM `yp_bargain` WHERE `type` = 2 AND `key` = null AND `type_id` = 88 AND `start_time` <= 1507729829 AND `end_time` > 1507729829 LIMIT 1   [ RunTime:0.0010s ]
NOTIC: [2] reset() expects parameter 1 to be array, double given D:\phpStudy\WWW\youpei_2.0\Application\Common\Model\ProductModel.class.php 第 207 行.
NOTIC: [2] reset() expects parameter 1 to be array, double given D:\phpStudy\WWW\youpei_2.0\Application\Common\Model\ProductModel.class.php 第 208 行.
SQL: SELECT `id` FROM `yp_bargain` WHERE `type` = 1 AND `type_id` = 1 AND `key` = 88 AND `start_time` < 1507729829 AND `end_time` > 1507729829 LIMIT 1   [ RunTime:0.0010s ]

[ 2017-10-11T21:50:30+08:00 ] 192.168.0.113 /index.php/Index/loadingProduct
INFO: [ app_init ] --START--
INFO: Run Behavior\BuildLiteBehavior [ RunTime:0.000000s ]
INFO: [ app_init ] --END-- [ RunTime:0.000000s ]
INFO: [ app_begin ] --START--
INFO: Run Behavior\ReadHtmlCacheBehavior [ RunTime:0.001000s ]
INFO: [ app_begin ] --END-- [ RunTime:0.001000s ]
NOTIC: [8] Undefined index: token D:\phpStudy\WWW\youpei_2.0\Application\Home\Controller\BaseController.class.php 第 157 行.
NOTIC: [2048] Declaration of Common\Model\UserModel::delete() should be compatible with Think\Model::delete($options = Array) D:\phpStudy\WWW\youpei_2.0\Application\Common\Model\UserModel.class.php 第 14 行.
NOTIC: [2048] Declaration of Common\Model\UserModel::find() should be compatible with Think\Model::find($options = Array) D:\phpStudy\WWW\youpei_2.0\Application\Common\Model\UserModel.class.php 第 14 行.
SQL: SHOW COLUMNS FROM `yp_user` [ RunTime:0.0110s ]
SQL: SELECT * FROM `yp_user` WHERE ( open_id='oSFV6w-VMN-xdb7eM0pyIq608E8E' ) LIMIT 1   [ RunTime:0.0020s ]
SQL: UPDATE `yp_user` SET `last_login_time`='1507729830' WHERE ( id=7904 ) [ RunTime:0.0010s ]
SQL: SELECT * FROM `yp_user` WHERE ( open_id='oSFV6w-VMN-xdb7eM0pyIq608E8E' ) LIMIT 1   [ RunTime:0.0010s ]
NOTIC: [8] Undefined index: share_user_id D:\phpStudy\WWW\youpei_2.0\Application\Home\Controller\BaseController.class.php 第 113 行.
SQL: SHOW COLUMNS FROM `yp_wxuser` [ RunTime:0.0110s ]
SQL: SELECT * FROM `yp_wxuser` WHERE `token` = 'g232238gc959' LIMIT 1   [ RunTime:0.0010s ]
SQL: SHOW COLUMNS FROM `yp_product` [ RunTime:0.0060s ]
SQL: SELECT `id`,`title`,`f_title`,`org_id`,`pic_url`,`type`,`count`,`sale_count`,`user_max_count`,`price`,`status`,`unit`,`least`,`class_id`,`tag`,`token`,`is_hot`,`is_voucher`,`is_coupon`,`is_mail`,`create_time`,`check_status`,`err_msg`,`is_book`,`book_time`,`class_time`,`is_fire`,`is_activity`,`is_bargain`,`sort` FROM `yp_product` WHERE `type` = 1 AND `status` = 1 AND `check_status` = 2 AND `is_fire` = 2 ORDER BY sort desc,create_time desc LIMIT 3,3   [ RunTime:0.0040s ]
NOTIC: [2048] Declaration of Common\Model\ProductClassModel::delete() should be compatible with Think\Model::delete($options = Array) D:\phpStudy\WWW\youpei_2.0\Application\Common\Model\ProductClassModel.class.php 第 63 行.
NOTIC: [2048] Declaration of Common\Model\ProductClassModel::find() should be compatible with Think\Model::find($options = Array) D:\phpStudy\WWW\youpei_2.0\Application\Common\Model\ProductClassModel.class.php 第 63 行.
SQL: SHOW COLUMNS FROM `yp_product_class` [ RunTime:0.0060s ]
SQL: SELECT `title` FROM `yp_product_class` WHERE ( id=14 ) LIMIT 1   [ RunTime:0.0010s ]
NOTIC: [2048] Declaration of Common\Model\OrganizationModel::delete() should be compatible with Think\Model::delete($options = Array) D:\phpStudy\WWW\youpei_2.0\Application\Common\Model\OrganizationModel.class.php 第 112 行.
NOTIC: [2048] Declaration of Common\Model\OrganizationModel::find() should be compatible with Think\Model::find($options = Array) D:\phpStudy\WWW\youpei_2.0\Application\Common\Model\OrganizationModel.class.php 第 112 行.
SQL: SHOW COLUMNS FROM `yp_organization` [ RunTime:0.0100s ]
SQL: SELECT `picture` FROM `yp_organization` WHERE ( id=1 ) LIMIT 1   [ RunTime:0.0010s ]
NOTIC: [2048] Declaration of Common\Model\ProductModel::delete() should be compatible with Think\Model::delete($options = Array) D:\phpStudy\WWW\youpei_2.0\Application\Common\Model\ProductModel.class.php 第 213 行.
NOTIC: [2048] Declaration of Common\Model\ProductModel::find() should be compatible with Think\Model::find($options = Array) D:\phpStudy\WWW\youpei_2.0\Application\Common\Model\ProductModel.class.php 第 213 行.
SQL: SELECT `price` FROM `yp_product` WHERE `id` = 86 LIMIT 1   [ RunTime:0.0010s ]
NOTIC: [2] key() expects parameter 1 to be array, double given D:\phpStudy\WWW\youpei_2.0\Application\Common\Model\ProductModel.class.php 第 198 行.
SQL: SHOW COLUMNS FROM `yp_bargain` [ RunTime:0.0090s ]
SQL: SELECT `price` FROM `yp_bargain` WHERE `type` = 2 AND `key` = null AND `type_id` = 86 AND `start_time` <= 1507729830 AND `end_time` > 1507729830 LIMIT 1   [ RunTime:0.0010s ]
NOTIC: [2] reset() expects parameter 1 to be array, double given D:\phpStudy\WWW\youpei_2.0\Application\Common\Model\ProductModel.class.php 第 207 行.
NOTIC: [2] reset() expects parameter 1 to be array, double given D:\phpStudy\WWW\youpei_2.0\Application\Common\Model\ProductModel.class.php 第 208 行.
NOTIC: [2048] Declaration of Common\Model\BargainModel::delete() should be compatible with Think\Model::delete($options = Array) D:\phpStudy\WWW\youpei_2.0\Application\Common\Model\BargainModel.class.php 第 64 行.
NOTIC: [2048] Declaration of Common\Model\BargainModel::find() should be compatible with Think\Model::find($options = Array) D:\phpStudy\WWW\youpei_2.0\Application\Common\Model\BargainModel.class.php 第 64 行.
SQL: SELECT `id` FROM `yp_bargain` WHERE `type` = 1 AND `type_id` = 1 AND `key` = 86 AND `start_time` < 1507729830 AND `end_time` > 1507729830 LIMIT 1   [ RunTime:0.0010s ]
SQL: SELECT `title` FROM `yp_product_class` WHERE ( id=2 ) LIMIT 1   [ RunTime:0.0010s ]
SQL: SELECT `picture` FROM `yp_organization` WHERE ( id=1 ) LIMIT 1   [ RunTime:0.0010s ]
SQL: SELECT `price` FROM `yp_product` WHERE `id` = 85 LIMIT 1   [ RunTime:0.0010s ]
NOTIC: [2] key() expects parameter 1 to be array, double given D:\phpStudy\WWW\youpei_2.0\Application\Common\Model\ProductModel.class.php 第 198 行.
SQL: SELECT `price` FROM `yp_bargain` WHERE `type` = 2 AND `key` = null AND `type_id` = 85 AND `start_time` <= 1507729830 AND `end_time` > 1507729830 LIMIT 1   [ RunTime:0.0010s ]
NOTIC: [2] reset() expects parameter 1 to be array, double given D:\phpStudy\WWW\youpei_2.0\Application\Common\Model\ProductModel.class.php 第 207 行.
NOTIC: [2] reset() expects parameter 1 to be array, double given D:\phpStudy\WWW\youpei_2.0\Application\Common\Model\ProductModel.class.php 第 208 行.
SQL: SELECT `id` FROM `yp_bargain` WHERE `type` = 1 AND `type_id` = 1 AND `key` = 85 AND `start_time` < 1507729830 AND `end_time` > 1507729830 LIMIT 1   [ RunTime:0.0010s ]
NOTIC: [8] Undefined offset: 2 D:\phpStudy\WWW\youpei_2.0\Application\Home\Controller\IndexController.class.php 第 216 行.
SQL: SELECT `title` FROM `yp_product_class` WHERE ( id=11 ) LIMIT 1   [ RunTime:0.0010s ]
SQL: SELECT `picture` FROM `yp_organization` WHERE ( id=1 ) LIMIT 1   [ RunTime:0.0010s ]
SQL: SELECT `price` FROM `yp_product` WHERE `id` = 84 LIMIT 1   [ RunTime:0.0010s ]
NOTIC: [2] key() expects parameter 1 to be array, double given D:\phpStudy\WWW\youpei_2.0\Application\Common\Model\ProductModel.class.php 第 198 行.
SQL: SELECT `price` FROM `yp_bargain` WHERE `type` = 2 AND `key` = null AND `type_id` = 84 AND `start_time` <= 1507729830 AND `end_time` > 1507729830 LIMIT 1   [ RunTime:0.0010s ]
NOTIC: [2] reset() expects parameter 1 to be array, double given D:\phpStudy\WWW\youpei_2.0\Application\Common\Model\ProductModel.class.php 第 207 行.
NOTIC: [2] reset() expects parameter 1 to be array, double given D:\phpStudy\WWW\youpei_2.0\Application\Common\Model\ProductModel.class.php 第 208 行.
SQL: SELECT `id` FROM `yp_bargain` WHERE `type` = 1 AND `type_id` = 1 AND `key` = 84 AND `start_time` < 1507729830 AND `end_time` > 1507729830 LIMIT 1   [ RunTime:0.0030s ]

[ 2017-10-11T21:50:34+08:00 ] 192.168.0.113 /index.php/Product/productDetails.html?pro_id=76
INFO: [ app_init ] --START--
INFO: Run Behavior\BuildLiteBehavior [ RunTime:0.000000s ]
INFO: [ app_init ] --END-- [ RunTime:0.000000s ]
INFO: [ app_begin ] --START--
INFO: Run Behavior\ReadHtmlCacheBehavior [ RunTime:0.000000s ]
INFO: [ app_begin ] --END-- [ RunTime:0.000000s ]
NOTIC: [8] Undefined index: token D:\phpStudy\WWW\youpei_2.0\Application\Home\Controller\BaseController.class.php 第 157 行.
NOTIC: [2048] Declaration of Common\Model\UserModel::delete() should be compatible with Think\Model::delete($options = Array) D:\phpStudy\WWW\youpei_2.0\Application\Common\Model\UserModel.class.php 第 14 行.
NOTIC: [2048] Declaration of Common\Model\UserModel::find() should be compatible with Think\Model::find($options = Array) D:\phpStudy\WWW\youpei_2.0\Application\Common\Model\UserModel.class.php 第 14 行.
SQL: SHOW COLUMNS FROM `yp_user` [ RunTime:0.0060s ]
SQL: SELECT * FROM `yp_user` WHERE ( open_id='oSFV6w-VMN-xdb7eM0pyIq608E8E' ) LIMIT 1   [ RunTime:0.0010s ]
SQL: UPDATE `yp_user` SET `last_login_time`='1507729834' WHERE ( id=7904 ) [ RunTime:0.0010s ]
SQL: SELECT * FROM `yp_user` WHERE ( open_id='oSFV6w-VMN-xdb7eM0pyIq608E8E' ) LIMIT 1   [ RunTime:0.0010s ]
NOTIC: [8] Undefined index: share_user_id D:\phpStudy\WWW\youpei_2.0\Application\Home\Controller\BaseController.class.php 第 113 行.
SQL: SHOW COLUMNS FROM `yp_wxuser` [ RunTime:0.0080s ]
SQL: SELECT * FROM `yp_wxuser` WHERE `token` = 'g232238gc959' LIMIT 1   [ RunTime:0.0010s ]
NOTIC: [2048] Declaration of Common\Model\ProductModel::delete() should be compatible with Think\Model::delete($options = Array) D:\phpStudy\WWW\youpei_2.0\Application\Common\Model\ProductModel.class.php 第 213 行.
NOTIC: [2048] Declaration of Common\Model\ProductModel::find() should be compatible with Think\Model::find($options = Array) D:\phpStudy\WWW\youpei_2.0\Application\Common\Model\ProductModel.class.php 第 213 行.
SQL: SHOW COLUMNS FROM `yp_product` [ RunTime:0.0070s ]
SQL: SELECT * FROM `yp_product` WHERE ( id=76 ) LIMIT 1   [ RunTime:0.0020s ]
NOTIC: [2048] Declaration of Common\Model\ProductCommentModel::delete() should be compatible with Think\Model::delete($options = Array) D:\phpStudy\WWW\youpei_2.0\Application\Common\Model\ProductCommentModel.class.php 第 125 行.
NOTIC: [2048] Declaration of Common\Model\ProductCommentModel::find() should be compatible with Think\Model::find($options = Array) D:\phpStudy\WWW\youpei_2.0\Application\Common\Model\ProductCommentModel.class.php 第 125 行.
SQL: SHOW COLUMNS FROM `yp_product_comment` [ RunTime:0.0070s ]
SQL: SELECT * FROM `yp_product_comment` WHERE `father_id` = 0 AND `product_id` = 76 ORDER BY create_time desc  [ RunTime:0.0010s ]
NOTIC: [2048] Declaration of Common\Model\OrganizationModel::delete() should be compatible with Think\Model::delete($options = Array) D:\phpStudy\WWW\youpei_2.0\Application\Common\Model\OrganizationModel.class.php 第 112 行.
NOTIC: [2048] Declaration of Common\Model\OrganizationModel::find() should be compatible with Think\Model::find($options = Array) D:\phpStudy\WWW\youpei_2.0\Application\Common\Model\OrganizationModel.class.php 第 112 行.
SQL: SHOW COLUMNS FROM `yp_organization` [ RunTime:0.0060s ]
SQL: SELECT * FROM `yp_organization` WHERE ( id=1 ) LIMIT 1   [ RunTime:0.0040s ]
SQL: SELECT * FROM `yp_wxuser` WHERE `token` = 'g232238gc959' LIMIT 1   [ RunTime:0.0010s ]
NOTIC: [2048] Declaration of Common\Model\OrderModel::find() should be compatible with Think\Model::find($options = Array) D:\phpStudy\WWW\youpei_2.0\Application\Common\Model\OrderModel.class.php 第 123 行.
SQL: SHOW COLUMNS FROM `yp_order` [ RunTime:0.0060s ]
SQL: SELECT DISTINCT  `user_id` FROM `yp_order` WHERE ( `status` = 1 OR `status` = 4 ) AND `product_id` = 76  [ RunTime:0.0010s ]
NOTIC: [2048] Declaration of Common\Model\CollectModel::delete() should be compatible with Think\Model::delete($options = Array) D:\phpStudy\WWW\youpei_2.0\Application\Common\Model\CollectModel.class.php 第 94 行.
SQL: SHOW COLUMNS FROM `yp_collect` [ RunTime:0.0070s ]
SQL: SELECT `id` FROM `yp_collect` WHERE `user_id` = 7904 AND `type_id` = 76 AND `type` = 3 LIMIT 1   [ RunTime:0.0010s ]
NOTIC: [8] Undefined index: key D:\phpStudy\WWW\youpei_2.0\Application\Home\Controller\ProductController.class.php 第 96 行.
NOTIC: [2] key() expects parameter 1 to be array, double given D:\phpStudy\WWW\youpei_2.0\Application\Home\Controller\ProductController.class.php 第 99 行.
NOTIC: [2] Invalid argument supplied for foreach() D:\phpStudy\WWW\youpei_2.0\Application\Home\Controller\ProductController.class.php 第 102 行.
NOTIC: [8] Undefined variable: headImg D:\phpStudy\WWW\youpei_2.0\Application\Home\Controller\ProductController.class.php 第 117 行.
INFO: [ view_parse ] --START--
INFO: [ template_filter ] --START--
INFO: Run Behavior\ContentReplaceBehavior [ RunTime:0.000000s ]
INFO: [ template_filter ] --END-- [ RunTime:0.000000s ]
NOTIC: [8] Undefined variable: isBargain D:\phpStudy\WWW\youpei_2.0\Application\Runtime\Cache\Home\2d20ebfb61e1b02ba49cc5d80777da94.php 第 194 行.
NOTIC: [8] Undefined variable: umark D:\phpStudy\WWW\youpei_2.0\Application\Runtime\Cache\Home\2d20ebfb61e1b02ba49cc5d80777da94.php 第 685 行.
INFO: Run Behavior\ParseTemplateBehavior [ RunTime:0.026001s ]
INFO: [ view_parse ] --END-- [ RunTime:0.026001s ]
INFO: [ view_filter ] --START--
INFO: Run Behavior\WriteHtmlCacheBehavior [ RunTime:0.001001s ]
INFO: [ view_filter ] --END-- [ RunTime:0.001001s ]
INFO: [ app_end ] --START--
INFO: Run Behavior\ShowPageTraceBehavior [ RunTime:0.001000s ]
INFO: [ app_end ] --END-- [ RunTime:0.001000s ]

[ 2017-10-11T21:50:35+08:00 ] 192.168.0.113 /index.php/Product/getNormalPrice?pro_id=76&key=
INFO: [ app_init ] --START--
INFO: Run Behavior\BuildLiteBehavior [ RunTime:0.000000s ]
INFO: [ app_init ] --END-- [ RunTime:0.000000s ]
INFO: [ app_begin ] --START--
INFO: Run Behavior\ReadHtmlCacheBehavior [ RunTime:0.001000s ]
INFO: [ app_begin ] --END-- [ RunTime:0.001000s ]
NOTIC: [8] Undefined index: token D:\phpStudy\WWW\youpei_2.0\Application\Home\Controller\BaseController.class.php 第 157 行.
NOTIC: [2048] Declaration of Common\Model\UserModel::delete() should be compatible with Think\Model::delete($options = Array) D:\phpStudy\WWW\youpei_2.0\Application\Common\Model\UserModel.class.php 第 14 行.
NOTIC: [2048] Declaration of Common\Model\UserModel::find() should be compatible with Think\Model::find($options = Array) D:\phpStudy\WWW\youpei_2.0\Application\Common\Model\UserModel.class.php 第 14 行.
SQL: SHOW COLUMNS FROM `yp_user` [ RunTime:0.0080s ]
SQL: SELECT * FROM `yp_user` WHERE ( open_id='oSFV6w-VMN-xdb7eM0pyIq608E8E' ) LIMIT 1   [ RunTime:0.0010s ]
SQL: UPDATE `yp_user` SET `last_login_time`='1507729835' WHERE ( id=7904 ) [ RunTime:0.0010s ]
SQL: SELECT * FROM `yp_user` WHERE ( open_id='oSFV6w-VMN-xdb7eM0pyIq608E8E' ) LIMIT 1   [ RunTime:0.0010s ]
NOTIC: [8] Undefined index: share_user_id D:\phpStudy\WWW\youpei_2.0\Application\Home\Controller\BaseController.class.php 第 113 行.
SQL: SHOW COLUMNS FROM `yp_wxuser` [ RunTime:0.0080s ]
SQL: SELECT * FROM `yp_wxuser` WHERE `token` = 'g232238gc959' LIMIT 1   [ RunTime:0.0020s ]

