[ 2017-12-17T20:40:37+08:00 ] 192.168.1.111 /index.php/Test/setSessionTest?open_id=oSFV6w-VMN-xdb7eM0pyIq608E8E&token=g232238gc959
INFO: [ app_init ] --START--
INFO: Run Behavior\BuildLiteBehavior [ RunTime:0.000000s ]
INFO: [ app_init ] --END-- [ RunTime:0.026002s ]
INFO: [ app_begin ] --START--
INFO: Run Behavior\ReadHtmlCacheBehavior [ RunTime:0.001000s ]
INFO: [ app_begin ] --END-- [ RunTime:0.001000s ]
INFO: [ view_parse ] --START--
INFO: [ template_filter ] --START--
INFO: Run Behavior\ContentReplaceBehavior [ RunTime:0.001000s ]
INFO: [ template_filter ] --END-- [ RunTime:0.001000s ]
INFO: Run Behavior\ParseTemplateBehavior [ RunTime:0.057004s ]
INFO: [ view_parse ] --END-- [ RunTime:0.057004s ]
INFO: [ view_filter ] --START--
INFO: Run Behavior\WriteHtmlCacheBehavior [ RunTime:0.018001s ]
INFO: [ view_filter ] --END-- [ RunTime:0.018001s ]
INFO: [ app_end ] --START--
INFO: Run Behavior\ShowPageTraceBehavior [ RunTime:0.020001s ]
INFO: [ app_end ] --END-- [ RunTime:0.020001s ]

[ 2017-12-17T20:40:40+08:00 ] 192.168.1.111 /index.php/index
INFO: [ app_init ] --START--
INFO: Run Behavior\BuildLiteBehavior [ RunTime:0.000000s ]
INFO: [ app_init ] --END-- [ RunTime:0.000000s ]
INFO: [ app_begin ] --START--
INFO: Run Behavior\ReadHtmlCacheBehavior [ RunTime:0.000000s ]
INFO: [ app_begin ] --END-- [ RunTime:0.000000s ]
NOTIC: [8] Undefined index: token D:\phpStudy\WWW\youpei_2.0\Application\Home\Controller\BaseController.class.php 第 177 行.
NOTIC: [2048] Declaration of Common\Model\UserModel::delete() should be compatible with Think\Model::delete($options = Array) D:\phpStudy\WWW\youpei_2.0\Application\Common\Model\UserModel.class.php 第 14 行.
NOTIC: [2048] Declaration of Common\Model\UserModel::find() should be compatible with Think\Model::find($options = Array) D:\phpStudy\WWW\youpei_2.0\Application\Common\Model\UserModel.class.php 第 14 行.
SQL: SHOW COLUMNS FROM `yp_user` [ RunTime:0.1060s ]
SQL: SELECT * FROM `yp_user` WHERE ( open_id='oSFV6w-VMN-xdb7eM0pyIq608E8E' ) LIMIT 1   [ RunTime:0.0540s ]
NOTIC: [2] file_get_contents(): Unable to find the wrapper &quot;https&quot; - did you forget to enable it when you configured PHP? D:\phpStudy\WWW\youpei_2.0\Application\Home\Controller\BaseController.class.php 第 241 行.
NOTIC: [2] file_get_contents(https://api.weixin.qq.com/cgi-bin/token?grant_type=client_credential&amp;appid=wx2a478415b419d817&amp;secret=5777fd0e27efa96cf5c85bbf1d2e5baa): failed to open stream: No such file or directory D:\phpStudy\WWW\youpei_2.0\Application\Home\Controller\BaseController.class.php 第 241 行.
NOTIC: [8] Trying to get property of non-object D:\phpStudy\WWW\youpei_2.0\Application\Home\Controller\BaseController.class.php 第 242 行.
NOTIC: [2] file_get_contents(): Unable to find the wrapper &quot;https&quot; - did you forget to enable it when you configured PHP? D:\phpStudy\WWW\youpei_2.0\Application\Home\Controller\BaseController.class.php 第 245 行.
NOTIC: [2] file_get_contents(https://api.weixin.qq.com/cgi-bin/user/info?access_token=&amp;openid=oSFV6w-VMN-xdb7eM0pyIq608E8E): failed to open stream: No such file or directory D:\phpStudy\WWW\youpei_2.0\Application\Home\Controller\BaseController.class.php 第 245 行.
NOTIC: [8] Trying to get property of non-object D:\phpStudy\WWW\youpei_2.0\Application\Home\Controller\BaseController.class.php 第 246 行.
SQL: SHOW COLUMNS FROM `yp_user` [ RunTime:0.0110s ]
SQL: SELECT `last_login_time` FROM `yp_user` WHERE `open_id` = 'oSFV6w-VMN-xdb7eM0pyIq608E8E' LIMIT 1   [ RunTime:0.0010s ]
SQL: UPDATE `yp_user` SET `last_login_time`='1513514438' WHERE ( id=7904 ) [ RunTime:0.0160s ]
SQL: SELECT * FROM `yp_user` WHERE ( open_id='oSFV6w-VMN-xdb7eM0pyIq608E8E' ) LIMIT 1   [ RunTime:0.0010s ]
NOTIC: [8] Undefined index: share_user_id D:\phpStudy\WWW\youpei_2.0\Application\Home\Controller\BaseController.class.php 第 133 行.
SQL: SHOW COLUMNS FROM `yp_wxuser` [ RunTime:0.0360s ]
SQL: SELECT * FROM `yp_wxuser` WHERE `token` = 'g232238gc959' LIMIT 1   [ RunTime:0.0000s ]
INFO: [ view_parse ] --START--
INFO: [ template_filter ] --START--
INFO: Run Behavior\ContentReplaceBehavior [ RunTime:0.001000s ]
INFO: [ template_filter ] --END-- [ RunTime:0.001000s ]
INFO: Run Behavior\ParseTemplateBehavior [ RunTime:0.052003s ]
INFO: [ view_parse ] --END-- [ RunTime:0.052003s ]
INFO: [ view_filter ] --START--
INFO: Run Behavior\WriteHtmlCacheBehavior [ RunTime:0.000000s ]
INFO: [ view_filter ] --END-- [ RunTime:0.000000s ]
INFO: [ app_end ] --START--
INFO: Run Behavior\ShowPageTraceBehavior [ RunTime:0.001000s ]
INFO: [ app_end ] --END-- [ RunTime:0.002000s ]

[ 2017-12-17T20:40:42+08:00 ] 192.168.1.111 /index.php/Index/ajaxIndex
INFO: [ app_init ] --START--
INFO: Run Behavior\BuildLiteBehavior [ RunTime:0.000000s ]
INFO: [ app_init ] --END-- [ RunTime:0.000000s ]
INFO: [ app_begin ] --START--
INFO: Run Behavior\ReadHtmlCacheBehavior [ RunTime:0.001000s ]
INFO: [ app_begin ] --END-- [ RunTime:0.001000s ]
NOTIC: [8] Undefined index: token D:\phpStudy\WWW\youpei_2.0\Application\Home\Controller\BaseController.class.php 第 177 行.
NOTIC: [2048] Declaration of Common\Model\UserModel::delete() should be compatible with Think\Model::delete($options = Array) D:\phpStudy\WWW\youpei_2.0\Application\Common\Model\UserModel.class.php 第 14 行.
NOTIC: [2048] Declaration of Common\Model\UserModel::find() should be compatible with Think\Model::find($options = Array) D:\phpStudy\WWW\youpei_2.0\Application\Common\Model\UserModel.class.php 第 14 行.
SQL: SHOW COLUMNS FROM `yp_user` [ RunTime:0.0100s ]
SQL: SELECT * FROM `yp_user` WHERE ( open_id='oSFV6w-VMN-xdb7eM0pyIq608E8E' ) LIMIT 1   [ RunTime:0.0010s ]
NOTIC: [2] file_get_contents(): Unable to find the wrapper &quot;https&quot; - did you forget to enable it when you configured PHP? D:\phpStudy\WWW\youpei_2.0\Application\Home\Controller\BaseController.class.php 第 241 行.
NOTIC: [2] file_get_contents(https://api.weixin.qq.com/cgi-bin/token?grant_type=client_credential&amp;appid=wx2a478415b419d817&amp;secret=5777fd0e27efa96cf5c85bbf1d2e5baa): failed to open stream: No such file or directory D:\phpStudy\WWW\youpei_2.0\Application\Home\Controller\BaseController.class.php 第 241 行.
NOTIC: [8] Trying to get property of non-object D:\phpStudy\WWW\youpei_2.0\Application\Home\Controller\BaseController.class.php 第 242 行.
NOTIC: [2] file_get_contents(): Unable to find the wrapper &quot;https&quot; - did you forget to enable it when you configured PHP? D:\phpStudy\WWW\youpei_2.0\Application\Home\Controller\BaseController.class.php 第 245 行.
NOTIC: [2] file_get_contents(https://api.weixin.qq.com/cgi-bin/user/info?access_token=&amp;openid=oSFV6w-VMN-xdb7eM0pyIq608E8E): failed to open stream: No such file or directory D:\phpStudy\WWW\youpei_2.0\Application\Home\Controller\BaseController.class.php 第 245 行.
NOTIC: [8] Trying to get property of non-object D:\phpStudy\WWW\youpei_2.0\Application\Home\Controller\BaseController.class.php 第 246 行.
SQL: SHOW COLUMNS FROM `yp_user` [ RunTime:0.0100s ]
SQL: SELECT `last_login_time` FROM `yp_user` WHERE `open_id` = 'oSFV6w-VMN-xdb7eM0pyIq608E8E' LIMIT 1   [ RunTime:0.0010s ]
SQL: UPDATE `yp_user` SET `last_login_time`='1513514442' WHERE ( id=7904 ) [ RunTime:0.0010s ]
SQL: SELECT * FROM `yp_user` WHERE ( open_id='oSFV6w-VMN-xdb7eM0pyIq608E8E' ) LIMIT 1   [ RunTime:0.0010s ]
NOTIC: [8] Undefined index: share_user_id D:\phpStudy\WWW\youpei_2.0\Application\Home\Controller\BaseController.class.php 第 133 行.
SQL: SHOW COLUMNS FROM `yp_wxuser` [ RunTime:0.0130s ]
SQL: SELECT * FROM `yp_wxuser` WHERE `token` = 'g232238gc959' LIMIT 1   [ RunTime:0.0020s ]
NOTIC: [2048] Declaration of Common\Model\PictureModel::delete() should be compatible with Think\Model::delete($options = Array) D:\phpStudy\WWW\youpei_2.0\Application\Common\Model\PictureModel.class.php 第 58 行.
NOTIC: [2048] Declaration of Common\Model\PictureModel::find() should be compatible with Think\Model::find($options = Array) D:\phpStudy\WWW\youpei_2.0\Application\Common\Model\PictureModel.class.php 第 58 行.
SQL: SHOW COLUMNS FROM `yp_picture` [ RunTime:0.0300s ]
SQL: SELECT * FROM `yp_picture` ORDER BY sort desc  [ RunTime:0.0000s ]
SQL: SHOW COLUMNS FROM `yp_homeclassify` [ RunTime:0.0330s ]
SQL: SELECT * FROM yp_homeclassify where is_show ='0' ORDER BY sort ASC [ RunTime:0.0050s ]
SQL: SHOW COLUMNS FROM `yp_bargain` [ RunTime:0.0350s ]
SQL: SELECT DISTINCT  `type_id` FROM `yp_bargain` WHERE `type` = 2 AND `start_time` <= 1513514442 AND `end_time` > 1513514442 LIMIT 4   [ RunTime:0.0080s ]
NOTIC: [2048] Declaration of Common\Model\ProductModel::delete() should be compatible with Think\Model::delete($options = Array) D:\phpStudy\WWW\youpei_2.0\Application\Common\Model\ProductModel.class.php 第 218 行.
NOTIC: [2048] Declaration of Common\Model\ProductModel::find() should be compatible with Think\Model::find($options = Array) D:\phpStudy\WWW\youpei_2.0\Application\Common\Model\ProductModel.class.php 第 218 行.
SQL: SHOW COLUMNS FROM `yp_product` [ RunTime:0.0290s ]
SQL: SELECT `id`,`title`,`f_title`,`pic_url`,`type`,`price`,`status`,`tag`,`is_hot`,`city`,`area`,`address` FROM `yp_product` WHERE `type` = 1 AND `status` = 1 AND `check_status` = 2 ORDER BY create_time desc LIMIT 3   [ RunTime:0.0360s ]
SQL: SHOW COLUMNS FROM `yp_product_class` [ RunTime:0.0210s ]
SQL: SELECT * FROM `yp_product_class` WHERE `type` = 2 ORDER BY sort asc LIMIT 0,3   [ RunTime:0.0010s ]
SQL: SELECT `id`,`title`,`f_title`,`pic_url`,`type`,`price`,`status`,`tag`,`is_hot` FROM `yp_product` WHERE `type` = 2 AND `is_hot` = 2 AND `check_status` = 2 AND `class_id` = 18 AND `status` = 1 ORDER BY sort desc LIMIT 4   [ RunTime:0.0010s ]
SQL: SELECT `id`,`title`,`f_title`,`pic_url`,`type`,`price`,`status`,`tag`,`is_hot` FROM `yp_product` WHERE `type` = 2 AND `is_hot` = 2 AND `check_status` = 2 AND `class_id` = 12 AND `status` = 1 ORDER BY sort desc LIMIT 4   [ RunTime:0.0010s ]
SQL: SELECT `id`,`title`,`f_title`,`pic_url`,`type`,`price`,`status`,`tag`,`is_hot` FROM `yp_product` WHERE `type` = 2 AND `is_hot` = 2 AND `check_status` = 2 AND `class_id` = 17 AND `status` = 1 ORDER BY sort desc LIMIT 4   [ RunTime:0.0010s ]

[ 2017-12-17T20:40:59+08:00 ] 192.168.1.111 /index.php/organization/demo.html
INFO: [ app_init ] --START--
INFO: Run Behavior\BuildLiteBehavior [ RunTime:0.000000s ]
INFO: [ app_init ] --END-- [ RunTime:0.000000s ]
INFO: [ app_begin ] --START--
INFO: Run Behavior\ReadHtmlCacheBehavior [ RunTime:0.000000s ]
INFO: [ app_begin ] --END-- [ RunTime:0.000000s ]
NOTIC: [8] Undefined index: token D:\phpStudy\WWW\youpei_2.0\Application\Home\Controller\BaseController.class.php 第 177 行.
NOTIC: [2048] Declaration of Common\Model\UserModel::delete() should be compatible with Think\Model::delete($options = Array) D:\phpStudy\WWW\youpei_2.0\Application\Common\Model\UserModel.class.php 第 14 行.
NOTIC: [2048] Declaration of Common\Model\UserModel::find() should be compatible with Think\Model::find($options = Array) D:\phpStudy\WWW\youpei_2.0\Application\Common\Model\UserModel.class.php 第 14 行.
SQL: SHOW COLUMNS FROM `yp_user` [ RunTime:0.0160s ]
SQL: SELECT * FROM `yp_user` WHERE ( open_id='oSFV6w-VMN-xdb7eM0pyIq608E8E' ) LIMIT 1   [ RunTime:0.0020s ]
NOTIC: [2] file_get_contents(): Unable to find the wrapper &quot;https&quot; - did you forget to enable it when you configured PHP? D:\phpStudy\WWW\youpei_2.0\Application\Home\Controller\BaseController.class.php 第 241 行.
NOTIC: [2] file_get_contents(https://api.weixin.qq.com/cgi-bin/token?grant_type=client_credential&amp;appid=wx2a478415b419d817&amp;secret=5777fd0e27efa96cf5c85bbf1d2e5baa): failed to open stream: No such file or directory D:\phpStudy\WWW\youpei_2.0\Application\Home\Controller\BaseController.class.php 第 241 行.
NOTIC: [8] Trying to get property of non-object D:\phpStudy\WWW\youpei_2.0\Application\Home\Controller\BaseController.class.php 第 242 行.
NOTIC: [2] file_get_contents(): Unable to find the wrapper &quot;https&quot; - did you forget to enable it when you configured PHP? D:\phpStudy\WWW\youpei_2.0\Application\Home\Controller\BaseController.class.php 第 245 行.
NOTIC: [2] file_get_contents(https://api.weixin.qq.com/cgi-bin/user/info?access_token=&amp;openid=oSFV6w-VMN-xdb7eM0pyIq608E8E): failed to open stream: No such file or directory D:\phpStudy\WWW\youpei_2.0\Application\Home\Controller\BaseController.class.php 第 245 行.
NOTIC: [8] Trying to get property of non-object D:\phpStudy\WWW\youpei_2.0\Application\Home\Controller\BaseController.class.php 第 246 行.
SQL: SHOW COLUMNS FROM `yp_user` [ RunTime:0.0160s ]
SQL: SELECT `last_login_time` FROM `yp_user` WHERE `open_id` = 'oSFV6w-VMN-xdb7eM0pyIq608E8E' LIMIT 1   [ RunTime:0.0010s ]
SQL: UPDATE `yp_user` SET `last_login_time`='1513514459' WHERE ( id=7904 ) [ RunTime:0.0010s ]
SQL: SELECT * FROM `yp_user` WHERE ( open_id='oSFV6w-VMN-xdb7eM0pyIq608E8E' ) LIMIT 1   [ RunTime:0.0020s ]
NOTIC: [8] Undefined index: share_user_id D:\phpStudy\WWW\youpei_2.0\Application\Home\Controller\BaseController.class.php 第 133 行.
SQL: SHOW COLUMNS FROM `yp_wxuser` [ RunTime:0.0150s ]
SQL: SELECT * FROM `yp_wxuser` WHERE `token` = 'g232238gc959' LIMIT 1   [ RunTime:0.0010s ]
INFO: [ view_parse ] --START--
INFO: [ template_filter ] --START--
INFO: Run Behavior\ContentReplaceBehavior [ RunTime:0.000000s ]
INFO: [ template_filter ] --END-- [ RunTime:0.000000s ]
INFO: Run Behavior\ParseTemplateBehavior [ RunTime:0.014001s ]
INFO: [ view_parse ] --END-- [ RunTime:0.014001s ]
INFO: [ view_filter ] --START--
INFO: Run Behavior\WriteHtmlCacheBehavior [ RunTime:0.001000s ]
INFO: [ view_filter ] --END-- [ RunTime:0.001000s ]
INFO: [ app_end ] --START--
INFO: Run Behavior\ShowPageTraceBehavior [ RunTime:0.001000s ]
INFO: [ app_end ] --END-- [ RunTime:0.001000s ]

[ 2017-12-17T20:41:18+08:00 ] 192.168.1.111 /index.php/organization/demo.html
INFO: [ app_init ] --START--
INFO: Run Behavior\BuildLiteBehavior [ RunTime:0.000000s ]
INFO: [ app_init ] --END-- [ RunTime:0.000000s ]
INFO: [ app_begin ] --START--
INFO: Run Behavior\ReadHtmlCacheBehavior [ RunTime:0.001001s ]
INFO: [ app_begin ] --END-- [ RunTime:0.001001s ]
NOTIC: [8] Undefined index: token D:\phpStudy\WWW\youpei_2.0\Application\Home\Controller\BaseController.class.php 第 177 行.
NOTIC: [2048] Declaration of Common\Model\UserModel::delete() should be compatible with Think\Model::delete($options = Array) D:\phpStudy\WWW\youpei_2.0\Application\Common\Model\UserModel.class.php 第 14 行.
NOTIC: [2048] Declaration of Common\Model\UserModel::find() should be compatible with Think\Model::find($options = Array) D:\phpStudy\WWW\youpei_2.0\Application\Common\Model\UserModel.class.php 第 14 行.
SQL: SHOW COLUMNS FROM `yp_user` [ RunTime:0.0110s ]
SQL: SELECT * FROM `yp_user` WHERE ( open_id='oSFV6w-VMN-xdb7eM0pyIq608E8E' ) LIMIT 1   [ RunTime:0.0010s ]
NOTIC: [2] file_get_contents(): Unable to find the wrapper &quot;https&quot; - did you forget to enable it when you configured PHP? D:\phpStudy\WWW\youpei_2.0\Application\Home\Controller\BaseController.class.php 第 241 行.
NOTIC: [2] file_get_contents(https://api.weixin.qq.com/cgi-bin/token?grant_type=client_credential&amp;appid=wx2a478415b419d817&amp;secret=5777fd0e27efa96cf5c85bbf1d2e5baa): failed to open stream: No such file or directory D:\phpStudy\WWW\youpei_2.0\Application\Home\Controller\BaseController.class.php 第 241 行.
NOTIC: [8] Trying to get property of non-object D:\phpStudy\WWW\youpei_2.0\Application\Home\Controller\BaseController.class.php 第 242 行.
NOTIC: [2] file_get_contents(): Unable to find the wrapper &quot;https&quot; - did you forget to enable it when you configured PHP? D:\phpStudy\WWW\youpei_2.0\Application\Home\Controller\BaseController.class.php 第 245 行.
NOTIC: [2] file_get_contents(https://api.weixin.qq.com/cgi-bin/user/info?access_token=&amp;openid=oSFV6w-VMN-xdb7eM0pyIq608E8E): failed to open stream: No such file or directory D:\phpStudy\WWW\youpei_2.0\Application\Home\Controller\BaseController.class.php 第 245 行.
NOTIC: [8] Trying to get property of non-object D:\phpStudy\WWW\youpei_2.0\Application\Home\Controller\BaseController.class.php 第 246 行.
SQL: SHOW COLUMNS FROM `yp_user` [ RunTime:0.0100s ]
SQL: SELECT `last_login_time` FROM `yp_user` WHERE `open_id` = 'oSFV6w-VMN-xdb7eM0pyIq608E8E' LIMIT 1   [ RunTime:0.0010s ]
SQL: UPDATE `yp_user` SET `last_login_time`='1513514478' WHERE ( id=7904 ) [ RunTime:0.0010s ]
SQL: SELECT * FROM `yp_user` WHERE ( open_id='oSFV6w-VMN-xdb7eM0pyIq608E8E' ) LIMIT 1   [ RunTime:0.0010s ]
NOTIC: [8] Undefined index: share_user_id D:\phpStudy\WWW\youpei_2.0\Application\Home\Controller\BaseController.class.php 第 133 行.
SQL: SHOW COLUMNS FROM `yp_wxuser` [ RunTime:0.0140s ]
SQL: SELECT * FROM `yp_wxuser` WHERE `token` = 'g232238gc959' LIMIT 1   [ RunTime:0.0010s ]
INFO: [ view_parse ] --START--
INFO: [ template_filter ] --START--
INFO: Run Behavior\ContentReplaceBehavior [ RunTime:0.000000s ]
INFO: [ template_filter ] --END-- [ RunTime:0.000000s ]
INFO: Run Behavior\ParseTemplateBehavior [ RunTime:0.010001s ]
INFO: [ view_parse ] --END-- [ RunTime:0.010001s ]
INFO: [ view_filter ] --START--
INFO: Run Behavior\WriteHtmlCacheBehavior [ RunTime:0.001000s ]
INFO: [ view_filter ] --END-- [ RunTime:0.001000s ]
INFO: [ app_end ] --START--
INFO: Run Behavior\ShowPageTraceBehavior [ RunTime:0.001000s ]
INFO: [ app_end ] --END-- [ RunTime:0.001000s ]

[ 2017-12-17T20:42:09+08:00 ] 192.168.1.111 /index.php/organization/demo.html
INFO: [ app_init ] --START--
INFO: Run Behavior\BuildLiteBehavior [ RunTime:0.000000s ]
INFO: [ app_init ] --END-- [ RunTime:0.000000s ]
INFO: [ app_begin ] --START--
INFO: Run Behavior\ReadHtmlCacheBehavior [ RunTime:0.001000s ]
INFO: [ app_begin ] --END-- [ RunTime:0.001000s ]
NOTIC: [8] Undefined index: token D:\phpStudy\WWW\youpei_2.0\Application\Home\Controller\BaseController.class.php 第 177 行.
NOTIC: [2048] Declaration of Common\Model\UserModel::delete() should be compatible with Think\Model::delete($options = Array) D:\phpStudy\WWW\youpei_2.0\Application\Common\Model\UserModel.class.php 第 14 行.
NOTIC: [2048] Declaration of Common\Model\UserModel::find() should be compatible with Think\Model::find($options = Array) D:\phpStudy\WWW\youpei_2.0\Application\Common\Model\UserModel.class.php 第 14 行.
SQL: SHOW COLUMNS FROM `yp_user` [ RunTime:0.0120s ]
SQL: SELECT * FROM `yp_user` WHERE ( open_id='oSFV6w-VMN-xdb7eM0pyIq608E8E' ) LIMIT 1   [ RunTime:0.0010s ]
NOTIC: [2] file_get_contents(): Unable to find the wrapper &quot;https&quot; - did you forget to enable it when you configured PHP? D:\phpStudy\WWW\youpei_2.0\Application\Home\Controller\BaseController.class.php 第 241 行.
NOTIC: [2] file_get_contents(https://api.weixin.qq.com/cgi-bin/token?grant_type=client_credential&amp;appid=wx2a478415b419d817&amp;secret=5777fd0e27efa96cf5c85bbf1d2e5baa): failed to open stream: No such file or directory D:\phpStudy\WWW\youpei_2.0\Application\Home\Controller\BaseController.class.php 第 241 行.
NOTIC: [8] Trying to get property of non-object D:\phpStudy\WWW\youpei_2.0\Application\Home\Controller\BaseController.class.php 第 242 行.
NOTIC: [2] file_get_contents(): Unable to find the wrapper &quot;https&quot; - did you forget to enable it when you configured PHP? D:\phpStudy\WWW\youpei_2.0\Application\Home\Controller\BaseController.class.php 第 245 行.
NOTIC: [2] file_get_contents(https://api.weixin.qq.com/cgi-bin/user/info?access_token=&amp;openid=oSFV6w-VMN-xdb7eM0pyIq608E8E): failed to open stream: No such file or directory D:\phpStudy\WWW\youpei_2.0\Application\Home\Controller\BaseController.class.php 第 245 行.
NOTIC: [8] Trying to get property of non-object D:\phpStudy\WWW\youpei_2.0\Application\Home\Controller\BaseController.class.php 第 246 行.
SQL: SHOW COLUMNS FROM `yp_user` [ RunTime:0.0110s ]
SQL: SELECT `last_login_time` FROM `yp_user` WHERE `open_id` = 'oSFV6w-VMN-xdb7eM0pyIq608E8E' LIMIT 1   [ RunTime:0.0010s ]
SQL: UPDATE `yp_user` SET `last_login_time`='1513514529' WHERE ( id=7904 ) [ RunTime:0.0010s ]
SQL: SELECT * FROM `yp_user` WHERE ( open_id='oSFV6w-VMN-xdb7eM0pyIq608E8E' ) LIMIT 1   [ RunTime:0.0010s ]
NOTIC: [8] Undefined index: share_user_id D:\phpStudy\WWW\youpei_2.0\Application\Home\Controller\BaseController.class.php 第 133 行.
SQL: SHOW COLUMNS FROM `yp_wxuser` [ RunTime:0.0130s ]
SQL: SELECT * FROM `yp_wxuser` WHERE `token` = 'g232238gc959' LIMIT 1   [ RunTime:0.0020s ]
INFO: [ view_parse ] --START--
INFO: [ template_filter ] --START--
INFO: Run Behavior\ContentReplaceBehavior [ RunTime:0.000000s ]
INFO: [ template_filter ] --END-- [ RunTime:0.000000s ]
INFO: Run Behavior\ParseTemplateBehavior [ RunTime:0.011001s ]
INFO: [ view_parse ] --END-- [ RunTime:0.011001s ]
INFO: [ view_filter ] --START--
INFO: Run Behavior\WriteHtmlCacheBehavior [ RunTime:0.000000s ]
INFO: [ view_filter ] --END-- [ RunTime:0.000000s ]
INFO: [ app_end ] --START--
INFO: Run Behavior\ShowPageTraceBehavior [ RunTime:0.000000s ]
INFO: [ app_end ] --END-- [ RunTime:0.000000s ]

[ 2017-12-17T20:45:08+08:00 ] 192.168.1.111 /index.php/organization/demo.html
INFO: [ app_init ] --START--
INFO: Run Behavior\BuildLiteBehavior [ RunTime:0.000000s ]
INFO: [ app_init ] --END-- [ RunTime:0.000000s ]
INFO: [ app_begin ] --START--
INFO: Run Behavior\ReadHtmlCacheBehavior [ RunTime:0.001000s ]
INFO: [ app_begin ] --END-- [ RunTime:0.001000s ]
NOTIC: [8] Undefined index: token D:\phpStudy\WWW\youpei_2.0\Application\Home\Controller\BaseController.class.php 第 177 行.
NOTIC: [2048] Declaration of Common\Model\UserModel::delete() should be compatible with Think\Model::delete($options = Array) D:\phpStudy\WWW\youpei_2.0\Application\Common\Model\UserModel.class.php 第 14 行.
NOTIC: [2048] Declaration of Common\Model\UserModel::find() should be compatible with Think\Model::find($options = Array) D:\phpStudy\WWW\youpei_2.0\Application\Common\Model\UserModel.class.php 第 14 行.
SQL: SHOW COLUMNS FROM `yp_user` [ RunTime:0.0130s ]
SQL: SELECT * FROM `yp_user` WHERE ( open_id='oSFV6w-VMN-xdb7eM0pyIq608E8E' ) LIMIT 1   [ RunTime:0.0010s ]
NOTIC: [2] file_get_contents(): Unable to find the wrapper &quot;https&quot; - did you forget to enable it when you configured PHP? D:\phpStudy\WWW\youpei_2.0\Application\Home\Controller\BaseController.class.php 第 241 行.
NOTIC: [2] file_get_contents(https://api.weixin.qq.com/cgi-bin/token?grant_type=client_credential&amp;appid=wx2a478415b419d817&amp;secret=5777fd0e27efa96cf5c85bbf1d2e5baa): failed to open stream: No such file or directory D:\phpStudy\WWW\youpei_2.0\Application\Home\Controller\BaseController.class.php 第 241 行.
NOTIC: [8] Trying to get property of non-object D:\phpStudy\WWW\youpei_2.0\Application\Home\Controller\BaseController.class.php 第 242 行.
NOTIC: [2] file_get_contents(): Unable to find the wrapper &quot;https&quot; - did you forget to enable it when you configured PHP? D:\phpStudy\WWW\youpei_2.0\Application\Home\Controller\BaseController.class.php 第 245 行.
NOTIC: [2] file_get_contents(https://api.weixin.qq.com/cgi-bin/user/info?access_token=&amp;openid=oSFV6w-VMN-xdb7eM0pyIq608E8E): failed to open stream: No such file or directory D:\phpStudy\WWW\youpei_2.0\Application\Home\Controller\BaseController.class.php 第 245 行.
NOTIC: [8] Trying to get property of non-object D:\phpStudy\WWW\youpei_2.0\Application\Home\Controller\BaseController.class.php 第 246 行.
SQL: SHOW COLUMNS FROM `yp_user` [ RunTime:0.0130s ]
SQL: SELECT `last_login_time` FROM `yp_user` WHERE `open_id` = 'oSFV6w-VMN-xdb7eM0pyIq608E8E' LIMIT 1   [ RunTime:0.0010s ]
SQL: UPDATE `yp_user` SET `last_login_time`='1513514708' WHERE ( id=7904 ) [ RunTime:0.0020s ]
SQL: SELECT * FROM `yp_user` WHERE ( open_id='oSFV6w-VMN-xdb7eM0pyIq608E8E' ) LIMIT 1   [ RunTime:0.0010s ]
NOTIC: [8] Undefined index: share_user_id D:\phpStudy\WWW\youpei_2.0\Application\Home\Controller\BaseController.class.php 第 133 行.
SQL: SHOW COLUMNS FROM `yp_wxuser` [ RunTime:0.0200s ]
SQL: SELECT * FROM `yp_wxuser` WHERE `token` = 'g232238gc959' LIMIT 1   [ RunTime:0.0020s ]
INFO: [ view_parse ] --START--
INFO: [ template_filter ] --START--
INFO: Run Behavior\ContentReplaceBehavior [ RunTime:0.001000s ]
INFO: [ template_filter ] --END-- [ RunTime:0.001000s ]
INFO: Run Behavior\ParseTemplateBehavior [ RunTime:0.018001s ]
INFO: [ view_parse ] --END-- [ RunTime:0.018001s ]
INFO: [ view_filter ] --START--
INFO: Run Behavior\WriteHtmlCacheBehavior [ RunTime:0.000000s ]
INFO: [ view_filter ] --END-- [ RunTime:0.000000s ]
INFO: [ app_end ] --START--
INFO: Run Behavior\ShowPageTraceBehavior [ RunTime:0.001000s ]
INFO: [ app_end ] --END-- [ RunTime:0.001000s ]

[ 2017-12-17T20:45:32+08:00 ] 192.168.1.111 /index.php/organization/demo.html
INFO: [ app_init ] --START--
INFO: Run Behavior\BuildLiteBehavior [ RunTime:0.000000s ]
INFO: [ app_init ] --END-- [ RunTime:0.000000s ]
INFO: [ app_begin ] --START--
INFO: Run Behavior\ReadHtmlCacheBehavior [ RunTime:0.001000s ]
INFO: [ app_begin ] --END-- [ RunTime:0.001000s ]
NOTIC: [8] Undefined index: token D:\phpStudy\WWW\youpei_2.0\Application\Home\Controller\BaseController.class.php 第 177 行.
NOTIC: [2048] Declaration of Common\Model\UserModel::delete() should be compatible with Think\Model::delete($options = Array) D:\phpStudy\WWW\youpei_2.0\Application\Common\Model\UserModel.class.php 第 14 行.
NOTIC: [2048] Declaration of Common\Model\UserModel::find() should be compatible with Think\Model::find($options = Array) D:\phpStudy\WWW\youpei_2.0\Application\Common\Model\UserModel.class.php 第 14 行.
SQL: SHOW COLUMNS FROM `yp_user` [ RunTime:0.0120s ]
SQL: SELECT * FROM `yp_user` WHERE ( open_id='oSFV6w-VMN-xdb7eM0pyIq608E8E' ) LIMIT 1   [ RunTime:0.0010s ]
NOTIC: [2] file_get_contents(): Unable to find the wrapper &quot;https&quot; - did you forget to enable it when you configured PHP? D:\phpStudy\WWW\youpei_2.0\Application\Home\Controller\BaseController.class.php 第 241 行.
NOTIC: [2] file_get_contents(https://api.weixin.qq.com/cgi-bin/token?grant_type=client_credential&amp;appid=wx2a478415b419d817&amp;secret=5777fd0e27efa96cf5c85bbf1d2e5baa): failed to open stream: No such file or directory D:\phpStudy\WWW\youpei_2.0\Application\Home\Controller\BaseController.class.php 第 241 行.
NOTIC: [8] Trying to get property of non-object D:\phpStudy\WWW\youpei_2.0\Application\Home\Controller\BaseController.class.php 第 242 行.
NOTIC: [2] file_get_contents(): Unable to find the wrapper &quot;https&quot; - did you forget to enable it when you configured PHP? D:\phpStudy\WWW\youpei_2.0\Application\Home\Controller\BaseController.class.php 第 245 行.
NOTIC: [2] file_get_contents(https://api.weixin.qq.com/cgi-bin/user/info?access_token=&amp;openid=oSFV6w-VMN-xdb7eM0pyIq608E8E): failed to open stream: No such file or directory D:\phpStudy\WWW\youpei_2.0\Application\Home\Controller\BaseController.class.php 第 245 行.
NOTIC: [8] Trying to get property of non-object D:\phpStudy\WWW\youpei_2.0\Application\Home\Controller\BaseController.class.php 第 246 行.
SQL: SHOW COLUMNS FROM `yp_user` [ RunTime:0.0110s ]
SQL: SELECT `last_login_time` FROM `yp_user` WHERE `open_id` = 'oSFV6w-VMN-xdb7eM0pyIq608E8E' LIMIT 1   [ RunTime:0.0020s ]
SQL: UPDATE `yp_user` SET `last_login_time`='1513514732' WHERE ( id=7904 ) [ RunTime:0.0020s ]
SQL: SELECT * FROM `yp_user` WHERE ( open_id='oSFV6w-VMN-xdb7eM0pyIq608E8E' ) LIMIT 1   [ RunTime:0.0010s ]
NOTIC: [8] Undefined index: share_user_id D:\phpStudy\WWW\youpei_2.0\Application\Home\Controller\BaseController.class.php 第 133 行.
SQL: SHOW COLUMNS FROM `yp_wxuser` [ RunTime:0.0160s ]
SQL: SELECT * FROM `yp_wxuser` WHERE `token` = 'g232238gc959' LIMIT 1   [ RunTime:0.0010s ]
INFO: [ view_parse ] --START--
INFO: [ template_filter ] --START--
INFO: Run Behavior\ContentReplaceBehavior [ RunTime:0.000000s ]
INFO: [ template_filter ] --END-- [ RunTime:0.000000s ]
INFO: Run Behavior\ParseTemplateBehavior [ RunTime:0.011001s ]
INFO: [ view_parse ] --END-- [ RunTime:0.011001s ]
INFO: [ view_filter ] --START--
INFO: Run Behavior\WriteHtmlCacheBehavior [ RunTime:0.000000s ]
INFO: [ view_filter ] --END-- [ RunTime:0.000000s ]
INFO: [ app_end ] --START--
INFO: Run Behavior\ShowPageTraceBehavior [ RunTime:0.000000s ]
INFO: [ app_end ] --END-- [ RunTime:0.000000s ]

[ 2017-12-17T20:46:00+08:00 ] 192.168.1.111 /index.php/organization/demo.html
INFO: [ app_init ] --START--
INFO: Run Behavior\BuildLiteBehavior [ RunTime:0.000000s ]
INFO: [ app_init ] --END-- [ RunTime:0.000000s ]
INFO: [ app_begin ] --START--
INFO: Run Behavior\ReadHtmlCacheBehavior [ RunTime:0.001000s ]
INFO: [ app_begin ] --END-- [ RunTime:0.001000s ]
NOTIC: [8] Undefined index: token D:\phpStudy\WWW\youpei_2.0\Application\Home\Controller\BaseController.class.php 第 177 行.
NOTIC: [2048] Declaration of Common\Model\UserModel::delete() should be compatible with Think\Model::delete($options = Array) D:\phpStudy\WWW\youpei_2.0\Application\Common\Model\UserModel.class.php 第 14 行.
NOTIC: [2048] Declaration of Common\Model\UserModel::find() should be compatible with Think\Model::find($options = Array) D:\phpStudy\WWW\youpei_2.0\Application\Common\Model\UserModel.class.php 第 14 行.
SQL: SHOW COLUMNS FROM `yp_user` [ RunTime:0.0100s ]
SQL: SELECT * FROM `yp_user` WHERE ( open_id='oSFV6w-VMN-xdb7eM0pyIq608E8E' ) LIMIT 1   [ RunTime:0.0020s ]
NOTIC: [2] file_get_contents(): Unable to find the wrapper &quot;https&quot; - did you forget to enable it when you configured PHP? D:\phpStudy\WWW\youpei_2.0\Application\Home\Controller\BaseController.class.php 第 241 行.
NOTIC: [2] file_get_contents(https://api.weixin.qq.com/cgi-bin/token?grant_type=client_credential&amp;appid=wx2a478415b419d817&amp;secret=5777fd0e27efa96cf5c85bbf1d2e5baa): failed to open stream: No such file or directory D:\phpStudy\WWW\youpei_2.0\Application\Home\Controller\BaseController.class.php 第 241 行.
NOTIC: [8] Trying to get property of non-object D:\phpStudy\WWW\youpei_2.0\Application\Home\Controller\BaseController.class.php 第 242 行.
NOTIC: [2] file_get_contents(): Unable to find the wrapper &quot;https&quot; - did you forget to enable it when you configured PHP? D:\phpStudy\WWW\youpei_2.0\Application\Home\Controller\BaseController.class.php 第 245 行.
NOTIC: [2] file_get_contents(https://api.weixin.qq.com/cgi-bin/user/info?access_token=&amp;openid=oSFV6w-VMN-xdb7eM0pyIq608E8E): failed to open stream: No such file or directory D:\phpStudy\WWW\youpei_2.0\Application\Home\Controller\BaseController.class.php 第 245 行.
NOTIC: [8] Trying to get property of non-object D:\phpStudy\WWW\youpei_2.0\Application\Home\Controller\BaseController.class.php 第 246 行.
SQL: SHOW COLUMNS FROM `yp_user` [ RunTime:0.0110s ]
SQL: SELECT `last_login_time` FROM `yp_user` WHERE `open_id` = 'oSFV6w-VMN-xdb7eM0pyIq608E8E' LIMIT 1   [ RunTime:0.0010s ]
SQL: UPDATE `yp_user` SET `last_login_time`='1513514760' WHERE ( id=7904 ) [ RunTime:0.0010s ]
SQL: SELECT * FROM `yp_user` WHERE ( open_id='oSFV6w-VMN-xdb7eM0pyIq608E8E' ) LIMIT 1   [ RunTime:0.0010s ]
NOTIC: [8] Undefined index: share_user_id D:\phpStudy\WWW\youpei_2.0\Application\Home\Controller\BaseController.class.php 第 133 行.
SQL: SHOW COLUMNS FROM `yp_wxuser` [ RunTime:0.0130s ]
SQL: SELECT * FROM `yp_wxuser` WHERE `token` = 'g232238gc959' LIMIT 1   [ RunTime:0.0010s ]
INFO: [ view_parse ] --START--
INFO: [ template_filter ] --START--
INFO: Run Behavior\ContentReplaceBehavior [ RunTime:0.000000s ]
INFO: [ template_filter ] --END-- [ RunTime:0.000000s ]
INFO: Run Behavior\ParseTemplateBehavior [ RunTime:0.011000s ]
INFO: [ view_parse ] --END-- [ RunTime:0.011000s ]
INFO: [ view_filter ] --START--
INFO: Run Behavior\WriteHtmlCacheBehavior [ RunTime:0.001000s ]
INFO: [ view_filter ] --END-- [ RunTime:0.001000s ]
INFO: [ app_end ] --START--
INFO: Run Behavior\ShowPageTraceBehavior [ RunTime:0.000000s ]
INFO: [ app_end ] --END-- [ RunTime:0.000000s ]

[ 2017-12-17T20:46:29+08:00 ] 192.168.1.111 /index.php/organization/demo.html
INFO: [ app_init ] --START--
INFO: Run Behavior\BuildLiteBehavior [ RunTime:0.000000s ]
INFO: [ app_init ] --END-- [ RunTime:0.000000s ]
INFO: [ app_begin ] --START--
INFO: Run Behavior\ReadHtmlCacheBehavior [ RunTime:0.001000s ]
INFO: [ app_begin ] --END-- [ RunTime:0.001000s ]
NOTIC: [8] Undefined index: token D:\phpStudy\WWW\youpei_2.0\Application\Home\Controller\BaseController.class.php 第 177 行.
NOTIC: [2048] Declaration of Common\Model\UserModel::delete() should be compatible with Think\Model::delete($options = Array) D:\phpStudy\WWW\youpei_2.0\Application\Common\Model\UserModel.class.php 第 14 行.
NOTIC: [2048] Declaration of Common\Model\UserModel::find() should be compatible with Think\Model::find($options = Array) D:\phpStudy\WWW\youpei_2.0\Application\Common\Model\UserModel.class.php 第 14 行.
SQL: SHOW COLUMNS FROM `yp_user` [ RunTime:0.0120s ]
SQL: SELECT * FROM `yp_user` WHERE ( open_id='oSFV6w-VMN-xdb7eM0pyIq608E8E' ) LIMIT 1   [ RunTime:0.0010s ]
NOTIC: [2] file_get_contents(): Unable to find the wrapper &quot;https&quot; - did you forget to enable it when you configured PHP? D:\phpStudy\WWW\youpei_2.0\Application\Home\Controller\BaseController.class.php 第 241 行.
NOTIC: [2] file_get_contents(https://api.weixin.qq.com/cgi-bin/token?grant_type=client_credential&amp;appid=wx2a478415b419d817&amp;secret=5777fd0e27efa96cf5c85bbf1d2e5baa): failed to open stream: No such file or directory D:\phpStudy\WWW\youpei_2.0\Application\Home\Controller\BaseController.class.php 第 241 行.
NOTIC: [8] Trying to get property of non-object D:\phpStudy\WWW\youpei_2.0\Application\Home\Controller\BaseController.class.php 第 242 行.
NOTIC: [2] file_get_contents(): Unable to find the wrapper &quot;https&quot; - did you forget to enable it when you configured PHP? D:\phpStudy\WWW\youpei_2.0\Application\Home\Controller\BaseController.class.php 第 245 行.
NOTIC: [2] file_get_contents(https://api.weixin.qq.com/cgi-bin/user/info?access_token=&amp;openid=oSFV6w-VMN-xdb7eM0pyIq608E8E): failed to open stream: No such file or directory D:\phpStudy\WWW\youpei_2.0\Application\Home\Controller\BaseController.class.php 第 245 行.
NOTIC: [8] Trying to get property of non-object D:\phpStudy\WWW\youpei_2.0\Application\Home\Controller\BaseController.class.php 第 246 行.
SQL: SHOW COLUMNS FROM `yp_user` [ RunTime:0.0120s ]
SQL: SELECT `last_login_time` FROM `yp_user` WHERE `open_id` = 'oSFV6w-VMN-xdb7eM0pyIq608E8E' LIMIT 1   [ RunTime:0.0010s ]
SQL: UPDATE `yp_user` SET `last_login_time`='1513514789' WHERE ( id=7904 ) [ RunTime:0.0010s ]
SQL: SELECT * FROM `yp_user` WHERE ( open_id='oSFV6w-VMN-xdb7eM0pyIq608E8E' ) LIMIT 1   [ RunTime:0.0010s ]
NOTIC: [8] Undefined index: share_user_id D:\phpStudy\WWW\youpei_2.0\Application\Home\Controller\BaseController.class.php 第 133 行.
SQL: SHOW COLUMNS FROM `yp_wxuser` [ RunTime:0.0140s ]
SQL: SELECT * FROM `yp_wxuser` WHERE `token` = 'g232238gc959' LIMIT 1   [ RunTime:0.0010s ]
INFO: [ view_parse ] --START--
INFO: [ template_filter ] --START--
INFO: Run Behavior\ContentReplaceBehavior [ RunTime:0.001000s ]
INFO: [ template_filter ] --END-- [ RunTime:0.001000s ]
INFO: Run Behavior\ParseTemplateBehavior [ RunTime:0.010001s ]
INFO: [ view_parse ] --END-- [ RunTime:0.010001s ]
INFO: [ view_filter ] --START--
INFO: Run Behavior\WriteHtmlCacheBehavior [ RunTime:0.000000s ]
INFO: [ view_filter ] --END-- [ RunTime:0.000000s ]
INFO: [ app_end ] --START--
INFO: Run Behavior\ShowPageTraceBehavior [ RunTime:0.000000s ]
INFO: [ app_end ] --END-- [ RunTime:0.001000s ]

[ 2017-12-17T20:46:50+08:00 ] 192.168.1.111 /index.php/organization/demo.html
INFO: [ app_init ] --START--
INFO: Run Behavior\BuildLiteBehavior [ RunTime:0.000000s ]
INFO: [ app_init ] --END-- [ RunTime:0.000000s ]
INFO: [ app_begin ] --START--
INFO: Run Behavior\ReadHtmlCacheBehavior [ RunTime:0.000000s ]
INFO: [ app_begin ] --END-- [ RunTime:0.000000s ]
NOTIC: [8] Undefined index: token D:\phpStudy\WWW\youpei_2.0\Application\Home\Controller\BaseController.class.php 第 177 行.
NOTIC: [2048] Declaration of Common\Model\UserModel::delete() should be compatible with Think\Model::delete($options = Array) D:\phpStudy\WWW\youpei_2.0\Application\Common\Model\UserModel.class.php 第 14 行.
NOTIC: [2048] Declaration of Common\Model\UserModel::find() should be compatible with Think\Model::find($options = Array) D:\phpStudy\WWW\youpei_2.0\Application\Common\Model\UserModel.class.php 第 14 行.
SQL: SHOW COLUMNS FROM `yp_user` [ RunTime:0.0120s ]
SQL: SELECT * FROM `yp_user` WHERE ( open_id='oSFV6w-VMN-xdb7eM0pyIq608E8E' ) LIMIT 1   [ RunTime:0.0020s ]
NOTIC: [2] file_get_contents(): Unable to find the wrapper &quot;https&quot; - did you forget to enable it when you configured PHP? D:\phpStudy\WWW\youpei_2.0\Application\Home\Controller\BaseController.class.php 第 241 行.
NOTIC: [2] file_get_contents(https://api.weixin.qq.com/cgi-bin/token?grant_type=client_credential&amp;appid=wx2a478415b419d817&amp;secret=5777fd0e27efa96cf5c85bbf1d2e5baa): failed to open stream: No such file or directory D:\phpStudy\WWW\youpei_2.0\Application\Home\Controller\BaseController.class.php 第 241 行.
NOTIC: [8] Trying to get property of non-object D:\phpStudy\WWW\youpei_2.0\Application\Home\Controller\BaseController.class.php 第 242 行.
NOTIC: [2] file_get_contents(): Unable to find the wrapper &quot;https&quot; - did you forget to enable it when you configured PHP? D:\phpStudy\WWW\youpei_2.0\Application\Home\Controller\BaseController.class.php 第 245 行.
NOTIC: [2] file_get_contents(https://api.weixin.qq.com/cgi-bin/user/info?access_token=&amp;openid=oSFV6w-VMN-xdb7eM0pyIq608E8E): failed to open stream: No such file or directory D:\phpStudy\WWW\youpei_2.0\Application\Home\Controller\BaseController.class.php 第 245 行.
NOTIC: [8] Trying to get property of non-object D:\phpStudy\WWW\youpei_2.0\Application\Home\Controller\BaseController.class.php 第 246 行.
SQL: SHOW COLUMNS FROM `yp_user` [ RunTime:0.0120s ]
SQL: SELECT `last_login_time` FROM `yp_user` WHERE `open_id` = 'oSFV6w-VMN-xdb7eM0pyIq608E8E' LIMIT 1   [ RunTime:0.0010s ]
SQL: UPDATE `yp_user` SET `last_login_time`='1513514809' WHERE ( id=7904 ) [ RunTime:0.0010s ]
SQL: SELECT * FROM `yp_user` WHERE ( open_id='oSFV6w-VMN-xdb7eM0pyIq608E8E' ) LIMIT 1   [ RunTime:0.0020s ]
NOTIC: [8] Undefined index: share_user_id D:\phpStudy\WWW\youpei_2.0\Application\Home\Controller\BaseController.class.php 第 133 行.
SQL: SHOW COLUMNS FROM `yp_wxuser` [ RunTime:0.0130s ]
SQL: SELECT * FROM `yp_wxuser` WHERE `token` = 'g232238gc959' LIMIT 1   [ RunTime:0.0020s ]
INFO: [ view_parse ] --START--
INFO: [ template_filter ] --START--
INFO: Run Behavior\ContentReplaceBehavior [ RunTime:0.000000s ]
INFO: [ template_filter ] --END-- [ RunTime:0.000000s ]
INFO: Run Behavior\ParseTemplateBehavior [ RunTime:0.019001s ]
INFO: [ view_parse ] --END-- [ RunTime:0.019001s ]
INFO: [ view_filter ] --START--
INFO: Run Behavior\WriteHtmlCacheBehavior [ RunTime:0.000000s ]
INFO: [ view_filter ] --END-- [ RunTime:0.000000s ]
INFO: [ app_end ] --START--
INFO: Run Behavior\ShowPageTraceBehavior [ RunTime:0.001000s ]
INFO: [ app_end ] --END-- [ RunTime:0.001000s ]

[ 2017-12-17T20:47:12+08:00 ] 192.168.1.111 /index.php/organization/demo.html
INFO: [ app_init ] --START--
INFO: Run Behavior\BuildLiteBehavior [ RunTime:0.000000s ]
INFO: [ app_init ] --END-- [ RunTime:0.000000s ]
INFO: [ app_begin ] --START--
INFO: Run Behavior\ReadHtmlCacheBehavior [ RunTime:0.000000s ]
INFO: [ app_begin ] --END-- [ RunTime:0.000000s ]
NOTIC: [8] Undefined index: token D:\phpStudy\WWW\youpei_2.0\Application\Home\Controller\BaseController.class.php 第 177 行.
NOTIC: [2048] Declaration of Common\Model\UserModel::delete() should be compatible with Think\Model::delete($options = Array) D:\phpStudy\WWW\youpei_2.0\Application\Common\Model\UserModel.class.php 第 14 行.
NOTIC: [2048] Declaration of Common\Model\UserModel::find() should be compatible with Think\Model::find($options = Array) D:\phpStudy\WWW\youpei_2.0\Application\Common\Model\UserModel.class.php 第 14 行.
SQL: SHOW COLUMNS FROM `yp_user` [ RunTime:0.0100s ]
SQL: SELECT * FROM `yp_user` WHERE ( open_id='oSFV6w-VMN-xdb7eM0pyIq608E8E' ) LIMIT 1   [ RunTime:0.0010s ]
NOTIC: [2] file_get_contents(): Unable to find the wrapper &quot;https&quot; - did you forget to enable it when you configured PHP? D:\phpStudy\WWW\youpei_2.0\Application\Home\Controller\BaseController.class.php 第 241 行.
NOTIC: [2] file_get_contents(https://api.weixin.qq.com/cgi-bin/token?grant_type=client_credential&amp;appid=wx2a478415b419d817&amp;secret=5777fd0e27efa96cf5c85bbf1d2e5baa): failed to open stream: No such file or directory D:\phpStudy\WWW\youpei_2.0\Application\Home\Controller\BaseController.class.php 第 241 行.
NOTIC: [8] Trying to get property of non-object D:\phpStudy\WWW\youpei_2.0\Application\Home\Controller\BaseController.class.php 第 242 行.
NOTIC: [2] file_get_contents(): Unable to find the wrapper &quot;https&quot; - did you forget to enable it when you configured PHP? D:\phpStudy\WWW\youpei_2.0\Application\Home\Controller\BaseController.class.php 第 245 行.
NOTIC: [2] file_get_contents(https://api.weixin.qq.com/cgi-bin/user/info?access_token=&amp;openid=oSFV6w-VMN-xdb7eM0pyIq608E8E): failed to open stream: No such file or directory D:\phpStudy\WWW\youpei_2.0\Application\Home\Controller\BaseController.class.php 第 245 行.
NOTIC: [8] Trying to get property of non-object D:\phpStudy\WWW\youpei_2.0\Application\Home\Controller\BaseController.class.php 第 246 行.
SQL: SHOW COLUMNS FROM `yp_user` [ RunTime:0.0110s ]
SQL: SELECT `last_login_time` FROM `yp_user` WHERE `open_id` = 'oSFV6w-VMN-xdb7eM0pyIq608E8E' LIMIT 1   [ RunTime:0.0010s ]
SQL: UPDATE `yp_user` SET `last_login_time`='1513514832' WHERE ( id=7904 ) [ RunTime:0.0010s ]
SQL: SELECT * FROM `yp_user` WHERE ( open_id='oSFV6w-VMN-xdb7eM0pyIq608E8E' ) LIMIT 1   [ RunTime:0.0010s ]
NOTIC: [8] Undefined index: share_user_id D:\phpStudy\WWW\youpei_2.0\Application\Home\Controller\BaseController.class.php 第 133 行.
SQL: SHOW COLUMNS FROM `yp_wxuser` [ RunTime:0.0120s ]
SQL: SELECT * FROM `yp_wxuser` WHERE `token` = 'g232238gc959' LIMIT 1   [ RunTime:0.0010s ]
INFO: [ view_parse ] --START--
INFO: [ template_filter ] --START--
INFO: Run Behavior\ContentReplaceBehavior [ RunTime:0.000000s ]
INFO: [ template_filter ] --END-- [ RunTime:0.000000s ]
INFO: Run Behavior\ParseTemplateBehavior [ RunTime:0.011000s ]
INFO: [ view_parse ] --END-- [ RunTime:0.011000s ]
INFO: [ view_filter ] --START--
INFO: Run Behavior\WriteHtmlCacheBehavior [ RunTime:0.001000s ]
INFO: [ view_filter ] --END-- [ RunTime:0.001000s ]
INFO: [ app_end ] --START--
INFO: Run Behavior\ShowPageTraceBehavior [ RunTime:0.001000s ]
INFO: [ app_end ] --END-- [ RunTime:0.001000s ]

[ 2017-12-17T20:47:35+08:00 ] 192.168.1.111 /index.php/organization/demo.html
INFO: [ app_init ] --START--
INFO: Run Behavior\BuildLiteBehavior [ RunTime:0.000000s ]
INFO: [ app_init ] --END-- [ RunTime:0.000000s ]
INFO: [ app_begin ] --START--
INFO: Run Behavior\ReadHtmlCacheBehavior [ RunTime:0.001000s ]
INFO: [ app_begin ] --END-- [ RunTime:0.002000s ]
NOTIC: [8] Undefined index: token D:\phpStudy\WWW\youpei_2.0\Application\Home\Controller\BaseController.class.php 第 177 行.
NOTIC: [2048] Declaration of Common\Model\UserModel::delete() should be compatible with Think\Model::delete($options = Array) D:\phpStudy\WWW\youpei_2.0\Application\Common\Model\UserModel.class.php 第 14 行.
NOTIC: [2048] Declaration of Common\Model\UserModel::find() should be compatible with Think\Model::find($options = Array) D:\phpStudy\WWW\youpei_2.0\Application\Common\Model\UserModel.class.php 第 14 行.
SQL: SHOW COLUMNS FROM `yp_user` [ RunTime:0.0130s ]
SQL: SELECT * FROM `yp_user` WHERE ( open_id='oSFV6w-VMN-xdb7eM0pyIq608E8E' ) LIMIT 1   [ RunTime:0.0010s ]
NOTIC: [2] file_get_contents(): Unable to find the wrapper &quot;https&quot; - did you forget to enable it when you configured PHP? D:\phpStudy\WWW\youpei_2.0\Application\Home\Controller\BaseController.class.php 第 241 行.
NOTIC: [2] file_get_contents(https://api.weixin.qq.com/cgi-bin/token?grant_type=client_credential&amp;appid=wx2a478415b419d817&amp;secret=5777fd0e27efa96cf5c85bbf1d2e5baa): failed to open stream: No such file or directory D:\phpStudy\WWW\youpei_2.0\Application\Home\Controller\BaseController.class.php 第 241 行.
NOTIC: [8] Trying to get property of non-object D:\phpStudy\WWW\youpei_2.0\Application\Home\Controller\BaseController.class.php 第 242 行.
NOTIC: [2] file_get_contents(): Unable to find the wrapper &quot;https&quot; - did you forget to enable it when you configured PHP? D:\phpStudy\WWW\youpei_2.0\Application\Home\Controller\BaseController.class.php 第 245 行.
NOTIC: [2] file_get_contents(https://api.weixin.qq.com/cgi-bin/user/info?access_token=&amp;openid=oSFV6w-VMN-xdb7eM0pyIq608E8E): failed to open stream: No such file or directory D:\phpStudy\WWW\youpei_2.0\Application\Home\Controller\BaseController.class.php 第 245 行.
NOTIC: [8] Trying to get property of non-object D:\phpStudy\WWW\youpei_2.0\Application\Home\Controller\BaseController.class.php 第 246 行.
SQL: SHOW COLUMNS FROM `yp_user` [ RunTime:0.0170s ]
SQL: SELECT `last_login_time` FROM `yp_user` WHERE `open_id` = 'oSFV6w-VMN-xdb7eM0pyIq608E8E' LIMIT 1   [ RunTime:0.0010s ]
SQL: UPDATE `yp_user` SET `last_login_time`='1513514855' WHERE ( id=7904 ) [ RunTime:0.0020s ]
SQL: SELECT * FROM `yp_user` WHERE ( open_id='oSFV6w-VMN-xdb7eM0pyIq608E8E' ) LIMIT 1   [ RunTime:0.0010s ]
NOTIC: [8] Undefined index: share_user_id D:\phpStudy\WWW\youpei_2.0\Application\Home\Controller\BaseController.class.php 第 133 行.
SQL: SHOW COLUMNS FROM `yp_wxuser` [ RunTime:0.0160s ]
SQL: SELECT * FROM `yp_wxuser` WHERE `token` = 'g232238gc959' LIMIT 1   [ RunTime:0.0010s ]
INFO: [ view_parse ] --START--
INFO: [ template_filter ] --START--
INFO: Run Behavior\ContentReplaceBehavior [ RunTime:0.001000s ]
INFO: [ template_filter ] --END-- [ RunTime:0.001000s ]
INFO: Run Behavior\ParseTemplateBehavior [ RunTime:0.014001s ]
INFO: [ view_parse ] --END-- [ RunTime:0.014001s ]
INFO: [ view_filter ] --START--
INFO: Run Behavior\WriteHtmlCacheBehavior [ RunTime:0.000000s ]
INFO: [ view_filter ] --END-- [ RunTime:0.000000s ]
INFO: [ app_end ] --START--
INFO: Run Behavior\ShowPageTraceBehavior [ RunTime:0.001000s ]
INFO: [ app_end ] --END-- [ RunTime:0.001000s ]

[ 2017-12-17T20:48:04+08:00 ] 192.168.1.111 /index.php/organization/demo.html
INFO: [ app_init ] --START--
INFO: Run Behavior\BuildLiteBehavior [ RunTime:0.000000s ]
INFO: [ app_init ] --END-- [ RunTime:0.000000s ]
INFO: [ app_begin ] --START--
INFO: Run Behavior\ReadHtmlCacheBehavior [ RunTime:0.000000s ]
INFO: [ app_begin ] --END-- [ RunTime:0.000000s ]
NOTIC: [8] Undefined index: token D:\phpStudy\WWW\youpei_2.0\Application\Home\Controller\BaseController.class.php 第 177 行.
NOTIC: [2048] Declaration of Common\Model\UserModel::delete() should be compatible with Think\Model::delete($options = Array) D:\phpStudy\WWW\youpei_2.0\Application\Common\Model\UserModel.class.php 第 14 行.
NOTIC: [2048] Declaration of Common\Model\UserModel::find() should be compatible with Think\Model::find($options = Array) D:\phpStudy\WWW\youpei_2.0\Application\Common\Model\UserModel.class.php 第 14 行.
SQL: SHOW COLUMNS FROM `yp_user` [ RunTime:0.0110s ]
SQL: SELECT * FROM `yp_user` WHERE ( open_id='oSFV6w-VMN-xdb7eM0pyIq608E8E' ) LIMIT 1   [ RunTime:0.0010s ]
NOTIC: [2] file_get_contents(): Unable to find the wrapper &quot;https&quot; - did you forget to enable it when you configured PHP? D:\phpStudy\WWW\youpei_2.0\Application\Home\Controller\BaseController.class.php 第 241 行.
NOTIC: [2] file_get_contents(https://api.weixin.qq.com/cgi-bin/token?grant_type=client_credential&amp;appid=wx2a478415b419d817&amp;secret=5777fd0e27efa96cf5c85bbf1d2e5baa): failed to open stream: No such file or directory D:\phpStudy\WWW\youpei_2.0\Application\Home\Controller\BaseController.class.php 第 241 行.
NOTIC: [8] Trying to get property of non-object D:\phpStudy\WWW\youpei_2.0\Application\Home\Controller\BaseController.class.php 第 242 行.
NOTIC: [2] file_get_contents(): Unable to find the wrapper &quot;https&quot; - did you forget to enable it when you configured PHP? D:\phpStudy\WWW\youpei_2.0\Application\Home\Controller\BaseController.class.php 第 245 行.
NOTIC: [2] file_get_contents(https://api.weixin.qq.com/cgi-bin/user/info?access_token=&amp;openid=oSFV6w-VMN-xdb7eM0pyIq608E8E): failed to open stream: No such file or directory D:\phpStudy\WWW\youpei_2.0\Application\Home\Controller\BaseController.class.php 第 245 行.
NOTIC: [8] Trying to get property of non-object D:\phpStudy\WWW\youpei_2.0\Application\Home\Controller\BaseController.class.php 第 246 行.
SQL: SHOW COLUMNS FROM `yp_user` [ RunTime:0.0100s ]
SQL: SELECT `last_login_time` FROM `yp_user` WHERE `open_id` = 'oSFV6w-VMN-xdb7eM0pyIq608E8E' LIMIT 1   [ RunTime:0.0000s ]
SQL: UPDATE `yp_user` SET `last_login_time`='1513514884' WHERE ( id=7904 ) [ RunTime:0.0010s ]
SQL: SELECT * FROM `yp_user` WHERE ( open_id='oSFV6w-VMN-xdb7eM0pyIq608E8E' ) LIMIT 1   [ RunTime:0.0010s ]
NOTIC: [8] Undefined index: share_user_id D:\phpStudy\WWW\youpei_2.0\Application\Home\Controller\BaseController.class.php 第 133 行.
SQL: SHOW COLUMNS FROM `yp_wxuser` [ RunTime:0.0120s ]
SQL: SELECT * FROM `yp_wxuser` WHERE `token` = 'g232238gc959' LIMIT 1   [ RunTime:0.0010s ]
INFO: [ view_parse ] --START--
INFO: [ template_filter ] --START--
INFO: Run Behavior\ContentReplaceBehavior [ RunTime:0.000000s ]
INFO: [ template_filter ] --END-- [ RunTime:0.000000s ]
INFO: Run Behavior\ParseTemplateBehavior [ RunTime:0.012000s ]
INFO: [ view_parse ] --END-- [ RunTime:0.012000s ]
INFO: [ view_filter ] --START--
INFO: Run Behavior\WriteHtmlCacheBehavior [ RunTime:0.000000s ]
INFO: [ view_filter ] --END-- [ RunTime:0.000000s ]
INFO: [ app_end ] --START--
INFO: Run Behavior\ShowPageTraceBehavior [ RunTime:0.000000s ]
INFO: [ app_end ] --END-- [ RunTime:0.001001s ]

[ 2017-12-17T20:48:25+08:00 ] 192.168.1.111 /index.php/organization/demo.html
INFO: [ app_init ] --START--
INFO: Run Behavior\BuildLiteBehavior [ RunTime:0.000000s ]
INFO: [ app_init ] --END-- [ RunTime:0.000000s ]
INFO: [ app_begin ] --START--
INFO: Run Behavior\ReadHtmlCacheBehavior [ RunTime:0.000000s ]
INFO: [ app_begin ] --END-- [ RunTime:0.000000s ]
NOTIC: [8] Undefined index: token D:\phpStudy\WWW\youpei_2.0\Application\Home\Controller\BaseController.class.php 第 177 行.
NOTIC: [2048] Declaration of Common\Model\UserModel::delete() should be compatible with Think\Model::delete($options = Array) D:\phpStudy\WWW\youpei_2.0\Application\Common\Model\UserModel.class.php 第 14 行.
NOTIC: [2048] Declaration of Common\Model\UserModel::find() should be compatible with Think\Model::find($options = Array) D:\phpStudy\WWW\youpei_2.0\Application\Common\Model\UserModel.class.php 第 14 行.
SQL: SHOW COLUMNS FROM `yp_user` [ RunTime:0.0110s ]
SQL: SELECT * FROM `yp_user` WHERE ( open_id='oSFV6w-VMN-xdb7eM0pyIq608E8E' ) LIMIT 1   [ RunTime:0.0010s ]
NOTIC: [2] file_get_contents(): Unable to find the wrapper &quot;https&quot; - did you forget to enable it when you configured PHP? D:\phpStudy\WWW\youpei_2.0\Application\Home\Controller\BaseController.class.php 第 241 行.
NOTIC: [2] file_get_contents(https://api.weixin.qq.com/cgi-bin/token?grant_type=client_credential&amp;appid=wx2a478415b419d817&amp;secret=5777fd0e27efa96cf5c85bbf1d2e5baa): failed to open stream: No such file or directory D:\phpStudy\WWW\youpei_2.0\Application\Home\Controller\BaseController.class.php 第 241 行.
NOTIC: [8] Trying to get property of non-object D:\phpStudy\WWW\youpei_2.0\Application\Home\Controller\BaseController.class.php 第 242 行.
NOTIC: [2] file_get_contents(): Unable to find the wrapper &quot;https&quot; - did you forget to enable it when you configured PHP? D:\phpStudy\WWW\youpei_2.0\Application\Home\Controller\BaseController.class.php 第 245 行.
NOTIC: [2] file_get_contents(https://api.weixin.qq.com/cgi-bin/user/info?access_token=&amp;openid=oSFV6w-VMN-xdb7eM0pyIq608E8E): failed to open stream: No such file or directory D:\phpStudy\WWW\youpei_2.0\Application\Home\Controller\BaseController.class.php 第 245 行.
NOTIC: [8] Trying to get property of non-object D:\phpStudy\WWW\youpei_2.0\Application\Home\Controller\BaseController.class.php 第 246 行.
SQL: SHOW COLUMNS FROM `yp_user` [ RunTime:0.0100s ]
SQL: SELECT `last_login_time` FROM `yp_user` WHERE `open_id` = 'oSFV6w-VMN-xdb7eM0pyIq608E8E' LIMIT 1   [ RunTime:0.0010s ]
SQL: UPDATE `yp_user` SET `last_login_time`='1513514905' WHERE ( id=7904 ) [ RunTime:0.0010s ]
SQL: SELECT * FROM `yp_user` WHERE ( open_id='oSFV6w-VMN-xdb7eM0pyIq608E8E' ) LIMIT 1   [ RunTime:0.0010s ]
NOTIC: [8] Undefined index: share_user_id D:\phpStudy\WWW\youpei_2.0\Application\Home\Controller\BaseController.class.php 第 133 行.
SQL: SHOW COLUMNS FROM `yp_wxuser` [ RunTime:0.0140s ]
SQL: SELECT * FROM `yp_wxuser` WHERE `token` = 'g232238gc959' LIMIT 1   [ RunTime:0.0010s ]
INFO: [ view_parse ] --START--
INFO: [ template_filter ] --START--
INFO: Run Behavior\ContentReplaceBehavior [ RunTime:0.000000s ]
INFO: [ template_filter ] --END-- [ RunTime:0.000000s ]
INFO: Run Behavior\ParseTemplateBehavior [ RunTime:0.012001s ]
INFO: [ view_parse ] --END-- [ RunTime:0.012001s ]
INFO: [ view_filter ] --START--
INFO: Run Behavior\WriteHtmlCacheBehavior [ RunTime:0.000000s ]
INFO: [ view_filter ] --END-- [ RunTime:0.000000s ]
INFO: [ app_end ] --START--
INFO: Run Behavior\ShowPageTraceBehavior [ RunTime:0.001000s ]
INFO: [ app_end ] --END-- [ RunTime:0.001000s ]

[ 2017-12-17T20:50:39+08:00 ] 192.168.1.111 /index.php/organization/demo.html
INFO: [ app_init ] --START--
INFO: Run Behavior\BuildLiteBehavior [ RunTime:0.000000s ]
INFO: [ app_init ] --END-- [ RunTime:0.001000s ]
INFO: [ app_begin ] --START--
INFO: Run Behavior\ReadHtmlCacheBehavior [ RunTime:0.001000s ]
INFO: [ app_begin ] --END-- [ RunTime:0.001000s ]
NOTIC: [8] Undefined index: token D:\phpStudy\WWW\youpei_2.0\Application\Home\Controller\BaseController.class.php 第 177 行.
NOTIC: [2048] Declaration of Common\Model\UserModel::delete() should be compatible with Think\Model::delete($options = Array) D:\phpStudy\WWW\youpei_2.0\Application\Common\Model\UserModel.class.php 第 14 行.
NOTIC: [2048] Declaration of Common\Model\UserModel::find() should be compatible with Think\Model::find($options = Array) D:\phpStudy\WWW\youpei_2.0\Application\Common\Model\UserModel.class.php 第 14 行.
SQL: SHOW COLUMNS FROM `yp_user` [ RunTime:0.0120s ]
SQL: SELECT * FROM `yp_user` WHERE ( open_id='oSFV6w-VMN-xdb7eM0pyIq608E8E' ) LIMIT 1   [ RunTime:0.0010s ]
NOTIC: [2] file_get_contents(): Unable to find the wrapper &quot;https&quot; - did you forget to enable it when you configured PHP? D:\phpStudy\WWW\youpei_2.0\Application\Home\Controller\BaseController.class.php 第 241 行.
NOTIC: [2] file_get_contents(https://api.weixin.qq.com/cgi-bin/token?grant_type=client_credential&amp;appid=wx2a478415b419d817&amp;secret=5777fd0e27efa96cf5c85bbf1d2e5baa): failed to open stream: No such file or directory D:\phpStudy\WWW\youpei_2.0\Application\Home\Controller\BaseController.class.php 第 241 行.
NOTIC: [8] Trying to get property of non-object D:\phpStudy\WWW\youpei_2.0\Application\Home\Controller\BaseController.class.php 第 242 行.
NOTIC: [2] file_get_contents(): Unable to find the wrapper &quot;https&quot; - did you forget to enable it when you configured PHP? D:\phpStudy\WWW\youpei_2.0\Application\Home\Controller\BaseController.class.php 第 245 行.
NOTIC: [2] file_get_contents(https://api.weixin.qq.com/cgi-bin/user/info?access_token=&amp;openid=oSFV6w-VMN-xdb7eM0pyIq608E8E): failed to open stream: No such file or directory D:\phpStudy\WWW\youpei_2.0\Application\Home\Controller\BaseController.class.php 第 245 行.
NOTIC: [8] Trying to get property of non-object D:\phpStudy\WWW\youpei_2.0\Application\Home\Controller\BaseController.class.php 第 246 行.
SQL: SHOW COLUMNS FROM `yp_user` [ RunTime:0.0110s ]
SQL: SELECT `last_login_time` FROM `yp_user` WHERE `open_id` = 'oSFV6w-VMN-xdb7eM0pyIq608E8E' LIMIT 1   [ RunTime:0.0000s ]
SQL: UPDATE `yp_user` SET `last_login_time`='1513515039' WHERE ( id=7904 ) [ RunTime:0.0000s ]
SQL: SELECT * FROM `yp_user` WHERE ( open_id='oSFV6w-VMN-xdb7eM0pyIq608E8E' ) LIMIT 1   [ RunTime:0.0010s ]
NOTIC: [8] Undefined index: share_user_id D:\phpStudy\WWW\youpei_2.0\Application\Home\Controller\BaseController.class.php 第 133 行.
SQL: SHOW COLUMNS FROM `yp_wxuser` [ RunTime:0.0120s ]
SQL: SELECT * FROM `yp_wxuser` WHERE `token` = 'g232238gc959' LIMIT 1   [ RunTime:0.0010s ]
INFO: [ view_parse ] --START--
INFO: [ template_filter ] --START--
INFO: Run Behavior\ContentReplaceBehavior [ RunTime:0.000000s ]
INFO: [ template_filter ] --END-- [ RunTime:0.000000s ]
NOTIC: [8] Undefined variable: isFollowed D:\phpStudy\WWW\youpei_2.0\Application\Runtime\Cache\Home\9ed8c20c0c3806b2e8f6fa98b490c495.php 第 43 行.
INFO: Run Behavior\ParseTemplateBehavior [ RunTime:0.051003s ]
INFO: [ view_parse ] --END-- [ RunTime:0.051003s ]
INFO: [ view_filter ] --START--
INFO: Run Behavior\WriteHtmlCacheBehavior [ RunTime:0.001000s ]
INFO: [ view_filter ] --END-- [ RunTime:0.001000s ]
INFO: [ app_end ] --START--
INFO: Run Behavior\ShowPageTraceBehavior [ RunTime:0.001000s ]
INFO: [ app_end ] --END-- [ RunTime:0.001000s ]

[ 2017-12-17T20:50:41+08:00 ] 192.168.1.111 /index.php/Organization/demoAjax
INFO: [ app_init ] --START--
INFO: Run Behavior\BuildLiteBehavior [ RunTime:0.000000s ]
INFO: [ app_init ] --END-- [ RunTime:0.000000s ]
INFO: [ app_begin ] --START--
INFO: Run Behavior\ReadHtmlCacheBehavior [ RunTime:0.001000s ]
INFO: [ app_begin ] --END-- [ RunTime:0.001000s ]
NOTIC: [8] Undefined index: token D:\phpStudy\WWW\youpei_2.0\Application\Home\Controller\BaseController.class.php 第 177 行.
NOTIC: [2048] Declaration of Common\Model\UserModel::delete() should be compatible with Think\Model::delete($options = Array) D:\phpStudy\WWW\youpei_2.0\Application\Common\Model\UserModel.class.php 第 14 行.
NOTIC: [2048] Declaration of Common\Model\UserModel::find() should be compatible with Think\Model::find($options = Array) D:\phpStudy\WWW\youpei_2.0\Application\Common\Model\UserModel.class.php 第 14 行.
SQL: SHOW COLUMNS FROM `yp_user` [ RunTime:0.0110s ]
SQL: SELECT * FROM `yp_user` WHERE ( open_id='oSFV6w-VMN-xdb7eM0pyIq608E8E' ) LIMIT 1   [ RunTime:0.0020s ]
NOTIC: [2] file_get_contents(): Unable to find the wrapper &quot;https&quot; - did you forget to enable it when you configured PHP? D:\phpStudy\WWW\youpei_2.0\Application\Home\Controller\BaseController.class.php 第 241 行.
NOTIC: [2] file_get_contents(https://api.weixin.qq.com/cgi-bin/token?grant_type=client_credential&amp;appid=wx2a478415b419d817&amp;secret=5777fd0e27efa96cf5c85bbf1d2e5baa): failed to open stream: No such file or directory D:\phpStudy\WWW\youpei_2.0\Application\Home\Controller\BaseController.class.php 第 241 行.
NOTIC: [8] Trying to get property of non-object D:\phpStudy\WWW\youpei_2.0\Application\Home\Controller\BaseController.class.php 第 242 行.
NOTIC: [2] file_get_contents(): Unable to find the wrapper &quot;https&quot; - did you forget to enable it when you configured PHP? D:\phpStudy\WWW\youpei_2.0\Application\Home\Controller\BaseController.class.php 第 245 行.
NOTIC: [2] file_get_contents(https://api.weixin.qq.com/cgi-bin/user/info?access_token=&amp;openid=oSFV6w-VMN-xdb7eM0pyIq608E8E): failed to open stream: No such file or directory D:\phpStudy\WWW\youpei_2.0\Application\Home\Controller\BaseController.class.php 第 245 行.
NOTIC: [8] Trying to get property of non-object D:\phpStudy\WWW\youpei_2.0\Application\Home\Controller\BaseController.class.php 第 246 行.
SQL: SHOW COLUMNS FROM `yp_user` [ RunTime:0.0110s ]
SQL: SELECT `last_login_time` FROM `yp_user` WHERE `open_id` = 'oSFV6w-VMN-xdb7eM0pyIq608E8E' LIMIT 1   [ RunTime:0.0010s ]
SQL: UPDATE `yp_user` SET `last_login_time`='1513515040' WHERE ( id=7904 ) [ RunTime:0.0020s ]
SQL: SELECT * FROM `yp_user` WHERE ( open_id='oSFV6w-VMN-xdb7eM0pyIq608E8E' ) LIMIT 1   [ RunTime:0.0020s ]
NOTIC: [8] Undefined index: share_user_id D:\phpStudy\WWW\youpei_2.0\Application\Home\Controller\BaseController.class.php 第 133 行.
SQL: SHOW COLUMNS FROM `yp_wxuser` [ RunTime:0.0210s ]
SQL: SELECT * FROM `yp_wxuser` WHERE `token` = 'g232238gc959' LIMIT 1   [ RunTime:0.0020s ]
INFO: [ view_parse ] --START--
INFO: [ template_filter ] --START--
INFO: Run Behavior\ContentReplaceBehavior [ RunTime:0.000000s ]
INFO: [ template_filter ] --END-- [ RunTime:0.000000s ]
NOTIC: [8] Undefined variable: CONF D:\phpStudy\WWW\youpei_2.0\Application\Runtime\Cache\Home\f834e4967e3fad51b4dec404ea818b3b.php 第 7 行.
NOTIC: [8] Undefined variable: orderInfos D:\phpStudy\WWW\youpei_2.0\Application\Runtime\Cache\Home\f834e4967e3fad51b4dec404ea818b3b.php 第 20 行.
INFO: Run Behavior\ParseTemplateBehavior [ RunTime:0.021001s ]
INFO: [ view_parse ] --END-- [ RunTime:0.021001s ]
INFO: [ view_filter ] --START--
INFO: Run Behavior\WriteHtmlCacheBehavior [ RunTime:0.000000s ]
INFO: [ view_filter ] --END-- [ RunTime:0.000000s ]
INFO: [ app_end ] --START--
INFO: Run Behavior\ShowPageTraceBehavior [ RunTime:0.001000s ]
INFO: [ app_end ] --END-- [ RunTime:0.001000s ]

[ 2017-12-17T20:52:03+08:00 ] 192.168.1.111 /index.php/organization/demo.html
INFO: [ app_init ] --START--
INFO: Run Behavior\BuildLiteBehavior [ RunTime:0.000000s ]
INFO: [ app_init ] --END-- [ RunTime:0.000000s ]
INFO: [ app_begin ] --START--
INFO: Run Behavior\ReadHtmlCacheBehavior [ RunTime:0.001000s ]
INFO: [ app_begin ] --END-- [ RunTime:0.001000s ]
NOTIC: [8] Undefined index: token D:\phpStudy\WWW\youpei_2.0\Application\Home\Controller\BaseController.class.php 第 177 行.
NOTIC: [2048] Declaration of Common\Model\UserModel::delete() should be compatible with Think\Model::delete($options = Array) D:\phpStudy\WWW\youpei_2.0\Application\Common\Model\UserModel.class.php 第 14 行.
NOTIC: [2048] Declaration of Common\Model\UserModel::find() should be compatible with Think\Model::find($options = Array) D:\phpStudy\WWW\youpei_2.0\Application\Common\Model\UserModel.class.php 第 14 行.
SQL: SHOW COLUMNS FROM `yp_user` [ RunTime:0.0120s ]
SQL: SELECT * FROM `yp_user` WHERE ( open_id='oSFV6w-VMN-xdb7eM0pyIq608E8E' ) LIMIT 1   [ RunTime:0.0010s ]
NOTIC: [2] file_get_contents(): Unable to find the wrapper &quot;https&quot; - did you forget to enable it when you configured PHP? D:\phpStudy\WWW\youpei_2.0\Application\Home\Controller\BaseController.class.php 第 241 行.
NOTIC: [2] file_get_contents(https://api.weixin.qq.com/cgi-bin/token?grant_type=client_credential&amp;appid=wx2a478415b419d817&amp;secret=5777fd0e27efa96cf5c85bbf1d2e5baa): failed to open stream: No such file or directory D:\phpStudy\WWW\youpei_2.0\Application\Home\Controller\BaseController.class.php 第 241 行.
NOTIC: [8] Trying to get property of non-object D:\phpStudy\WWW\youpei_2.0\Application\Home\Controller\BaseController.class.php 第 242 行.
NOTIC: [2] file_get_contents(): Unable to find the wrapper &quot;https&quot; - did you forget to enable it when you configured PHP? D:\phpStudy\WWW\youpei_2.0\Application\Home\Controller\BaseController.class.php 第 245 行.
NOTIC: [2] file_get_contents(https://api.weixin.qq.com/cgi-bin/user/info?access_token=&amp;openid=oSFV6w-VMN-xdb7eM0pyIq608E8E): failed to open stream: No such file or directory D:\phpStudy\WWW\youpei_2.0\Application\Home\Controller\BaseController.class.php 第 245 行.
NOTIC: [8] Trying to get property of non-object D:\phpStudy\WWW\youpei_2.0\Application\Home\Controller\BaseController.class.php 第 246 行.
SQL: SHOW COLUMNS FROM `yp_user` [ RunTime:0.0110s ]
SQL: SELECT `last_login_time` FROM `yp_user` WHERE `open_id` = 'oSFV6w-VMN-xdb7eM0pyIq608E8E' LIMIT 1   [ RunTime:0.0000s ]
SQL: UPDATE `yp_user` SET `last_login_time`='1513515123' WHERE ( id=7904 ) [ RunTime:0.0000s ]
SQL: SELECT * FROM `yp_user` WHERE ( open_id='oSFV6w-VMN-xdb7eM0pyIq608E8E' ) LIMIT 1   [ RunTime:0.0010s ]
NOTIC: [8] Undefined index: share_user_id D:\phpStudy\WWW\youpei_2.0\Application\Home\Controller\BaseController.class.php 第 133 行.
SQL: SHOW COLUMNS FROM `yp_wxuser` [ RunTime:0.0140s ]
SQL: SELECT * FROM `yp_wxuser` WHERE `token` = 'g232238gc959' LIMIT 1   [ RunTime:0.0010s ]
INFO: [ view_parse ] --START--
INFO: [ template_filter ] --START--
INFO: Run Behavior\ContentReplaceBehavior [ RunTime:0.000000s ]
INFO: [ template_filter ] --END-- [ RunTime:0.000000s ]
NOTIC: [8] Undefined variable: isFollowed D:\phpStudy\WWW\youpei_2.0\Application\Runtime\Cache\Home\9ed8c20c0c3806b2e8f6fa98b490c495.php 第 43 行.
INFO: Run Behavior\ParseTemplateBehavior [ RunTime:0.013001s ]
INFO: [ view_parse ] --END-- [ RunTime:0.013001s ]
INFO: [ view_filter ] --START--
INFO: Run Behavior\WriteHtmlCacheBehavior [ RunTime:0.000000s ]
INFO: [ view_filter ] --END-- [ RunTime:0.000000s ]
INFO: [ app_end ] --START--
INFO: Run Behavior\ShowPageTraceBehavior [ RunTime:0.001000s ]
INFO: [ app_end ] --END-- [ RunTime:0.001000s ]

[ 2017-12-17T20:52:04+08:00 ] 192.168.1.111 /index.php/Organization/demoAjax
INFO: [ app_init ] --START--
INFO: Run Behavior\BuildLiteBehavior [ RunTime:0.000000s ]
INFO: [ app_init ] --END-- [ RunTime:0.000000s ]
INFO: [ app_begin ] --START--
INFO: Run Behavior\ReadHtmlCacheBehavior [ RunTime:0.001000s ]
INFO: [ app_begin ] --END-- [ RunTime:0.001000s ]
NOTIC: [8] Undefined index: token D:\phpStudy\WWW\youpei_2.0\Application\Home\Controller\BaseController.class.php 第 177 行.
NOTIC: [2048] Declaration of Common\Model\UserModel::delete() should be compatible with Think\Model::delete($options = Array) D:\phpStudy\WWW\youpei_2.0\Application\Common\Model\UserModel.class.php 第 14 行.
NOTIC: [2048] Declaration of Common\Model\UserModel::find() should be compatible with Think\Model::find($options = Array) D:\phpStudy\WWW\youpei_2.0\Application\Common\Model\UserModel.class.php 第 14 行.
SQL: SHOW COLUMNS FROM `yp_user` [ RunTime:0.0110s ]
SQL: SELECT * FROM `yp_user` WHERE ( open_id='oSFV6w-VMN-xdb7eM0pyIq608E8E' ) LIMIT 1   [ RunTime:0.0010s ]
NOTIC: [2] file_get_contents(): Unable to find the wrapper &quot;https&quot; - did you forget to enable it when you configured PHP? D:\phpStudy\WWW\youpei_2.0\Application\Home\Controller\BaseController.class.php 第 241 行.
NOTIC: [2] file_get_contents(https://api.weixin.qq.com/cgi-bin/token?grant_type=client_credential&amp;appid=wx2a478415b419d817&amp;secret=5777fd0e27efa96cf5c85bbf1d2e5baa): failed to open stream: No such file or directory D:\phpStudy\WWW\youpei_2.0\Application\Home\Controller\BaseController.class.php 第 241 行.
NOTIC: [8] Trying to get property of non-object D:\phpStudy\WWW\youpei_2.0\Application\Home\Controller\BaseController.class.php 第 242 行.
NOTIC: [2] file_get_contents(): Unable to find the wrapper &quot;https&quot; - did you forget to enable it when you configured PHP? D:\phpStudy\WWW\youpei_2.0\Application\Home\Controller\BaseController.class.php 第 245 行.
NOTIC: [2] file_get_contents(https://api.weixin.qq.com/cgi-bin/user/info?access_token=&amp;openid=oSFV6w-VMN-xdb7eM0pyIq608E8E): failed to open stream: No such file or directory D:\phpStudy\WWW\youpei_2.0\Application\Home\Controller\BaseController.class.php 第 245 行.
NOTIC: [8] Trying to get property of non-object D:\phpStudy\WWW\youpei_2.0\Application\Home\Controller\BaseController.class.php 第 246 行.
SQL: SHOW COLUMNS FROM `yp_user` [ RunTime:0.0140s ]
SQL: SELECT `last_login_time` FROM `yp_user` WHERE `open_id` = 'oSFV6w-VMN-xdb7eM0pyIq608E8E' LIMIT 1   [ RunTime:0.0010s ]
SQL: UPDATE `yp_user` SET `last_login_time`='1513515124' WHERE ( id=7904 ) [ RunTime:0.0010s ]
SQL: SELECT * FROM `yp_user` WHERE ( open_id='oSFV6w-VMN-xdb7eM0pyIq608E8E' ) LIMIT 1   [ RunTime:0.0010s ]
NOTIC: [8] Undefined index: share_user_id D:\phpStudy\WWW\youpei_2.0\Application\Home\Controller\BaseController.class.php 第 133 行.
SQL: SHOW COLUMNS FROM `yp_wxuser` [ RunTime:0.0130s ]
SQL: SELECT * FROM `yp_wxuser` WHERE `token` = 'g232238gc959' LIMIT 1   [ RunTime:0.0010s ]
INFO: [ view_parse ] --START--
INFO: [ template_filter ] --START--
INFO: Run Behavior\ContentReplaceBehavior [ RunTime:0.000000s ]
INFO: [ template_filter ] --END-- [ RunTime:0.000000s ]
NOTIC: [8] Undefined variable: CONF D:\phpStudy\WWW\youpei_2.0\Application\Runtime\Cache\Home\f834e4967e3fad51b4dec404ea818b3b.php 第 7 行.
NOTIC: [8] Undefined variable: orderInfos D:\phpStudy\WWW\youpei_2.0\Application\Runtime\Cache\Home\f834e4967e3fad51b4dec404ea818b3b.php 第 20 行.
INFO: Run Behavior\ParseTemplateBehavior [ RunTime:0.006001s ]
INFO: [ view_parse ] --END-- [ RunTime:0.006001s ]
INFO: [ view_filter ] --START--
INFO: Run Behavior\WriteHtmlCacheBehavior [ RunTime:0.001000s ]
INFO: [ view_filter ] --END-- [ RunTime:0.001000s ]
INFO: [ app_end ] --START--
INFO: Run Behavior\ShowPageTraceBehavior [ RunTime:0.000000s ]
INFO: [ app_end ] --END-- [ RunTime:0.000000s ]

[ 2017-12-17T21:04:38+08:00 ] 192.168.1.111 /index.php/organization/demo.html
INFO: [ app_init ] --START--
INFO: Run Behavior\BuildLiteBehavior [ RunTime:0.000000s ]
INFO: [ app_init ] --END-- [ RunTime:0.000000s ]
INFO: [ app_begin ] --START--
INFO: Run Behavior\ReadHtmlCacheBehavior [ RunTime:0.001000s ]
INFO: [ app_begin ] --END-- [ RunTime:0.001000s ]
NOTIC: [8] Undefined index: token D:\phpStudy\WWW\youpei_2.0\Application\Home\Controller\BaseController.class.php 第 177 行.
NOTIC: [2048] Declaration of Common\Model\UserModel::delete() should be compatible with Think\Model::delete($options = Array) D:\phpStudy\WWW\youpei_2.0\Application\Common\Model\UserModel.class.php 第 14 行.
NOTIC: [2048] Declaration of Common\Model\UserModel::find() should be compatible with Think\Model::find($options = Array) D:\phpStudy\WWW\youpei_2.0\Application\Common\Model\UserModel.class.php 第 14 行.
SQL: SHOW COLUMNS FROM `yp_user` [ RunTime:0.0120s ]
SQL: SELECT * FROM `yp_user` WHERE ( open_id='oSFV6w-VMN-xdb7eM0pyIq608E8E' ) LIMIT 1   [ RunTime:0.0020s ]
NOTIC: [2] file_get_contents(): Unable to find the wrapper &quot;https&quot; - did you forget to enable it when you configured PHP? D:\phpStudy\WWW\youpei_2.0\Application\Home\Controller\BaseController.class.php 第 241 行.
NOTIC: [2] file_get_contents(https://api.weixin.qq.com/cgi-bin/token?grant_type=client_credential&amp;appid=wx2a478415b419d817&amp;secret=5777fd0e27efa96cf5c85bbf1d2e5baa): failed to open stream: No such file or directory D:\phpStudy\WWW\youpei_2.0\Application\Home\Controller\BaseController.class.php 第 241 行.
NOTIC: [8] Trying to get property of non-object D:\phpStudy\WWW\youpei_2.0\Application\Home\Controller\BaseController.class.php 第 242 行.
NOTIC: [2] file_get_contents(): Unable to find the wrapper &quot;https&quot; - did you forget to enable it when you configured PHP? D:\phpStudy\WWW\youpei_2.0\Application\Home\Controller\BaseController.class.php 第 245 行.
NOTIC: [2] file_get_contents(https://api.weixin.qq.com/cgi-bin/user/info?access_token=&amp;openid=oSFV6w-VMN-xdb7eM0pyIq608E8E): failed to open stream: No such file or directory D:\phpStudy\WWW\youpei_2.0\Application\Home\Controller\BaseController.class.php 第 245 行.
NOTIC: [8] Trying to get property of non-object D:\phpStudy\WWW\youpei_2.0\Application\Home\Controller\BaseController.class.php 第 246 行.
SQL: SHOW COLUMNS FROM `yp_user` [ RunTime:0.0120s ]
SQL: SELECT `last_login_time` FROM `yp_user` WHERE `open_id` = 'oSFV6w-VMN-xdb7eM0pyIq608E8E' LIMIT 1   [ RunTime:0.0010s ]
SQL: UPDATE `yp_user` SET `last_login_time`='1513515878' WHERE ( id=7904 ) [ RunTime:0.0010s ]
SQL: SELECT * FROM `yp_user` WHERE ( open_id='oSFV6w-VMN-xdb7eM0pyIq608E8E' ) LIMIT 1   [ RunTime:0.0010s ]
NOTIC: [8] Undefined index: share_user_id D:\phpStudy\WWW\youpei_2.0\Application\Home\Controller\BaseController.class.php 第 133 行.
SQL: SHOW COLUMNS FROM `yp_wxuser` [ RunTime:0.0120s ]
SQL: SELECT * FROM `yp_wxuser` WHERE `token` = 'g232238gc959' LIMIT 1   [ RunTime:0.0010s ]
INFO: [ view_parse ] --START--
INFO: [ template_filter ] --START--
INFO: Run Behavior\ContentReplaceBehavior [ RunTime:0.000000s ]
INFO: [ template_filter ] --END-- [ RunTime:0.001000s ]
NOTIC: [8] Undefined variable: isFollowed D:\phpStudy\WWW\youpei_2.0\Application\Runtime\Cache\Home\9ed8c20c0c3806b2e8f6fa98b490c495.php 第 43 行.
INFO: Run Behavior\ParseTemplateBehavior [ RunTime:0.021001s ]
INFO: [ view_parse ] --END-- [ RunTime:0.021001s ]
INFO: [ view_filter ] --START--
INFO: Run Behavior\WriteHtmlCacheBehavior [ RunTime:0.001000s ]
INFO: [ view_filter ] --END-- [ RunTime:0.001000s ]
INFO: [ app_end ] --START--
INFO: Run Behavior\ShowPageTraceBehavior [ RunTime:0.001000s ]
INFO: [ app_end ] --END-- [ RunTime:0.001000s ]

[ 2017-12-17T21:04:39+08:00 ] 192.168.1.111 /index.php/Organization/demoAjax
INFO: [ app_init ] --START--
INFO: Run Behavior\BuildLiteBehavior [ RunTime:0.000000s ]
INFO: [ app_init ] --END-- [ RunTime:0.000000s ]
INFO: [ app_begin ] --START--
INFO: Run Behavior\ReadHtmlCacheBehavior [ RunTime:0.002000s ]
INFO: [ app_begin ] --END-- [ RunTime:0.002000s ]
NOTIC: [8] Undefined index: token D:\phpStudy\WWW\youpei_2.0\Application\Home\Controller\BaseController.class.php 第 177 行.
NOTIC: [2048] Declaration of Common\Model\UserModel::delete() should be compatible with Think\Model::delete($options = Array) D:\phpStudy\WWW\youpei_2.0\Application\Common\Model\UserModel.class.php 第 14 行.
NOTIC: [2048] Declaration of Common\Model\UserModel::find() should be compatible with Think\Model::find($options = Array) D:\phpStudy\WWW\youpei_2.0\Application\Common\Model\UserModel.class.php 第 14 行.
SQL: SHOW COLUMNS FROM `yp_user` [ RunTime:0.0110s ]
SQL: SELECT * FROM `yp_user` WHERE ( open_id='oSFV6w-VMN-xdb7eM0pyIq608E8E' ) LIMIT 1   [ RunTime:0.0010s ]
NOTIC: [2] file_get_contents(): Unable to find the wrapper &quot;https&quot; - did you forget to enable it when you configured PHP? D:\phpStudy\WWW\youpei_2.0\Application\Home\Controller\BaseController.class.php 第 241 行.
NOTIC: [2] file_get_contents(https://api.weixin.qq.com/cgi-bin/token?grant_type=client_credential&amp;appid=wx2a478415b419d817&amp;secret=5777fd0e27efa96cf5c85bbf1d2e5baa): failed to open stream: No such file or directory D:\phpStudy\WWW\youpei_2.0\Application\Home\Controller\BaseController.class.php 第 241 行.
NOTIC: [8] Trying to get property of non-object D:\phpStudy\WWW\youpei_2.0\Application\Home\Controller\BaseController.class.php 第 242 行.
NOTIC: [2] file_get_contents(): Unable to find the wrapper &quot;https&quot; - did you forget to enable it when you configured PHP? D:\phpStudy\WWW\youpei_2.0\Application\Home\Controller\BaseController.class.php 第 245 行.
NOTIC: [2] file_get_contents(https://api.weixin.qq.com/cgi-bin/user/info?access_token=&amp;openid=oSFV6w-VMN-xdb7eM0pyIq608E8E): failed to open stream: No such file or directory D:\phpStudy\WWW\youpei_2.0\Application\Home\Controller\BaseController.class.php 第 245 行.
NOTIC: [8] Trying to get property of non-object D:\phpStudy\WWW\youpei_2.0\Application\Home\Controller\BaseController.class.php 第 246 行.
SQL: SHOW COLUMNS FROM `yp_user` [ RunTime:0.0130s ]
SQL: SELECT `last_login_time` FROM `yp_user` WHERE `open_id` = 'oSFV6w-VMN-xdb7eM0pyIq608E8E' LIMIT 1   [ RunTime:0.0010s ]
SQL: UPDATE `yp_user` SET `last_login_time`='1513515879' WHERE ( id=7904 ) [ RunTime:0.0020s ]
SQL: SELECT * FROM `yp_user` WHERE ( open_id='oSFV6w-VMN-xdb7eM0pyIq608E8E' ) LIMIT 1   [ RunTime:0.0010s ]
NOTIC: [8] Undefined index: share_user_id D:\phpStudy\WWW\youpei_2.0\Application\Home\Controller\BaseController.class.php 第 133 行.
SQL: SHOW COLUMNS FROM `yp_wxuser` [ RunTime:0.0130s ]
SQL: SELECT * FROM `yp_wxuser` WHERE `token` = 'g232238gc959' LIMIT 1   [ RunTime:0.0020s ]
INFO: [ view_parse ] --START--
INFO: [ template_filter ] --START--
INFO: Run Behavior\ContentReplaceBehavior [ RunTime:0.000000s ]
INFO: [ template_filter ] --END-- [ RunTime:0.000000s ]
NOTIC: [8] Undefined variable: CONF D:\phpStudy\WWW\youpei_2.0\Application\Runtime\Cache\Home\f834e4967e3fad51b4dec404ea818b3b.php 第 7 行.
NOTIC: [8] Undefined variable: orderInfos D:\phpStudy\WWW\youpei_2.0\Application\Runtime\Cache\Home\f834e4967e3fad51b4dec404ea818b3b.php 第 20 行.
INFO: Run Behavior\ParseTemplateBehavior [ RunTime:0.006000s ]
INFO: [ view_parse ] --END-- [ RunTime:0.006000s ]
INFO: [ view_filter ] --START--
INFO: Run Behavior\WriteHtmlCacheBehavior [ RunTime:0.000000s ]
INFO: [ view_filter ] --END-- [ RunTime:0.000000s ]
INFO: [ app_end ] --START--
INFO: Run Behavior\ShowPageTraceBehavior [ RunTime:0.001000s ]
INFO: [ app_end ] --END-- [ RunTime:0.001000s ]

