[ 2017-11-19T14:49:36+08:00 ] 192.168.0.105 /index.php/Test/setSessionTest?open_id=oSFV6w-VMN-xdb7eM0pyIq608E8E&token=g232238gc959
INFO: [ app_init ] --START--
INFO: Run Behavior\BuildLiteBehavior [ RunTime:0.000000s ]
INFO: [ app_init ] --END-- [ RunTime:0.000000s ]
INFO: [ app_begin ] --START--
INFO: Run Behavior\ReadHtmlCacheBehavior [ RunTime:0.001000s ]
INFO: [ app_begin ] --END-- [ RunTime:0.001000s ]
INFO: [ view_parse ] --START--
INFO: [ template_filter ] --START--
INFO: Run Behavior\ContentReplaceBehavior [ RunTime:0.001000s ]
INFO: [ template_filter ] --END-- [ RunTime:0.001000s ]
INFO: Run Behavior\ParseTemplateBehavior [ RunTime:0.045003s ]
INFO: [ view_parse ] --END-- [ RunTime:0.045003s ]
INFO: [ view_filter ] --START--
INFO: Run Behavior\WriteHtmlCacheBehavior [ RunTime:0.018001s ]
INFO: [ view_filter ] --END-- [ RunTime:0.018001s ]
INFO: [ app_end ] --START--
INFO: Run Behavior\ShowPageTraceBehavior [ RunTime:0.036002s ]
INFO: [ app_end ] --END-- [ RunTime:0.036002s ]

[ 2017-11-19T14:49:39+08:00 ] 192.168.0.105 /index.php/index
INFO: [ app_init ] --START--
INFO: Run Behavior\BuildLiteBehavior [ RunTime:0.000000s ]
INFO: [ app_init ] --END-- [ RunTime:0.000000s ]
INFO: [ app_begin ] --START--
INFO: Run Behavior\ReadHtmlCacheBehavior [ RunTime:0.000000s ]
INFO: [ app_begin ] --END-- [ RunTime:0.000000s ]
NOTIC: [8] Undefined index: token D:\phpStudy\WWW\youpei_2.0\Application\Home\Controller\BaseController.class.php 第 157 行.
NOTIC: [2048] Declaration of Common\Model\UserModel::delete() should be compatible with Think\Model::delete($options = Array) D:\phpStudy\WWW\youpei_2.0\Application\Common\Model\UserModel.class.php 第 14 行.
NOTIC: [2048] Declaration of Common\Model\UserModel::find() should be compatible with Think\Model::find($options = Array) D:\phpStudy\WWW\youpei_2.0\Application\Common\Model\UserModel.class.php 第 14 行.
SQL: SHOW COLUMNS FROM `yp_user` [ RunTime:0.0380s ]
SQL: SELECT * FROM `yp_user` WHERE ( open_id='oSFV6w-VMN-xdb7eM0pyIq608E8E' ) LIMIT 1   [ RunTime:0.0180s ]
SQL: UPDATE `yp_user` SET `last_login_time`='1511074177' WHERE ( id=7904 ) [ RunTime:0.0100s ]
SQL: SELECT * FROM `yp_user` WHERE ( open_id='oSFV6w-VMN-xdb7eM0pyIq608E8E' ) LIMIT 1   [ RunTime:0.0010s ]
NOTIC: [8] Undefined index: share_user_id D:\phpStudy\WWW\youpei_2.0\Application\Home\Controller\BaseController.class.php 第 113 行.
SQL: SHOW COLUMNS FROM `yp_wxuser` [ RunTime:0.0200s ]
SQL: SELECT * FROM `yp_wxuser` WHERE `token` = 'g232238gc959' LIMIT 1   [ RunTime:0.0010s ]
NOTIC: [2048] Declaration of Common\Model\PictureModel::delete() should be compatible with Think\Model::delete($options = Array) D:\phpStudy\WWW\youpei_2.0\Application\Common\Model\PictureModel.class.php 第 58 行.
NOTIC: [2048] Declaration of Common\Model\PictureModel::find() should be compatible with Think\Model::find($options = Array) D:\phpStudy\WWW\youpei_2.0\Application\Common\Model\PictureModel.class.php 第 58 行.
SQL: SHOW COLUMNS FROM `yp_picture` [ RunTime:0.0800s ]
SQL: SELECT * FROM `yp_picture` ORDER BY sort desc  [ RunTime:0.0100s ]
SQL: SHOW COLUMNS FROM `yp_homeclassify` [ RunTime:0.0570s ]
SQL: SELECT * FROM yp_homeclassify where is_show ='0' ORDER BY sort ASC [ RunTime:0.0190s ]
NOTIC: [2048] Declaration of Common\Model\ProductClassModel::delete() should be compatible with Think\Model::delete($options = Array) D:\phpStudy\WWW\youpei_2.0\Application\Common\Model\ProductClassModel.class.php 第 63 行.
NOTIC: [2048] Declaration of Common\Model\ProductClassModel::find() should be compatible with Think\Model::find($options = Array) D:\phpStudy\WWW\youpei_2.0\Application\Common\Model\ProductClassModel.class.php 第 63 行.
SQL: SHOW COLUMNS FROM `yp_product_class` [ RunTime:0.0360s ]
SQL: SELECT * FROM `yp_product_class` ORDER BY sort asc  [ RunTime:0.0010s ]
SQL: SHOW COLUMNS FROM `yp_bargain` [ RunTime:0.0860s ]
SQL: SELECT DISTINCT  `type_id` FROM `yp_bargain` WHERE `type` = 2 AND `start_time` <= 1511074179 AND `end_time` > 1511074179 LIMIT 4   [ RunTime:0.0560s ]
SQL: SELECT * FROM `yp_bargain` WHERE `type` = 2 AND `type_id` = 36 AND `start_time` <= 1511074179 AND `end_time` > 1511074179 LIMIT 1   [ RunTime:0.0020s ]
SQL: SHOW COLUMNS FROM `yp_product` [ RunTime:0.0210s ]
SQL: SELECT `id`,`title`,`f_title`,`pic_url`,`type`,`price`,`status`,`tag`,`is_hot`,`city`,`area`,`address` FROM `yp_product` WHERE `id` = 36 LIMIT 1   [ RunTime:0.0240s ]
NOTIC: [8] Undefined offset: 2 D:\phpStudy\WWW\youpei_2.0\Application\Home\Controller\IndexController.class.php 第 75 行.
SQL: SHOW COLUMNS FROM `yp_product` [ RunTime:0.0060s ]
SQL: SELECT `id`,`title`,`f_title`,`pic_url`,`type`,`price`,`status`,`tag`,`is_hot` FROM `yp_product` WHERE `type` = 2 AND `is_hot` = 2 AND `check_status` = 2 ORDER BY id desc LIMIT 5   [ RunTime:0.0660s ]
SQL: SHOW COLUMNS FROM `yp_group_record` [ RunTime:0.0220s ]
SQL: UPDATE `yp_group_record` SET `status`='2' WHERE `status` <> 5 AND `end_time` <= 1511074179 [ RunTime:0.0010s ]
SQL: SELECT * FROM `yp_group_record` WHERE `status` <> 5 AND `end_time` > 1511074179  [ RunTime:0.0000s ]
INFO: [ view_parse ] --START--
INFO: [ template_filter ] --START--
INFO: Run Behavior\ContentReplaceBehavior [ RunTime:0.000000s ]
INFO: [ template_filter ] --END-- [ RunTime:0.000000s ]
NOTIC: [8] Undefined variable: umark D:\phpStudy\WWW\youpei_2.0\Application\Runtime\Cache\Home\2a94b8bda04ff446dcedd42276fc99ee.php 第 674 行.
INFO: Run Behavior\ParseTemplateBehavior [ RunTime:0.119007s ]
INFO: [ view_parse ] --END-- [ RunTime:0.119007s ]
INFO: [ view_filter ] --START--
INFO: Run Behavior\WriteHtmlCacheBehavior [ RunTime:0.000000s ]
INFO: [ view_filter ] --END-- [ RunTime:0.000000s ]
INFO: [ app_end ] --START--
INFO: Run Behavior\ShowPageTraceBehavior [ RunTime:0.001000s ]
INFO: [ app_end ] --END-- [ RunTime:0.001000s ]

[ 2017-11-19T14:49:43+08:00 ] 192.168.0.105 /index.php/Index/indexTest
INFO: [ app_init ] --START--
INFO: Run Behavior\BuildLiteBehavior [ RunTime:0.000000s ]
INFO: [ app_init ] --END-- [ RunTime:0.000000s ]
INFO: [ app_begin ] --START--
INFO: Run Behavior\ReadHtmlCacheBehavior [ RunTime:0.001000s ]
INFO: [ app_begin ] --END-- [ RunTime:0.001000s ]
NOTIC: [8] Undefined index: token D:\phpStudy\WWW\youpei_2.0\Application\Home\Controller\BaseController.class.php 第 157 行.
NOTIC: [2048] Declaration of Common\Model\UserModel::delete() should be compatible with Think\Model::delete($options = Array) D:\phpStudy\WWW\youpei_2.0\Application\Common\Model\UserModel.class.php 第 14 行.
NOTIC: [2048] Declaration of Common\Model\UserModel::find() should be compatible with Think\Model::find($options = Array) D:\phpStudy\WWW\youpei_2.0\Application\Common\Model\UserModel.class.php 第 14 行.
SQL: SHOW COLUMNS FROM `yp_user` [ RunTime:0.0090s ]
SQL: SELECT * FROM `yp_user` WHERE ( open_id='oSFV6w-VMN-xdb7eM0pyIq608E8E' ) LIMIT 1   [ RunTime:0.0020s ]
SQL: UPDATE `yp_user` SET `last_login_time`='1511074182' WHERE ( id=7904 ) [ RunTime:0.0010s ]
SQL: SELECT * FROM `yp_user` WHERE ( open_id='oSFV6w-VMN-xdb7eM0pyIq608E8E' ) LIMIT 1   [ RunTime:0.0020s ]
NOTIC: [8] Undefined index: share_user_id D:\phpStudy\WWW\youpei_2.0\Application\Home\Controller\BaseController.class.php 第 113 行.
SQL: SHOW COLUMNS FROM `yp_wxuser` [ RunTime:0.0230s ]
SQL: SELECT * FROM `yp_wxuser` WHERE `token` = 'g232238gc959' LIMIT 1   [ RunTime:0.0050s ]
NOTIC: [2048] Declaration of Common\Model\PictureModel::delete() should be compatible with Think\Model::delete($options = Array) D:\phpStudy\WWW\youpei_2.0\Application\Common\Model\PictureModel.class.php 第 58 行.
NOTIC: [2048] Declaration of Common\Model\PictureModel::find() should be compatible with Think\Model::find($options = Array) D:\phpStudy\WWW\youpei_2.0\Application\Common\Model\PictureModel.class.php 第 58 行.
SQL: SHOW COLUMNS FROM `yp_picture` [ RunTime:0.0090s ]
SQL: SELECT * FROM `yp_picture` ORDER BY sort desc  [ RunTime:0.0020s ]
SQL: SHOW COLUMNS FROM `yp_homeclassify` [ RunTime:0.0080s ]
SQL: SELECT * FROM yp_homeclassify where is_show ='0' ORDER BY sort ASC [ RunTime:0.0020s ]
NOTIC: [2048] Declaration of Common\Model\ProductClassModel::delete() should be compatible with Think\Model::delete($options = Array) D:\phpStudy\WWW\youpei_2.0\Application\Common\Model\ProductClassModel.class.php 第 63 行.
NOTIC: [2048] Declaration of Common\Model\ProductClassModel::find() should be compatible with Think\Model::find($options = Array) D:\phpStudy\WWW\youpei_2.0\Application\Common\Model\ProductClassModel.class.php 第 63 行.
SQL: SHOW COLUMNS FROM `yp_product_class` [ RunTime:0.0110s ]
SQL: SELECT * FROM `yp_product_class` ORDER BY sort asc  [ RunTime:0.0010s ]
SQL: SHOW COLUMNS FROM `yp_bargain` [ RunTime:0.0110s ]
SQL: SELECT DISTINCT  `type_id` FROM `yp_bargain` WHERE `type` = 2 AND `start_time` <= 1511074183 AND `end_time` > 1511074183 LIMIT 4   [ RunTime:0.0020s ]
SQL: SELECT * FROM `yp_bargain` WHERE `type` = 2 AND `type_id` = 36 AND `start_time` <= 1511074183 AND `end_time` > 1511074183 LIMIT 1   [ RunTime:0.0020s ]
SQL: SHOW COLUMNS FROM `yp_product` [ RunTime:0.0090s ]
SQL: SELECT `id`,`title`,`f_title`,`pic_url`,`type`,`price`,`status`,`tag`,`is_hot` FROM `yp_product` WHERE `id` = 36 LIMIT 1   [ RunTime:0.0020s ]
NOTIC: [8] Undefined offset: 2 D:\phpStudy\WWW\youpei_2.0\Application\Home\Controller\IndexController.class.php 第 169 行.
SQL: SHOW COLUMNS FROM `yp_product` [ RunTime:0.0080s ]
SQL: SELECT `id`,`title`,`f_title`,`pic_url`,`type`,`price`,`status`,`tag`,`is_hot` FROM `yp_product` WHERE `type` = 2 AND `is_hot` = 2 AND `check_status` = 2 ORDER BY id desc LIMIT 5   [ RunTime:0.0010s ]

[ 2017-11-19T14:49:44+08:00 ] 192.168.0.105 /index.php/Index/getProductByType
INFO: [ app_init ] --START--
INFO: Run Behavior\BuildLiteBehavior [ RunTime:0.000000s ]
INFO: [ app_init ] --END-- [ RunTime:0.000000s ]
INFO: [ app_begin ] --START--
INFO: Run Behavior\ReadHtmlCacheBehavior [ RunTime:0.001000s ]
INFO: [ app_begin ] --END-- [ RunTime:0.001000s ]
NOTIC: [8] Undefined index: token D:\phpStudy\WWW\youpei_2.0\Application\Home\Controller\BaseController.class.php 第 157 行.
NOTIC: [2048] Declaration of Common\Model\UserModel::delete() should be compatible with Think\Model::delete($options = Array) D:\phpStudy\WWW\youpei_2.0\Application\Common\Model\UserModel.class.php 第 14 行.
NOTIC: [2048] Declaration of Common\Model\UserModel::find() should be compatible with Think\Model::find($options = Array) D:\phpStudy\WWW\youpei_2.0\Application\Common\Model\UserModel.class.php 第 14 行.
SQL: SHOW COLUMNS FROM `yp_user` [ RunTime:0.0100s ]
SQL: SELECT * FROM `yp_user` WHERE ( open_id='oSFV6w-VMN-xdb7eM0pyIq608E8E' ) LIMIT 1   [ RunTime:0.0010s ]
SQL: UPDATE `yp_user` SET `last_login_time`='1511074184' WHERE ( id=7904 ) [ RunTime:0.0010s ]
SQL: SELECT * FROM `yp_user` WHERE ( open_id='oSFV6w-VMN-xdb7eM0pyIq608E8E' ) LIMIT 1   [ RunTime:0.0020s ]
NOTIC: [8] Undefined index: share_user_id D:\phpStudy\WWW\youpei_2.0\Application\Home\Controller\BaseController.class.php 第 113 行.
SQL: SHOW COLUMNS FROM `yp_wxuser` [ RunTime:0.0110s ]
SQL: SELECT * FROM `yp_wxuser` WHERE `token` = 'g232238gc959' LIMIT 1   [ RunTime:0.0020s ]
SQL: SHOW COLUMNS FROM `yp_product` [ RunTime:0.0100s ]
SQL: SELECT `id`,`title`,`pic_url`,`tag`,`class_id`,`org_id`,`f_title`,`price` FROM `yp_product` WHERE `status` = 1 AND `check_status` = 2 AND `is_fire` = 2 ORDER BY sort desc,create_time desc LIMIT 3   [ RunTime:0.0210s ]
NOTIC: [8] Undefined offset: 2 D:\phpStudy\WWW\youpei_2.0\Application\Home\Controller\IndexController.class.php 第 219 行.
NOTIC: [2048] Declaration of Common\Model\ProductClassModel::delete() should be compatible with Think\Model::delete($options = Array) D:\phpStudy\WWW\youpei_2.0\Application\Common\Model\ProductClassModel.class.php 第 63 行.
NOTIC: [2048] Declaration of Common\Model\ProductClassModel::find() should be compatible with Think\Model::find($options = Array) D:\phpStudy\WWW\youpei_2.0\Application\Common\Model\ProductClassModel.class.php 第 63 行.
SQL: SHOW COLUMNS FROM `yp_product_class` [ RunTime:0.0080s ]
SQL: SELECT `title` FROM `yp_product_class` WHERE ( id=11 ) LIMIT 1   [ RunTime:0.0010s ]
NOTIC: [2048] Declaration of Common\Model\OrganizationModel::delete() should be compatible with Think\Model::delete($options = Array) D:\phpStudy\WWW\youpei_2.0\Application\Common\Model\OrganizationModel.class.php 第 112 行.
NOTIC: [2048] Declaration of Common\Model\OrganizationModel::find() should be compatible with Think\Model::find($options = Array) D:\phpStudy\WWW\youpei_2.0\Application\Common\Model\OrganizationModel.class.php 第 112 行.
SQL: SHOW COLUMNS FROM `yp_organization` [ RunTime:0.0550s ]
SQL: SELECT `picture` FROM `yp_organization` WHERE ( id=6 ) LIMIT 1   [ RunTime:0.0080s ]
SQL: SHOW COLUMNS FROM `yp_organization` [ RunTime:0.0100s ]
SQL: SELECT * FROM `yp_organization` WHERE `id` = 6 LIMIT 1   [ RunTime:0.0020s ]
NOTIC: [2048] Declaration of Common\Model\BargainModel::delete() should be compatible with Think\Model::delete($options = Array) D:\phpStudy\WWW\youpei_2.0\Application\Common\Model\BargainModel.class.php 第 64 行.
NOTIC: [2048] Declaration of Common\Model\BargainModel::find() should be compatible with Think\Model::find($options = Array) D:\phpStudy\WWW\youpei_2.0\Application\Common\Model\BargainModel.class.php 第 64 行.
SQL: SHOW COLUMNS FROM `yp_bargain` [ RunTime:0.0090s ]
SQL: SELECT * FROM `yp_bargain` WHERE `type` = 1 AND `type_id` = 58 AND `key` = 1 AND `start_time` < 1511074184 AND `end_time` > 1511074184 LIMIT 1   [ RunTime:0.0010s ]
NOTIC: [8] Undefined offset: 0 D:\phpStudy\WWW\youpei_2.0\Application\Home\Controller\IndexController.class.php 第 242 行.
NOTIC: [2048] Declaration of Common\Model\ProductModel::delete() should be compatible with Think\Model::delete($options = Array) D:\phpStudy\WWW\youpei_2.0\Application\Common\Model\ProductModel.class.php 第 218 行.
NOTIC: [2048] Declaration of Common\Model\ProductModel::find() should be compatible with Think\Model::find($options = Array) D:\phpStudy\WWW\youpei_2.0\Application\Common\Model\ProductModel.class.php 第 218 行.
SQL: SELECT `price` FROM `yp_product` WHERE `id` = 58 LIMIT 1   [ RunTime:0.0020s ]
SQL: SELECT `price` FROM `yp_bargain` WHERE `type` = 2 AND `key` = 1 AND `type_id` = 58 AND `start_time` <= 1511074184 AND `end_time` > 1511074184 LIMIT 1   [ RunTime:0.0010s ]
SQL: SELECT `title` FROM `yp_product_class` WHERE ( id=15 ) LIMIT 1   [ RunTime:0.0010s ]
SQL: SELECT `picture` FROM `yp_organization` WHERE ( id=1 ) LIMIT 1   [ RunTime:0.0010s ]
SQL: SELECT * FROM `yp_organization` WHERE `id` = 1 LIMIT 1   [ RunTime:0.0080s ]
SQL: SELECT * FROM `yp_bargain` WHERE `type` = 1 AND `type_id` = 88 AND `key` = 1 AND `start_time` < 1511074184 AND `end_time` > 1511074184 LIMIT 1   [ RunTime:0.0010s ]
NOTIC: [8] Undefined offset: 1 D:\phpStudy\WWW\youpei_2.0\Application\Home\Controller\IndexController.class.php 第 242 行.
SQL: SELECT `price` FROM `yp_product` WHERE `id` = 88 LIMIT 1   [ RunTime:0.0020s ]
SQL: SELECT `price` FROM `yp_bargain` WHERE `type` = 2 AND `key` = 1 AND `type_id` = 88 AND `start_time` <= 1511074184 AND `end_time` > 1511074184 LIMIT 1   [ RunTime:0.0010s ]
SQL: SELECT `title` FROM `yp_product_class` WHERE ( id=14 ) LIMIT 1   [ RunTime:0.0020s ]
SQL: SELECT `picture` FROM `yp_organization` WHERE ( id=1 ) LIMIT 1   [ RunTime:0.0010s ]
SQL: SELECT * FROM `yp_organization` WHERE `id` = 1 LIMIT 1   [ RunTime:0.0070s ]
SQL: SELECT * FROM `yp_bargain` WHERE `type` = 1 AND `type_id` = 86 AND `key` = 1 AND `start_time` < 1511074184 AND `end_time` > 1511074184 LIMIT 1   [ RunTime:0.0010s ]
NOTIC: [8] Undefined offset: 2 D:\phpStudy\WWW\youpei_2.0\Application\Home\Controller\IndexController.class.php 第 242 行.
SQL: SELECT `price` FROM `yp_product` WHERE `id` = 86 LIMIT 1   [ RunTime:0.0010s ]
SQL: SELECT `price` FROM `yp_bargain` WHERE `type` = 2 AND `key` = 1 AND `type_id` = 86 AND `start_time` <= 1511074184 AND `end_time` > 1511074184 LIMIT 1   [ RunTime:0.0010s ]

[ 2017-11-19T14:50:09+08:00 ] 192.168.0.105 /index.php/index
INFO: [ app_init ] --START--
INFO: Run Behavior\BuildLiteBehavior [ RunTime:0.000000s ]
INFO: [ app_init ] --END-- [ RunTime:0.000000s ]
INFO: [ app_begin ] --START--
INFO: Run Behavior\ReadHtmlCacheBehavior [ RunTime:0.001001s ]
INFO: [ app_begin ] --END-- [ RunTime:0.001001s ]
NOTIC: [8] Undefined index: token D:\phpStudy\WWW\youpei_2.0\Application\Home\Controller\BaseController.class.php 第 157 行.
NOTIC: [2048] Declaration of Common\Model\UserModel::delete() should be compatible with Think\Model::delete($options = Array) D:\phpStudy\WWW\youpei_2.0\Application\Common\Model\UserModel.class.php 第 14 行.
NOTIC: [2048] Declaration of Common\Model\UserModel::find() should be compatible with Think\Model::find($options = Array) D:\phpStudy\WWW\youpei_2.0\Application\Common\Model\UserModel.class.php 第 14 行.
SQL: SHOW COLUMNS FROM `yp_user` [ RunTime:0.0110s ]
SQL: SELECT * FROM `yp_user` WHERE ( open_id='oSFV6w-VMN-xdb7eM0pyIq608E8E' ) LIMIT 1   [ RunTime:0.0010s ]
SQL: UPDATE `yp_user` SET `last_login_time`='1511074209' WHERE ( id=7904 ) [ RunTime:0.0010s ]
SQL: SELECT * FROM `yp_user` WHERE ( open_id='oSFV6w-VMN-xdb7eM0pyIq608E8E' ) LIMIT 1   [ RunTime:0.0010s ]
NOTIC: [8] Undefined index: share_user_id D:\phpStudy\WWW\youpei_2.0\Application\Home\Controller\BaseController.class.php 第 113 行.
SQL: SHOW COLUMNS FROM `yp_wxuser` [ RunTime:0.0090s ]
SQL: SELECT * FROM `yp_wxuser` WHERE `token` = 'g232238gc959' LIMIT 1   [ RunTime:0.0010s ]
NOTIC: [2048] Declaration of Common\Model\PictureModel::delete() should be compatible with Think\Model::delete($options = Array) D:\phpStudy\WWW\youpei_2.0\Application\Common\Model\PictureModel.class.php 第 58 行.
NOTIC: [2048] Declaration of Common\Model\PictureModel::find() should be compatible with Think\Model::find($options = Array) D:\phpStudy\WWW\youpei_2.0\Application\Common\Model\PictureModel.class.php 第 58 行.
SQL: SHOW COLUMNS FROM `yp_picture` [ RunTime:0.0070s ]
SQL: SELECT * FROM `yp_picture` ORDER BY sort desc  [ RunTime:0.0010s ]
SQL: SHOW COLUMNS FROM `yp_homeclassify` [ RunTime:0.0100s ]
SQL: SELECT * FROM yp_homeclassify where is_show ='0' ORDER BY sort ASC [ RunTime:0.0010s ]
NOTIC: [2048] Declaration of Common\Model\ProductClassModel::delete() should be compatible with Think\Model::delete($options = Array) D:\phpStudy\WWW\youpei_2.0\Application\Common\Model\ProductClassModel.class.php 第 63 行.
NOTIC: [2048] Declaration of Common\Model\ProductClassModel::find() should be compatible with Think\Model::find($options = Array) D:\phpStudy\WWW\youpei_2.0\Application\Common\Model\ProductClassModel.class.php 第 63 行.
SQL: SHOW COLUMNS FROM `yp_product_class` [ RunTime:0.0100s ]
SQL: SELECT * FROM `yp_product_class` ORDER BY sort asc  [ RunTime:0.0010s ]
SQL: SHOW COLUMNS FROM `yp_bargain` [ RunTime:0.0090s ]
SQL: SELECT DISTINCT  `type_id` FROM `yp_bargain` WHERE `type` = 2 AND `start_time` <= 1511074209 AND `end_time` > 1511074209 LIMIT 4   [ RunTime:0.0010s ]
SQL: SELECT * FROM `yp_bargain` WHERE `type` = 2 AND `type_id` = 36 AND `start_time` <= 1511074209 AND `end_time` > 1511074209 LIMIT 1   [ RunTime:0.0010s ]
SQL: SHOW COLUMNS FROM `yp_product` [ RunTime:0.0080s ]
SQL: SELECT `id`,`title`,`f_title`,`pic_url`,`type`,`price`,`status`,`tag`,`is_hot`,`city`,`area`,`address` FROM `yp_product` WHERE `id` = 36 LIMIT 1   [ RunTime:0.0000s ]
NOTIC: [8] Undefined offset: 2 D:\phpStudy\WWW\youpei_2.0\Application\Home\Controller\IndexController.class.php 第 75 行.
SQL: SHOW COLUMNS FROM `yp_product` [ RunTime:0.0110s ]
SQL: SELECT `id`,`title`,`f_title`,`pic_url`,`type`,`price`,`status`,`tag`,`is_hot` FROM `yp_product` WHERE `type` = 2 AND `is_hot` = 2 AND `check_status` = 2 ORDER BY id desc LIMIT 5   [ RunTime:0.0010s ]
SQL: SHOW COLUMNS FROM `yp_group_record` [ RunTime:0.0080s ]
SQL: UPDATE `yp_group_record` SET `status`='2' WHERE `status` <> 5 AND `end_time` <= 1511074209 [ RunTime:0.0010s ]
SQL: SELECT * FROM `yp_group_record` WHERE `status` <> 5 AND `end_time` > 1511074209  [ RunTime:0.0010s ]
INFO: [ view_parse ] --START--
INFO: [ template_filter ] --START--
INFO: Run Behavior\ContentReplaceBehavior [ RunTime:0.001000s ]
INFO: [ template_filter ] --END-- [ RunTime:0.001000s ]
NOTIC: [8] Undefined variable: umark D:\phpStudy\WWW\youpei_2.0\Application\Runtime\Cache\Home\2a94b8bda04ff446dcedd42276fc99ee.php 第 674 行.
INFO: Run Behavior\ParseTemplateBehavior [ RunTime:0.033002s ]
INFO: [ view_parse ] --END-- [ RunTime:0.033002s ]
INFO: [ view_filter ] --START--
INFO: Run Behavior\WriteHtmlCacheBehavior [ RunTime:0.000000s ]
INFO: [ view_filter ] --END-- [ RunTime:0.000000s ]
INFO: [ app_end ] --START--
INFO: Run Behavior\ShowPageTraceBehavior [ RunTime:0.000000s ]
INFO: [ app_end ] --END-- [ RunTime:0.000000s ]

[ 2017-11-19T14:50:10+08:00 ] 192.168.0.105 /index.php/index
INFO: [ app_init ] --START--
INFO: Run Behavior\BuildLiteBehavior [ RunTime:0.000000s ]
INFO: [ app_init ] --END-- [ RunTime:0.000000s ]
INFO: [ app_begin ] --START--
INFO: Run Behavior\ReadHtmlCacheBehavior [ RunTime:0.001000s ]
INFO: [ app_begin ] --END-- [ RunTime:0.001000s ]
NOTIC: [8] Undefined index: token D:\phpStudy\WWW\youpei_2.0\Application\Home\Controller\BaseController.class.php 第 157 行.
NOTIC: [2048] Declaration of Common\Model\UserModel::delete() should be compatible with Think\Model::delete($options = Array) D:\phpStudy\WWW\youpei_2.0\Application\Common\Model\UserModel.class.php 第 14 行.
NOTIC: [2048] Declaration of Common\Model\UserModel::find() should be compatible with Think\Model::find($options = Array) D:\phpStudy\WWW\youpei_2.0\Application\Common\Model\UserModel.class.php 第 14 行.
SQL: SHOW COLUMNS FROM `yp_user` [ RunTime:0.0070s ]
SQL: SELECT * FROM `yp_user` WHERE ( open_id='oSFV6w-VMN-xdb7eM0pyIq608E8E' ) LIMIT 1   [ RunTime:0.0010s ]
SQL: UPDATE `yp_user` SET `last_login_time`='1511074210' WHERE ( id=7904 ) [ RunTime:0.0010s ]
SQL: SELECT * FROM `yp_user` WHERE ( open_id='oSFV6w-VMN-xdb7eM0pyIq608E8E' ) LIMIT 1   [ RunTime:0.0000s ]
NOTIC: [8] Undefined index: share_user_id D:\phpStudy\WWW\youpei_2.0\Application\Home\Controller\BaseController.class.php 第 113 行.
SQL: SHOW COLUMNS FROM `yp_wxuser` [ RunTime:0.0070s ]
SQL: SELECT * FROM `yp_wxuser` WHERE `token` = 'g232238gc959' LIMIT 1   [ RunTime:0.0010s ]
NOTIC: [2048] Declaration of Common\Model\PictureModel::delete() should be compatible with Think\Model::delete($options = Array) D:\phpStudy\WWW\youpei_2.0\Application\Common\Model\PictureModel.class.php 第 58 行.
NOTIC: [2048] Declaration of Common\Model\PictureModel::find() should be compatible with Think\Model::find($options = Array) D:\phpStudy\WWW\youpei_2.0\Application\Common\Model\PictureModel.class.php 第 58 行.
SQL: SHOW COLUMNS FROM `yp_picture` [ RunTime:0.0070s ]
SQL: SELECT * FROM `yp_picture` ORDER BY sort desc  [ RunTime:0.0010s ]
SQL: SHOW COLUMNS FROM `yp_homeclassify` [ RunTime:0.0080s ]
SQL: SELECT * FROM yp_homeclassify where is_show ='0' ORDER BY sort ASC [ RunTime:0.0010s ]
NOTIC: [2048] Declaration of Common\Model\ProductClassModel::delete() should be compatible with Think\Model::delete($options = Array) D:\phpStudy\WWW\youpei_2.0\Application\Common\Model\ProductClassModel.class.php 第 63 行.
NOTIC: [2048] Declaration of Common\Model\ProductClassModel::find() should be compatible with Think\Model::find($options = Array) D:\phpStudy\WWW\youpei_2.0\Application\Common\Model\ProductClassModel.class.php 第 63 行.
SQL: SHOW COLUMNS FROM `yp_product_class` [ RunTime:0.0070s ]
SQL: SELECT * FROM `yp_product_class` ORDER BY sort asc  [ RunTime:0.0000s ]
SQL: SHOW COLUMNS FROM `yp_bargain` [ RunTime:0.0060s ]
SQL: SELECT DISTINCT  `type_id` FROM `yp_bargain` WHERE `type` = 2 AND `start_time` <= 1511074210 AND `end_time` > 1511074210 LIMIT 4   [ RunTime:0.0010s ]
SQL: SELECT * FROM `yp_bargain` WHERE `type` = 2 AND `type_id` = 36 AND `start_time` <= 1511074210 AND `end_time` > 1511074210 LIMIT 1   [ RunTime:0.0010s ]
SQL: SHOW COLUMNS FROM `yp_product` [ RunTime:0.0120s ]
SQL: SELECT `id`,`title`,`f_title`,`pic_url`,`type`,`price`,`status`,`tag`,`is_hot`,`city`,`area`,`address` FROM `yp_product` WHERE `id` = 36 LIMIT 1   [ RunTime:0.0010s ]
NOTIC: [8] Undefined offset: 2 D:\phpStudy\WWW\youpei_2.0\Application\Home\Controller\IndexController.class.php 第 75 行.
SQL: SHOW COLUMNS FROM `yp_product` [ RunTime:0.0070s ]
SQL: SELECT `id`,`title`,`f_title`,`pic_url`,`type`,`price`,`status`,`tag`,`is_hot` FROM `yp_product` WHERE `type` = 2 AND `is_hot` = 2 AND `check_status` = 2 ORDER BY id desc LIMIT 5   [ RunTime:0.0000s ]
SQL: SHOW COLUMNS FROM `yp_group_record` [ RunTime:0.0070s ]
SQL: UPDATE `yp_group_record` SET `status`='2' WHERE `status` <> 5 AND `end_time` <= 1511074210 [ RunTime:0.0010s ]
SQL: SELECT * FROM `yp_group_record` WHERE `status` <> 5 AND `end_time` > 1511074210  [ RunTime:0.0010s ]
INFO: [ view_parse ] --START--
INFO: [ template_filter ] --START--
INFO: Run Behavior\ContentReplaceBehavior [ RunTime:0.000000s ]
INFO: [ template_filter ] --END-- [ RunTime:0.000000s ]
NOTIC: [8] Undefined variable: umark D:\phpStudy\WWW\youpei_2.0\Application\Runtime\Cache\Home\2a94b8bda04ff446dcedd42276fc99ee.php 第 674 行.
INFO: Run Behavior\ParseTemplateBehavior [ RunTime:0.030001s ]
INFO: [ view_parse ] --END-- [ RunTime:0.030001s ]
INFO: [ view_filter ] --START--
INFO: Run Behavior\WriteHtmlCacheBehavior [ RunTime:0.000000s ]
INFO: [ view_filter ] --END-- [ RunTime:0.000000s ]
INFO: [ app_end ] --START--
INFO: Run Behavior\ShowPageTraceBehavior [ RunTime:0.000000s ]
INFO: [ app_end ] --END-- [ RunTime:0.000000s ]

[ 2017-11-19T14:50:12+08:00 ] 192.168.0.105 /index.php/Index/indexTest
INFO: [ app_init ] --START--
INFO: Run Behavior\BuildLiteBehavior [ RunTime:0.000000s ]
INFO: [ app_init ] --END-- [ RunTime:0.000000s ]
INFO: [ app_begin ] --START--
INFO: Run Behavior\ReadHtmlCacheBehavior [ RunTime:0.000000s ]
INFO: [ app_begin ] --END-- [ RunTime:0.000000s ]
NOTIC: [8] Undefined index: token D:\phpStudy\WWW\youpei_2.0\Application\Home\Controller\BaseController.class.php 第 157 行.
NOTIC: [2048] Declaration of Common\Model\UserModel::delete() should be compatible with Think\Model::delete($options = Array) D:\phpStudy\WWW\youpei_2.0\Application\Common\Model\UserModel.class.php 第 14 行.
NOTIC: [2048] Declaration of Common\Model\UserModel::find() should be compatible with Think\Model::find($options = Array) D:\phpStudy\WWW\youpei_2.0\Application\Common\Model\UserModel.class.php 第 14 行.
SQL: SHOW COLUMNS FROM `yp_user` [ RunTime:0.0060s ]
SQL: SELECT * FROM `yp_user` WHERE ( open_id='oSFV6w-VMN-xdb7eM0pyIq608E8E' ) LIMIT 1   [ RunTime:0.0010s ]
SQL: UPDATE `yp_user` SET `last_login_time`='1511074211' WHERE ( id=7904 ) [ RunTime:0.0010s ]
SQL: SELECT * FROM `yp_user` WHERE ( open_id='oSFV6w-VMN-xdb7eM0pyIq608E8E' ) LIMIT 1   [ RunTime:0.0000s ]
NOTIC: [8] Undefined index: share_user_id D:\phpStudy\WWW\youpei_2.0\Application\Home\Controller\BaseController.class.php 第 113 行.
SQL: SHOW COLUMNS FROM `yp_wxuser` [ RunTime:0.0080s ]
SQL: SELECT * FROM `yp_wxuser` WHERE `token` = 'g232238gc959' LIMIT 1   [ RunTime:0.0010s ]
NOTIC: [2048] Declaration of Common\Model\PictureModel::delete() should be compatible with Think\Model::delete($options = Array) D:\phpStudy\WWW\youpei_2.0\Application\Common\Model\PictureModel.class.php 第 58 行.
NOTIC: [2048] Declaration of Common\Model\PictureModel::find() should be compatible with Think\Model::find($options = Array) D:\phpStudy\WWW\youpei_2.0\Application\Common\Model\PictureModel.class.php 第 58 行.
SQL: SHOW COLUMNS FROM `yp_picture` [ RunTime:0.0060s ]
SQL: SELECT * FROM `yp_picture` ORDER BY sort desc  [ RunTime:0.0000s ]
SQL: SHOW COLUMNS FROM `yp_homeclassify` [ RunTime:0.0080s ]
SQL: SELECT * FROM yp_homeclassify where is_show ='0' ORDER BY sort ASC [ RunTime:0.0010s ]
NOTIC: [2048] Declaration of Common\Model\ProductClassModel::delete() should be compatible with Think\Model::delete($options = Array) D:\phpStudy\WWW\youpei_2.0\Application\Common\Model\ProductClassModel.class.php 第 63 行.
NOTIC: [2048] Declaration of Common\Model\ProductClassModel::find() should be compatible with Think\Model::find($options = Array) D:\phpStudy\WWW\youpei_2.0\Application\Common\Model\ProductClassModel.class.php 第 63 行.
SQL: SHOW COLUMNS FROM `yp_product_class` [ RunTime:0.0070s ]
SQL: SELECT * FROM `yp_product_class` ORDER BY sort asc  [ RunTime:0.0010s ]
SQL: SHOW COLUMNS FROM `yp_bargain` [ RunTime:0.0060s ]
SQL: SELECT DISTINCT  `type_id` FROM `yp_bargain` WHERE `type` = 2 AND `start_time` <= 1511074211 AND `end_time` > 1511074211 LIMIT 4   [ RunTime:0.0010s ]
SQL: SELECT * FROM `yp_bargain` WHERE `type` = 2 AND `type_id` = 36 AND `start_time` <= 1511074211 AND `end_time` > 1511074211 LIMIT 1   [ RunTime:0.0010s ]
SQL: SHOW COLUMNS FROM `yp_product` [ RunTime:0.0070s ]
SQL: SELECT `id`,`title`,`f_title`,`pic_url`,`type`,`price`,`status`,`tag`,`is_hot` FROM `yp_product` WHERE `id` = 36 LIMIT 1   [ RunTime:0.0010s ]
NOTIC: [8] Undefined offset: 2 D:\phpStudy\WWW\youpei_2.0\Application\Home\Controller\IndexController.class.php 第 169 行.
SQL: SHOW COLUMNS FROM `yp_product` [ RunTime:0.0070s ]
SQL: SELECT `id`,`title`,`f_title`,`pic_url`,`type`,`price`,`status`,`tag`,`is_hot` FROM `yp_product` WHERE `type` = 2 AND `is_hot` = 2 AND `check_status` = 2 ORDER BY id desc LIMIT 5   [ RunTime:0.0010s ]

[ 2017-11-19T14:50:13+08:00 ] 192.168.0.105 /index.php/Index/getProductByType
INFO: [ app_init ] --START--
INFO: Run Behavior\BuildLiteBehavior [ RunTime:0.000000s ]
INFO: [ app_init ] --END-- [ RunTime:0.000000s ]
INFO: [ app_begin ] --START--
INFO: Run Behavior\ReadHtmlCacheBehavior [ RunTime:0.000000s ]
INFO: [ app_begin ] --END-- [ RunTime:0.000000s ]
NOTIC: [8] Undefined index: token D:\phpStudy\WWW\youpei_2.0\Application\Home\Controller\BaseController.class.php 第 157 行.
NOTIC: [2048] Declaration of Common\Model\UserModel::delete() should be compatible with Think\Model::delete($options = Array) D:\phpStudy\WWW\youpei_2.0\Application\Common\Model\UserModel.class.php 第 14 行.
NOTIC: [2048] Declaration of Common\Model\UserModel::find() should be compatible with Think\Model::find($options = Array) D:\phpStudy\WWW\youpei_2.0\Application\Common\Model\UserModel.class.php 第 14 行.
SQL: SHOW COLUMNS FROM `yp_user` [ RunTime:0.0070s ]
SQL: SELECT * FROM `yp_user` WHERE ( open_id='oSFV6w-VMN-xdb7eM0pyIq608E8E' ) LIMIT 1   [ RunTime:0.0010s ]
SQL: UPDATE `yp_user` SET `last_login_time`='1511074213' WHERE ( id=7904 ) [ RunTime:0.0010s ]
SQL: SELECT * FROM `yp_user` WHERE ( open_id='oSFV6w-VMN-xdb7eM0pyIq608E8E' ) LIMIT 1   [ RunTime:0.0000s ]
NOTIC: [8] Undefined index: share_user_id D:\phpStudy\WWW\youpei_2.0\Application\Home\Controller\BaseController.class.php 第 113 行.
SQL: SHOW COLUMNS FROM `yp_wxuser` [ RunTime:0.0070s ]
SQL: SELECT * FROM `yp_wxuser` WHERE `token` = 'g232238gc959' LIMIT 1   [ RunTime:0.0010s ]
SQL: SHOW COLUMNS FROM `yp_product` [ RunTime:0.0080s ]
SQL: SELECT `id`,`title`,`pic_url`,`tag`,`class_id`,`org_id`,`f_title`,`price` FROM `yp_product` WHERE `status` = 1 AND `check_status` = 2 AND `is_fire` = 2 ORDER BY sort desc,create_time desc LIMIT 3   [ RunTime:0.0000s ]
NOTIC: [8] Undefined offset: 2 D:\phpStudy\WWW\youpei_2.0\Application\Home\Controller\IndexController.class.php 第 219 行.
NOTIC: [2048] Declaration of Common\Model\ProductClassModel::delete() should be compatible with Think\Model::delete($options = Array) D:\phpStudy\WWW\youpei_2.0\Application\Common\Model\ProductClassModel.class.php 第 63 行.
NOTIC: [2048] Declaration of Common\Model\ProductClassModel::find() should be compatible with Think\Model::find($options = Array) D:\phpStudy\WWW\youpei_2.0\Application\Common\Model\ProductClassModel.class.php 第 63 行.
SQL: SHOW COLUMNS FROM `yp_product_class` [ RunTime:0.0060s ]
SQL: SELECT `title` FROM `yp_product_class` WHERE ( id=11 ) LIMIT 1   [ RunTime:0.0010s ]
NOTIC: [2048] Declaration of Common\Model\OrganizationModel::delete() should be compatible with Think\Model::delete($options = Array) D:\phpStudy\WWW\youpei_2.0\Application\Common\Model\OrganizationModel.class.php 第 112 行.
NOTIC: [2048] Declaration of Common\Model\OrganizationModel::find() should be compatible with Think\Model::find($options = Array) D:\phpStudy\WWW\youpei_2.0\Application\Common\Model\OrganizationModel.class.php 第 112 行.
SQL: SHOW COLUMNS FROM `yp_organization` [ RunTime:0.0060s ]
SQL: SELECT `picture` FROM `yp_organization` WHERE ( id=6 ) LIMIT 1   [ RunTime:0.0000s ]
SQL: SHOW COLUMNS FROM `yp_organization` [ RunTime:0.0070s ]
SQL: SELECT * FROM `yp_organization` WHERE `id` = 6 LIMIT 1   [ RunTime:0.0010s ]
NOTIC: [2048] Declaration of Common\Model\BargainModel::delete() should be compatible with Think\Model::delete($options = Array) D:\phpStudy\WWW\youpei_2.0\Application\Common\Model\BargainModel.class.php 第 64 行.
NOTIC: [2048] Declaration of Common\Model\BargainModel::find() should be compatible with Think\Model::find($options = Array) D:\phpStudy\WWW\youpei_2.0\Application\Common\Model\BargainModel.class.php 第 64 行.
SQL: SHOW COLUMNS FROM `yp_bargain` [ RunTime:0.0060s ]
SQL: SELECT * FROM `yp_bargain` WHERE `type` = 1 AND `type_id` = 58 AND `key` = 1 AND `start_time` < 1511074213 AND `end_time` > 1511074213 LIMIT 1   [ RunTime:0.0000s ]
NOTIC: [8] Undefined offset: 0 D:\phpStudy\WWW\youpei_2.0\Application\Home\Controller\IndexController.class.php 第 242 行.
NOTIC: [2048] Declaration of Common\Model\ProductModel::delete() should be compatible with Think\Model::delete($options = Array) D:\phpStudy\WWW\youpei_2.0\Application\Common\Model\ProductModel.class.php 第 218 行.
NOTIC: [2048] Declaration of Common\Model\ProductModel::find() should be compatible with Think\Model::find($options = Array) D:\phpStudy\WWW\youpei_2.0\Application\Common\Model\ProductModel.class.php 第 218 行.
SQL: SELECT `price` FROM `yp_product` WHERE `id` = 58 LIMIT 1   [ RunTime:0.0010s ]
SQL: SELECT `price` FROM `yp_bargain` WHERE `type` = 2 AND `key` = 1 AND `type_id` = 58 AND `start_time` <= 1511074213 AND `end_time` > 1511074213 LIMIT 1   [ RunTime:0.0010s ]
SQL: SELECT `title` FROM `yp_product_class` WHERE ( id=15 ) LIMIT 1   [ RunTime:0.0010s ]
SQL: SELECT `picture` FROM `yp_organization` WHERE ( id=1 ) LIMIT 1   [ RunTime:0.0000s ]
SQL: SELECT * FROM `yp_organization` WHERE `id` = 1 LIMIT 1   [ RunTime:0.0030s ]
SQL: SELECT * FROM `yp_bargain` WHERE `type` = 1 AND `type_id` = 88 AND `key` = 1 AND `start_time` < 1511074213 AND `end_time` > 1511074213 LIMIT 1   [ RunTime:0.0010s ]
NOTIC: [8] Undefined offset: 1 D:\phpStudy\WWW\youpei_2.0\Application\Home\Controller\IndexController.class.php 第 242 行.
SQL: SELECT `price` FROM `yp_product` WHERE `id` = 88 LIMIT 1   [ RunTime:0.0000s ]
SQL: SELECT `price` FROM `yp_bargain` WHERE `type` = 2 AND `key` = 1 AND `type_id` = 88 AND `start_time` <= 1511074213 AND `end_time` > 1511074213 LIMIT 1   [ RunTime:0.0000s ]
SQL: SELECT `title` FROM `yp_product_class` WHERE ( id=14 ) LIMIT 1   [ RunTime:0.0010s ]
SQL: SELECT `picture` FROM `yp_organization` WHERE ( id=1 ) LIMIT 1   [ RunTime:0.0000s ]
SQL: SELECT * FROM `yp_organization` WHERE `id` = 1 LIMIT 1   [ RunTime:0.0030s ]
SQL: SELECT * FROM `yp_bargain` WHERE `type` = 1 AND `type_id` = 86 AND `key` = 1 AND `start_time` < 1511074213 AND `end_time` > 1511074213 LIMIT 1   [ RunTime:0.0000s ]
NOTIC: [8] Undefined offset: 2 D:\phpStudy\WWW\youpei_2.0\Application\Home\Controller\IndexController.class.php 第 242 行.
SQL: SELECT `price` FROM `yp_product` WHERE `id` = 86 LIMIT 1   [ RunTime:0.0000s ]
SQL: SELECT `price` FROM `yp_bargain` WHERE `type` = 2 AND `key` = 1 AND `type_id` = 86 AND `start_time` <= 1511074213 AND `end_time` > 1511074213 LIMIT 1   [ RunTime:0.0010s ]

[ 2017-11-19T14:50:17+08:00 ] 192.168.0.105 /index.php/poster/index.html?style_id=1
INFO: [ app_init ] --START--
INFO: Run Behavior\BuildLiteBehavior [ RunTime:0.000000s ]
INFO: [ app_init ] --END-- [ RunTime:0.000000s ]
INFO: [ app_begin ] --START--
INFO: Run Behavior\ReadHtmlCacheBehavior [ RunTime:0.001000s ]
INFO: [ app_begin ] --END-- [ RunTime:0.001000s ]
NOTIC: [8] Undefined index: token D:\phpStudy\WWW\youpei_2.0\Application\Home\Controller\BaseController.class.php 第 157 行.
NOTIC: [2048] Declaration of Common\Model\UserModel::delete() should be compatible with Think\Model::delete($options = Array) D:\phpStudy\WWW\youpei_2.0\Application\Common\Model\UserModel.class.php 第 14 行.
NOTIC: [2048] Declaration of Common\Model\UserModel::find() should be compatible with Think\Model::find($options = Array) D:\phpStudy\WWW\youpei_2.0\Application\Common\Model\UserModel.class.php 第 14 行.
SQL: SHOW COLUMNS FROM `yp_user` [ RunTime:0.0060s ]
SQL: SELECT * FROM `yp_user` WHERE ( open_id='oSFV6w-VMN-xdb7eM0pyIq608E8E' ) LIMIT 1   [ RunTime:0.0010s ]
SQL: UPDATE `yp_user` SET `last_login_time`='1511074217' WHERE ( id=7904 ) [ RunTime:0.0010s ]
SQL: SELECT * FROM `yp_user` WHERE ( open_id='oSFV6w-VMN-xdb7eM0pyIq608E8E' ) LIMIT 1   [ RunTime:0.0000s ]
NOTIC: [8] Undefined index: share_user_id D:\phpStudy\WWW\youpei_2.0\Application\Home\Controller\BaseController.class.php 第 113 行.
SQL: SHOW COLUMNS FROM `yp_wxuser` [ RunTime:0.0070s ]
SQL: SELECT * FROM `yp_wxuser` WHERE `token` = 'g232238gc959' LIMIT 1   [ RunTime:0.0010s ]
INFO: [ view_parse ] --START--
INFO: [ template_filter ] --START--
INFO: Run Behavior\ContentReplaceBehavior [ RunTime:0.001000s ]
INFO: [ template_filter ] --END-- [ RunTime:0.001000s ]
INFO: Run Behavior\ParseTemplateBehavior [ RunTime:0.051003s ]
INFO: [ view_parse ] --END-- [ RunTime:0.051003s ]
INFO: [ view_filter ] --START--
INFO: Run Behavior\WriteHtmlCacheBehavior [ RunTime:0.000000s ]
INFO: [ view_filter ] --END-- [ RunTime:0.000000s ]
INFO: [ app_end ] --START--
INFO: Run Behavior\ShowPageTraceBehavior [ RunTime:0.001000s ]
INFO: [ app_end ] --END-- [ RunTime:0.001000s ]

[ 2017-11-19T14:50:18+08:00 ] 192.168.0.105 /index.php/Poster/qrcodeFirst
INFO: [ app_init ] --START--
INFO: Run Behavior\BuildLiteBehavior [ RunTime:0.000000s ]
INFO: [ app_init ] --END-- [ RunTime:0.000000s ]
INFO: [ app_begin ] --START--
INFO: Run Behavior\ReadHtmlCacheBehavior [ RunTime:0.000000s ]
INFO: [ app_begin ] --END-- [ RunTime:0.000000s ]
NOTIC: [8] Undefined index: token D:\phpStudy\WWW\youpei_2.0\Application\Home\Controller\BaseController.class.php 第 157 行.
NOTIC: [2048] Declaration of Common\Model\UserModel::delete() should be compatible with Think\Model::delete($options = Array) D:\phpStudy\WWW\youpei_2.0\Application\Common\Model\UserModel.class.php 第 14 行.
NOTIC: [2048] Declaration of Common\Model\UserModel::find() should be compatible with Think\Model::find($options = Array) D:\phpStudy\WWW\youpei_2.0\Application\Common\Model\UserModel.class.php 第 14 行.
SQL: SHOW COLUMNS FROM `yp_user` [ RunTime:0.0060s ]
SQL: SELECT * FROM `yp_user` WHERE ( open_id='oSFV6w-VMN-xdb7eM0pyIq608E8E' ) LIMIT 1   [ RunTime:0.0010s ]
SQL: UPDATE `yp_user` SET `last_login_time`='1511074218' WHERE ( id=7904 ) [ RunTime:0.0010s ]
SQL: SELECT * FROM `yp_user` WHERE ( open_id='oSFV6w-VMN-xdb7eM0pyIq608E8E' ) LIMIT 1   [ RunTime:0.0000s ]
NOTIC: [8] Undefined index: share_user_id D:\phpStudy\WWW\youpei_2.0\Application\Home\Controller\BaseController.class.php 第 113 行.
SQL: SHOW COLUMNS FROM `yp_wxuser` [ RunTime:0.0060s ]
SQL: SELECT * FROM `yp_wxuser` WHERE `token` = 'g232238gc959' LIMIT 1   [ RunTime:0.0010s ]
NOTIC: [2048] Declaration of Common\Model\PosterStyleModel::delete() should be compatible with Think\Model::delete($options = Array) D:\phpStudy\WWW\youpei_2.0\Application\Common\Model\PosterStyleModel.class.php 第 57 行.
NOTIC: [2048] Declaration of Common\Model\PosterStyleModel::find() should be compatible with Think\Model::find($options = Array) D:\phpStudy\WWW\youpei_2.0\Application\Common\Model\PosterStyleModel.class.php 第 57 行.
SQL: SHOW COLUMNS FROM `yp_poster_style` [ RunTime:0.0720s ]
SQL: SELECT * FROM `yp_poster_style` WHERE ( id=1 ) LIMIT 1   [ RunTime:0.0120s ]
SQL: SHOW COLUMNS FROM `yp_poster_style` [ RunTime:0.0060s ]
SQL: SELECT `id`,`title`,`image` FROM `yp_poster_style` ORDER BY create_time desc LIMIT 5   [ RunTime:0.0010s ]
NOTIC: [8] Undefined offset: 4 D:\phpStudy\WWW\youpei_2.0\Application\Home\Controller\PosterController.class.php 第 140 行.

[ 2017-11-19T14:52:39+08:00 ] 192.168.0.105 /index.php/poster/index.html?style_id=1
INFO: [ app_init ] --START--
INFO: Run Behavior\BuildLiteBehavior [ RunTime:0.000000s ]
INFO: [ app_init ] --END-- [ RunTime:0.001000s ]
INFO: [ app_begin ] --START--
INFO: Run Behavior\ReadHtmlCacheBehavior [ RunTime:0.000000s ]
INFO: [ app_begin ] --END-- [ RunTime:0.000000s ]
NOTIC: [8] Undefined index: token D:\phpStudy\WWW\youpei_2.0\Application\Home\Controller\BaseController.class.php 第 157 行.
NOTIC: [2048] Declaration of Common\Model\UserModel::delete() should be compatible with Think\Model::delete($options = Array) D:\phpStudy\WWW\youpei_2.0\Application\Common\Model\UserModel.class.php 第 14 行.
NOTIC: [2048] Declaration of Common\Model\UserModel::find() should be compatible with Think\Model::find($options = Array) D:\phpStudy\WWW\youpei_2.0\Application\Common\Model\UserModel.class.php 第 14 行.
SQL: SHOW COLUMNS FROM `yp_user` [ RunTime:0.0060s ]
SQL: SELECT * FROM `yp_user` WHERE ( open_id='oSFV6w-VMN-xdb7eM0pyIq608E8E' ) LIMIT 1   [ RunTime:0.0010s ]
SQL: UPDATE `yp_user` SET `last_login_time`='1511074359' WHERE ( id=7904 ) [ RunTime:0.0010s ]
SQL: SELECT * FROM `yp_user` WHERE ( open_id='oSFV6w-VMN-xdb7eM0pyIq608E8E' ) LIMIT 1   [ RunTime:0.0010s ]
NOTIC: [8] Undefined index: share_user_id D:\phpStudy\WWW\youpei_2.0\Application\Home\Controller\BaseController.class.php 第 113 行.
SQL: SHOW COLUMNS FROM `yp_wxuser` [ RunTime:0.0070s ]
SQL: SELECT * FROM `yp_wxuser` WHERE `token` = 'g232238gc959' LIMIT 1   [ RunTime:0.0010s ]
INFO: [ view_parse ] --START--
INFO: [ template_filter ] --START--
INFO: Run Behavior\ContentReplaceBehavior [ RunTime:0.000000s ]
INFO: [ template_filter ] --END-- [ RunTime:0.000000s ]
INFO: Run Behavior\ParseTemplateBehavior [ RunTime:0.008001s ]
INFO: [ view_parse ] --END-- [ RunTime:0.008001s ]
INFO: [ view_filter ] --START--
INFO: Run Behavior\WriteHtmlCacheBehavior [ RunTime:0.001000s ]
INFO: [ view_filter ] --END-- [ RunTime:0.001000s ]
INFO: [ app_end ] --START--
INFO: Run Behavior\ShowPageTraceBehavior [ RunTime:0.000000s ]
INFO: [ app_end ] --END-- [ RunTime:0.000000s ]

[ 2017-11-19T14:52:40+08:00 ] 192.168.0.105 /index.php/Poster/qrcodeFirst
INFO: [ app_init ] --START--
INFO: Run Behavior\BuildLiteBehavior [ RunTime:0.000000s ]
INFO: [ app_init ] --END-- [ RunTime:0.001000s ]
INFO: [ app_begin ] --START--
INFO: Run Behavior\ReadHtmlCacheBehavior [ RunTime:0.001000s ]
INFO: [ app_begin ] --END-- [ RunTime:0.001000s ]
NOTIC: [8] Undefined index: token D:\phpStudy\WWW\youpei_2.0\Application\Home\Controller\BaseController.class.php 第 157 行.
NOTIC: [2048] Declaration of Common\Model\UserModel::delete() should be compatible with Think\Model::delete($options = Array) D:\phpStudy\WWW\youpei_2.0\Application\Common\Model\UserModel.class.php 第 14 行.
NOTIC: [2048] Declaration of Common\Model\UserModel::find() should be compatible with Think\Model::find($options = Array) D:\phpStudy\WWW\youpei_2.0\Application\Common\Model\UserModel.class.php 第 14 行.
SQL: SHOW COLUMNS FROM `yp_user` [ RunTime:0.0070s ]
SQL: SELECT * FROM `yp_user` WHERE ( open_id='oSFV6w-VMN-xdb7eM0pyIq608E8E' ) LIMIT 1   [ RunTime:0.0020s ]
SQL: UPDATE `yp_user` SET `last_login_time`='1511074360' WHERE ( id=7904 ) [ RunTime:0.0010s ]
SQL: SELECT * FROM `yp_user` WHERE ( open_id='oSFV6w-VMN-xdb7eM0pyIq608E8E' ) LIMIT 1   [ RunTime:0.0010s ]
NOTIC: [8] Undefined index: share_user_id D:\phpStudy\WWW\youpei_2.0\Application\Home\Controller\BaseController.class.php 第 113 行.
SQL: SHOW COLUMNS FROM `yp_wxuser` [ RunTime:0.0070s ]
SQL: SELECT * FROM `yp_wxuser` WHERE `token` = 'g232238gc959' LIMIT 1   [ RunTime:0.0010s ]
NOTIC: [2048] Declaration of Common\Model\PosterStyleModel::delete() should be compatible with Think\Model::delete($options = Array) D:\phpStudy\WWW\youpei_2.0\Application\Common\Model\PosterStyleModel.class.php 第 57 行.
NOTIC: [2048] Declaration of Common\Model\PosterStyleModel::find() should be compatible with Think\Model::find($options = Array) D:\phpStudy\WWW\youpei_2.0\Application\Common\Model\PosterStyleModel.class.php 第 57 行.
SQL: SHOW COLUMNS FROM `yp_poster_style` [ RunTime:0.0060s ]
SQL: SELECT * FROM `yp_poster_style` WHERE ( id=1 ) LIMIT 1   [ RunTime:0.0010s ]
SQL: SHOW COLUMNS FROM `yp_poster_style` [ RunTime:0.0070s ]
SQL: SELECT `id`,`title`,`image` FROM `yp_poster_style` ORDER BY create_time desc LIMIT 5   [ RunTime:0.0010s ]
NOTIC: [8] Undefined offset: 4 D:\phpStudy\WWW\youpei_2.0\Application\Home\Controller\PosterController.class.php 第 140 行.

[ 2017-11-19T15:10:43+08:00 ] 192.168.0.105 /index.php/poster/index.html?style_id=1
INFO: [ app_init ] --START--
INFO: Run Behavior\BuildLiteBehavior [ RunTime:0.000000s ]
INFO: [ app_init ] --END-- [ RunTime:0.000000s ]
INFO: [ app_begin ] --START--
INFO: Run Behavior\ReadHtmlCacheBehavior [ RunTime:0.000000s ]
INFO: [ app_begin ] --END-- [ RunTime:0.000000s ]
NOTIC: [8] Undefined index: token D:\phpStudy\WWW\youpei_2.0\Application\Home\Controller\BaseController.class.php 第 157 行.
NOTIC: [2048] Declaration of Common\Model\UserModel::delete() should be compatible with Think\Model::delete($options = Array) D:\phpStudy\WWW\youpei_2.0\Application\Common\Model\UserModel.class.php 第 14 行.
NOTIC: [2048] Declaration of Common\Model\UserModel::find() should be compatible with Think\Model::find($options = Array) D:\phpStudy\WWW\youpei_2.0\Application\Common\Model\UserModel.class.php 第 14 行.
SQL: SHOW COLUMNS FROM `yp_user` [ RunTime:0.0100s ]
SQL: SELECT * FROM `yp_user` WHERE ( open_id='oSFV6w-VMN-xdb7eM0pyIq608E8E' ) LIMIT 1   [ RunTime:0.0020s ]
SQL: UPDATE `yp_user` SET `last_login_time`='1511075443' WHERE ( id=7904 ) [ RunTime:0.0010s ]
SQL: SELECT * FROM `yp_user` WHERE ( open_id='oSFV6w-VMN-xdb7eM0pyIq608E8E' ) LIMIT 1   [ RunTime:0.0010s ]
NOTIC: [8] Undefined index: share_user_id D:\phpStudy\WWW\youpei_2.0\Application\Home\Controller\BaseController.class.php 第 113 行.
SQL: SHOW COLUMNS FROM `yp_wxuser` [ RunTime:0.0080s ]
SQL: SELECT * FROM `yp_wxuser` WHERE `token` = 'g232238gc959' LIMIT 1   [ RunTime:0.0010s ]
INFO: [ view_parse ] --START--
INFO: [ template_filter ] --START--
INFO: Run Behavior\ContentReplaceBehavior [ RunTime:0.000000s ]
INFO: [ template_filter ] --END-- [ RunTime:0.000000s ]
INFO: Run Behavior\ParseTemplateBehavior [ RunTime:0.016000s ]
INFO: [ view_parse ] --END-- [ RunTime:0.016000s ]
INFO: [ view_filter ] --START--
INFO: Run Behavior\WriteHtmlCacheBehavior [ RunTime:0.001001s ]
INFO: [ view_filter ] --END-- [ RunTime:0.001001s ]
INFO: [ app_end ] --START--
INFO: Run Behavior\ShowPageTraceBehavior [ RunTime:0.001000s ]
INFO: [ app_end ] --END-- [ RunTime:0.001000s ]

[ 2017-11-19T15:10:45+08:00 ] 192.168.0.105 /index.php/Poster/qrcodeFirst
INFO: [ app_init ] --START--
INFO: Run Behavior\BuildLiteBehavior [ RunTime:0.000000s ]
INFO: [ app_init ] --END-- [ RunTime:0.000000s ]
INFO: [ app_begin ] --START--
INFO: Run Behavior\ReadHtmlCacheBehavior [ RunTime:0.000000s ]
INFO: [ app_begin ] --END-- [ RunTime:0.000000s ]
NOTIC: [8] Undefined index: token D:\phpStudy\WWW\youpei_2.0\Application\Home\Controller\BaseController.class.php 第 157 行.
NOTIC: [2048] Declaration of Common\Model\UserModel::delete() should be compatible with Think\Model::delete($options = Array) D:\phpStudy\WWW\youpei_2.0\Application\Common\Model\UserModel.class.php 第 14 行.
NOTIC: [2048] Declaration of Common\Model\UserModel::find() should be compatible with Think\Model::find($options = Array) D:\phpStudy\WWW\youpei_2.0\Application\Common\Model\UserModel.class.php 第 14 行.
SQL: SHOW COLUMNS FROM `yp_user` [ RunTime:0.0080s ]
SQL: SELECT * FROM `yp_user` WHERE ( open_id='oSFV6w-VMN-xdb7eM0pyIq608E8E' ) LIMIT 1   [ RunTime:0.0010s ]
SQL: UPDATE `yp_user` SET `last_login_time`='1511075444' WHERE ( id=7904 ) [ RunTime:0.0000s ]
SQL: SELECT * FROM `yp_user` WHERE ( open_id='oSFV6w-VMN-xdb7eM0pyIq608E8E' ) LIMIT 1   [ RunTime:0.0010s ]
NOTIC: [8] Undefined index: share_user_id D:\phpStudy\WWW\youpei_2.0\Application\Home\Controller\BaseController.class.php 第 113 行.
SQL: SHOW COLUMNS FROM `yp_wxuser` [ RunTime:0.0070s ]
SQL: SELECT * FROM `yp_wxuser` WHERE `token` = 'g232238gc959' LIMIT 1   [ RunTime:0.0010s ]
NOTIC: [2048] Declaration of Common\Model\PosterStyleModel::delete() should be compatible with Think\Model::delete($options = Array) D:\phpStudy\WWW\youpei_2.0\Application\Common\Model\PosterStyleModel.class.php 第 57 行.
NOTIC: [2048] Declaration of Common\Model\PosterStyleModel::find() should be compatible with Think\Model::find($options = Array) D:\phpStudy\WWW\youpei_2.0\Application\Common\Model\PosterStyleModel.class.php 第 57 行.
SQL: SHOW COLUMNS FROM `yp_poster_style` [ RunTime:0.0070s ]
SQL: SELECT * FROM `yp_poster_style` WHERE ( id=1 ) LIMIT 1   [ RunTime:0.0000s ]
SQL: SHOW COLUMNS FROM `yp_poster_style` [ RunTime:0.0060s ]
SQL: SELECT `id`,`title`,`image` FROM `yp_poster_style` ORDER BY create_time desc LIMIT 5   [ RunTime:0.0000s ]
NOTIC: [8] Undefined offset: 4 D:\phpStudy\WWW\youpei_2.0\Application\Home\Controller\PosterController.class.php 第 140 行.

