[ 2017-11-18T20:29:29+08:00 ] 192.168.0.105 /index.php/poster/index.html?style_id=1
INFO: [ app_init ] --START--
INFO: Run Behavior\BuildLiteBehavior [ RunTime:0.000000s ]
INFO: [ app_init ] --END-- [ RunTime:0.000000s ]
INFO: [ app_begin ] --START--
INFO: Run Behavior\ReadHtmlCacheBehavior [ RunTime:0.001000s ]
INFO: [ app_begin ] --END-- [ RunTime:0.001000s ]
NOTIC: [8] Undefined index: token D:\phpStudy\WWW\youpei_2.0\Application\Home\Controller\BaseController.class.php 第 157 行.
NOTIC: [8] Undefined index: token D:\phpStudy\WWW\youpei_2.0\Application\Home\Controller\BaseController.class.php 第 159 行.
INFO: [ view_parse ] --START--
INFO: [ template_filter ] --START--
INFO: Run Behavior\ContentReplaceBehavior [ RunTime:0.001000s ]
INFO: [ template_filter ] --END-- [ RunTime:0.001000s ]
NOTIC: [8] Undefined variable: e D:\phpStudy\WWW\youpei_2.0\Application\Runtime\Cache\Home\13ab24dcb80f15290cf0ef422fc5ffa0.php 第 23 行.
INFO: Run Behavior\ParseTemplateBehavior [ RunTime:0.039002s ]
INFO: [ view_parse ] --END-- [ RunTime:0.039002s ]
INFO: [ view_filter ] --START--
INFO: Run Behavior\WriteHtmlCacheBehavior [ RunTime:0.010000s ]
INFO: [ view_filter ] --END-- [ RunTime:0.010000s ]

[ 2017-11-18T20:29:32+08:00 ] 192.168.0.105 /index.php/poster/index.html?style_id=1
INFO: [ app_init ] --START--
INFO: Run Behavior\BuildLiteBehavior [ RunTime:0.000000s ]
INFO: [ app_init ] --END-- [ RunTime:0.001000s ]
INFO: [ app_begin ] --START--
INFO: Run Behavior\ReadHtmlCacheBehavior [ RunTime:0.001000s ]
INFO: [ app_begin ] --END-- [ RunTime:0.001000s ]
NOTIC: [8] Undefined index: token D:\phpStudy\WWW\youpei_2.0\Application\Home\Controller\BaseController.class.php 第 157 行.
NOTIC: [8] Undefined index: token D:\phpStudy\WWW\youpei_2.0\Application\Home\Controller\BaseController.class.php 第 159 行.
INFO: [ view_parse ] --START--
INFO: [ template_filter ] --START--
INFO: Run Behavior\ContentReplaceBehavior [ RunTime:0.000000s ]
INFO: [ template_filter ] --END-- [ RunTime:0.000000s ]
NOTIC: [8] Undefined variable: e D:\phpStudy\WWW\youpei_2.0\Application\Runtime\Cache\Home\13ab24dcb80f15290cf0ef422fc5ffa0.php 第 23 行.
INFO: Run Behavior\ParseTemplateBehavior [ RunTime:0.005001s ]
INFO: [ view_parse ] --END-- [ RunTime:0.005001s ]
INFO: [ view_filter ] --START--
INFO: Run Behavior\WriteHtmlCacheBehavior [ RunTime:0.000000s ]
INFO: [ view_filter ] --END-- [ RunTime:0.000000s ]

[ 2017-11-18T20:29:45+08:00 ] 192.168.0.105 /index.php/Test/setSessionTest?open_id=oSFV6w-VMN-xdb7eM0pyIq608E8E&token=g232238gc959
INFO: [ app_init ] --START--
INFO: Run Behavior\BuildLiteBehavior [ RunTime:0.000000s ]
INFO: [ app_init ] --END-- [ RunTime:0.000000s ]
INFO: [ app_begin ] --START--
INFO: Run Behavior\ReadHtmlCacheBehavior [ RunTime:0.001000s ]
INFO: [ app_begin ] --END-- [ RunTime:0.001000s ]
INFO: [ view_parse ] --START--
INFO: [ template_filter ] --START--
INFO: Run Behavior\ContentReplaceBehavior [ RunTime:0.000000s ]
INFO: [ template_filter ] --END-- [ RunTime:0.000000s ]
INFO: Run Behavior\ParseTemplateBehavior [ RunTime:0.021001s ]
INFO: [ view_parse ] --END-- [ RunTime:0.022001s ]
INFO: [ view_filter ] --START--
INFO: Run Behavior\WriteHtmlCacheBehavior [ RunTime:0.000000s ]
INFO: [ view_filter ] --END-- [ RunTime:0.000000s ]
INFO: [ app_end ] --START--
INFO: Run Behavior\ShowPageTraceBehavior [ RunTime:0.022001s ]
INFO: [ app_end ] --END-- [ RunTime:0.022001s ]

[ 2017-11-18T20:30:17+08:00 ] 192.168.0.105 /index.php/index
INFO: [ app_init ] --START--
INFO: Run Behavior\BuildLiteBehavior [ RunTime:0.000000s ]
INFO: [ app_init ] --END-- [ RunTime:0.000000s ]
INFO: [ app_begin ] --START--
INFO: Run Behavior\ReadHtmlCacheBehavior [ RunTime:0.000000s ]
INFO: [ app_begin ] --END-- [ RunTime:0.000000s ]
NOTIC: [8] Undefined index: token D:\phpStudy\WWW\youpei_2.0\Application\Home\Controller\BaseController.class.php 第 157 行.
NOTIC: [2048] Declaration of Common\Model\UserModel::delete() should be compatible with Think\Model::delete($options = Array) D:\phpStudy\WWW\youpei_2.0\Application\Common\Model\UserModel.class.php 第 14 行.
NOTIC: [2048] Declaration of Common\Model\UserModel::find() should be compatible with Think\Model::find($options = Array) D:\phpStudy\WWW\youpei_2.0\Application\Common\Model\UserModel.class.php 第 14 行.
SQL: SHOW COLUMNS FROM `yp_user` [ RunTime:0.0420s ]
SQL: SELECT * FROM `yp_user` WHERE ( open_id='oSFV6w-VMN-xdb7eM0pyIq608E8E' ) LIMIT 1   [ RunTime:0.0180s ]
SQL: UPDATE `yp_user` SET `last_login_time`='1511008187' WHERE ( id=7904 ) [ RunTime:0.0100s ]
SQL: SELECT * FROM `yp_user` WHERE ( open_id='oSFV6w-VMN-xdb7eM0pyIq608E8E' ) LIMIT 1   [ RunTime:0.0010s ]
NOTIC: [8] Undefined index: share_user_id D:\phpStudy\WWW\youpei_2.0\Application\Home\Controller\BaseController.class.php 第 113 行.
SQL: SHOW COLUMNS FROM `yp_wxuser` [ RunTime:0.0450s ]
SQL: SELECT * FROM `yp_wxuser` WHERE `token` = 'g232238gc959' LIMIT 1   [ RunTime:0.0010s ]

[ 2017-11-18T20:30:17+08:00 ] 192.168.0.105 /index.php/Test/setSessionTest?open_id=oSFV6w-VMN-xdb7eM0pyIq608E8E&token=g232238gc959
INFO: [ app_init ] --START--
INFO: Run Behavior\BuildLiteBehavior [ RunTime:0.000000s ]
INFO: [ app_init ] --END-- [ RunTime:0.000000s ]
INFO: [ app_begin ] --START--
INFO: Run Behavior\ReadHtmlCacheBehavior [ RunTime:0.000000s ]
INFO: [ app_begin ] --END-- [ RunTime:0.000000s ]
INFO: [ view_parse ] --START--
INFO: [ template_filter ] --START--
INFO: Run Behavior\ContentReplaceBehavior [ RunTime:0.000000s ]
INFO: [ template_filter ] --END-- [ RunTime:0.000000s ]
INFO: Run Behavior\ParseTemplateBehavior [ RunTime:0.012001s ]
INFO: [ view_parse ] --END-- [ RunTime:0.012001s ]
INFO: [ view_filter ] --START--
INFO: Run Behavior\WriteHtmlCacheBehavior [ RunTime:0.001000s ]
INFO: [ view_filter ] --END-- [ RunTime:0.001000s ]
INFO: [ app_end ] --START--
INFO: Run Behavior\ShowPageTraceBehavior [ RunTime:0.001000s ]
INFO: [ app_end ] --END-- [ RunTime:0.001000s ]

[ 2017-11-18T20:30:47+08:00 ] 192.168.0.105 /index.php/index
INFO: [ app_init ] --START--
INFO: Run Behavior\BuildLiteBehavior [ RunTime:0.000000s ]
INFO: [ app_init ] --END-- [ RunTime:0.000000s ]
INFO: [ app_begin ] --START--
INFO: Run Behavior\ReadHtmlCacheBehavior [ RunTime:0.000000s ]
INFO: [ app_begin ] --END-- [ RunTime:0.000000s ]
NOTIC: [8] Undefined index: token D:\phpStudy\WWW\youpei_2.0\Application\Home\Controller\BaseController.class.php 第 157 行.
NOTIC: [2048] Declaration of Common\Model\UserModel::delete() should be compatible with Think\Model::delete($options = Array) D:\phpStudy\WWW\youpei_2.0\Application\Common\Model\UserModel.class.php 第 14 行.
NOTIC: [2048] Declaration of Common\Model\UserModel::find() should be compatible with Think\Model::find($options = Array) D:\phpStudy\WWW\youpei_2.0\Application\Common\Model\UserModel.class.php 第 14 行.
SQL: SHOW COLUMNS FROM `yp_user` [ RunTime:0.0050s ]
SQL: SELECT * FROM `yp_user` WHERE ( open_id='oSFV6w-VMN-xdb7eM0pyIq608E8E' ) LIMIT 1   [ RunTime:0.0010s ]
SQL: UPDATE `yp_user` SET `last_login_time`='1511008218' WHERE ( id=7904 ) [ RunTime:0.0010s ]
SQL: SELECT * FROM `yp_user` WHERE ( open_id='oSFV6w-VMN-xdb7eM0pyIq608E8E' ) LIMIT 1   [ RunTime:0.0010s ]
NOTIC: [8] Undefined index: share_user_id D:\phpStudy\WWW\youpei_2.0\Application\Home\Controller\BaseController.class.php 第 113 行.
SQL: SHOW COLUMNS FROM `yp_wxuser` [ RunTime:0.0050s ]
SQL: SELECT * FROM `yp_wxuser` WHERE `token` = 'g232238gc959' LIMIT 1   [ RunTime:0.0010s ]

[ 2017-11-18T20:31:35+08:00 ] 192.168.0.105 /index.php/Test/setSessionTest?open_id=oSFV6w-VMN-xdb7eM0pyIq608E8E&token=g232238gc959
INFO: [ app_init ] --START--
INFO: Run Behavior\BuildLiteBehavior [ RunTime:0.000000s ]
INFO: [ app_init ] --END-- [ RunTime:0.000000s ]
INFO: [ app_begin ] --START--
INFO: Run Behavior\ReadHtmlCacheBehavior [ RunTime:0.000000s ]
INFO: [ app_begin ] --END-- [ RunTime:0.000000s ]
INFO: [ view_parse ] --START--
INFO: [ template_filter ] --START--
INFO: Run Behavior\ContentReplaceBehavior [ RunTime:0.000000s ]
INFO: [ template_filter ] --END-- [ RunTime:0.000000s ]
INFO: Run Behavior\ParseTemplateBehavior [ RunTime:0.007000s ]
INFO: [ view_parse ] --END-- [ RunTime:0.007000s ]
INFO: [ view_filter ] --START--
INFO: Run Behavior\WriteHtmlCacheBehavior [ RunTime:0.000000s ]
INFO: [ view_filter ] --END-- [ RunTime:0.000000s ]
INFO: [ app_end ] --START--
INFO: Run Behavior\ShowPageTraceBehavior [ RunTime:0.001000s ]
INFO: [ app_end ] --END-- [ RunTime:0.001000s ]

[ 2017-11-18T20:31:46+08:00 ] 192.168.0.105 /index.php/Test/setSessionTest?open_id=oSFV6w-VMN-xdb7eM0pyIq608E8E&token=g232238gc959
INFO: [ app_init ] --START--
INFO: Run Behavior\BuildLiteBehavior [ RunTime:0.000000s ]
INFO: [ app_init ] --END-- [ RunTime:0.000000s ]
INFO: [ app_begin ] --START--
INFO: Run Behavior\ReadHtmlCacheBehavior [ RunTime:0.001000s ]
INFO: [ app_begin ] --END-- [ RunTime:0.001000s ]
INFO: [ view_parse ] --START--
INFO: [ template_filter ] --START--
INFO: Run Behavior\ContentReplaceBehavior [ RunTime:0.001000s ]
INFO: [ template_filter ] --END-- [ RunTime:0.001000s ]
INFO: Run Behavior\ParseTemplateBehavior [ RunTime:0.013000s ]
INFO: [ view_parse ] --END-- [ RunTime:0.013000s ]
INFO: [ view_filter ] --START--
INFO: Run Behavior\WriteHtmlCacheBehavior [ RunTime:0.000000s ]
INFO: [ view_filter ] --END-- [ RunTime:0.000000s ]
INFO: [ app_end ] --START--
INFO: Run Behavior\ShowPageTraceBehavior [ RunTime:0.001000s ]
INFO: [ app_end ] --END-- [ RunTime:0.001000s ]

[ 2017-11-18T20:32:16+08:00 ] 192.168.0.105 /index.php/index
INFO: [ app_init ] --START--
INFO: Run Behavior\BuildLiteBehavior [ RunTime:0.000000s ]
INFO: [ app_init ] --END-- [ RunTime:0.000000s ]
INFO: [ app_begin ] --START--
INFO: Run Behavior\ReadHtmlCacheBehavior [ RunTime:0.000000s ]
INFO: [ app_begin ] --END-- [ RunTime:0.000000s ]
NOTIC: [8] Undefined index: token D:\phpStudy\WWW\youpei_2.0\Application\Home\Controller\BaseController.class.php 第 157 行.
NOTIC: [2048] Declaration of Common\Model\UserModel::delete() should be compatible with Think\Model::delete($options = Array) D:\phpStudy\WWW\youpei_2.0\Application\Common\Model\UserModel.class.php 第 14 行.
NOTIC: [2048] Declaration of Common\Model\UserModel::find() should be compatible with Think\Model::find($options = Array) D:\phpStudy\WWW\youpei_2.0\Application\Common\Model\UserModel.class.php 第 14 行.
SQL: SHOW COLUMNS FROM `yp_user` [ RunTime:0.0060s ]
SQL: SELECT * FROM `yp_user` WHERE ( open_id='oSFV6w-VMN-xdb7eM0pyIq608E8E' ) LIMIT 1   [ RunTime:0.0010s ]
SQL: UPDATE `yp_user` SET `last_login_time`='1511008307' WHERE ( id=7904 ) [ RunTime:0.0020s ]
SQL: SELECT * FROM `yp_user` WHERE ( open_id='oSFV6w-VMN-xdb7eM0pyIq608E8E' ) LIMIT 1   [ RunTime:0.0010s ]
NOTIC: [8] Undefined index: share_user_id D:\phpStudy\WWW\youpei_2.0\Application\Home\Controller\BaseController.class.php 第 113 行.
SQL: SHOW COLUMNS FROM `yp_wxuser` [ RunTime:0.0460s ]
SQL: SELECT * FROM `yp_wxuser` WHERE `token` = 'g232238gc959' LIMIT 1   [ RunTime:0.0010s ]

[ 2017-11-18T20:32:32+08:00 ] 192.168.0.105 /index.php/Test/setSessionTest?open_id=oSFV6w-VMN-xdb7eM0pyIq608E8E&token=g232238gc959
INFO: [ app_init ] --START--
INFO: Run Behavior\BuildLiteBehavior [ RunTime:0.000000s ]
INFO: [ app_init ] --END-- [ RunTime:0.000000s ]
INFO: [ app_begin ] --START--
INFO: Run Behavior\ReadHtmlCacheBehavior [ RunTime:0.000000s ]
INFO: [ app_begin ] --END-- [ RunTime:0.000000s ]
INFO: [ view_parse ] --START--
INFO: [ template_filter ] --START--
INFO: Run Behavior\ContentReplaceBehavior [ RunTime:0.000000s ]
INFO: [ template_filter ] --END-- [ RunTime:0.000000s ]
INFO: Run Behavior\ParseTemplateBehavior [ RunTime:0.006000s ]
INFO: [ view_parse ] --END-- [ RunTime:0.006000s ]
INFO: [ view_filter ] --START--
INFO: Run Behavior\WriteHtmlCacheBehavior [ RunTime:0.001000s ]
INFO: [ view_filter ] --END-- [ RunTime:0.001000s ]
INFO: [ app_end ] --START--
INFO: Run Behavior\ShowPageTraceBehavior [ RunTime:0.000000s ]
INFO: [ app_end ] --END-- [ RunTime:0.000000s ]

[ 2017-11-18T20:33:16+08:00 ] 192.168.0.105 /index.php/index
INFO: [ app_init ] --START--
INFO: Run Behavior\BuildLiteBehavior [ RunTime:0.000000s ]
INFO: [ app_init ] --END-- [ RunTime:0.000000s ]
INFO: [ app_begin ] --START--
INFO: Run Behavior\ReadHtmlCacheBehavior [ RunTime:0.001001s ]
INFO: [ app_begin ] --END-- [ RunTime:0.001001s ]
NOTIC: [8] Undefined index: token D:\phpStudy\WWW\youpei_2.0\Application\Home\Controller\BaseController.class.php 第 157 行.
NOTIC: [2048] Declaration of Common\Model\UserModel::delete() should be compatible with Think\Model::delete($options = Array) D:\phpStudy\WWW\youpei_2.0\Application\Common\Model\UserModel.class.php 第 14 行.
NOTIC: [2048] Declaration of Common\Model\UserModel::find() should be compatible with Think\Model::find($options = Array) D:\phpStudy\WWW\youpei_2.0\Application\Common\Model\UserModel.class.php 第 14 行.
SQL: SHOW COLUMNS FROM `yp_user` [ RunTime:0.0060s ]
SQL: SELECT * FROM `yp_user` WHERE ( open_id='oSFV6w-VMN-xdb7eM0pyIq608E8E' ) LIMIT 1   [ RunTime:0.0010s ]
SQL: UPDATE `yp_user` SET `last_login_time`='1511008353' WHERE ( id=7904 ) [ RunTime:0.0010s ]
SQL: SELECT * FROM `yp_user` WHERE ( open_id='oSFV6w-VMN-xdb7eM0pyIq608E8E' ) LIMIT 1   [ RunTime:0.0010s ]
NOTIC: [8] Undefined index: share_user_id D:\phpStudy\WWW\youpei_2.0\Application\Home\Controller\BaseController.class.php 第 113 行.
SQL: SHOW COLUMNS FROM `yp_wxuser` [ RunTime:0.0060s ]
SQL: SELECT * FROM `yp_wxuser` WHERE `token` = 'g232238gc959' LIMIT 1   [ RunTime:0.0010s ]
NOTIC: [8] Trying to get property of non-object D:\phpStudy\WWW\youpei_2.0\ThinkPHP\Library\Org\Util\JSDDK.class.php 第 83 行.

[ 2017-11-18T21:02:43+08:00 ] 192.168.0.105 /index.php/Test/setSessionTest?open_id=oSFV6w-VMN-xdb7eM0pyIq608E8E&token=g232238gc959
INFO: [ app_init ] --START--
INFO: Run Behavior\BuildLiteBehavior [ RunTime:0.000000s ]
INFO: [ app_init ] --END-- [ RunTime:0.000000s ]
INFO: [ app_begin ] --START--
INFO: Run Behavior\ReadHtmlCacheBehavior [ RunTime:0.000000s ]
INFO: [ app_begin ] --END-- [ RunTime:0.000000s ]
INFO: [ view_parse ] --START--
INFO: [ template_filter ] --START--
INFO: Run Behavior\ContentReplaceBehavior [ RunTime:0.000000s ]
INFO: [ template_filter ] --END-- [ RunTime:0.000000s ]
INFO: Run Behavior\ParseTemplateBehavior [ RunTime:0.013001s ]
INFO: [ view_parse ] --END-- [ RunTime:0.013001s ]
INFO: [ view_filter ] --START--
INFO: Run Behavior\WriteHtmlCacheBehavior [ RunTime:0.000000s ]
INFO: [ view_filter ] --END-- [ RunTime:0.000000s ]
INFO: [ app_end ] --START--
INFO: Run Behavior\ShowPageTraceBehavior [ RunTime:0.001000s ]
INFO: [ app_end ] --END-- [ RunTime:0.001000s ]

[ 2017-11-18T21:03:14+08:00 ] 192.168.0.105 /index.php/index
INFO: [ app_init ] --START--
INFO: Run Behavior\BuildLiteBehavior [ RunTime:0.001000s ]
INFO: [ app_init ] --END-- [ RunTime:0.001000s ]
INFO: [ app_begin ] --START--
INFO: Run Behavior\ReadHtmlCacheBehavior [ RunTime:0.000000s ]
INFO: [ app_begin ] --END-- [ RunTime:0.000000s ]
NOTIC: [8] Undefined index: token D:\phpStudy\WWW\youpei_2.0\Application\Home\Controller\BaseController.class.php 第 157 行.
NOTIC: [2048] Declaration of Common\Model\UserModel::delete() should be compatible with Think\Model::delete($options = Array) D:\phpStudy\WWW\youpei_2.0\Application\Common\Model\UserModel.class.php 第 14 行.
NOTIC: [2048] Declaration of Common\Model\UserModel::find() should be compatible with Think\Model::find($options = Array) D:\phpStudy\WWW\youpei_2.0\Application\Common\Model\UserModel.class.php 第 14 行.
SQL: SHOW COLUMNS FROM `yp_user` [ RunTime:0.0060s ]
SQL: SELECT * FROM `yp_user` WHERE ( open_id='oSFV6w-VMN-xdb7eM0pyIq608E8E' ) LIMIT 1   [ RunTime:0.0010s ]
SQL: UPDATE `yp_user` SET `last_login_time`='1511010164' WHERE ( id=7904 ) [ RunTime:0.0000s ]
SQL: SELECT * FROM `yp_user` WHERE ( open_id='oSFV6w-VMN-xdb7eM0pyIq608E8E' ) LIMIT 1   [ RunTime:0.0000s ]
NOTIC: [8] Undefined index: share_user_id D:\phpStudy\WWW\youpei_2.0\Application\Home\Controller\BaseController.class.php 第 113 行.
SQL: SHOW COLUMNS FROM `yp_wxuser` [ RunTime:0.0060s ]
SQL: SELECT * FROM `yp_wxuser` WHERE `token` = 'g232238gc959' LIMIT 1   [ RunTime:0.0010s ]

