[ 2017-11-15T22:09:06+08:00 ] 192.168.0.111 /index.php/Vote/voteList.html?vote_id=8
INFO: [ app_init ] --START--
INFO: Run Behavior\BuildLiteBehavior [ RunTime:0.000000s ]
INFO: [ app_init ] --END-- [ RunTime:0.033002s ]
INFO: [ app_begin ] --START--
INFO: Run Behavior\ReadHtmlCacheBehavior [ RunTime:0.001000s ]
INFO: [ app_begin ] --END-- [ RunTime:0.001000s ]
NOTIC: [8] Undefined index: token D:\phpStudy\WWW\youpei_2.0\Application\Home\Controller\BaseController.class.php 第 157 行.
NOTIC: [2048] Declaration of Common\Model\UserModel::delete() should be compatible with Think\Model::delete($options = Array) D:\phpStudy\WWW\youpei_2.0\Application\Common\Model\UserModel.class.php 第 14 行.
NOTIC: [2048] Declaration of Common\Model\UserModel::find() should be compatible with Think\Model::find($options = Array) D:\phpStudy\WWW\youpei_2.0\Application\Common\Model\UserModel.class.php 第 14 行.
SQL: SHOW COLUMNS FROM `yp_user` [ RunTime:0.0200s ]
SQL: SELECT * FROM `yp_user` WHERE ( open_id='oSFV6w-VMN-xdb7eM0pyIq608E8E' ) LIMIT 1   [ RunTime:0.0180s ]
SQL: UPDATE `yp_user` SET `last_login_time`='1510754943' WHERE ( id=7904 ) [ RunTime:0.0090s ]
SQL: SELECT * FROM `yp_user` WHERE ( open_id='oSFV6w-VMN-xdb7eM0pyIq608E8E' ) LIMIT 1   [ RunTime:0.0020s ]
NOTIC: [8] Undefined index: share_user_id D:\phpStudy\WWW\youpei_2.0\Application\Home\Controller\BaseController.class.php 第 113 行.
SQL: SHOW COLUMNS FROM `yp_wxuser` [ RunTime:0.0100s ]
SQL: SELECT * FROM `yp_wxuser` WHERE `token` = 'g232238gc959' LIMIT 1   [ RunTime:0.0020s ]
INFO: [ view_parse ] --START--
INFO: [ template_filter ] --START--
INFO: Run Behavior\ContentReplaceBehavior [ RunTime:0.036002s ]
INFO: [ template_filter ] --END-- [ RunTime:0.036002s ]
INFO: Run Behavior\ParseTemplateBehavior [ RunTime:0.714041s ]
INFO: [ view_parse ] --END-- [ RunTime:0.714041s ]
INFO: [ view_filter ] --START--
INFO: Run Behavior\WriteHtmlCacheBehavior [ RunTime:0.035002s ]
INFO: [ view_filter ] --END-- [ RunTime:0.035002s ]
INFO: [ app_end ] --START--
INFO: Run Behavior\ShowPageTraceBehavior [ RunTime:0.045002s ]
INFO: [ app_end ] --END-- [ RunTime:0.045002s ]

[ 2017-11-15T22:09:07+08:00 ] 192.168.0.111 /index.php/Vote/voteListContribution?vote_id=8
INFO: [ app_init ] --START--
INFO: Run Behavior\BuildLiteBehavior [ RunTime:0.000000s ]
INFO: [ app_init ] --END-- [ RunTime:0.000000s ]
INFO: [ app_begin ] --START--
INFO: Run Behavior\ReadHtmlCacheBehavior [ RunTime:0.001000s ]
INFO: [ app_begin ] --END-- [ RunTime:0.001000s ]
NOTIC: [8] Undefined index: token D:\phpStudy\WWW\youpei_2.0\Application\Home\Controller\BaseController.class.php 第 157 行.
NOTIC: [2048] Declaration of Common\Model\UserModel::delete() should be compatible with Think\Model::delete($options = Array) D:\phpStudy\WWW\youpei_2.0\Application\Common\Model\UserModel.class.php 第 14 行.
NOTIC: [2048] Declaration of Common\Model\UserModel::find() should be compatible with Think\Model::find($options = Array) D:\phpStudy\WWW\youpei_2.0\Application\Common\Model\UserModel.class.php 第 14 行.
SQL: SHOW COLUMNS FROM `yp_user` [ RunTime:0.0120s ]
SQL: SELECT * FROM `yp_user` WHERE ( open_id='oSFV6w-VMN-xdb7eM0pyIq608E8E' ) LIMIT 1   [ RunTime:0.0030s ]
SQL: UPDATE `yp_user` SET `last_login_time`='1510754947' WHERE ( id=7904 ) [ RunTime:0.0010s ]
SQL: SELECT * FROM `yp_user` WHERE ( open_id='oSFV6w-VMN-xdb7eM0pyIq608E8E' ) LIMIT 1   [ RunTime:0.0020s ]
NOTIC: [8] Undefined index: share_user_id D:\phpStudy\WWW\youpei_2.0\Application\Home\Controller\BaseController.class.php 第 113 行.
SQL: SHOW COLUMNS FROM `yp_wxuser` [ RunTime:0.0110s ]
SQL: SELECT * FROM `yp_wxuser` WHERE `token` = 'g232238gc959' LIMIT 1   [ RunTime:0.0020s ]
NOTIC: [2048] Declaration of Common\Model\VoteModel::delete() should be compatible with Think\Model::delete($options = Array) D:\phpStudy\WWW\youpei_2.0\Application\Common\Model\VoteModel.class.php 第 60 行.
NOTIC: [2048] Declaration of Common\Model\VoteModel::find() should be compatible with Think\Model::find($options = Array) D:\phpStudy\WWW\youpei_2.0\Application\Common\Model\VoteModel.class.php 第 60 行.
SQL: SHOW COLUMNS FROM `yp_vote` [ RunTime:0.0260s ]
SQL: SELECT * FROM `yp_vote` WHERE ( id=8 ) LIMIT 1   [ RunTime:0.0010s ]

[ 2017-11-15T22:09:09+08:00 ] 192.168.0.111 /index.php/Vote/ajaxVoteList?vote_id=8
INFO: [ app_init ] --START--
INFO: Run Behavior\BuildLiteBehavior [ RunTime:0.000000s ]
INFO: [ app_init ] --END-- [ RunTime:0.000000s ]
INFO: [ app_begin ] --START--
INFO: Run Behavior\ReadHtmlCacheBehavior [ RunTime:0.001000s ]
INFO: [ app_begin ] --END-- [ RunTime:0.001000s ]
NOTIC: [8] Undefined index: token D:\phpStudy\WWW\youpei_2.0\Application\Home\Controller\BaseController.class.php 第 157 行.
NOTIC: [2048] Declaration of Common\Model\UserModel::delete() should be compatible with Think\Model::delete($options = Array) D:\phpStudy\WWW\youpei_2.0\Application\Common\Model\UserModel.class.php 第 14 行.
NOTIC: [2048] Declaration of Common\Model\UserModel::find() should be compatible with Think\Model::find($options = Array) D:\phpStudy\WWW\youpei_2.0\Application\Common\Model\UserModel.class.php 第 14 行.
SQL: SHOW COLUMNS FROM `yp_user` [ RunTime:0.0100s ]
SQL: SELECT * FROM `yp_user` WHERE ( open_id='oSFV6w-VMN-xdb7eM0pyIq608E8E' ) LIMIT 1   [ RunTime:0.0030s ]
SQL: UPDATE `yp_user` SET `last_login_time`='1510754949' WHERE ( id=7904 ) [ RunTime:0.0010s ]
SQL: SELECT * FROM `yp_user` WHERE ( open_id='oSFV6w-VMN-xdb7eM0pyIq608E8E' ) LIMIT 1   [ RunTime:0.0020s ]
NOTIC: [8] Undefined index: share_user_id D:\phpStudy\WWW\youpei_2.0\Application\Home\Controller\BaseController.class.php 第 113 行.
SQL: SHOW COLUMNS FROM `yp_wxuser` [ RunTime:0.0110s ]
SQL: SELECT * FROM `yp_wxuser` WHERE `token` = 'g232238gc959' LIMIT 1   [ RunTime:0.0020s ]
NOTIC: [2048] Declaration of Common\Model\VoteModel::delete() should be compatible with Think\Model::delete($options = Array) D:\phpStudy\WWW\youpei_2.0\Application\Common\Model\VoteModel.class.php 第 60 行.
NOTIC: [2048] Declaration of Common\Model\VoteModel::find() should be compatible with Think\Model::find($options = Array) D:\phpStudy\WWW\youpei_2.0\Application\Common\Model\VoteModel.class.php 第 60 行.
SQL: SHOW COLUMNS FROM `yp_vote` [ RunTime:0.0090s ]
SQL: SELECT * FROM `yp_vote` WHERE ( id=8 ) LIMIT 1   [ RunTime:0.0010s ]
SQL: UPDATE `yp_vote` SET `visit_sum`=visit_sum+1 WHERE ( id=8 ) [ RunTime:0.0010s ]
NOTIC: [2048] Declaration of Common\Model\VoteRecordModel::delete() should be compatible with Think\Model::delete($options = Array) D:\phpStudy\WWW\youpei_2.0\Application\Common\Model\VoteRecordModel.class.php 第 69 行.
NOTIC: [2048] Declaration of Common\Model\VoteRecordModel::find() should be compatible with Think\Model::find($options = Array) D:\phpStudy\WWW\youpei_2.0\Application\Common\Model\VoteRecordModel.class.php 第 69 行.
SQL: SHOW COLUMNS FROM `yp_vote_record` [ RunTime:0.0230s ]
SQL: SELECT * FROM `yp_vote_record` WHERE `user_id` = 7904 AND `type` = 1 AND `is_expend` = 2 AND ( `create_time` >= 1510675200 AND `create_time` <= 1510761600  ) LIMIT 1   [ RunTime:0.0190s ]
NOTIC: [8] Undefined index: share_user_id D:\phpStudy\WWW\youpei_2.0\Application\Home\Controller\VoteController.class.php 第 113 行.
SQL: INSERT INTO `yp_vote_record` (`create_time`,`user_id`,`type`,`type_id`,`count`,`is_expend`) VALUES ('1510754949','7904','1',NULL,'2','2') [ RunTime:0.0020s ]
SQL: SHOW COLUMNS FROM `yp_contribution_record` [ RunTime:0.0330s ]
SQL: SELECT `id`,`type`,`path`,`username`,`title`,`vote_count`,`age_bracket` FROM `yp_contribution_record` WHERE `vote_id` = 8 AND `status` = 2 ORDER BY vote_count desc  [ RunTime:0.0250s ]
SQL: SELECT SUM(vote_count) AS tp_sum FROM `yp_contribution_record` WHERE `vote_id` = 8 AND `status` = 2 LIMIT 1   [ RunTime:0.0010s ]

[ 2017-11-15T22:24:19+08:00 ] 192.168.0.111 /index.php/poster/index.html?style_id=1
INFO: [ app_init ] --START--
INFO: Run Behavior\BuildLiteBehavior [ RunTime:0.000000s ]
INFO: [ app_init ] --END-- [ RunTime:0.000000s ]
INFO: [ app_begin ] --START--
INFO: Run Behavior\ReadHtmlCacheBehavior [ RunTime:0.000000s ]
INFO: [ app_begin ] --END-- [ RunTime:0.001000s ]
NOTIC: [8] Undefined index: token D:\phpStudy\WWW\youpei_2.0\Application\Home\Controller\BaseController.class.php 第 157 行.
NOTIC: [2048] Declaration of Common\Model\UserModel::delete() should be compatible with Think\Model::delete($options = Array) D:\phpStudy\WWW\youpei_2.0\Application\Common\Model\UserModel.class.php 第 14 行.
NOTIC: [2048] Declaration of Common\Model\UserModel::find() should be compatible with Think\Model::find($options = Array) D:\phpStudy\WWW\youpei_2.0\Application\Common\Model\UserModel.class.php 第 14 行.
SQL: SHOW COLUMNS FROM `yp_user` [ RunTime:0.0080s ]
SQL: SELECT * FROM `yp_user` WHERE ( open_id='oSFV6w-VMN-xdb7eM0pyIq608E8E' ) LIMIT 1   [ RunTime:0.0010s ]
SQL: UPDATE `yp_user` SET `last_login_time`='1510755859' WHERE ( id=7904 ) [ RunTime:0.0020s ]
SQL: SELECT * FROM `yp_user` WHERE ( open_id='oSFV6w-VMN-xdb7eM0pyIq608E8E' ) LIMIT 1   [ RunTime:0.0010s ]
NOTIC: [8] Undefined index: share_user_id D:\phpStudy\WWW\youpei_2.0\Application\Home\Controller\BaseController.class.php 第 113 行.
SQL: SHOW COLUMNS FROM `yp_wxuser` [ RunTime:0.0090s ]
SQL: SELECT * FROM `yp_wxuser` WHERE `token` = 'g232238gc959' LIMIT 1   [ RunTime:0.0020s ]
INFO: [ view_parse ] --START--
INFO: [ template_filter ] --START--
INFO: Run Behavior\ContentReplaceBehavior [ RunTime:0.000000s ]
INFO: [ template_filter ] --END-- [ RunTime:0.000000s ]
INFO: Run Behavior\ParseTemplateBehavior [ RunTime:0.020001s ]
INFO: [ view_parse ] --END-- [ RunTime:0.020001s ]
INFO: [ view_filter ] --START--
INFO: Run Behavior\WriteHtmlCacheBehavior [ RunTime:0.001000s ]
INFO: [ view_filter ] --END-- [ RunTime:0.001000s ]
INFO: [ app_end ] --START--
INFO: Run Behavior\ShowPageTraceBehavior [ RunTime:0.001000s ]
INFO: [ app_end ] --END-- [ RunTime:0.001000s ]

[ 2017-11-15T22:24:21+08:00 ] 192.168.0.111 /index.php/Poster/qrcodeFirst
INFO: [ app_init ] --START--
INFO: Run Behavior\BuildLiteBehavior [ RunTime:0.000000s ]
INFO: [ app_init ] --END-- [ RunTime:0.000000s ]
INFO: [ app_begin ] --START--
INFO: Run Behavior\ReadHtmlCacheBehavior [ RunTime:0.000000s ]
INFO: [ app_begin ] --END-- [ RunTime:0.000000s ]
NOTIC: [8] Undefined index: token D:\phpStudy\WWW\youpei_2.0\Application\Home\Controller\BaseController.class.php 第 157 行.
NOTIC: [2048] Declaration of Common\Model\UserModel::delete() should be compatible with Think\Model::delete($options = Array) D:\phpStudy\WWW\youpei_2.0\Application\Common\Model\UserModel.class.php 第 14 行.
NOTIC: [2048] Declaration of Common\Model\UserModel::find() should be compatible with Think\Model::find($options = Array) D:\phpStudy\WWW\youpei_2.0\Application\Common\Model\UserModel.class.php 第 14 行.
SQL: SHOW COLUMNS FROM `yp_user` [ RunTime:0.0080s ]
SQL: SELECT * FROM `yp_user` WHERE ( open_id='oSFV6w-VMN-xdb7eM0pyIq608E8E' ) LIMIT 1   [ RunTime:0.0010s ]
SQL: UPDATE `yp_user` SET `last_login_time`='1510755860' WHERE ( id=7904 ) [ RunTime:0.0010s ]
SQL: SELECT * FROM `yp_user` WHERE ( open_id='oSFV6w-VMN-xdb7eM0pyIq608E8E' ) LIMIT 1   [ RunTime:0.0010s ]
NOTIC: [8] Undefined index: share_user_id D:\phpStudy\WWW\youpei_2.0\Application\Home\Controller\BaseController.class.php 第 113 行.
SQL: SHOW COLUMNS FROM `yp_wxuser` [ RunTime:0.0080s ]
SQL: SELECT * FROM `yp_wxuser` WHERE `token` = 'g232238gc959' LIMIT 1   [ RunTime:0.0010s ]
NOTIC: [2048] Declaration of Common\Model\PosterStyleModel::delete() should be compatible with Think\Model::delete($options = Array) D:\phpStudy\WWW\youpei_2.0\Application\Common\Model\PosterStyleModel.class.php 第 57 行.
NOTIC: [2048] Declaration of Common\Model\PosterStyleModel::find() should be compatible with Think\Model::find($options = Array) D:\phpStudy\WWW\youpei_2.0\Application\Common\Model\PosterStyleModel.class.php 第 57 行.
SQL: SHOW COLUMNS FROM `yp_poster_style` [ RunTime:0.0850s ]
SQL: SELECT * FROM `yp_poster_style` WHERE ( id=1 ) LIMIT 1   [ RunTime:0.1080s ]
SQL: SHOW COLUMNS FROM `yp_poster_style` [ RunTime:0.0080s ]
SQL: SELECT `id`,`title`,`image` FROM `yp_poster_style` ORDER BY create_time desc LIMIT 5   [ RunTime:0.0010s ]
NOTIC: [8] Undefined offset: 4 D:\phpStudy\WWW\youpei_2.0\Application\Home\Controller\PosterController.class.php 第 136 行.

[ 2017-11-15T22:41:19+08:00 ] 192.168.0.111 /index.php/poster/sendTest.html?style_id=1
INFO: [ app_init ] --START--
INFO: Run Behavior\BuildLiteBehavior [ RunTime:0.000000s ]
INFO: [ app_init ] --END-- [ RunTime:0.000000s ]
INFO: [ app_begin ] --START--
INFO: Run Behavior\ReadHtmlCacheBehavior [ RunTime:0.001000s ]
INFO: [ app_begin ] --END-- [ RunTime:0.001000s ]
NOTIC: [8] Undefined index: token D:\phpStudy\WWW\youpei_2.0\Application\Home\Controller\BaseController.class.php 第 157 行.
NOTIC: [2048] Declaration of Common\Model\UserModel::delete() should be compatible with Think\Model::delete($options = Array) D:\phpStudy\WWW\youpei_2.0\Application\Common\Model\UserModel.class.php 第 14 行.
NOTIC: [2048] Declaration of Common\Model\UserModel::find() should be compatible with Think\Model::find($options = Array) D:\phpStudy\WWW\youpei_2.0\Application\Common\Model\UserModel.class.php 第 14 行.
SQL: SHOW COLUMNS FROM `yp_user` [ RunTime:0.0070s ]
SQL: SELECT * FROM `yp_user` WHERE ( open_id='oSFV6w-VMN-xdb7eM0pyIq608E8E' ) LIMIT 1   [ RunTime:0.0020s ]
SQL: UPDATE `yp_user` SET `last_login_time`='1510756879' WHERE ( id=7904 ) [ RunTime:0.0020s ]
SQL: SELECT * FROM `yp_user` WHERE ( open_id='oSFV6w-VMN-xdb7eM0pyIq608E8E' ) LIMIT 1   [ RunTime:0.0010s ]
NOTIC: [8] Undefined index: share_user_id D:\phpStudy\WWW\youpei_2.0\Application\Home\Controller\BaseController.class.php 第 113 行.
SQL: SHOW COLUMNS FROM `yp_wxuser` [ RunTime:0.0100s ]
SQL: SELECT * FROM `yp_wxuser` WHERE `token` = 'g232238gc959' LIMIT 1   [ RunTime:0.0020s ]
INFO: [ view_parse ] --START--
INFO: [ template_filter ] --START--
INFO: Run Behavior\ContentReplaceBehavior [ RunTime:0.000000s ]
INFO: [ template_filter ] --END-- [ RunTime:0.001000s ]
NOTIC: [8] Undefined variable: CONF D:\phpStudy\WWW\youpei_2.0\Application\Runtime\Cache\Home\f834e4967e3fad51b4dec404ea818b3b.php 第 7 行.
NOTIC: [8] Undefined variable: orderInfos D:\phpStudy\WWW\youpei_2.0\Application\Runtime\Cache\Home\f834e4967e3fad51b4dec404ea818b3b.php 第 20 行.
INFO: Run Behavior\ParseTemplateBehavior [ RunTime:0.079005s ]
INFO: [ view_parse ] --END-- [ RunTime:0.079005s ]
INFO: [ view_filter ] --START--
INFO: Run Behavior\WriteHtmlCacheBehavior [ RunTime:0.001000s ]
INFO: [ view_filter ] --END-- [ RunTime:0.001000s ]
INFO: [ app_end ] --START--
INFO: Run Behavior\ShowPageTraceBehavior [ RunTime:0.000000s ]
INFO: [ app_end ] --END-- [ RunTime:0.000000s ]

[ 2017-11-15T22:41:20+08:00 ] 192.168.0.111 /index.php/poster/favicon.ico
INFO: [ app_init ] --START--
INFO: Run Behavior\BuildLiteBehavior [ RunTime:0.000000s ]
INFO: [ app_init ] --END-- [ RunTime:0.000000s ]

[ 2017-11-15T22:41:28+08:00 ] 192.168.0.111 /index.php/poster/sendTest.html
INFO: [ app_init ] --START--
INFO: Run Behavior\BuildLiteBehavior [ RunTime:0.000000s ]
INFO: [ app_init ] --END-- [ RunTime:0.000000s ]
INFO: [ app_begin ] --START--
INFO: Run Behavior\ReadHtmlCacheBehavior [ RunTime:0.001000s ]
INFO: [ app_begin ] --END-- [ RunTime:0.001000s ]
NOTIC: [8] Undefined index: token D:\phpStudy\WWW\youpei_2.0\Application\Home\Controller\BaseController.class.php 第 157 行.
NOTIC: [2048] Declaration of Common\Model\UserModel::delete() should be compatible with Think\Model::delete($options = Array) D:\phpStudy\WWW\youpei_2.0\Application\Common\Model\UserModel.class.php 第 14 行.
NOTIC: [2048] Declaration of Common\Model\UserModel::find() should be compatible with Think\Model::find($options = Array) D:\phpStudy\WWW\youpei_2.0\Application\Common\Model\UserModel.class.php 第 14 行.
SQL: SHOW COLUMNS FROM `yp_user` [ RunTime:0.0070s ]
SQL: SELECT * FROM `yp_user` WHERE ( open_id='oSFV6w-VMN-xdb7eM0pyIq608E8E' ) LIMIT 1   [ RunTime:0.0010s ]
SQL: UPDATE `yp_user` SET `last_login_time`='1510756888' WHERE ( id=7904 ) [ RunTime:0.0010s ]
SQL: SELECT * FROM `yp_user` WHERE ( open_id='oSFV6w-VMN-xdb7eM0pyIq608E8E' ) LIMIT 1   [ RunTime:0.0010s ]
NOTIC: [8] Undefined index: share_user_id D:\phpStudy\WWW\youpei_2.0\Application\Home\Controller\BaseController.class.php 第 113 行.
SQL: SHOW COLUMNS FROM `yp_wxuser` [ RunTime:0.0080s ]
SQL: SELECT * FROM `yp_wxuser` WHERE `token` = 'g232238gc959' LIMIT 1   [ RunTime:0.0020s ]
INFO: [ view_parse ] --START--
INFO: [ template_filter ] --START--
INFO: Run Behavior\ContentReplaceBehavior [ RunTime:0.000000s ]
INFO: [ template_filter ] --END-- [ RunTime:0.000000s ]
NOTIC: [8] Undefined variable: CONF D:\phpStudy\WWW\youpei_2.0\Application\Runtime\Cache\Home\f834e4967e3fad51b4dec404ea818b3b.php 第 7 行.
NOTIC: [8] Undefined variable: orderInfos D:\phpStudy\WWW\youpei_2.0\Application\Runtime\Cache\Home\f834e4967e3fad51b4dec404ea818b3b.php 第 20 行.
INFO: Run Behavior\ParseTemplateBehavior [ RunTime:0.007001s ]
INFO: [ view_parse ] --END-- [ RunTime:0.007001s ]
INFO: [ view_filter ] --START--
INFO: Run Behavior\WriteHtmlCacheBehavior [ RunTime:0.001000s ]
INFO: [ view_filter ] --END-- [ RunTime:0.001000s ]
INFO: [ app_end ] --START--
INFO: Run Behavior\ShowPageTraceBehavior [ RunTime:0.001000s ]
INFO: [ app_end ] --END-- [ RunTime:0.001000s ]

[ 2017-11-15T22:43:35+08:00 ] 192.168.0.111 /index.php/poster/sendTest.html
INFO: [ app_init ] --START--
INFO: Run Behavior\BuildLiteBehavior [ RunTime:0.000000s ]
INFO: [ app_init ] --END-- [ RunTime:0.000000s ]
INFO: [ app_begin ] --START--
INFO: Run Behavior\ReadHtmlCacheBehavior [ RunTime:0.000000s ]
INFO: [ app_begin ] --END-- [ RunTime:0.000000s ]
NOTIC: [8] Undefined index: token D:\phpStudy\WWW\youpei_2.0\Application\Home\Controller\BaseController.class.php 第 157 行.
NOTIC: [2048] Declaration of Common\Model\UserModel::delete() should be compatible with Think\Model::delete($options = Array) D:\phpStudy\WWW\youpei_2.0\Application\Common\Model\UserModel.class.php 第 14 行.
NOTIC: [2048] Declaration of Common\Model\UserModel::find() should be compatible with Think\Model::find($options = Array) D:\phpStudy\WWW\youpei_2.0\Application\Common\Model\UserModel.class.php 第 14 行.
SQL: SHOW COLUMNS FROM `yp_user` [ RunTime:0.0070s ]
SQL: SELECT * FROM `yp_user` WHERE ( open_id='oSFV6w-VMN-xdb7eM0pyIq608E8E' ) LIMIT 1   [ RunTime:0.0020s ]
SQL: UPDATE `yp_user` SET `last_login_time`='1510757015' WHERE ( id=7904 ) [ RunTime:0.0020s ]
SQL: SELECT * FROM `yp_user` WHERE ( open_id='oSFV6w-VMN-xdb7eM0pyIq608E8E' ) LIMIT 1   [ RunTime:0.0010s ]
NOTIC: [8] Undefined index: share_user_id D:\phpStudy\WWW\youpei_2.0\Application\Home\Controller\BaseController.class.php 第 113 行.
SQL: SHOW COLUMNS FROM `yp_wxuser` [ RunTime:0.0080s ]
SQL: SELECT * FROM `yp_wxuser` WHERE `token` = 'g232238gc959' LIMIT 1   [ RunTime:0.0010s ]
INFO: [ view_parse ] --START--
INFO: [ template_filter ] --START--
INFO: Run Behavior\ContentReplaceBehavior [ RunTime:0.000000s ]
INFO: [ template_filter ] --END-- [ RunTime:0.000000s ]

[ 2017-11-15T22:46:03+08:00 ] 192.168.0.111 /index.php/poster/sendTest.html
INFO: [ app_init ] --START--
INFO: Run Behavior\BuildLiteBehavior [ RunTime:0.000000s ]
INFO: [ app_init ] --END-- [ RunTime:0.000000s ]
INFO: [ app_begin ] --START--
INFO: Run Behavior\ReadHtmlCacheBehavior [ RunTime:0.001000s ]
INFO: [ app_begin ] --END-- [ RunTime:0.001000s ]
NOTIC: [8] Undefined index: token D:\phpStudy\WWW\youpei_2.0\Application\Home\Controller\BaseController.class.php 第 157 行.
NOTIC: [2048] Declaration of Common\Model\UserModel::delete() should be compatible with Think\Model::delete($options = Array) D:\phpStudy\WWW\youpei_2.0\Application\Common\Model\UserModel.class.php 第 14 行.
NOTIC: [2048] Declaration of Common\Model\UserModel::find() should be compatible with Think\Model::find($options = Array) D:\phpStudy\WWW\youpei_2.0\Application\Common\Model\UserModel.class.php 第 14 行.
SQL: SHOW COLUMNS FROM `yp_user` [ RunTime:0.0090s ]
SQL: SELECT * FROM `yp_user` WHERE ( open_id='oSFV6w-VMN-xdb7eM0pyIq608E8E' ) LIMIT 1   [ RunTime:0.0020s ]
SQL: UPDATE `yp_user` SET `last_login_time`='1510757163' WHERE ( id=7904 ) [ RunTime:0.0010s ]
SQL: SELECT * FROM `yp_user` WHERE ( open_id='oSFV6w-VMN-xdb7eM0pyIq608E8E' ) LIMIT 1   [ RunTime:0.0010s ]
NOTIC: [8] Undefined index: share_user_id D:\phpStudy\WWW\youpei_2.0\Application\Home\Controller\BaseController.class.php 第 113 行.
SQL: SHOW COLUMNS FROM `yp_wxuser` [ RunTime:0.0080s ]
SQL: SELECT * FROM `yp_wxuser` WHERE `token` = 'g232238gc959' LIMIT 1   [ RunTime:0.0010s ]
INFO: [ view_parse ] --START--
INFO: [ template_filter ] --START--
INFO: Run Behavior\ContentReplaceBehavior [ RunTime:0.000000s ]
INFO: [ template_filter ] --END-- [ RunTime:0.000000s ]

[ 2017-11-15T22:46:06+08:00 ] 192.168.0.111 /index.php/poster/sendTest.html
INFO: [ app_init ] --START--
INFO: Run Behavior\BuildLiteBehavior [ RunTime:0.001000s ]
INFO: [ app_init ] --END-- [ RunTime:0.001000s ]
INFO: [ app_begin ] --START--
INFO: Run Behavior\ReadHtmlCacheBehavior [ RunTime:0.000000s ]
INFO: [ app_begin ] --END-- [ RunTime:0.000000s ]
NOTIC: [8] Undefined index: token D:\phpStudy\WWW\youpei_2.0\Application\Home\Controller\BaseController.class.php 第 157 行.
NOTIC: [2048] Declaration of Common\Model\UserModel::delete() should be compatible with Think\Model::delete($options = Array) D:\phpStudy\WWW\youpei_2.0\Application\Common\Model\UserModel.class.php 第 14 行.
NOTIC: [2048] Declaration of Common\Model\UserModel::find() should be compatible with Think\Model::find($options = Array) D:\phpStudy\WWW\youpei_2.0\Application\Common\Model\UserModel.class.php 第 14 行.
SQL: SHOW COLUMNS FROM `yp_user` [ RunTime:0.0080s ]
SQL: SELECT * FROM `yp_user` WHERE ( open_id='oSFV6w-VMN-xdb7eM0pyIq608E8E' ) LIMIT 1   [ RunTime:0.0020s ]
SQL: UPDATE `yp_user` SET `last_login_time`='1510757166' WHERE ( id=7904 ) [ RunTime:0.0010s ]
SQL: SELECT * FROM `yp_user` WHERE ( open_id='oSFV6w-VMN-xdb7eM0pyIq608E8E' ) LIMIT 1   [ RunTime:0.0020s ]
NOTIC: [8] Undefined index: share_user_id D:\phpStudy\WWW\youpei_2.0\Application\Home\Controller\BaseController.class.php 第 113 行.
SQL: SHOW COLUMNS FROM `yp_wxuser` [ RunTime:0.0070s ]
SQL: SELECT * FROM `yp_wxuser` WHERE `token` = 'g232238gc959' LIMIT 1   [ RunTime:0.0030s ]
INFO: [ view_parse ] --START--
INFO: [ template_filter ] --START--
INFO: Run Behavior\ContentReplaceBehavior [ RunTime:0.000000s ]
INFO: [ template_filter ] --END-- [ RunTime:0.000000s ]

[ 2017-11-15T22:46:52+08:00 ] 192.168.0.111 /index.php/Poster/qrcodeFirst
INFO: [ app_init ] --START--
INFO: Run Behavior\BuildLiteBehavior [ RunTime:0.000000s ]
INFO: [ app_init ] --END-- [ RunTime:0.000000s ]
INFO: [ app_begin ] --START--
INFO: Run Behavior\ReadHtmlCacheBehavior [ RunTime:0.001000s ]
INFO: [ app_begin ] --END-- [ RunTime:0.001000s ]
NOTIC: [8] Undefined index: token D:\phpStudy\WWW\youpei_2.0\Application\Home\Controller\BaseController.class.php 第 157 行.
NOTIC: [2048] Declaration of Common\Model\UserModel::delete() should be compatible with Think\Model::delete($options = Array) D:\phpStudy\WWW\youpei_2.0\Application\Common\Model\UserModel.class.php 第 14 行.
NOTIC: [2048] Declaration of Common\Model\UserModel::find() should be compatible with Think\Model::find($options = Array) D:\phpStudy\WWW\youpei_2.0\Application\Common\Model\UserModel.class.php 第 14 行.
SQL: SHOW COLUMNS FROM `yp_user` [ RunTime:0.0130s ]
SQL: SELECT * FROM `yp_user` WHERE ( open_id='oSFV6w-VMN-xdb7eM0pyIq608E8E' ) LIMIT 1   [ RunTime:0.0010s ]
SQL: UPDATE `yp_user` SET `last_login_time`='1510757212' WHERE ( id=7904 ) [ RunTime:0.0010s ]
SQL: SELECT * FROM `yp_user` WHERE ( open_id='oSFV6w-VMN-xdb7eM0pyIq608E8E' ) LIMIT 1   [ RunTime:0.0010s ]
NOTIC: [8] Undefined index: share_user_id D:\phpStudy\WWW\youpei_2.0\Application\Home\Controller\BaseController.class.php 第 113 行.
SQL: SHOW COLUMNS FROM `yp_wxuser` [ RunTime:0.0110s ]
SQL: SELECT * FROM `yp_wxuser` WHERE `token` = 'g232238gc959' LIMIT 1   [ RunTime:0.0020s ]
NOTIC: [2048] Declaration of Common\Model\PosterStyleModel::delete() should be compatible with Think\Model::delete($options = Array) D:\phpStudy\WWW\youpei_2.0\Application\Common\Model\PosterStyleModel.class.php 第 57 行.
NOTIC: [2048] Declaration of Common\Model\PosterStyleModel::find() should be compatible with Think\Model::find($options = Array) D:\phpStudy\WWW\youpei_2.0\Application\Common\Model\PosterStyleModel.class.php 第 57 行.
SQL: SHOW COLUMNS FROM `yp_poster_style` [ RunTime:0.0140s ]
SQL: SELECT * FROM `yp_poster_style` WHERE ( id=1 ) LIMIT 1   [ RunTime:0.0010s ]
SQL: SHOW COLUMNS FROM `yp_poster_style` [ RunTime:0.0090s ]
SQL: SELECT `id`,`title`,`image` FROM `yp_poster_style` ORDER BY create_time desc LIMIT 5   [ RunTime:0.0020s ]
NOTIC: [8] Undefined offset: 4 D:\phpStudy\WWW\youpei_2.0\Application\Home\Controller\PosterController.class.php 第 140 行.

[ 2017-11-15T22:52:26+08:00 ] 192.168.0.111 /index.php/poster/index.html?style_id=1
INFO: [ app_init ] --START--
INFO: Run Behavior\BuildLiteBehavior [ RunTime:0.000000s ]
INFO: [ app_init ] --END-- [ RunTime:0.000000s ]
INFO: [ app_begin ] --START--
INFO: Run Behavior\ReadHtmlCacheBehavior [ RunTime:0.001000s ]
INFO: [ app_begin ] --END-- [ RunTime:0.001000s ]
NOTIC: [8] Undefined index: token D:\phpStudy\WWW\youpei_2.0\Application\Home\Controller\BaseController.class.php 第 157 行.
NOTIC: [2048] Declaration of Common\Model\UserModel::delete() should be compatible with Think\Model::delete($options = Array) D:\phpStudy\WWW\youpei_2.0\Application\Common\Model\UserModel.class.php 第 14 行.
NOTIC: [2048] Declaration of Common\Model\UserModel::find() should be compatible with Think\Model::find($options = Array) D:\phpStudy\WWW\youpei_2.0\Application\Common\Model\UserModel.class.php 第 14 行.
SQL: SHOW COLUMNS FROM `yp_user` [ RunTime:0.0080s ]
SQL: SELECT * FROM `yp_user` WHERE ( open_id='oSFV6w-VMN-xdb7eM0pyIq608E8E' ) LIMIT 1   [ RunTime:0.0010s ]
SQL: UPDATE `yp_user` SET `last_login_time`='1510757546' WHERE ( id=7904 ) [ RunTime:0.0010s ]
SQL: SELECT * FROM `yp_user` WHERE ( open_id='oSFV6w-VMN-xdb7eM0pyIq608E8E' ) LIMIT 1   [ RunTime:0.0010s ]
NOTIC: [8] Undefined index: share_user_id D:\phpStudy\WWW\youpei_2.0\Application\Home\Controller\BaseController.class.php 第 113 行.
SQL: SHOW COLUMNS FROM `yp_wxuser` [ RunTime:0.0080s ]
SQL: SELECT * FROM `yp_wxuser` WHERE `token` = 'g232238gc959' LIMIT 1   [ RunTime:0.0010s ]
INFO: [ view_parse ] --START--
INFO: [ template_filter ] --START--
INFO: Run Behavior\ContentReplaceBehavior [ RunTime:0.000000s ]
INFO: [ template_filter ] --END-- [ RunTime:0.000000s ]
INFO: Run Behavior\ParseTemplateBehavior [ RunTime:0.019001s ]
INFO: [ view_parse ] --END-- [ RunTime:0.019001s ]
INFO: [ view_filter ] --START--
INFO: Run Behavior\WriteHtmlCacheBehavior [ RunTime:0.000000s ]
INFO: [ view_filter ] --END-- [ RunTime:0.000000s ]
INFO: [ app_end ] --START--
INFO: Run Behavior\ShowPageTraceBehavior [ RunTime:0.001000s ]
INFO: [ app_end ] --END-- [ RunTime:0.001000s ]

[ 2017-11-15T22:52:30+08:00 ] 192.168.0.111 /index.php/Poster/qrcodeFirst
INFO: [ app_init ] --START--
INFO: Run Behavior\BuildLiteBehavior [ RunTime:0.000000s ]
INFO: [ app_init ] --END-- [ RunTime:0.000000s ]
INFO: [ app_begin ] --START--
INFO: Run Behavior\ReadHtmlCacheBehavior [ RunTime:0.000000s ]
INFO: [ app_begin ] --END-- [ RunTime:0.001000s ]
NOTIC: [8] Undefined index: token D:\phpStudy\WWW\youpei_2.0\Application\Home\Controller\BaseController.class.php 第 157 行.
NOTIC: [2048] Declaration of Common\Model\UserModel::delete() should be compatible with Think\Model::delete($options = Array) D:\phpStudy\WWW\youpei_2.0\Application\Common\Model\UserModel.class.php 第 14 行.
NOTIC: [2048] Declaration of Common\Model\UserModel::find() should be compatible with Think\Model::find($options = Array) D:\phpStudy\WWW\youpei_2.0\Application\Common\Model\UserModel.class.php 第 14 行.
SQL: SHOW COLUMNS FROM `yp_user` [ RunTime:0.0130s ]
SQL: SELECT * FROM `yp_user` WHERE ( open_id='oSFV6w-VMN-xdb7eM0pyIq608E8E' ) LIMIT 1   [ RunTime:0.0020s ]
SQL: UPDATE `yp_user` SET `last_login_time`='1510757550' WHERE ( id=7904 ) [ RunTime:0.0010s ]
SQL: SELECT * FROM `yp_user` WHERE ( open_id='oSFV6w-VMN-xdb7eM0pyIq608E8E' ) LIMIT 1   [ RunTime:0.0010s ]
NOTIC: [8] Undefined index: share_user_id D:\phpStudy\WWW\youpei_2.0\Application\Home\Controller\BaseController.class.php 第 113 行.
SQL: SHOW COLUMNS FROM `yp_wxuser` [ RunTime:0.0080s ]
SQL: SELECT * FROM `yp_wxuser` WHERE `token` = 'g232238gc959' LIMIT 1   [ RunTime:0.0010s ]
NOTIC: [2048] Declaration of Common\Model\PosterStyleModel::delete() should be compatible with Think\Model::delete($options = Array) D:\phpStudy\WWW\youpei_2.0\Application\Common\Model\PosterStyleModel.class.php 第 57 行.
NOTIC: [2048] Declaration of Common\Model\PosterStyleModel::find() should be compatible with Think\Model::find($options = Array) D:\phpStudy\WWW\youpei_2.0\Application\Common\Model\PosterStyleModel.class.php 第 57 行.
SQL: SHOW COLUMNS FROM `yp_poster_style` [ RunTime:0.0100s ]
SQL: SELECT * FROM `yp_poster_style` WHERE ( id=1 ) LIMIT 1   [ RunTime:0.0010s ]
SQL: SHOW COLUMNS FROM `yp_poster_style` [ RunTime:0.0130s ]
SQL: SELECT `id`,`title`,`image` FROM `yp_poster_style` ORDER BY create_time desc LIMIT 5   [ RunTime:0.0010s ]
NOTIC: [8] Undefined offset: 4 D:\phpStudy\WWW\youpei_2.0\Application\Home\Controller\PosterController.class.php 第 140 行.

[ 2017-11-15T22:56:55+08:00 ] 192.168.0.111 /index.php/poster/index.html?style_id=1
INFO: [ app_init ] --START--
INFO: Run Behavior\BuildLiteBehavior [ RunTime:0.000000s ]
INFO: [ app_init ] --END-- [ RunTime:0.000000s ]
INFO: [ app_begin ] --START--
INFO: Run Behavior\ReadHtmlCacheBehavior [ RunTime:0.001000s ]
INFO: [ app_begin ] --END-- [ RunTime:0.001000s ]
NOTIC: [8] Undefined index: token D:\phpStudy\WWW\youpei_2.0\Application\Home\Controller\BaseController.class.php 第 157 行.
NOTIC: [2048] Declaration of Common\Model\UserModel::delete() should be compatible with Think\Model::delete($options = Array) D:\phpStudy\WWW\youpei_2.0\Application\Common\Model\UserModel.class.php 第 14 行.
NOTIC: [2048] Declaration of Common\Model\UserModel::find() should be compatible with Think\Model::find($options = Array) D:\phpStudy\WWW\youpei_2.0\Application\Common\Model\UserModel.class.php 第 14 行.
SQL: SHOW COLUMNS FROM `yp_user` [ RunTime:0.0100s ]
SQL: SELECT * FROM `yp_user` WHERE ( open_id='oSFV6w-VMN-xdb7eM0pyIq608E8E' ) LIMIT 1   [ RunTime:0.0010s ]
SQL: UPDATE `yp_user` SET `last_login_time`='1510757815' WHERE ( id=7904 ) [ RunTime:0.0010s ]
SQL: SELECT * FROM `yp_user` WHERE ( open_id='oSFV6w-VMN-xdb7eM0pyIq608E8E' ) LIMIT 1   [ RunTime:0.0020s ]
NOTIC: [8] Undefined index: share_user_id D:\phpStudy\WWW\youpei_2.0\Application\Home\Controller\BaseController.class.php 第 113 行.
SQL: SHOW COLUMNS FROM `yp_wxuser` [ RunTime:0.0100s ]
SQL: SELECT * FROM `yp_wxuser` WHERE `token` = 'g232238gc959' LIMIT 1   [ RunTime:0.0010s ]
INFO: [ view_parse ] --START--
INFO: [ template_filter ] --START--
INFO: Run Behavior\ContentReplaceBehavior [ RunTime:0.000000s ]
INFO: [ template_filter ] --END-- [ RunTime:0.000000s ]
INFO: Run Behavior\ParseTemplateBehavior [ RunTime:0.014001s ]
INFO: [ view_parse ] --END-- [ RunTime:0.014001s ]
INFO: [ view_filter ] --START--
INFO: Run Behavior\WriteHtmlCacheBehavior [ RunTime:0.000000s ]
INFO: [ view_filter ] --END-- [ RunTime:0.000000s ]
INFO: [ app_end ] --START--
INFO: Run Behavior\ShowPageTraceBehavior [ RunTime:0.001000s ]
INFO: [ app_end ] --END-- [ RunTime:0.001000s ]

[ 2017-11-15T22:56:57+08:00 ] 192.168.0.111 /index.php/Poster/qrcodeFirst
INFO: [ app_init ] --START--
INFO: Run Behavior\BuildLiteBehavior [ RunTime:0.000000s ]
INFO: [ app_init ] --END-- [ RunTime:0.000000s ]
INFO: [ app_begin ] --START--
INFO: Run Behavior\ReadHtmlCacheBehavior [ RunTime:0.001000s ]
INFO: [ app_begin ] --END-- [ RunTime:0.001000s ]
NOTIC: [8] Undefined index: token D:\phpStudy\WWW\youpei_2.0\Application\Home\Controller\BaseController.class.php 第 157 行.
NOTIC: [2048] Declaration of Common\Model\UserModel::delete() should be compatible with Think\Model::delete($options = Array) D:\phpStudy\WWW\youpei_2.0\Application\Common\Model\UserModel.class.php 第 14 行.
NOTIC: [2048] Declaration of Common\Model\UserModel::find() should be compatible with Think\Model::find($options = Array) D:\phpStudy\WWW\youpei_2.0\Application\Common\Model\UserModel.class.php 第 14 行.
SQL: SHOW COLUMNS FROM `yp_user` [ RunTime:0.0090s ]
SQL: SELECT * FROM `yp_user` WHERE ( open_id='oSFV6w-VMN-xdb7eM0pyIq608E8E' ) LIMIT 1   [ RunTime:0.0010s ]
SQL: UPDATE `yp_user` SET `last_login_time`='1510757817' WHERE ( id=7904 ) [ RunTime:0.0010s ]
SQL: SELECT * FROM `yp_user` WHERE ( open_id='oSFV6w-VMN-xdb7eM0pyIq608E8E' ) LIMIT 1   [ RunTime:0.0010s ]
NOTIC: [8] Undefined index: share_user_id D:\phpStudy\WWW\youpei_2.0\Application\Home\Controller\BaseController.class.php 第 113 行.
SQL: SHOW COLUMNS FROM `yp_wxuser` [ RunTime:0.0080s ]
SQL: SELECT * FROM `yp_wxuser` WHERE `token` = 'g232238gc959' LIMIT 1   [ RunTime:0.0010s ]
NOTIC: [2048] Declaration of Common\Model\PosterStyleModel::delete() should be compatible with Think\Model::delete($options = Array) D:\phpStudy\WWW\youpei_2.0\Application\Common\Model\PosterStyleModel.class.php 第 57 行.
NOTIC: [2048] Declaration of Common\Model\PosterStyleModel::find() should be compatible with Think\Model::find($options = Array) D:\phpStudy\WWW\youpei_2.0\Application\Common\Model\PosterStyleModel.class.php 第 57 行.
SQL: SHOW COLUMNS FROM `yp_poster_style` [ RunTime:0.0100s ]
SQL: SELECT * FROM `yp_poster_style` WHERE ( id=1 ) LIMIT 1   [ RunTime:0.0010s ]
SQL: SHOW COLUMNS FROM `yp_poster_style` [ RunTime:0.0090s ]
SQL: SELECT `id`,`title`,`image` FROM `yp_poster_style` ORDER BY create_time desc LIMIT 5   [ RunTime:0.0010s ]
NOTIC: [8] Undefined offset: 4 D:\phpStudy\WWW\youpei_2.0\Application\Home\Controller\PosterController.class.php 第 140 行.

[ 2017-11-15T22:58:45+08:00 ] 192.168.0.111 /index.php/poster/index.html?style_id=1
INFO: [ app_init ] --START--
INFO: Run Behavior\BuildLiteBehavior [ RunTime:0.000000s ]
INFO: [ app_init ] --END-- [ RunTime:0.000000s ]
INFO: [ app_begin ] --START--
INFO: Run Behavior\ReadHtmlCacheBehavior [ RunTime:0.001000s ]
INFO: [ app_begin ] --END-- [ RunTime:0.001000s ]
NOTIC: [8] Undefined index: token D:\phpStudy\WWW\youpei_2.0\Application\Home\Controller\BaseController.class.php 第 157 行.
NOTIC: [2048] Declaration of Common\Model\UserModel::delete() should be compatible with Think\Model::delete($options = Array) D:\phpStudy\WWW\youpei_2.0\Application\Common\Model\UserModel.class.php 第 14 行.
NOTIC: [2048] Declaration of Common\Model\UserModel::find() should be compatible with Think\Model::find($options = Array) D:\phpStudy\WWW\youpei_2.0\Application\Common\Model\UserModel.class.php 第 14 行.
SQL: SHOW COLUMNS FROM `yp_user` [ RunTime:0.0090s ]
SQL: SELECT * FROM `yp_user` WHERE ( open_id='oSFV6w-VMN-xdb7eM0pyIq608E8E' ) LIMIT 1   [ RunTime:0.0020s ]
SQL: UPDATE `yp_user` SET `last_login_time`='1510757925' WHERE ( id=7904 ) [ RunTime:0.0030s ]
SQL: SELECT * FROM `yp_user` WHERE ( open_id='oSFV6w-VMN-xdb7eM0pyIq608E8E' ) LIMIT 1   [ RunTime:0.0030s ]
NOTIC: [8] Undefined index: share_user_id D:\phpStudy\WWW\youpei_2.0\Application\Home\Controller\BaseController.class.php 第 113 行.
SQL: SHOW COLUMNS FROM `yp_wxuser` [ RunTime:0.0080s ]
SQL: SELECT * FROM `yp_wxuser` WHERE `token` = 'g232238gc959' LIMIT 1   [ RunTime:0.0030s ]
INFO: [ view_parse ] --START--
INFO: [ template_filter ] --START--
INFO: Run Behavior\ContentReplaceBehavior [ RunTime:0.001000s ]
INFO: [ template_filter ] --END-- [ RunTime:0.001000s ]
INFO: Run Behavior\ParseTemplateBehavior [ RunTime:0.008001s ]
INFO: [ view_parse ] --END-- [ RunTime:0.008001s ]
INFO: [ view_filter ] --START--
INFO: Run Behavior\WriteHtmlCacheBehavior [ RunTime:0.001000s ]
INFO: [ view_filter ] --END-- [ RunTime:0.001000s ]
INFO: [ app_end ] --START--
INFO: Run Behavior\ShowPageTraceBehavior [ RunTime:0.001000s ]
INFO: [ app_end ] --END-- [ RunTime:0.001000s ]

[ 2017-11-15T22:58:47+08:00 ] 192.168.0.111 /index.php/Poster/qrcodeFirst
INFO: [ app_init ] --START--
INFO: Run Behavior\BuildLiteBehavior [ RunTime:0.000000s ]
INFO: [ app_init ] --END-- [ RunTime:0.001000s ]
INFO: [ app_begin ] --START--
INFO: Run Behavior\ReadHtmlCacheBehavior [ RunTime:0.001001s ]
INFO: [ app_begin ] --END-- [ RunTime:0.001001s ]
NOTIC: [8] Undefined index: token D:\phpStudy\WWW\youpei_2.0\Application\Home\Controller\BaseController.class.php 第 157 行.
NOTIC: [2048] Declaration of Common\Model\UserModel::delete() should be compatible with Think\Model::delete($options = Array) D:\phpStudy\WWW\youpei_2.0\Application\Common\Model\UserModel.class.php 第 14 行.
NOTIC: [2048] Declaration of Common\Model\UserModel::find() should be compatible with Think\Model::find($options = Array) D:\phpStudy\WWW\youpei_2.0\Application\Common\Model\UserModel.class.php 第 14 行.
SQL: SHOW COLUMNS FROM `yp_user` [ RunTime:0.0110s ]
SQL: SELECT * FROM `yp_user` WHERE ( open_id='oSFV6w-VMN-xdb7eM0pyIq608E8E' ) LIMIT 1   [ RunTime:0.0010s ]
SQL: UPDATE `yp_user` SET `last_login_time`='1510757927' WHERE ( id=7904 ) [ RunTime:0.0010s ]
SQL: SELECT * FROM `yp_user` WHERE ( open_id='oSFV6w-VMN-xdb7eM0pyIq608E8E' ) LIMIT 1   [ RunTime:0.0020s ]
NOTIC: [8] Undefined index: share_user_id D:\phpStudy\WWW\youpei_2.0\Application\Home\Controller\BaseController.class.php 第 113 行.
SQL: SHOW COLUMNS FROM `yp_wxuser` [ RunTime:0.0080s ]
SQL: SELECT * FROM `yp_wxuser` WHERE `token` = 'g232238gc959' LIMIT 1   [ RunTime:0.0020s ]
NOTIC: [2048] Declaration of Common\Model\PosterStyleModel::delete() should be compatible with Think\Model::delete($options = Array) D:\phpStudy\WWW\youpei_2.0\Application\Common\Model\PosterStyleModel.class.php 第 57 行.
NOTIC: [2048] Declaration of Common\Model\PosterStyleModel::find() should be compatible with Think\Model::find($options = Array) D:\phpStudy\WWW\youpei_2.0\Application\Common\Model\PosterStyleModel.class.php 第 57 行.
SQL: SHOW COLUMNS FROM `yp_poster_style` [ RunTime:0.0090s ]
SQL: SELECT * FROM `yp_poster_style` WHERE ( id=1 ) LIMIT 1   [ RunTime:0.0010s ]
SQL: SHOW COLUMNS FROM `yp_poster_style` [ RunTime:0.0130s ]
SQL: SELECT `id`,`title`,`image` FROM `yp_poster_style` ORDER BY create_time desc LIMIT 5   [ RunTime:0.0020s ]
NOTIC: [8] Undefined offset: 4 D:\phpStudy\WWW\youpei_2.0\Application\Home\Controller\PosterController.class.php 第 140 行.

[ 2017-11-15T22:59:49+08:00 ] 192.168.0.111 /index.php/poster/index.html?style_id=1
INFO: [ app_init ] --START--
INFO: Run Behavior\BuildLiteBehavior [ RunTime:0.000000s ]
INFO: [ app_init ] --END-- [ RunTime:0.000000s ]
INFO: [ app_begin ] --START--
INFO: Run Behavior\ReadHtmlCacheBehavior [ RunTime:0.000000s ]
INFO: [ app_begin ] --END-- [ RunTime:0.000000s ]
NOTIC: [8] Undefined index: token D:\phpStudy\WWW\youpei_2.0\Application\Home\Controller\BaseController.class.php 第 157 行.
NOTIC: [2048] Declaration of Common\Model\UserModel::delete() should be compatible with Think\Model::delete($options = Array) D:\phpStudy\WWW\youpei_2.0\Application\Common\Model\UserModel.class.php 第 14 行.
NOTIC: [2048] Declaration of Common\Model\UserModel::find() should be compatible with Think\Model::find($options = Array) D:\phpStudy\WWW\youpei_2.0\Application\Common\Model\UserModel.class.php 第 14 行.
SQL: SHOW COLUMNS FROM `yp_user` [ RunTime:0.0120s ]
SQL: SELECT * FROM `yp_user` WHERE ( open_id='oSFV6w-VMN-xdb7eM0pyIq608E8E' ) LIMIT 1   [ RunTime:0.0020s ]
SQL: UPDATE `yp_user` SET `last_login_time`='1510757989' WHERE ( id=7904 ) [ RunTime:0.0010s ]
SQL: SELECT * FROM `yp_user` WHERE ( open_id='oSFV6w-VMN-xdb7eM0pyIq608E8E' ) LIMIT 1   [ RunTime:0.0020s ]
NOTIC: [8] Undefined index: share_user_id D:\phpStudy\WWW\youpei_2.0\Application\Home\Controller\BaseController.class.php 第 113 行.
SQL: SHOW COLUMNS FROM `yp_wxuser` [ RunTime:0.0110s ]
SQL: SELECT * FROM `yp_wxuser` WHERE `token` = 'g232238gc959' LIMIT 1   [ RunTime:0.0010s ]
INFO: [ view_parse ] --START--
INFO: [ template_filter ] --START--
INFO: Run Behavior\ContentReplaceBehavior [ RunTime:0.000000s ]
INFO: [ template_filter ] --END-- [ RunTime:0.001000s ]
INFO: Run Behavior\ParseTemplateBehavior [ RunTime:0.025001s ]
INFO: [ view_parse ] --END-- [ RunTime:0.025001s ]
INFO: [ view_filter ] --START--
INFO: Run Behavior\WriteHtmlCacheBehavior [ RunTime:0.000000s ]
INFO: [ view_filter ] --END-- [ RunTime:0.000000s ]
INFO: [ app_end ] --START--
INFO: Run Behavior\ShowPageTraceBehavior [ RunTime:0.001001s ]
INFO: [ app_end ] --END-- [ RunTime:0.001001s ]

[ 2017-11-15T22:59:51+08:00 ] 192.168.0.111 /index.php/Poster/qrcodeFirst
INFO: [ app_init ] --START--
INFO: Run Behavior\BuildLiteBehavior [ RunTime:0.000000s ]
INFO: [ app_init ] --END-- [ RunTime:0.000000s ]
INFO: [ app_begin ] --START--
INFO: Run Behavior\ReadHtmlCacheBehavior [ RunTime:0.001000s ]
INFO: [ app_begin ] --END-- [ RunTime:0.001000s ]
NOTIC: [8] Undefined index: token D:\phpStudy\WWW\youpei_2.0\Application\Home\Controller\BaseController.class.php 第 157 行.
NOTIC: [2048] Declaration of Common\Model\UserModel::delete() should be compatible with Think\Model::delete($options = Array) D:\phpStudy\WWW\youpei_2.0\Application\Common\Model\UserModel.class.php 第 14 行.
NOTIC: [2048] Declaration of Common\Model\UserModel::find() should be compatible with Think\Model::find($options = Array) D:\phpStudy\WWW\youpei_2.0\Application\Common\Model\UserModel.class.php 第 14 行.
SQL: SHOW COLUMNS FROM `yp_user` [ RunTime:0.0090s ]
SQL: SELECT * FROM `yp_user` WHERE ( open_id='oSFV6w-VMN-xdb7eM0pyIq608E8E' ) LIMIT 1   [ RunTime:0.0020s ]
SQL: UPDATE `yp_user` SET `last_login_time`='1510757991' WHERE ( id=7904 ) [ RunTime:0.0010s ]
SQL: SELECT * FROM `yp_user` WHERE ( open_id='oSFV6w-VMN-xdb7eM0pyIq608E8E' ) LIMIT 1   [ RunTime:0.0010s ]
NOTIC: [8] Undefined index: share_user_id D:\phpStudy\WWW\youpei_2.0\Application\Home\Controller\BaseController.class.php 第 113 行.
SQL: SHOW COLUMNS FROM `yp_wxuser` [ RunTime:0.0100s ]
SQL: SELECT * FROM `yp_wxuser` WHERE `token` = 'g232238gc959' LIMIT 1   [ RunTime:0.0020s ]
NOTIC: [2048] Declaration of Common\Model\PosterStyleModel::delete() should be compatible with Think\Model::delete($options = Array) D:\phpStudy\WWW\youpei_2.0\Application\Common\Model\PosterStyleModel.class.php 第 57 行.
NOTIC: [2048] Declaration of Common\Model\PosterStyleModel::find() should be compatible with Think\Model::find($options = Array) D:\phpStudy\WWW\youpei_2.0\Application\Common\Model\PosterStyleModel.class.php 第 57 行.
SQL: SHOW COLUMNS FROM `yp_poster_style` [ RunTime:0.0100s ]
SQL: SELECT * FROM `yp_poster_style` WHERE ( id=1 ) LIMIT 1   [ RunTime:0.0010s ]
SQL: SHOW COLUMNS FROM `yp_poster_style` [ RunTime:0.0100s ]
SQL: SELECT `id`,`title`,`image` FROM `yp_poster_style` ORDER BY create_time desc LIMIT 5   [ RunTime:0.0020s ]
NOTIC: [8] Undefined offset: 4 D:\phpStudy\WWW\youpei_2.0\Application\Home\Controller\PosterController.class.php 第 140 行.

[ 2017-11-15T23:00:01+08:00 ] 192.168.0.111 /index.php/poster/index.html?style_id=1
INFO: [ app_init ] --START--
INFO: Run Behavior\BuildLiteBehavior [ RunTime:0.000000s ]
INFO: [ app_init ] --END-- [ RunTime:0.000000s ]
INFO: [ app_begin ] --START--
INFO: Run Behavior\ReadHtmlCacheBehavior [ RunTime:0.001000s ]
INFO: [ app_begin ] --END-- [ RunTime:0.001000s ]
NOTIC: [8] Undefined index: token D:\phpStudy\WWW\youpei_2.0\Application\Home\Controller\BaseController.class.php 第 157 行.
NOTIC: [2048] Declaration of Common\Model\UserModel::delete() should be compatible with Think\Model::delete($options = Array) D:\phpStudy\WWW\youpei_2.0\Application\Common\Model\UserModel.class.php 第 14 行.
NOTIC: [2048] Declaration of Common\Model\UserModel::find() should be compatible with Think\Model::find($options = Array) D:\phpStudy\WWW\youpei_2.0\Application\Common\Model\UserModel.class.php 第 14 行.
SQL: SHOW COLUMNS FROM `yp_user` [ RunTime:0.0080s ]
SQL: SELECT * FROM `yp_user` WHERE ( open_id='oSFV6w-VMN-xdb7eM0pyIq608E8E' ) LIMIT 1   [ RunTime:0.0010s ]
SQL: UPDATE `yp_user` SET `last_login_time`='1510758001' WHERE ( id=7904 ) [ RunTime:0.0010s ]
SQL: SELECT * FROM `yp_user` WHERE ( open_id='oSFV6w-VMN-xdb7eM0pyIq608E8E' ) LIMIT 1   [ RunTime:0.0010s ]
NOTIC: [8] Undefined index: share_user_id D:\phpStudy\WWW\youpei_2.0\Application\Home\Controller\BaseController.class.php 第 113 行.
SQL: SHOW COLUMNS FROM `yp_wxuser` [ RunTime:0.0090s ]
SQL: SELECT * FROM `yp_wxuser` WHERE `token` = 'g232238gc959' LIMIT 1   [ RunTime:0.0020s ]
INFO: [ view_parse ] --START--
INFO: [ template_filter ] --START--
INFO: Run Behavior\ContentReplaceBehavior [ RunTime:0.000000s ]
INFO: [ template_filter ] --END-- [ RunTime:0.000000s ]
INFO: Run Behavior\ParseTemplateBehavior [ RunTime:0.008001s ]
INFO: [ view_parse ] --END-- [ RunTime:0.008001s ]
INFO: [ view_filter ] --START--
INFO: Run Behavior\WriteHtmlCacheBehavior [ RunTime:0.000000s ]
INFO: [ view_filter ] --END-- [ RunTime:0.000000s ]
INFO: [ app_end ] --START--
INFO: Run Behavior\ShowPageTraceBehavior [ RunTime:0.001000s ]
INFO: [ app_end ] --END-- [ RunTime:0.001000s ]

[ 2017-11-15T23:00:02+08:00 ] 192.168.0.111 /index.php/Poster/qrcodeFirst
INFO: [ app_init ] --START--
INFO: Run Behavior\BuildLiteBehavior [ RunTime:0.000000s ]
INFO: [ app_init ] --END-- [ RunTime:0.000000s ]
INFO: [ app_begin ] --START--
INFO: Run Behavior\ReadHtmlCacheBehavior [ RunTime:0.001000s ]
INFO: [ app_begin ] --END-- [ RunTime:0.001000s ]
NOTIC: [8] Undefined index: token D:\phpStudy\WWW\youpei_2.0\Application\Home\Controller\BaseController.class.php 第 157 行.
NOTIC: [2048] Declaration of Common\Model\UserModel::delete() should be compatible with Think\Model::delete($options = Array) D:\phpStudy\WWW\youpei_2.0\Application\Common\Model\UserModel.class.php 第 14 行.
NOTIC: [2048] Declaration of Common\Model\UserModel::find() should be compatible with Think\Model::find($options = Array) D:\phpStudy\WWW\youpei_2.0\Application\Common\Model\UserModel.class.php 第 14 行.
SQL: SHOW COLUMNS FROM `yp_user` [ RunTime:0.0110s ]
SQL: SELECT * FROM `yp_user` WHERE ( open_id='oSFV6w-VMN-xdb7eM0pyIq608E8E' ) LIMIT 1   [ RunTime:0.0020s ]
SQL: UPDATE `yp_user` SET `last_login_time`='1510758002' WHERE ( id=7904 ) [ RunTime:0.0010s ]
SQL: SELECT * FROM `yp_user` WHERE ( open_id='oSFV6w-VMN-xdb7eM0pyIq608E8E' ) LIMIT 1   [ RunTime:0.0020s ]
NOTIC: [8] Undefined index: share_user_id D:\phpStudy\WWW\youpei_2.0\Application\Home\Controller\BaseController.class.php 第 113 行.
SQL: SHOW COLUMNS FROM `yp_wxuser` [ RunTime:0.0140s ]
SQL: SELECT * FROM `yp_wxuser` WHERE `token` = 'g232238gc959' LIMIT 1   [ RunTime:0.0010s ]
NOTIC: [2048] Declaration of Common\Model\PosterStyleModel::delete() should be compatible with Think\Model::delete($options = Array) D:\phpStudy\WWW\youpei_2.0\Application\Common\Model\PosterStyleModel.class.php 第 57 行.
NOTIC: [2048] Declaration of Common\Model\PosterStyleModel::find() should be compatible with Think\Model::find($options = Array) D:\phpStudy\WWW\youpei_2.0\Application\Common\Model\PosterStyleModel.class.php 第 57 行.
SQL: SHOW COLUMNS FROM `yp_poster_style` [ RunTime:0.0080s ]
SQL: SELECT * FROM `yp_poster_style` WHERE ( id=1 ) LIMIT 1   [ RunTime:0.0020s ]
SQL: SHOW COLUMNS FROM `yp_poster_style` [ RunTime:0.0100s ]
SQL: SELECT `id`,`title`,`image` FROM `yp_poster_style` ORDER BY create_time desc LIMIT 5   [ RunTime:0.0010s ]
NOTIC: [8] Undefined offset: 4 D:\phpStudy\WWW\youpei_2.0\Application\Home\Controller\PosterController.class.php 第 140 行.

[ 2017-11-15T23:01:31+08:00 ] 192.168.0.111 /index.php/poster/index.html?style_id=1
INFO: [ app_init ] --START--
INFO: Run Behavior\BuildLiteBehavior [ RunTime:0.000000s ]
INFO: [ app_init ] --END-- [ RunTime:0.000000s ]
INFO: [ app_begin ] --START--
INFO: Run Behavior\ReadHtmlCacheBehavior [ RunTime:0.000000s ]
INFO: [ app_begin ] --END-- [ RunTime:0.000000s ]
NOTIC: [8] Undefined index: token D:\phpStudy\WWW\youpei_2.0\Application\Home\Controller\BaseController.class.php 第 157 行.
NOTIC: [2048] Declaration of Common\Model\UserModel::delete() should be compatible with Think\Model::delete($options = Array) D:\phpStudy\WWW\youpei_2.0\Application\Common\Model\UserModel.class.php 第 14 行.
NOTIC: [2048] Declaration of Common\Model\UserModel::find() should be compatible with Think\Model::find($options = Array) D:\phpStudy\WWW\youpei_2.0\Application\Common\Model\UserModel.class.php 第 14 行.
SQL: SHOW COLUMNS FROM `yp_user` [ RunTime:0.0070s ]
SQL: SELECT * FROM `yp_user` WHERE ( open_id='oSFV6w-VMN-xdb7eM0pyIq608E8E' ) LIMIT 1   [ RunTime:0.0010s ]
SQL: UPDATE `yp_user` SET `last_login_time`='1510758091' WHERE ( id=7904 ) [ RunTime:0.0010s ]
SQL: SELECT * FROM `yp_user` WHERE ( open_id='oSFV6w-VMN-xdb7eM0pyIq608E8E' ) LIMIT 1   [ RunTime:0.0010s ]
NOTIC: [8] Undefined index: share_user_id D:\phpStudy\WWW\youpei_2.0\Application\Home\Controller\BaseController.class.php 第 113 行.
SQL: SHOW COLUMNS FROM `yp_wxuser` [ RunTime:0.0080s ]
SQL: SELECT * FROM `yp_wxuser` WHERE `token` = 'g232238gc959' LIMIT 1   [ RunTime:0.0010s ]
INFO: [ view_parse ] --START--
INFO: [ template_filter ] --START--
INFO: Run Behavior\ContentReplaceBehavior [ RunTime:0.000000s ]
INFO: [ template_filter ] --END-- [ RunTime:0.000000s ]
INFO: Run Behavior\ParseTemplateBehavior [ RunTime:0.008000s ]
INFO: [ view_parse ] --END-- [ RunTime:0.008000s ]
INFO: [ view_filter ] --START--
INFO: Run Behavior\WriteHtmlCacheBehavior [ RunTime:0.001000s ]
INFO: [ view_filter ] --END-- [ RunTime:0.001000s ]
INFO: [ app_end ] --START--
INFO: Run Behavior\ShowPageTraceBehavior [ RunTime:0.001000s ]
INFO: [ app_end ] --END-- [ RunTime:0.001000s ]

[ 2017-11-15T23:01:33+08:00 ] 192.168.0.111 /index.php/Poster/qrcodeFirst
INFO: [ app_init ] --START--
INFO: Run Behavior\BuildLiteBehavior [ RunTime:0.000000s ]
INFO: [ app_init ] --END-- [ RunTime:0.000000s ]
INFO: [ app_begin ] --START--
INFO: Run Behavior\ReadHtmlCacheBehavior [ RunTime:0.001000s ]
INFO: [ app_begin ] --END-- [ RunTime:0.001000s ]
NOTIC: [8] Undefined index: token D:\phpStudy\WWW\youpei_2.0\Application\Home\Controller\BaseController.class.php 第 157 行.
NOTIC: [2048] Declaration of Common\Model\UserModel::delete() should be compatible with Think\Model::delete($options = Array) D:\phpStudy\WWW\youpei_2.0\Application\Common\Model\UserModel.class.php 第 14 行.
NOTIC: [2048] Declaration of Common\Model\UserModel::find() should be compatible with Think\Model::find($options = Array) D:\phpStudy\WWW\youpei_2.0\Application\Common\Model\UserModel.class.php 第 14 行.
SQL: SHOW COLUMNS FROM `yp_user` [ RunTime:0.0080s ]
SQL: SELECT * FROM `yp_user` WHERE ( open_id='oSFV6w-VMN-xdb7eM0pyIq608E8E' ) LIMIT 1   [ RunTime:0.0010s ]
SQL: UPDATE `yp_user` SET `last_login_time`='1510758093' WHERE ( id=7904 ) [ RunTime:0.0010s ]
SQL: SELECT * FROM `yp_user` WHERE ( open_id='oSFV6w-VMN-xdb7eM0pyIq608E8E' ) LIMIT 1   [ RunTime:0.0020s ]
NOTIC: [8] Undefined index: share_user_id D:\phpStudy\WWW\youpei_2.0\Application\Home\Controller\BaseController.class.php 第 113 行.
SQL: SHOW COLUMNS FROM `yp_wxuser` [ RunTime:0.0090s ]
SQL: SELECT * FROM `yp_wxuser` WHERE `token` = 'g232238gc959' LIMIT 1   [ RunTime:0.0020s ]
NOTIC: [2048] Declaration of Common\Model\PosterStyleModel::delete() should be compatible with Think\Model::delete($options = Array) D:\phpStudy\WWW\youpei_2.0\Application\Common\Model\PosterStyleModel.class.php 第 57 行.
NOTIC: [2048] Declaration of Common\Model\PosterStyleModel::find() should be compatible with Think\Model::find($options = Array) D:\phpStudy\WWW\youpei_2.0\Application\Common\Model\PosterStyleModel.class.php 第 57 行.
SQL: SHOW COLUMNS FROM `yp_poster_style` [ RunTime:0.0080s ]
SQL: SELECT * FROM `yp_poster_style` WHERE ( id=1 ) LIMIT 1   [ RunTime:0.0010s ]
SQL: SHOW COLUMNS FROM `yp_poster_style` [ RunTime:0.0070s ]
SQL: SELECT `id`,`title`,`image` FROM `yp_poster_style` ORDER BY create_time desc LIMIT 5   [ RunTime:0.0010s ]
NOTIC: [8] Undefined offset: 4 D:\phpStudy\WWW\youpei_2.0\Application\Home\Controller\PosterController.class.php 第 140 行.

[ 2017-11-15T23:02:29+08:00 ] 192.168.0.111 /index.php/poster/index.html?style_id=1
INFO: [ app_init ] --START--
INFO: Run Behavior\BuildLiteBehavior [ RunTime:0.000000s ]
INFO: [ app_init ] --END-- [ RunTime:0.000000s ]
INFO: [ app_begin ] --START--
INFO: Run Behavior\ReadHtmlCacheBehavior [ RunTime:0.002000s ]
INFO: [ app_begin ] --END-- [ RunTime:0.002000s ]
NOTIC: [8] Undefined index: token D:\phpStudy\WWW\youpei_2.0\Application\Home\Controller\BaseController.class.php 第 157 行.
NOTIC: [2048] Declaration of Common\Model\UserModel::delete() should be compatible with Think\Model::delete($options = Array) D:\phpStudy\WWW\youpei_2.0\Application\Common\Model\UserModel.class.php 第 14 行.
NOTIC: [2048] Declaration of Common\Model\UserModel::find() should be compatible with Think\Model::find($options = Array) D:\phpStudy\WWW\youpei_2.0\Application\Common\Model\UserModel.class.php 第 14 行.
SQL: SHOW COLUMNS FROM `yp_user` [ RunTime:0.0080s ]
SQL: SELECT * FROM `yp_user` WHERE ( open_id='oSFV6w-VMN-xdb7eM0pyIq608E8E' ) LIMIT 1   [ RunTime:0.0010s ]
SQL: UPDATE `yp_user` SET `last_login_time`='1510758149' WHERE ( id=7904 ) [ RunTime:0.0010s ]
SQL: SELECT * FROM `yp_user` WHERE ( open_id='oSFV6w-VMN-xdb7eM0pyIq608E8E' ) LIMIT 1   [ RunTime:0.0010s ]
NOTIC: [8] Undefined index: share_user_id D:\phpStudy\WWW\youpei_2.0\Application\Home\Controller\BaseController.class.php 第 113 行.
SQL: SHOW COLUMNS FROM `yp_wxuser` [ RunTime:0.0070s ]
SQL: SELECT * FROM `yp_wxuser` WHERE `token` = 'g232238gc959' LIMIT 1   [ RunTime:0.0020s ]
INFO: [ view_parse ] --START--
INFO: [ template_filter ] --START--
INFO: Run Behavior\ContentReplaceBehavior [ RunTime:0.001000s ]
INFO: [ template_filter ] --END-- [ RunTime:0.001000s ]
INFO: Run Behavior\ParseTemplateBehavior [ RunTime:0.012000s ]
INFO: [ view_parse ] --END-- [ RunTime:0.012000s ]
INFO: [ view_filter ] --START--
INFO: Run Behavior\WriteHtmlCacheBehavior [ RunTime:0.000000s ]
INFO: [ view_filter ] --END-- [ RunTime:0.000000s ]
INFO: [ app_end ] --START--
INFO: Run Behavior\ShowPageTraceBehavior [ RunTime:0.001000s ]
INFO: [ app_end ] --END-- [ RunTime:0.001000s ]

[ 2017-11-15T23:02:30+08:00 ] 192.168.0.111 /index.php/Poster/qrcodeFirst
INFO: [ app_init ] --START--
INFO: Run Behavior\BuildLiteBehavior [ RunTime:0.000000s ]
INFO: [ app_init ] --END-- [ RunTime:0.000000s ]
INFO: [ app_begin ] --START--
INFO: Run Behavior\ReadHtmlCacheBehavior [ RunTime:0.001000s ]
INFO: [ app_begin ] --END-- [ RunTime:0.001000s ]
NOTIC: [8] Undefined index: token D:\phpStudy\WWW\youpei_2.0\Application\Home\Controller\BaseController.class.php 第 157 行.
NOTIC: [2048] Declaration of Common\Model\UserModel::delete() should be compatible with Think\Model::delete($options = Array) D:\phpStudy\WWW\youpei_2.0\Application\Common\Model\UserModel.class.php 第 14 行.
NOTIC: [2048] Declaration of Common\Model\UserModel::find() should be compatible with Think\Model::find($options = Array) D:\phpStudy\WWW\youpei_2.0\Application\Common\Model\UserModel.class.php 第 14 行.
SQL: SHOW COLUMNS FROM `yp_user` [ RunTime:0.0060s ]
SQL: SELECT * FROM `yp_user` WHERE ( open_id='oSFV6w-VMN-xdb7eM0pyIq608E8E' ) LIMIT 1   [ RunTime:0.0010s ]
SQL: UPDATE `yp_user` SET `last_login_time`='1510758150' WHERE ( id=7904 ) [ RunTime:0.0000s ]
SQL: SELECT * FROM `yp_user` WHERE ( open_id='oSFV6w-VMN-xdb7eM0pyIq608E8E' ) LIMIT 1   [ RunTime:0.0000s ]
NOTIC: [8] Undefined index: share_user_id D:\phpStudy\WWW\youpei_2.0\Application\Home\Controller\BaseController.class.php 第 113 行.
SQL: SHOW COLUMNS FROM `yp_wxuser` [ RunTime:0.0080s ]
SQL: SELECT * FROM `yp_wxuser` WHERE `token` = 'g232238gc959' LIMIT 1   [ RunTime:0.0010s ]
NOTIC: [2048] Declaration of Common\Model\PosterStyleModel::delete() should be compatible with Think\Model::delete($options = Array) D:\phpStudy\WWW\youpei_2.0\Application\Common\Model\PosterStyleModel.class.php 第 57 行.
NOTIC: [2048] Declaration of Common\Model\PosterStyleModel::find() should be compatible with Think\Model::find($options = Array) D:\phpStudy\WWW\youpei_2.0\Application\Common\Model\PosterStyleModel.class.php 第 57 行.
SQL: SHOW COLUMNS FROM `yp_poster_style` [ RunTime:0.0080s ]
SQL: SELECT * FROM `yp_poster_style` WHERE ( id=1 ) LIMIT 1   [ RunTime:0.0030s ]
SQL: SHOW COLUMNS FROM `yp_poster_style` [ RunTime:0.0070s ]
SQL: SELECT `id`,`title`,`image` FROM `yp_poster_style` ORDER BY create_time desc LIMIT 5   [ RunTime:0.0010s ]
NOTIC: [8] Undefined offset: 4 D:\phpStudy\WWW\youpei_2.0\Application\Home\Controller\PosterController.class.php 第 140 行.

[ 2017-11-15T23:05:39+08:00 ] 192.168.0.111 /index.php/poster/index.html?style_id=1
INFO: [ app_init ] --START--
INFO: Run Behavior\BuildLiteBehavior [ RunTime:0.000000s ]
INFO: [ app_init ] --END-- [ RunTime:0.000000s ]
INFO: [ app_begin ] --START--
INFO: Run Behavior\ReadHtmlCacheBehavior [ RunTime:0.001000s ]
INFO: [ app_begin ] --END-- [ RunTime:0.001000s ]
NOTIC: [8] Undefined index: token D:\phpStudy\WWW\youpei_2.0\Application\Home\Controller\BaseController.class.php 第 157 行.
NOTIC: [2048] Declaration of Common\Model\UserModel::delete() should be compatible with Think\Model::delete($options = Array) D:\phpStudy\WWW\youpei_2.0\Application\Common\Model\UserModel.class.php 第 14 行.
NOTIC: [2048] Declaration of Common\Model\UserModel::find() should be compatible with Think\Model::find($options = Array) D:\phpStudy\WWW\youpei_2.0\Application\Common\Model\UserModel.class.php 第 14 行.
SQL: SHOW COLUMNS FROM `yp_user` [ RunTime:0.0100s ]
SQL: SELECT * FROM `yp_user` WHERE ( open_id='oSFV6w-VMN-xdb7eM0pyIq608E8E' ) LIMIT 1   [ RunTime:0.0010s ]
SQL: UPDATE `yp_user` SET `last_login_time`='1510758339' WHERE ( id=7904 ) [ RunTime:0.0010s ]
SQL: SELECT * FROM `yp_user` WHERE ( open_id='oSFV6w-VMN-xdb7eM0pyIq608E8E' ) LIMIT 1   [ RunTime:0.0020s ]
NOTIC: [8] Undefined index: share_user_id D:\phpStudy\WWW\youpei_2.0\Application\Home\Controller\BaseController.class.php 第 113 行.
SQL: SHOW COLUMNS FROM `yp_wxuser` [ RunTime:0.0120s ]
SQL: SELECT * FROM `yp_wxuser` WHERE `token` = 'g232238gc959' LIMIT 1   [ RunTime:0.0030s ]
INFO: [ view_parse ] --START--
INFO: [ template_filter ] --START--
INFO: Run Behavior\ContentReplaceBehavior [ RunTime:0.000000s ]
INFO: [ template_filter ] --END-- [ RunTime:0.000000s ]
INFO: Run Behavior\ParseTemplateBehavior [ RunTime:0.011000s ]
INFO: [ view_parse ] --END-- [ RunTime:0.011000s ]
INFO: [ view_filter ] --START--
INFO: Run Behavior\WriteHtmlCacheBehavior [ RunTime:0.001000s ]
INFO: [ view_filter ] --END-- [ RunTime:0.001000s ]
INFO: [ app_end ] --START--
INFO: Run Behavior\ShowPageTraceBehavior [ RunTime:0.001001s ]
INFO: [ app_end ] --END-- [ RunTime:0.002001s ]

[ 2017-11-15T23:05:41+08:00 ] 192.168.0.111 /index.php/Poster/qrcodeFirst
INFO: [ app_init ] --START--
INFO: Run Behavior\BuildLiteBehavior [ RunTime:0.000000s ]
INFO: [ app_init ] --END-- [ RunTime:0.000000s ]
INFO: [ app_begin ] --START--
INFO: Run Behavior\ReadHtmlCacheBehavior [ RunTime:0.001000s ]
INFO: [ app_begin ] --END-- [ RunTime:0.001000s ]
NOTIC: [8] Undefined index: token D:\phpStudy\WWW\youpei_2.0\Application\Home\Controller\BaseController.class.php 第 157 行.
NOTIC: [2048] Declaration of Common\Model\UserModel::delete() should be compatible with Think\Model::delete($options = Array) D:\phpStudy\WWW\youpei_2.0\Application\Common\Model\UserModel.class.php 第 14 行.
NOTIC: [2048] Declaration of Common\Model\UserModel::find() should be compatible with Think\Model::find($options = Array) D:\phpStudy\WWW\youpei_2.0\Application\Common\Model\UserModel.class.php 第 14 行.
SQL: SHOW COLUMNS FROM `yp_user` [ RunTime:0.0100s ]
SQL: SELECT * FROM `yp_user` WHERE ( open_id='oSFV6w-VMN-xdb7eM0pyIq608E8E' ) LIMIT 1   [ RunTime:0.0020s ]
SQL: UPDATE `yp_user` SET `last_login_time`='1510758341' WHERE ( id=7904 ) [ RunTime:0.0020s ]
SQL: SELECT * FROM `yp_user` WHERE ( open_id='oSFV6w-VMN-xdb7eM0pyIq608E8E' ) LIMIT 1   [ RunTime:0.0010s ]
NOTIC: [8] Undefined index: share_user_id D:\phpStudy\WWW\youpei_2.0\Application\Home\Controller\BaseController.class.php 第 113 行.
SQL: SHOW COLUMNS FROM `yp_wxuser` [ RunTime:0.0110s ]
SQL: SELECT * FROM `yp_wxuser` WHERE `token` = 'g232238gc959' LIMIT 1   [ RunTime:0.0020s ]
NOTIC: [2048] Declaration of Common\Model\PosterStyleModel::delete() should be compatible with Think\Model::delete($options = Array) D:\phpStudy\WWW\youpei_2.0\Application\Common\Model\PosterStyleModel.class.php 第 57 行.
NOTIC: [2048] Declaration of Common\Model\PosterStyleModel::find() should be compatible with Think\Model::find($options = Array) D:\phpStudy\WWW\youpei_2.0\Application\Common\Model\PosterStyleModel.class.php 第 57 行.
SQL: SHOW COLUMNS FROM `yp_poster_style` [ RunTime:0.0110s ]
SQL: SELECT * FROM `yp_poster_style` WHERE ( id=1 ) LIMIT 1   [ RunTime:0.0020s ]
SQL: SHOW COLUMNS FROM `yp_poster_style` [ RunTime:0.0100s ]
SQL: SELECT `id`,`title`,`image` FROM `yp_poster_style` ORDER BY create_time desc LIMIT 5   [ RunTime:0.0010s ]
NOTIC: [8] Undefined offset: 4 D:\phpStudy\WWW\youpei_2.0\Application\Home\Controller\PosterController.class.php 第 140 行.

[ 2017-11-15T23:09:23+08:00 ] 192.168.0.111 /index.php/poster/index.html?style_id=1
INFO: [ app_init ] --START--
INFO: Run Behavior\BuildLiteBehavior [ RunTime:0.000000s ]
INFO: [ app_init ] --END-- [ RunTime:0.000000s ]
INFO: [ app_begin ] --START--
INFO: Run Behavior\ReadHtmlCacheBehavior [ RunTime:0.001000s ]
INFO: [ app_begin ] --END-- [ RunTime:0.001000s ]
NOTIC: [8] Undefined index: token D:\phpStudy\WWW\youpei_2.0\Application\Home\Controller\BaseController.class.php 第 157 行.
NOTIC: [2048] Declaration of Common\Model\UserModel::delete() should be compatible with Think\Model::delete($options = Array) D:\phpStudy\WWW\youpei_2.0\Application\Common\Model\UserModel.class.php 第 14 行.
NOTIC: [2048] Declaration of Common\Model\UserModel::find() should be compatible with Think\Model::find($options = Array) D:\phpStudy\WWW\youpei_2.0\Application\Common\Model\UserModel.class.php 第 14 行.
SQL: SHOW COLUMNS FROM `yp_user` [ RunTime:0.0110s ]
SQL: SELECT * FROM `yp_user` WHERE ( open_id='oSFV6w-VMN-xdb7eM0pyIq608E8E' ) LIMIT 1   [ RunTime:0.0010s ]
SQL: UPDATE `yp_user` SET `last_login_time`='1510758563' WHERE ( id=7904 ) [ RunTime:0.0000s ]
SQL: SELECT * FROM `yp_user` WHERE ( open_id='oSFV6w-VMN-xdb7eM0pyIq608E8E' ) LIMIT 1   [ RunTime:0.0010s ]
NOTIC: [8] Undefined index: share_user_id D:\phpStudy\WWW\youpei_2.0\Application\Home\Controller\BaseController.class.php 第 113 行.
SQL: SHOW COLUMNS FROM `yp_wxuser` [ RunTime:0.0100s ]
SQL: SELECT * FROM `yp_wxuser` WHERE `token` = 'g232238gc959' LIMIT 1   [ RunTime:0.0000s ]
INFO: [ view_parse ] --START--
INFO: [ template_filter ] --START--
INFO: Run Behavior\ContentReplaceBehavior [ RunTime:0.000000s ]
INFO: [ template_filter ] --END-- [ RunTime:0.000000s ]
INFO: Run Behavior\ParseTemplateBehavior [ RunTime:0.029001s ]
INFO: [ view_parse ] --END-- [ RunTime:0.029001s ]
INFO: [ view_filter ] --START--
INFO: Run Behavior\WriteHtmlCacheBehavior [ RunTime:0.001000s ]
INFO: [ view_filter ] --END-- [ RunTime:0.002001s ]
INFO: [ app_end ] --START--
INFO: Run Behavior\ShowPageTraceBehavior [ RunTime:0.001000s ]
INFO: [ app_end ] --END-- [ RunTime:0.001000s ]

[ 2017-11-15T23:09:24+08:00 ] 192.168.0.111 /index.php/Poster/qrcodeFirst
INFO: [ app_init ] --START--
INFO: Run Behavior\BuildLiteBehavior [ RunTime:0.000000s ]
INFO: [ app_init ] --END-- [ RunTime:0.000000s ]
INFO: [ app_begin ] --START--
INFO: Run Behavior\ReadHtmlCacheBehavior [ RunTime:0.001000s ]
INFO: [ app_begin ] --END-- [ RunTime:0.001000s ]
NOTIC: [8] Undefined index: token D:\phpStudy\WWW\youpei_2.0\Application\Home\Controller\BaseController.class.php 第 157 行.
NOTIC: [2048] Declaration of Common\Model\UserModel::delete() should be compatible with Think\Model::delete($options = Array) D:\phpStudy\WWW\youpei_2.0\Application\Common\Model\UserModel.class.php 第 14 行.
NOTIC: [2048] Declaration of Common\Model\UserModel::find() should be compatible with Think\Model::find($options = Array) D:\phpStudy\WWW\youpei_2.0\Application\Common\Model\UserModel.class.php 第 14 行.
SQL: SHOW COLUMNS FROM `yp_user` [ RunTime:0.0110s ]
SQL: SELECT * FROM `yp_user` WHERE ( open_id='oSFV6w-VMN-xdb7eM0pyIq608E8E' ) LIMIT 1   [ RunTime:0.0020s ]
SQL: UPDATE `yp_user` SET `last_login_time`='1510758564' WHERE ( id=7904 ) [ RunTime:0.0020s ]
SQL: SELECT * FROM `yp_user` WHERE ( open_id='oSFV6w-VMN-xdb7eM0pyIq608E8E' ) LIMIT 1   [ RunTime:0.0020s ]
NOTIC: [8] Undefined index: share_user_id D:\phpStudy\WWW\youpei_2.0\Application\Home\Controller\BaseController.class.php 第 113 行.
SQL: SHOW COLUMNS FROM `yp_wxuser` [ RunTime:0.0110s ]
SQL: SELECT * FROM `yp_wxuser` WHERE `token` = 'g232238gc959' LIMIT 1   [ RunTime:0.0020s ]
NOTIC: [2048] Declaration of Common\Model\PosterStyleModel::delete() should be compatible with Think\Model::delete($options = Array) D:\phpStudy\WWW\youpei_2.0\Application\Common\Model\PosterStyleModel.class.php 第 57 行.
NOTIC: [2048] Declaration of Common\Model\PosterStyleModel::find() should be compatible with Think\Model::find($options = Array) D:\phpStudy\WWW\youpei_2.0\Application\Common\Model\PosterStyleModel.class.php 第 57 行.
SQL: SHOW COLUMNS FROM `yp_poster_style` [ RunTime:0.0120s ]
SQL: SELECT * FROM `yp_poster_style` WHERE ( id=1 ) LIMIT 1   [ RunTime:0.0030s ]
SQL: SHOW COLUMNS FROM `yp_poster_style` [ RunTime:0.0120s ]
SQL: SELECT `id`,`title`,`image` FROM `yp_poster_style` ORDER BY create_time desc LIMIT 5   [ RunTime:0.0010s ]
NOTIC: [8] Undefined offset: 4 D:\phpStudy\WWW\youpei_2.0\Application\Home\Controller\PosterController.class.php 第 140 行.

