[ 2017-11-03T21:53:35+08:00 ] 192.168.0.108 /index.php/Vote/voteDetail.html?id=11&vote_id=4
INFO: [ app_init ] --START--
INFO: Run Behavior\BuildLiteBehavior [ RunTime:0.000000s ]
INFO: [ app_init ] --END-- [ RunTime:0.025002s ]
INFO: [ app_begin ] --START--
INFO: Run Behavior\ReadHtmlCacheBehavior [ RunTime:0.000000s ]
INFO: [ app_begin ] --END-- [ RunTime:0.001000s ]
NOTIC: [8] Undefined index: token D:\phpStudy\WWW\youpei_2.0\Application\Home\Controller\BaseController.class.php 第 157 行.
NOTIC: [2048] Declaration of Common\Model\UserModel::delete() should be compatible with Think\Model::delete($options = Array) D:\phpStudy\WWW\youpei_2.0\Application\Common\Model\UserModel.class.php 第 14 行.
NOTIC: [2048] Declaration of Common\Model\UserModel::find() should be compatible with Think\Model::find($options = Array) D:\phpStudy\WWW\youpei_2.0\Application\Common\Model\UserModel.class.php 第 14 行.
SQL: SHOW COLUMNS FROM `yp_user` [ RunTime:0.0200s ]
SQL: SELECT * FROM `yp_user` WHERE ( open_id='oSFV6w-VMN-xdb7eM0pyIq608E8E' ) LIMIT 1   [ RunTime:0.0410s ]
SQL: UPDATE `yp_user` SET `last_login_time`='1509717214' WHERE ( id=7904 ) [ RunTime:0.0020s ]
SQL: SELECT * FROM `yp_user` WHERE ( open_id='oSFV6w-VMN-xdb7eM0pyIq608E8E' ) LIMIT 1   [ RunTime:0.0020s ]
NOTIC: [8] Undefined index: share_user_id D:\phpStudy\WWW\youpei_2.0\Application\Home\Controller\BaseController.class.php 第 113 行.
SQL: SHOW COLUMNS FROM `yp_wxuser` [ RunTime:0.0070s ]
SQL: SELECT * FROM `yp_wxuser` WHERE `token` = 'g232238gc959' LIMIT 1   [ RunTime:0.0020s ]
INFO: [ view_parse ] --START--
INFO: [ template_filter ] --START--
INFO: Run Behavior\ContentReplaceBehavior [ RunTime:0.012000s ]
INFO: [ template_filter ] --END-- [ RunTime:0.012000s ]
INFO: Run Behavior\ParseTemplateBehavior [ RunTime:0.102006s ]
INFO: [ view_parse ] --END-- [ RunTime:0.102006s ]
INFO: [ view_filter ] --START--
INFO: Run Behavior\WriteHtmlCacheBehavior [ RunTime:0.010000s ]
INFO: [ view_filter ] --END-- [ RunTime:0.010000s ]
INFO: [ app_end ] --START--
INFO: Run Behavior\ShowPageTraceBehavior [ RunTime:0.020001s ]
INFO: [ app_end ] --END-- [ RunTime:0.020001s ]

[ 2017-11-03T21:53:37+08:00 ] 192.168.0.108 /index.php/Vote/ajaxVoteDetail?id=11
INFO: [ app_init ] --START--
INFO: Run Behavior\BuildLiteBehavior [ RunTime:0.000000s ]
INFO: [ app_init ] --END-- [ RunTime:0.000000s ]
INFO: [ app_begin ] --START--
INFO: Run Behavior\ReadHtmlCacheBehavior [ RunTime:0.002000s ]
INFO: [ app_begin ] --END-- [ RunTime:0.002000s ]
NOTIC: [8] Undefined index: token D:\phpStudy\WWW\youpei_2.0\Application\Home\Controller\BaseController.class.php 第 157 行.
NOTIC: [2048] Declaration of Common\Model\UserModel::delete() should be compatible with Think\Model::delete($options = Array) D:\phpStudy\WWW\youpei_2.0\Application\Common\Model\UserModel.class.php 第 14 行.
NOTIC: [2048] Declaration of Common\Model\UserModel::find() should be compatible with Think\Model::find($options = Array) D:\phpStudy\WWW\youpei_2.0\Application\Common\Model\UserModel.class.php 第 14 行.
SQL: SHOW COLUMNS FROM `yp_user` [ RunTime:0.0110s ]
SQL: SELECT * FROM `yp_user` WHERE ( open_id='oSFV6w-VMN-xdb7eM0pyIq608E8E' ) LIMIT 1   [ RunTime:0.0020s ]
SQL: UPDATE `yp_user` SET `last_login_time`='1509717217' WHERE ( id=7904 ) [ RunTime:0.0010s ]
SQL: SELECT * FROM `yp_user` WHERE ( open_id='oSFV6w-VMN-xdb7eM0pyIq608E8E' ) LIMIT 1   [ RunTime:0.0020s ]
NOTIC: [8] Undefined index: share_user_id D:\phpStudy\WWW\youpei_2.0\Application\Home\Controller\BaseController.class.php 第 113 行.
SQL: SHOW COLUMNS FROM `yp_wxuser` [ RunTime:0.0110s ]
SQL: SELECT * FROM `yp_wxuser` WHERE `token` = 'g232238gc959' LIMIT 1   [ RunTime:0.0020s ]
SQL: SHOW COLUMNS FROM `yp_contribution_record` [ RunTime:0.0190s ]
SQL: SELECT `id`,`path`,`username`,`title`,`vote_id`,`vote_count` FROM `yp_contribution_record` WHERE `id` = 11 AND `status` = 2 LIMIT 1   [ RunTime:0.0090s ]
SQL: SHOW COLUMNS FROM `yp_vote` [ RunTime:0.0190s ]
SQL: SELECT * FROM `yp_vote` WHERE `id` = 4 LIMIT 1   [ RunTime:0.0020s ]
NOTIC: [8] Undefined index: user_id D:\phpStudy\WWW\youpei_2.0\Application\Home\Controller\VoteController.class.php 第 180 行.
SQL: SHOW COLUMNS FROM `yp_vote` [ RunTime:0.0130s ]
SQL: UPDATE `yp_vote` SET `visit_sum`=visit_sum+1 WHERE ( id=4 ) [ RunTime:0.0020s ]
NOTIC: [2048] Declaration of Common\Model\VoteRecordModel::delete() should be compatible with Think\Model::delete($options = Array) D:\phpStudy\WWW\youpei_2.0\Application\Common\Model\VoteRecordModel.class.php 第 69 行.
NOTIC: [2048] Declaration of Common\Model\VoteRecordModel::find() should be compatible with Think\Model::find($options = Array) D:\phpStudy\WWW\youpei_2.0\Application\Common\Model\VoteRecordModel.class.php 第 69 行.
SQL: SHOW COLUMNS FROM `yp_vote_record` [ RunTime:0.0250s ]
SQL: SELECT * FROM `yp_vote_record` WHERE `user_id` = 7904 AND `type` = 1 AND `is_expend` = 2 AND ( `create_time` >= 1509638400 AND `create_time` <= 1509724800  ) LIMIT 1   [ RunTime:0.0040s ]
NOTIC: [8] Undefined index: share_user_id D:\phpStudy\WWW\youpei_2.0\Application\Home\Controller\VoteController.class.php 第 194 行.
SQL: INSERT INTO `yp_vote_record` (`create_time`,`user_id`,`type`,`type_id`,`count`,`is_expend`) VALUES ('1509717217','7904','1',NULL,'2','2') [ RunTime:0.0010s ]
SQL: SHOW COLUMNS FROM `yp_vote_quota` [ RunTime:0.0120s ]
SQL: SELECT SUM(remain_count) AS tp_sum FROM `yp_vote_quota` WHERE `create_time` <= 1509717217 AND `end_time` > 1509717217 AND `user_id` = 7904 LIMIT 1   [ RunTime:0.0120s ]
SQL: SELECT SUM(count) AS tp_sum FROM `yp_vote_record` WHERE `type` = 3 AND `create_time` >= 1509638400 AND `user_id` = 7904 LIMIT 1   [ RunTime:0.0020s ]
SQL: SELECT * FROM `yp_contribution_record` WHERE `vote_id` = 4 AND `id` <> '11' AND `status` = 2 LIMIT 0,2   [ RunTime:0.0020s ]

[ 2017-11-03T21:53:38+08:00 ] 192.168.0.108 /index.php/Vote/attentioni
INFO: [ app_init ] --START--
INFO: Run Behavior\BuildLiteBehavior [ RunTime:0.000000s ]
INFO: [ app_init ] --END-- [ RunTime:0.000000s ]
INFO: [ app_begin ] --START--
INFO: Run Behavior\ReadHtmlCacheBehavior [ RunTime:0.001000s ]
INFO: [ app_begin ] --END-- [ RunTime:0.001000s ]
NOTIC: [8] Undefined index: token D:\phpStudy\WWW\youpei_2.0\Application\Home\Controller\BaseController.class.php 第 157 行.
NOTIC: [2048] Declaration of Common\Model\UserModel::delete() should be compatible with Think\Model::delete($options = Array) D:\phpStudy\WWW\youpei_2.0\Application\Common\Model\UserModel.class.php 第 14 行.
NOTIC: [2048] Declaration of Common\Model\UserModel::find() should be compatible with Think\Model::find($options = Array) D:\phpStudy\WWW\youpei_2.0\Application\Common\Model\UserModel.class.php 第 14 行.
SQL: SHOW COLUMNS FROM `yp_user` [ RunTime:0.0090s ]
SQL: SELECT * FROM `yp_user` WHERE ( open_id='oSFV6w-VMN-xdb7eM0pyIq608E8E' ) LIMIT 1   [ RunTime:0.0010s ]
SQL: UPDATE `yp_user` SET `last_login_time`='1509717218' WHERE ( id=7904 ) [ RunTime:0.0010s ]
SQL: SELECT * FROM `yp_user` WHERE ( open_id='oSFV6w-VMN-xdb7eM0pyIq608E8E' ) LIMIT 1   [ RunTime:0.0010s ]
NOTIC: [8] Undefined index: share_user_id D:\phpStudy\WWW\youpei_2.0\Application\Home\Controller\BaseController.class.php 第 113 行.
SQL: SHOW COLUMNS FROM `yp_wxuser` [ RunTime:0.0090s ]
SQL: SELECT * FROM `yp_wxuser` WHERE `token` = 'g232238gc959' LIMIT 1   [ RunTime:0.0010s ]
NOTIC: [2] file_get_contents(): Unable to find the wrapper &quot;https&quot; - did you forget to enable it when you configured PHP? D:\phpStudy\WWW\youpei_2.0\Application\Home\Controller\VoteController.class.php 第 715 行.
NOTIC: [2] file_get_contents(https://api.weixin.qq.com/cgi-bin/token?grant_type=client_credential&amp;appid=wx2a478415b419d817&amp;secret=5777fd0e27efa96cf5c85bbf1d2e5baa): failed to open stream: No such file or directory D:\phpStudy\WWW\youpei_2.0\Application\Home\Controller\VoteController.class.php 第 715 行.
NOTIC: [8] Trying to get property of non-object D:\phpStudy\WWW\youpei_2.0\Application\Home\Controller\VoteController.class.php 第 716 行.
NOTIC: [2] file_get_contents(): Unable to find the wrapper &quot;https&quot; - did you forget to enable it when you configured PHP? D:\phpStudy\WWW\youpei_2.0\Application\Home\Controller\VoteController.class.php 第 719 行.
NOTIC: [2] file_get_contents(https://api.weixin.qq.com/cgi-bin/user/info?access_token=&amp;openid=oSFV6w-VMN-xdb7eM0pyIq608E8E): failed to open stream: No such file or directory D:\phpStudy\WWW\youpei_2.0\Application\Home\Controller\VoteController.class.php 第 719 行.
NOTIC: [8] Trying to get property of non-object D:\phpStudy\WWW\youpei_2.0\Application\Home\Controller\VoteController.class.php 第 720 行.

[ 2017-11-03T21:53:39+08:00 ] 192.168.0.108 /index.php/Vote/voteContribution?id=11
INFO: [ app_init ] --START--
INFO: Run Behavior\BuildLiteBehavior [ RunTime:0.000000s ]
INFO: [ app_init ] --END-- [ RunTime:0.000000s ]
INFO: [ app_begin ] --START--
INFO: Run Behavior\ReadHtmlCacheBehavior [ RunTime:0.001000s ]
INFO: [ app_begin ] --END-- [ RunTime:0.001000s ]
NOTIC: [8] Undefined index: token D:\phpStudy\WWW\youpei_2.0\Application\Home\Controller\BaseController.class.php 第 157 行.
NOTIC: [2048] Declaration of Common\Model\UserModel::delete() should be compatible with Think\Model::delete($options = Array) D:\phpStudy\WWW\youpei_2.0\Application\Common\Model\UserModel.class.php 第 14 行.
NOTIC: [2048] Declaration of Common\Model\UserModel::find() should be compatible with Think\Model::find($options = Array) D:\phpStudy\WWW\youpei_2.0\Application\Common\Model\UserModel.class.php 第 14 行.
SQL: SHOW COLUMNS FROM `yp_user` [ RunTime:0.0060s ]
SQL: SELECT * FROM `yp_user` WHERE ( open_id='oSFV6w-VMN-xdb7eM0pyIq608E8E' ) LIMIT 1   [ RunTime:0.0010s ]
SQL: UPDATE `yp_user` SET `last_login_time`='1509717219' WHERE ( id=7904 ) [ RunTime:0.0030s ]
SQL: SELECT * FROM `yp_user` WHERE ( open_id='oSFV6w-VMN-xdb7eM0pyIq608E8E' ) LIMIT 1   [ RunTime:0.0010s ]
NOTIC: [8] Undefined index: share_user_id D:\phpStudy\WWW\youpei_2.0\Application\Home\Controller\BaseController.class.php 第 113 行.
SQL: SHOW COLUMNS FROM `yp_wxuser` [ RunTime:0.0080s ]
SQL: SELECT * FROM `yp_wxuser` WHERE `token` = 'g232238gc959' LIMIT 1   [ RunTime:0.0010s ]
NOTIC: [2048] Declaration of Common\Model\ContributionRecordModel::delete() should be compatible with Think\Model::delete($options = Array) D:\phpStudy\WWW\youpei_2.0\Application\Common\Model\ContributionRecordModel.class.php 第 64 行.
NOTIC: [2048] Declaration of Common\Model\ContributionRecordModel::find() should be compatible with Think\Model::find($options = Array) D:\phpStudy\WWW\youpei_2.0\Application\Common\Model\ContributionRecordModel.class.php 第 64 行.
SQL: SHOW COLUMNS FROM `yp_contribution_record` [ RunTime:0.0080s ]
SQL: SELECT * FROM `yp_contribution_record` WHERE ( id=11 ) LIMIT 1   [ RunTime:0.0020s ]
NOTIC: [2048] Declaration of Common\Model\VoteModel::delete() should be compatible with Think\Model::delete($options = Array) D:\phpStudy\WWW\youpei_2.0\Application\Common\Model\VoteModel.class.php 第 60 行.
NOTIC: [2048] Declaration of Common\Model\VoteModel::find() should be compatible with Think\Model::find($options = Array) D:\phpStudy\WWW\youpei_2.0\Application\Common\Model\VoteModel.class.php 第 60 行.
SQL: SHOW COLUMNS FROM `yp_vote` [ RunTime:0.0070s ]
SQL: SELECT * FROM `yp_vote` WHERE ( id=4 ) LIMIT 1   [ RunTime:0.0010s ]
SQL: SELECT `username` FROM `yp_user` WHERE ( id=7904 ) LIMIT 1   [ RunTime:0.0010s ]

