[ 2017-11-14T22:35:38+08:00 ] 192.168.0.111 /index.php/Product/getNormalPrice?pro_id=86&key=1
INFO: [ app_init ] --START--
INFO: Run Behavior\BuildLiteBehavior [ RunTime:0.000000s ]
INFO: [ app_init ] --END-- [ RunTime:0.021001s ]
INFO: [ app_begin ] --START--
INFO: Run Behavior\ReadHtmlCacheBehavior [ RunTime:0.000000s ]
INFO: [ app_begin ] --END-- [ RunTime:0.001000s ]
NOTIC: [8] Undefined index: token D:\phpStudy\WWW\youpei_2.0\Application\Home\Controller\BaseController.class.php 第 157 行.
NOTIC: [2048] Declaration of Common\Model\UserModel::delete() should be compatible with Think\Model::delete($options = Array) D:\phpStudy\WWW\youpei_2.0\Application\Common\Model\UserModel.class.php 第 14 行.
NOTIC: [2048] Declaration of Common\Model\UserModel::find() should be compatible with Think\Model::find($options = Array) D:\phpStudy\WWW\youpei_2.0\Application\Common\Model\UserModel.class.php 第 14 行.
SQL: SHOW COLUMNS FROM `yp_user` [ RunTime:0.0440s ]
SQL: SELECT * FROM `yp_user` WHERE ( open_id='oSFV6w-VMN-xdb7eM0pyIq608E8E' ) LIMIT 1   [ RunTime:0.0340s ]
SQL: UPDATE `yp_user` SET `last_login_time`='1510670136' WHERE ( id=7904 ) [ RunTime:0.0120s ]
SQL: SELECT * FROM `yp_user` WHERE ( open_id='oSFV6w-VMN-xdb7eM0pyIq608E8E' ) LIMIT 1   [ RunTime:0.0010s ]
NOTIC: [8] Undefined index: share_user_id D:\phpStudy\WWW\youpei_2.0\Application\Home\Controller\BaseController.class.php 第 113 行.
SQL: SHOW COLUMNS FROM `yp_wxuser` [ RunTime:0.0080s ]
SQL: SELECT * FROM `yp_wxuser` WHERE `token` = 'g232238gc959' LIMIT 1   [ RunTime:0.0020s ]
SQL: SHOW COLUMNS FROM `yp_product` [ RunTime:0.0320s ]
SQL: SELECT `price`,`type` FROM `yp_product` WHERE `id` = 86 LIMIT 1   [ RunTime:0.0870s ]
SQL: SHOW COLUMNS FROM `yp_bargain` [ RunTime:0.2320s ]
SQL: SELECT `price` FROM `yp_bargain` WHERE `type` = 2 AND `type_id` = 86 AND `key` = 1 AND `start_time` <= 1510670138 AND `end_time` > 1510670138 LIMIT 1   [ RunTime:0.0060s ]
NOTIC: [2048] Declaration of Common\Model\BargainModel::delete() should be compatible with Think\Model::delete($options = Array) D:\phpStudy\WWW\youpei_2.0\Application\Common\Model\BargainModel.class.php 第 64 行.
NOTIC: [2048] Declaration of Common\Model\BargainModel::find() should be compatible with Think\Model::find($options = Array) D:\phpStudy\WWW\youpei_2.0\Application\Common\Model\BargainModel.class.php 第 64 行.
SQL: SELECT * FROM `yp_bargain` WHERE `type` = 1 AND `type_id` = 86 AND `key` = 1 AND `start_time` < 1510670138 AND `end_time` > 1510670138 LIMIT 1   [ RunTime:0.0020s ]

[ 2017-11-14T22:35:40+08:00 ] 192.168.0.111 /index.php/Index/index.html
INFO: [ app_init ] --START--
INFO: Run Behavior\BuildLiteBehavior [ RunTime:0.000000s ]
INFO: [ app_init ] --END-- [ RunTime:0.000000s ]
INFO: [ app_begin ] --START--
INFO: Run Behavior\ReadHtmlCacheBehavior [ RunTime:0.000000s ]
INFO: [ app_begin ] --END-- [ RunTime:0.001000s ]
NOTIC: [8] Undefined index: token D:\phpStudy\WWW\youpei_2.0\Application\Home\Controller\BaseController.class.php 第 157 行.
NOTIC: [2048] Declaration of Common\Model\UserModel::delete() should be compatible with Think\Model::delete($options = Array) D:\phpStudy\WWW\youpei_2.0\Application\Common\Model\UserModel.class.php 第 14 行.
NOTIC: [2048] Declaration of Common\Model\UserModel::find() should be compatible with Think\Model::find($options = Array) D:\phpStudy\WWW\youpei_2.0\Application\Common\Model\UserModel.class.php 第 14 行.
SQL: SHOW COLUMNS FROM `yp_user` [ RunTime:0.0100s ]
SQL: SELECT * FROM `yp_user` WHERE ( open_id='oSFV6w-VMN-xdb7eM0pyIq608E8E' ) LIMIT 1   [ RunTime:0.0020s ]
SQL: UPDATE `yp_user` SET `last_login_time`='1510670139' WHERE ( id=7904 ) [ RunTime:0.0010s ]
SQL: SELECT * FROM `yp_user` WHERE ( open_id='oSFV6w-VMN-xdb7eM0pyIq608E8E' ) LIMIT 1   [ RunTime:0.0020s ]
NOTIC: [8] Undefined index: share_user_id D:\phpStudy\WWW\youpei_2.0\Application\Home\Controller\BaseController.class.php 第 113 行.
SQL: SHOW COLUMNS FROM `yp_wxuser` [ RunTime:0.0080s ]
SQL: SELECT * FROM `yp_wxuser` WHERE `token` = 'g232238gc959' LIMIT 1   [ RunTime:0.0020s ]
NOTIC: [2048] Declaration of Common\Model\PictureModel::delete() should be compatible with Think\Model::delete($options = Array) D:\phpStudy\WWW\youpei_2.0\Application\Common\Model\PictureModel.class.php 第 58 行.
NOTIC: [2048] Declaration of Common\Model\PictureModel::find() should be compatible with Think\Model::find($options = Array) D:\phpStudy\WWW\youpei_2.0\Application\Common\Model\PictureModel.class.php 第 58 行.
SQL: SHOW COLUMNS FROM `yp_picture` [ RunTime:0.0140s ]
SQL: SELECT * FROM `yp_picture` ORDER BY sort desc  [ RunTime:0.0010s ]
SQL: SHOW COLUMNS FROM `yp_homeclassify` [ RunTime:0.0240s ]
SQL: SELECT * FROM yp_homeclassify where is_show ='0' ORDER BY sort ASC [ RunTime:0.0020s ]
NOTIC: [2048] Declaration of Common\Model\ProductClassModel::delete() should be compatible with Think\Model::delete($options = Array) D:\phpStudy\WWW\youpei_2.0\Application\Common\Model\ProductClassModel.class.php 第 63 行.
NOTIC: [2048] Declaration of Common\Model\ProductClassModel::find() should be compatible with Think\Model::find($options = Array) D:\phpStudy\WWW\youpei_2.0\Application\Common\Model\ProductClassModel.class.php 第 63 行.
SQL: SHOW COLUMNS FROM `yp_product_class` [ RunTime:0.0210s ]
SQL: SELECT * FROM `yp_product_class` ORDER BY sort asc  [ RunTime:0.0020s ]
SQL: SHOW COLUMNS FROM `yp_bargain` [ RunTime:0.0100s ]
SQL: SELECT DISTINCT  `type_id` FROM `yp_bargain` WHERE `type` = 2 AND `start_time` <= 1510670140 AND `end_time` > 1510670140 LIMIT 4   [ RunTime:0.0020s ]
SQL: SELECT * FROM `yp_bargain` WHERE `type` = 2 AND `type_id` = 36 AND `start_time` <= 1510670140 AND `end_time` > 1510670140 LIMIT 1   [ RunTime:0.0020s ]
SQL: SHOW COLUMNS FROM `yp_product` [ RunTime:0.0110s ]
SQL: SELECT `id`,`title`,`f_title`,`pic_url`,`type`,`price`,`status`,`tag`,`is_hot`,`city`,`area`,`address` FROM `yp_product` WHERE `id` = 36 LIMIT 1   [ RunTime:0.0120s ]
NOTIC: [8] Undefined offset: 2 D:\phpStudy\WWW\youpei_2.0\Application\Home\Controller\IndexController.class.php 第 75 行.
SQL: SHOW COLUMNS FROM `yp_product` [ RunTime:0.0120s ]
SQL: SELECT `id`,`title`,`f_title`,`pic_url`,`type`,`price`,`status`,`tag`,`is_hot` FROM `yp_product` WHERE `type` = 2 AND `is_hot` = 2 AND `check_status` = 2 ORDER BY id desc LIMIT 5   [ RunTime:0.0240s ]
SQL: SHOW COLUMNS FROM `yp_group_record` [ RunTime:0.0180s ]
SQL: UPDATE `yp_group_record` SET `status`='2' WHERE `status` <> 5 AND `end_time` <= 1510670140 [ RunTime:0.0010s ]
SQL: SELECT * FROM `yp_group_record` WHERE `status` <> 5 AND `end_time` > 1510670140  [ RunTime:0.0010s ]
SQL: SHOW COLUMNS FROM `yp_order` [ RunTime:0.0300s ]
SQL: SELECT COUNT(amount) AS tp_count FROM `yp_order` WHERE `group_record_id` = 6 AND ( `status` = 1 OR `status` = 4 ) LIMIT 1   [ RunTime:0.0100s ]
NOTIC: [2048] Declaration of Common\Model\GroupProductModel::delete() should be compatible with Think\Model::delete($options = Array) D:\phpStudy\WWW\youpei_2.0\Application\Common\Model\GroupProductModel.class.php 第 68 行.
NOTIC: [2048] Declaration of Common\Model\GroupProductModel::find() should be compatible with Think\Model::find($options = Array) D:\phpStudy\WWW\youpei_2.0\Application\Common\Model\GroupProductModel.class.php 第 68 行.
SQL: SHOW COLUMNS FROM `yp_group_product` [ RunTime:0.0210s ]
SQL: SELECT * FROM `yp_group_product` WHERE ( id=9 ) LIMIT 1   [ RunTime:0.0120s ]
SQL: SELECT COUNT(amount) AS tp_count FROM `yp_order` WHERE `group_record_id` = 7 AND ( `status` = 1 OR `status` = 4 ) LIMIT 1   [ RunTime:0.0020s ]
SQL: SELECT * FROM `yp_group_product` WHERE ( id=11 ) LIMIT 1   [ RunTime:0.0030s ]
SQL: SELECT COUNT(amount) AS tp_count FROM `yp_order` WHERE `group_record_id` = 8 AND ( `status` = 1 OR `status` = 4 ) LIMIT 1   [ RunTime:0.0020s ]
SQL: SELECT * FROM `yp_group_product` WHERE ( id=13 ) LIMIT 1   [ RunTime:0.0020s ]
SQL: SELECT COUNT(amount) AS tp_count FROM `yp_order` WHERE `group_record_id` = 9 AND ( `status` = 1 OR `status` = 4 ) LIMIT 1   [ RunTime:0.0020s ]
SQL: SELECT * FROM `yp_group_product` WHERE ( id=12 ) LIMIT 1   [ RunTime:0.0020s ]
INFO: [ view_parse ] --START--
INFO: [ template_filter ] --START--
INFO: Run Behavior\ContentReplaceBehavior [ RunTime:0.001000s ]
INFO: [ template_filter ] --END-- [ RunTime:0.001000s ]
NOTIC: [8] Undefined variable: umark D:\phpStudy\WWW\youpei_2.0\Application\Runtime\Cache\Home\2a94b8bda04ff446dcedd42276fc99ee.php 第 674 行.
INFO: Run Behavior\ParseTemplateBehavior [ RunTime:0.142009s ]
INFO: [ view_parse ] --END-- [ RunTime:0.142009s ]
INFO: [ view_filter ] --START--
INFO: Run Behavior\WriteHtmlCacheBehavior [ RunTime:0.012000s ]
INFO: [ view_filter ] --END-- [ RunTime:0.012000s ]
INFO: [ app_end ] --START--
INFO: Run Behavior\ShowPageTraceBehavior [ RunTime:0.022002s ]
INFO: [ app_end ] --END-- [ RunTime:0.022002s ]

[ 2017-11-14T22:35:42+08:00 ] 192.168.0.111 /index.php/Index/indexTest
INFO: [ app_init ] --START--
INFO: Run Behavior\BuildLiteBehavior [ RunTime:0.000000s ]
INFO: [ app_init ] --END-- [ RunTime:0.000000s ]
INFO: [ app_begin ] --START--
INFO: Run Behavior\ReadHtmlCacheBehavior [ RunTime:0.003000s ]
INFO: [ app_begin ] --END-- [ RunTime:0.003000s ]
NOTIC: [8] Undefined index: token D:\phpStudy\WWW\youpei_2.0\Application\Home\Controller\BaseController.class.php 第 157 行.
NOTIC: [2048] Declaration of Common\Model\UserModel::delete() should be compatible with Think\Model::delete($options = Array) D:\phpStudy\WWW\youpei_2.0\Application\Common\Model\UserModel.class.php 第 14 行.
NOTIC: [2048] Declaration of Common\Model\UserModel::find() should be compatible with Think\Model::find($options = Array) D:\phpStudy\WWW\youpei_2.0\Application\Common\Model\UserModel.class.php 第 14 行.
SQL: SHOW COLUMNS FROM `yp_user` [ RunTime:0.0200s ]
SQL: SELECT * FROM `yp_user` WHERE ( open_id='oSFV6w-VMN-xdb7eM0pyIq608E8E' ) LIMIT 1   [ RunTime:0.0020s ]
SQL: UPDATE `yp_user` SET `last_login_time`='1510670142' WHERE ( id=7904 ) [ RunTime:0.0030s ]
SQL: SELECT * FROM `yp_user` WHERE ( open_id='oSFV6w-VMN-xdb7eM0pyIq608E8E' ) LIMIT 1   [ RunTime:0.0020s ]
NOTIC: [8] Undefined index: share_user_id D:\phpStudy\WWW\youpei_2.0\Application\Home\Controller\BaseController.class.php 第 113 行.
SQL: SHOW COLUMNS FROM `yp_wxuser` [ RunTime:0.0130s ]
SQL: SELECT * FROM `yp_wxuser` WHERE `token` = 'g232238gc959' LIMIT 1   [ RunTime:0.0030s ]
NOTIC: [2048] Declaration of Common\Model\PictureModel::delete() should be compatible with Think\Model::delete($options = Array) D:\phpStudy\WWW\youpei_2.0\Application\Common\Model\PictureModel.class.php 第 58 行.
NOTIC: [2048] Declaration of Common\Model\PictureModel::find() should be compatible with Think\Model::find($options = Array) D:\phpStudy\WWW\youpei_2.0\Application\Common\Model\PictureModel.class.php 第 58 行.
SQL: SHOW COLUMNS FROM `yp_picture` [ RunTime:0.0130s ]
SQL: SELECT * FROM `yp_picture` ORDER BY sort desc  [ RunTime:0.0020s ]
SQL: SHOW COLUMNS FROM `yp_homeclassify` [ RunTime:0.0140s ]
SQL: SELECT * FROM yp_homeclassify where is_show ='0' ORDER BY sort ASC [ RunTime:0.0010s ]
NOTIC: [2048] Declaration of Common\Model\ProductClassModel::delete() should be compatible with Think\Model::delete($options = Array) D:\phpStudy\WWW\youpei_2.0\Application\Common\Model\ProductClassModel.class.php 第 63 行.
NOTIC: [2048] Declaration of Common\Model\ProductClassModel::find() should be compatible with Think\Model::find($options = Array) D:\phpStudy\WWW\youpei_2.0\Application\Common\Model\ProductClassModel.class.php 第 63 行.
SQL: SHOW COLUMNS FROM `yp_product_class` [ RunTime:0.0140s ]
SQL: SELECT * FROM `yp_product_class` ORDER BY sort asc  [ RunTime:0.0010s ]
SQL: SHOW COLUMNS FROM `yp_bargain` [ RunTime:0.0110s ]
SQL: SELECT DISTINCT  `type_id` FROM `yp_bargain` WHERE `type` = 2 AND `start_time` <= 1510670142 AND `end_time` > 1510670142 LIMIT 4   [ RunTime:0.0020s ]
SQL: SELECT * FROM `yp_bargain` WHERE `type` = 2 AND `type_id` = 36 AND `start_time` <= 1510670142 AND `end_time` > 1510670142 LIMIT 1   [ RunTime:0.0010s ]
SQL: SHOW COLUMNS FROM `yp_product` [ RunTime:0.0120s ]
SQL: SELECT `id`,`title`,`f_title`,`pic_url`,`type`,`price`,`status`,`tag`,`is_hot` FROM `yp_product` WHERE `id` = 36 LIMIT 1   [ RunTime:0.0020s ]
NOTIC: [8] Undefined offset: 2 D:\phpStudy\WWW\youpei_2.0\Application\Home\Controller\IndexController.class.php 第 169 行.
SQL: SHOW COLUMNS FROM `yp_product` [ RunTime:0.0100s ]
SQL: SELECT `id`,`title`,`f_title`,`pic_url`,`type`,`price`,`status`,`tag`,`is_hot` FROM `yp_product` WHERE `type` = 2 AND `is_hot` = 2 AND `check_status` = 2 ORDER BY id desc LIMIT 5   [ RunTime:0.0020s ]

[ 2017-11-14T22:35:43+08:00 ] 192.168.0.111 /index.php/Index/getProductByType
INFO: [ app_init ] --START--
INFO: Run Behavior\BuildLiteBehavior [ RunTime:0.000000s ]
INFO: [ app_init ] --END-- [ RunTime:0.000000s ]
INFO: [ app_begin ] --START--
INFO: Run Behavior\ReadHtmlCacheBehavior [ RunTime:0.001000s ]
INFO: [ app_begin ] --END-- [ RunTime:0.001000s ]
NOTIC: [8] Undefined index: token D:\phpStudy\WWW\youpei_2.0\Application\Home\Controller\BaseController.class.php 第 157 行.
NOTIC: [2048] Declaration of Common\Model\UserModel::delete() should be compatible with Think\Model::delete($options = Array) D:\phpStudy\WWW\youpei_2.0\Application\Common\Model\UserModel.class.php 第 14 行.
NOTIC: [2048] Declaration of Common\Model\UserModel::find() should be compatible with Think\Model::find($options = Array) D:\phpStudy\WWW\youpei_2.0\Application\Common\Model\UserModel.class.php 第 14 行.
SQL: SHOW COLUMNS FROM `yp_user` [ RunTime:0.0090s ]
SQL: SELECT * FROM `yp_user` WHERE ( open_id='oSFV6w-VMN-xdb7eM0pyIq608E8E' ) LIMIT 1   [ RunTime:0.0010s ]
SQL: UPDATE `yp_user` SET `last_login_time`='1510670143' WHERE ( id=7904 ) [ RunTime:0.0010s ]
SQL: SELECT * FROM `yp_user` WHERE ( open_id='oSFV6w-VMN-xdb7eM0pyIq608E8E' ) LIMIT 1   [ RunTime:0.0010s ]
NOTIC: [8] Undefined index: share_user_id D:\phpStudy\WWW\youpei_2.0\Application\Home\Controller\BaseController.class.php 第 113 行.
SQL: SHOW COLUMNS FROM `yp_wxuser` [ RunTime:0.0070s ]
SQL: SELECT * FROM `yp_wxuser` WHERE `token` = 'g232238gc959' LIMIT 1   [ RunTime:0.0020s ]
SQL: SHOW COLUMNS FROM `yp_product` [ RunTime:0.0090s ]
SQL: SELECT `id`,`title`,`pic_url`,`tag`,`class_id`,`org_id`,`f_title`,`price` FROM `yp_product` WHERE `status` = 1 AND `check_status` = 2 AND `is_fire` = 2 ORDER BY sort desc,create_time desc LIMIT 3   [ RunTime:0.0320s ]
NOTIC: [8] Undefined offset: 2 D:\phpStudy\WWW\youpei_2.0\Application\Home\Controller\IndexController.class.php 第 219 行.
NOTIC: [2048] Declaration of Common\Model\ProductClassModel::delete() should be compatible with Think\Model::delete($options = Array) D:\phpStudy\WWW\youpei_2.0\Application\Common\Model\ProductClassModel.class.php 第 63 行.
NOTIC: [2048] Declaration of Common\Model\ProductClassModel::find() should be compatible with Think\Model::find($options = Array) D:\phpStudy\WWW\youpei_2.0\Application\Common\Model\ProductClassModel.class.php 第 63 行.
SQL: SHOW COLUMNS FROM `yp_product_class` [ RunTime:0.0080s ]
SQL: SELECT `title` FROM `yp_product_class` WHERE ( id=11 ) LIMIT 1   [ RunTime:0.0010s ]
NOTIC: [2048] Declaration of Common\Model\OrganizationModel::delete() should be compatible with Think\Model::delete($options = Array) D:\phpStudy\WWW\youpei_2.0\Application\Common\Model\OrganizationModel.class.php 第 112 行.
NOTIC: [2048] Declaration of Common\Model\OrganizationModel::find() should be compatible with Think\Model::find($options = Array) D:\phpStudy\WWW\youpei_2.0\Application\Common\Model\OrganizationModel.class.php 第 112 行.
SQL: SHOW COLUMNS FROM `yp_organization` [ RunTime:0.0310s ]
SQL: SELECT `picture` FROM `yp_organization` WHERE ( id=6 ) LIMIT 1   [ RunTime:0.0080s ]
SQL: SHOW COLUMNS FROM `yp_organization` [ RunTime:0.0080s ]
SQL: SELECT * FROM `yp_organization` WHERE `id` = 6 LIMIT 1   [ RunTime:0.0010s ]
NOTIC: [2048] Declaration of Common\Model\BargainModel::delete() should be compatible with Think\Model::delete($options = Array) D:\phpStudy\WWW\youpei_2.0\Application\Common\Model\BargainModel.class.php 第 64 行.
NOTIC: [2048] Declaration of Common\Model\BargainModel::find() should be compatible with Think\Model::find($options = Array) D:\phpStudy\WWW\youpei_2.0\Application\Common\Model\BargainModel.class.php 第 64 行.
SQL: SHOW COLUMNS FROM `yp_bargain` [ RunTime:0.0070s ]
SQL: SELECT * FROM `yp_bargain` WHERE `type` = 1 AND `type_id` = 58 AND `key` = 1 AND `start_time` < 1510670143 AND `end_time` > 1510670143 LIMIT 1   [ RunTime:0.0010s ]
NOTIC: [8] Undefined offset: 0 D:\phpStudy\WWW\youpei_2.0\Application\Home\Controller\IndexController.class.php 第 242 行.
NOTIC: [2048] Declaration of Common\Model\ProductModel::delete() should be compatible with Think\Model::delete($options = Array) D:\phpStudy\WWW\youpei_2.0\Application\Common\Model\ProductModel.class.php 第 218 行.
NOTIC: [2048] Declaration of Common\Model\ProductModel::find() should be compatible with Think\Model::find($options = Array) D:\phpStudy\WWW\youpei_2.0\Application\Common\Model\ProductModel.class.php 第 218 行.
SQL: SELECT `price` FROM `yp_product` WHERE `id` = 58 LIMIT 1   [ RunTime:0.0010s ]
SQL: SELECT `price` FROM `yp_bargain` WHERE `type` = 2 AND `key` = 1 AND `type_id` = 58 AND `start_time` <= 1510670143 AND `end_time` > 1510670143 LIMIT 1   [ RunTime:0.0020s ]
SQL: SELECT `title` FROM `yp_product_class` WHERE ( id=15 ) LIMIT 1   [ RunTime:0.0010s ]
SQL: SELECT `picture` FROM `yp_organization` WHERE ( id=1 ) LIMIT 1   [ RunTime:0.0010s ]
SQL: SELECT * FROM `yp_organization` WHERE `id` = 1 LIMIT 1   [ RunTime:0.0030s ]
SQL: SELECT * FROM `yp_bargain` WHERE `type` = 1 AND `type_id` = 88 AND `key` = 1 AND `start_time` < 1510670143 AND `end_time` > 1510670143 LIMIT 1   [ RunTime:0.0010s ]
NOTIC: [8] Undefined offset: 1 D:\phpStudy\WWW\youpei_2.0\Application\Home\Controller\IndexController.class.php 第 242 行.
SQL: SELECT `price` FROM `yp_product` WHERE `id` = 88 LIMIT 1   [ RunTime:0.0010s ]
SQL: SELECT `price` FROM `yp_bargain` WHERE `type` = 2 AND `key` = 1 AND `type_id` = 88 AND `start_time` <= 1510670143 AND `end_time` > 1510670143 LIMIT 1   [ RunTime:0.0010s ]
SQL: SELECT `title` FROM `yp_product_class` WHERE ( id=14 ) LIMIT 1   [ RunTime:0.0010s ]
SQL: SELECT `picture` FROM `yp_organization` WHERE ( id=1 ) LIMIT 1   [ RunTime:0.0010s ]
SQL: SELECT * FROM `yp_organization` WHERE `id` = 1 LIMIT 1   [ RunTime:0.0030s ]
SQL: SELECT * FROM `yp_bargain` WHERE `type` = 1 AND `type_id` = 86 AND `key` = 1 AND `start_time` < 1510670143 AND `end_time` > 1510670143 LIMIT 1   [ RunTime:0.0020s ]
NOTIC: [8] Undefined offset: 2 D:\phpStudy\WWW\youpei_2.0\Application\Home\Controller\IndexController.class.php 第 242 行.
SQL: SELECT `price` FROM `yp_product` WHERE `id` = 86 LIMIT 1   [ RunTime:0.0040s ]
SQL: SELECT `price` FROM `yp_bargain` WHERE `type` = 2 AND `key` = 1 AND `type_id` = 86 AND `start_time` <= 1510670143 AND `end_time` > 1510670143 LIMIT 1   [ RunTime:0.0150s ]

[ 2017-11-14T22:35:44+08:00 ] 192.168.0.111 /index.php/Vote/voteActivityList
INFO: [ app_init ] --START--
INFO: Run Behavior\BuildLiteBehavior [ RunTime:0.000000s ]
INFO: [ app_init ] --END-- [ RunTime:0.000000s ]
INFO: [ app_begin ] --START--
INFO: Run Behavior\ReadHtmlCacheBehavior [ RunTime:0.000000s ]
INFO: [ app_begin ] --END-- [ RunTime:0.000000s ]
NOTIC: [8] Undefined index: token D:\phpStudy\WWW\youpei_2.0\Application\Home\Controller\BaseController.class.php 第 157 行.
NOTIC: [2048] Declaration of Common\Model\UserModel::delete() should be compatible with Think\Model::delete($options = Array) D:\phpStudy\WWW\youpei_2.0\Application\Common\Model\UserModel.class.php 第 14 行.
NOTIC: [2048] Declaration of Common\Model\UserModel::find() should be compatible with Think\Model::find($options = Array) D:\phpStudy\WWW\youpei_2.0\Application\Common\Model\UserModel.class.php 第 14 行.
SQL: SHOW COLUMNS FROM `yp_user` [ RunTime:0.0080s ]
SQL: SELECT * FROM `yp_user` WHERE ( open_id='oSFV6w-VMN-xdb7eM0pyIq608E8E' ) LIMIT 1   [ RunTime:0.0010s ]
SQL: UPDATE `yp_user` SET `last_login_time`='1510670144' WHERE ( id=7904 ) [ RunTime:0.0010s ]
SQL: SELECT * FROM `yp_user` WHERE ( open_id='oSFV6w-VMN-xdb7eM0pyIq608E8E' ) LIMIT 1   [ RunTime:0.0010s ]
NOTIC: [8] Undefined index: share_user_id D:\phpStudy\WWW\youpei_2.0\Application\Home\Controller\BaseController.class.php 第 113 行.
SQL: SHOW COLUMNS FROM `yp_wxuser` [ RunTime:0.0090s ]
SQL: SELECT * FROM `yp_wxuser` WHERE `token` = 'g232238gc959' LIMIT 1   [ RunTime:0.0020s ]
INFO: [ view_parse ] --START--
INFO: [ template_filter ] --START--
INFO: Run Behavior\ContentReplaceBehavior [ RunTime:0.001000s ]
INFO: [ template_filter ] --END-- [ RunTime:0.001000s ]
INFO: Run Behavior\ParseTemplateBehavior [ RunTime:0.062004s ]
INFO: [ view_parse ] --END-- [ RunTime:0.062004s ]
INFO: [ view_filter ] --START--
INFO: Run Behavior\WriteHtmlCacheBehavior [ RunTime:0.001000s ]
INFO: [ view_filter ] --END-- [ RunTime:0.001000s ]
INFO: [ app_end ] --START--
INFO: Run Behavior\ShowPageTraceBehavior [ RunTime:0.001000s ]
INFO: [ app_end ] --END-- [ RunTime:0.001000s ]

[ 2017-11-14T22:35:46+08:00 ] 192.168.0.111 /index.php/Vote/voteActivitContribution
INFO: [ app_init ] --START--
INFO: Run Behavior\BuildLiteBehavior [ RunTime:0.000000s ]
INFO: [ app_init ] --END-- [ RunTime:0.000000s ]
INFO: [ app_begin ] --START--
INFO: Run Behavior\ReadHtmlCacheBehavior [ RunTime:0.001000s ]
INFO: [ app_begin ] --END-- [ RunTime:0.001000s ]
NOTIC: [8] Undefined index: token D:\phpStudy\WWW\youpei_2.0\Application\Home\Controller\BaseController.class.php 第 157 行.
NOTIC: [2048] Declaration of Common\Model\UserModel::delete() should be compatible with Think\Model::delete($options = Array) D:\phpStudy\WWW\youpei_2.0\Application\Common\Model\UserModel.class.php 第 14 行.
NOTIC: [2048] Declaration of Common\Model\UserModel::find() should be compatible with Think\Model::find($options = Array) D:\phpStudy\WWW\youpei_2.0\Application\Common\Model\UserModel.class.php 第 14 行.
SQL: SHOW COLUMNS FROM `yp_user` [ RunTime:0.0080s ]
SQL: SELECT * FROM `yp_user` WHERE ( open_id='oSFV6w-VMN-xdb7eM0pyIq608E8E' ) LIMIT 1   [ RunTime:0.0020s ]
SQL: UPDATE `yp_user` SET `last_login_time`='1510670146' WHERE ( id=7904 ) [ RunTime:0.0010s ]
SQL: SELECT * FROM `yp_user` WHERE ( open_id='oSFV6w-VMN-xdb7eM0pyIq608E8E' ) LIMIT 1   [ RunTime:0.0010s ]
NOTIC: [8] Undefined index: share_user_id D:\phpStudy\WWW\youpei_2.0\Application\Home\Controller\BaseController.class.php 第 113 行.
SQL: SHOW COLUMNS FROM `yp_wxuser` [ RunTime:0.0090s ]
SQL: SELECT * FROM `yp_wxuser` WHERE `token` = 'g232238gc959' LIMIT 1   [ RunTime:0.0020s ]

[ 2017-11-14T22:35:47+08:00 ] 192.168.0.111 /index.php/Vote/ajaxVoteActivityList
INFO: [ app_init ] --START--
INFO: Run Behavior\BuildLiteBehavior [ RunTime:0.000000s ]
INFO: [ app_init ] --END-- [ RunTime:0.000000s ]
INFO: [ app_begin ] --START--
INFO: Run Behavior\ReadHtmlCacheBehavior [ RunTime:0.001000s ]
INFO: [ app_begin ] --END-- [ RunTime:0.001000s ]
NOTIC: [8] Undefined index: token D:\phpStudy\WWW\youpei_2.0\Application\Home\Controller\BaseController.class.php 第 157 行.
NOTIC: [2048] Declaration of Common\Model\UserModel::delete() should be compatible with Think\Model::delete($options = Array) D:\phpStudy\WWW\youpei_2.0\Application\Common\Model\UserModel.class.php 第 14 行.
NOTIC: [2048] Declaration of Common\Model\UserModel::find() should be compatible with Think\Model::find($options = Array) D:\phpStudy\WWW\youpei_2.0\Application\Common\Model\UserModel.class.php 第 14 行.
SQL: SHOW COLUMNS FROM `yp_user` [ RunTime:0.0070s ]
SQL: SELECT * FROM `yp_user` WHERE ( open_id='oSFV6w-VMN-xdb7eM0pyIq608E8E' ) LIMIT 1   [ RunTime:0.0010s ]
SQL: UPDATE `yp_user` SET `last_login_time`='1510670147' WHERE ( id=7904 ) [ RunTime:0.0010s ]
SQL: SELECT * FROM `yp_user` WHERE ( open_id='oSFV6w-VMN-xdb7eM0pyIq608E8E' ) LIMIT 1   [ RunTime:0.0010s ]
NOTIC: [8] Undefined index: share_user_id D:\phpStudy\WWW\youpei_2.0\Application\Home\Controller\BaseController.class.php 第 113 行.
SQL: SHOW COLUMNS FROM `yp_wxuser` [ RunTime:0.0090s ]
SQL: SELECT * FROM `yp_wxuser` WHERE `token` = 'g232238gc959' LIMIT 1   [ RunTime:0.0020s ]
SQL: SHOW COLUMNS FROM `yp_vote` [ RunTime:0.0400s ]
SQL: SELECT `id`,`work_start_time`,`vote_end_time`,`status`,`title`,`image` FROM `yp_vote` WHERE `check_status` = 2 ORDER BY work_start_time desc  [ RunTime:0.0010s ]
SQL: SHOW COLUMNS FROM `yp_contribution_record` [ RunTime:0.0300s ]
SQL: SELECT SUM(vote_count) AS tp_sum FROM `yp_contribution_record` WHERE `vote_id` = 8 AND `status` = 2 LIMIT 1   [ RunTime:0.0150s ]
SQL: SELECT `id` FROM `yp_contribution_record` WHERE `vote_id` = 8 AND `status` = 2  [ RunTime:0.0010s ]
SQL: SELECT SUM(vote_count) AS tp_sum FROM `yp_contribution_record` WHERE `vote_id` = 7 AND `status` = 2 LIMIT 1   [ RunTime:0.0000s ]
SQL: SELECT `id` FROM `yp_contribution_record` WHERE `vote_id` = 7 AND `status` = 2 LIMIT 1   [ RunTime:0.0000s ]
SQL: SHOW COLUMNS FROM `yp_vote_record` [ RunTime:0.0170s ]
SQL: SELECT DISTINCT  `user_id` FROM `yp_vote_record` WHERE ( is_expend=1 )  [ RunTime:0.0260s ]

