[ 2018-01-09T00:09:06+08:00 ] 192.168.1.117 /index.php/Personal/index/current/4.html
INFO: [ app_init ] --START--
INFO: Run Behavior\BuildLiteBehavior [ RunTime:0.000000s ]
INFO: [ app_init ] --END-- [ RunTime:0.001000s ]
INFO: [ app_begin ] --START--
INFO: Run Behavior\ReadHtmlCacheBehavior [ RunTime:0.001000s ]
INFO: [ app_begin ] --END-- [ RunTime:0.001000s ]
NOTIC: [8] Undefined index: token D:\phpStudy\WWW\youpei_2.0\Application\Home\Controller\BaseController.class.php 第 177 行.
NOTIC: [2048] Declaration of Common\Model\UserModel::delete() should be compatible with Think\Model::delete($options = Array) D:\phpStudy\WWW\youpei_2.0\Application\Common\Model\UserModel.class.php 第 14 行.
NOTIC: [2048] Declaration of Common\Model\UserModel::find() should be compatible with Think\Model::find($options = Array) D:\phpStudy\WWW\youpei_2.0\Application\Common\Model\UserModel.class.php 第 14 行.
SQL: SHOW COLUMNS FROM `yp_user` [ RunTime:0.0240s ]
SQL: SELECT * FROM `yp_user` WHERE ( open_id='oSFV6w-VMN-xdb7eM0pyIq608E8E' ) LIMIT 1   [ RunTime:0.0010s ]
NOTIC: [2] file_get_contents(): Unable to find the wrapper &quot;https&quot; - did you forget to enable it when you configured PHP? D:\phpStudy\WWW\youpei_2.0\Application\Home\Controller\BaseController.class.php 第 241 行.
NOTIC: [2] file_get_contents(https://api.weixin.qq.com/cgi-bin/token?grant_type=client_credential&amp;appid=wx2a478415b419d817&amp;secret=5777fd0e27efa96cf5c85bbf1d2e5baa): failed to open stream: No such file or directory D:\phpStudy\WWW\youpei_2.0\Application\Home\Controller\BaseController.class.php 第 241 行.
NOTIC: [8] Trying to get property of non-object D:\phpStudy\WWW\youpei_2.0\Application\Home\Controller\BaseController.class.php 第 242 行.
NOTIC: [2] file_get_contents(): Unable to find the wrapper &quot;https&quot; - did you forget to enable it when you configured PHP? D:\phpStudy\WWW\youpei_2.0\Application\Home\Controller\BaseController.class.php 第 245 行.
NOTIC: [2] file_get_contents(https://api.weixin.qq.com/cgi-bin/user/info?access_token=&amp;openid=oSFV6w-VMN-xdb7eM0pyIq608E8E): failed to open stream: No such file or directory D:\phpStudy\WWW\youpei_2.0\Application\Home\Controller\BaseController.class.php 第 245 行.
NOTIC: [8] Trying to get property of non-object D:\phpStudy\WWW\youpei_2.0\Application\Home\Controller\BaseController.class.php 第 246 行.
SQL: SHOW COLUMNS FROM `yp_user` [ RunTime:0.0120s ]
SQL: SELECT `last_login_time` FROM `yp_user` WHERE `open_id` = 'oSFV6w-VMN-xdb7eM0pyIq608E8E' LIMIT 1   [ RunTime:0.0010s ]
SQL: UPDATE `yp_user` SET `last_login_time`='1515427743' WHERE ( id=7904 ) [ RunTime:0.0010s ]
SQL: SELECT * FROM `yp_user` WHERE ( open_id='oSFV6w-VMN-xdb7eM0pyIq608E8E' ) LIMIT 1   [ RunTime:0.0010s ]
NOTIC: [8] Undefined index: share_user_id D:\phpStudy\WWW\youpei_2.0\Application\Home\Controller\BaseController.class.php 第 133 行.
SQL: SHOW COLUMNS FROM `yp_wxuser` [ RunTime:0.0160s ]
SQL: SELECT * FROM `yp_wxuser` WHERE `token` = 'g232238gc959' LIMIT 1   [ RunTime:0.0010s ]
SQL: SHOW COLUMNS FROM `yp_personal_background` [ RunTime:0.0430s ]
SQL: select * from yp_personal_background LIMIT 1 [ RunTime:0.0010s ]
NOTIC: [8] Undefined offset: 0 D:\phpStudy\WWW\youpei_2.0\Application\Common\Model\BaseModel.class.php 第 32 行.
NOTIC: [2048] Declaration of Common\Model\IntegralRecordModel::delete() should be compatible with Think\Model::delete($options = Array) D:\phpStudy\WWW\youpei_2.0\Application\Common\Model\IntegralRecordModel.class.php 第 152 行.
NOTIC: [2048] Declaration of Common\Model\IntegralRecordModel::find() should be compatible with Think\Model::find($options = Array) D:\phpStudy\WWW\youpei_2.0\Application\Common\Model\IntegralRecordModel.class.php 第 152 行.
SQL: SHOW COLUMNS FROM `yp_integral_record` [ RunTime:0.0630s ]
SQL: SELECT * FROM `yp_integral_record` WHERE `user_id` = 7904 AND `create_time` > 1515427200 AND `integral_type` = 1 LIMIT 1   [ RunTime:0.2160s ]
NOTIC: [2048] Declaration of Common\Model\OrderModel::find() should be compatible with Think\Model::find($options = Array) D:\phpStudy\WWW\youpei_2.0\Application\Common\Model\OrderModel.class.php 第 123 行.
SQL: SHOW COLUMNS FROM `yp_order` [ RunTime:0.0620s ]
SQL: SELECT COUNT(*) AS tp_count FROM `yp_order` WHERE `user_id` = 7904 AND `status` = 0 LIMIT 1   [ RunTime:0.0020s ]
SQL: SHOW COLUMNS FROM `yp_coupon` [ RunTime:0.0590s ]
SQL: SELECT * FROM `yp_coupon` WHERE `user_id` = 7904 AND `status` = 1  [ RunTime:0.0010s ]
SQL: SHOW COLUMNS FROM `yp_coupon_offer` [ RunTime:0.0140s ]
SQL: SELECT * FROM `yp_coupon_offer` WHERE `id` = 12 AND `start_time` < 1515427743 AND `end_time` > 1515427743 LIMIT 1   [ RunTime:0.0010s ]
SQL: SELECT * FROM `yp_user` WHERE ( up_user_id=7904 )  [ RunTime:0.1100s ]
SQL: SELECT * FROM `yp_user` WHERE ( up_user_id=1069 )  [ RunTime:0.0070s ]
SQL: SELECT * FROM `yp_user` WHERE ( up_user_id=7804 )  [ RunTime:0.0050s ]
SQL: SELECT * FROM `yp_user` WHERE ( up_user_id=7979 )  [ RunTime:0.0050s ]
SQL: SELECT * FROM `yp_user` WHERE ( up_user_id=8181 )  [ RunTime:0.0060s ]
SQL: SELECT * FROM `yp_user` WHERE ( up_user_id=8189 )  [ RunTime:0.0050s ]
SQL: SELECT * FROM `yp_user` WHERE ( up_user_id=8194 )  [ RunTime:0.0060s ]
SQL: SELECT * FROM `yp_user` WHERE ( up_user_id=8212 )  [ RunTime:0.0050s ]
SQL: SELECT * FROM `yp_user` WHERE ( up_user_id=8217 )  [ RunTime:0.0050s ]
SQL: SELECT * FROM `yp_user` WHERE ( up_user_id=8238 )  [ RunTime:0.0050s ]
SQL: SELECT * FROM `yp_user` WHERE ( up_user_id=8239 )  [ RunTime:0.0060s ]
SQL: SELECT * FROM `yp_user` WHERE ( up_user_id=8248 )  [ RunTime:0.0050s ]
SQL: SELECT * FROM `yp_user` WHERE ( up_user_id=9192 )  [ RunTime:0.0060s ]
SQL: SELECT * FROM `yp_user` WHERE ( up_user_id=8811 )  [ RunTime:0.0050s ]
SQL: SELECT * FROM `yp_user` WHERE ( up_user_id=8814 )  [ RunTime:0.0060s ]
SQL: SELECT * FROM `yp_user` WHERE ( up_user_id=8818 )  [ RunTime:0.0050s ]
SQL: SELECT * FROM `yp_user` WHERE ( up_user_id=8820 )  [ RunTime:0.0060s ]
SQL: SELECT * FROM `yp_user` WHERE ( up_user_id=8821 )  [ RunTime:0.0050s ]
SQL: SELECT * FROM `yp_user` WHERE ( up_user_id=8824 )  [ RunTime:0.0060s ]
SQL: SELECT * FROM `yp_user` WHERE ( up_user_id=8826 )  [ RunTime:0.0050s ]
SQL: SELECT * FROM `yp_user` WHERE ( up_user_id=8830 )  [ RunTime:0.0060s ]
SQL: SELECT * FROM `yp_user` WHERE ( up_user_id=8852 )  [ RunTime:0.0060s ]
SQL: SELECT * FROM `yp_user` WHERE ( up_user_id=8855 )  [ RunTime:0.0050s ]
SQL: SELECT * FROM `yp_user` WHERE ( up_user_id=8861 )  [ RunTime:0.0060s ]
SQL: SELECT * FROM `yp_user` WHERE ( up_user_id=8864 )  [ RunTime:0.0050s ]
SQL: SELECT * FROM `yp_user` WHERE ( up_user_id=8867 )  [ RunTime:0.0060s ]
SQL: SELECT * FROM `yp_user` WHERE ( up_user_id=8868 )  [ RunTime:0.0060s ]
SQL: SELECT * FROM `yp_user` WHERE ( up_user_id=8869 )  [ RunTime:0.0060s ]
SQL: SELECT * FROM `yp_user` WHERE ( up_user_id=8874 )  [ RunTime:0.0050s ]
SQL: SELECT * FROM `yp_user` WHERE ( up_user_id=8875 )  [ RunTime:0.0050s ]
SQL: SELECT * FROM `yp_user` WHERE ( up_user_id=8876 )  [ RunTime:0.0060s ]
SQL: SELECT * FROM `yp_user` WHERE ( up_user_id=8877 )  [ RunTime:0.0050s ]
SQL: SELECT * FROM `yp_user` WHERE ( up_user_id=8878 )  [ RunTime:0.0060s ]
SQL: SELECT * FROM `yp_user` WHERE ( up_user_id=8892 )  [ RunTime:0.0050s ]
SQL: SELECT * FROM `yp_user` WHERE ( up_user_id=8900 )  [ RunTime:0.0060s ]
SQL: SELECT * FROM `yp_user` WHERE ( up_user_id=8904 )  [ RunTime:0.0050s ]
SQL: SELECT * FROM `yp_user` WHERE ( up_user_id=8907 )  [ RunTime:0.0060s ]
SQL: SELECT * FROM `yp_user` WHERE ( up_user_id=8908 )  [ RunTime:0.0050s ]
SQL: SELECT * FROM `yp_user` WHERE ( up_user_id=8909 )  [ RunTime:0.0060s ]
SQL: SELECT * FROM `yp_user` WHERE ( up_user_id=8910 )  [ RunTime:0.0060s ]
SQL: SELECT * FROM `yp_user` WHERE ( up_user_id=8912 )  [ RunTime:0.0050s ]
SQL: SELECT * FROM `yp_user` WHERE ( up_user_id=8914 )  [ RunTime:0.0060s ]
SQL: SELECT * FROM `yp_user` WHERE ( up_user_id=8916 )  [ RunTime:0.0050s ]
SQL: SELECT * FROM `yp_user` WHERE ( up_user_id=8917 )  [ RunTime:0.0060s ]
SQL: SELECT * FROM `yp_user` WHERE ( up_user_id=8918 )  [ RunTime:0.0050s ]
SQL: SELECT * FROM `yp_user` WHERE ( up_user_id=8920 )  [ RunTime:0.0060s ]
SQL: SELECT * FROM `yp_user` WHERE ( up_user_id=8921 )  [ RunTime:0.0050s ]
SQL: SELECT * FROM `yp_user` WHERE ( up_user_id=8922 )  [ RunTime:0.0060s ]
SQL: SELECT * FROM `yp_user` WHERE ( up_user_id=8923 )  [ RunTime:0.0050s ]
SQL: SELECT * FROM `yp_user` WHERE ( up_user_id=8924 )  [ RunTime:0.0060s ]
SQL: SELECT * FROM `yp_user` WHERE ( up_user_id=8925 )  [ RunTime:0.0060s ]
SQL: SELECT * FROM `yp_user` WHERE ( up_user_id=8926 )  [ RunTime:0.0050s ]
SQL: SELECT * FROM `yp_user` WHERE ( up_user_id=8927 )  [ RunTime:0.0060s ]
SQL: SELECT * FROM `yp_user` WHERE ( up_user_id=8929 )  [ RunTime:0.0050s ]
SQL: SELECT * FROM `yp_user` WHERE ( up_user_id=8930 )  [ RunTime:0.0060s ]
SQL: SELECT * FROM `yp_user` WHERE ( up_user_id=8931 )  [ RunTime:0.0050s ]
SQL: SELECT * FROM `yp_user` WHERE ( up_user_id=8932 )  [ RunTime:0.0060s ]
SQL: SELECT * FROM `yp_user` WHERE ( up_user_id=8933 )  [ RunTime:0.0060s ]
SQL: SELECT * FROM `yp_user` WHERE ( up_user_id=8944 )  [ RunTime:0.0050s ]
SQL: SELECT * FROM `yp_user` WHERE ( up_user_id=8945 )  [ RunTime:0.0060s ]
SQL: SELECT * FROM `yp_user` WHERE ( up_user_id=8946 )  [ RunTime:0.0050s ]
SQL: SELECT * FROM `yp_user` WHERE ( up_user_id=8947 )  [ RunTime:0.0060s ]
SQL: SELECT * FROM `yp_user` WHERE ( up_user_id=8948 )  [ RunTime:0.0050s ]
SQL: SELECT * FROM `yp_user` WHERE ( up_user_id=8949 )  [ RunTime:0.0060s ]
SQL: SELECT * FROM `yp_user` WHERE ( up_user_id=8950 )  [ RunTime:0.0060s ]
SQL: SELECT * FROM `yp_user` WHERE ( up_user_id=8951 )  [ RunTime:0.0060s ]
SQL: SELECT * FROM `yp_user` WHERE ( up_user_id=8955 )  [ RunTime:0.0050s ]
SQL: SELECT * FROM `yp_user` WHERE ( up_user_id=8956 )  [ RunTime:0.0060s ]
SQL: SELECT * FROM `yp_user` WHERE ( up_user_id=8957 )  [ RunTime:0.0050s ]
SQL: SELECT * FROM `yp_user` WHERE ( up_user_id=8958 )  [ RunTime:0.0050s ]
SQL: SELECT * FROM `yp_user` WHERE ( up_user_id=8959 )  [ RunTime:0.0050s ]
SQL: SELECT * FROM `yp_user` WHERE ( up_user_id=8961 )  [ RunTime:0.0050s ]
SQL: SELECT * FROM `yp_user` WHERE ( up_user_id=8968 )  [ RunTime:0.0050s ]
SQL: SELECT * FROM `yp_user` WHERE ( up_user_id=8969 )  [ RunTime:0.0060s ]
SQL: SELECT * FROM `yp_user` WHERE ( up_user_id=8972 )  [ RunTime:0.0060s ]
SQL: SELECT * FROM `yp_user` WHERE ( up_user_id=8976 )  [ RunTime:0.0050s ]
SQL: SELECT * FROM `yp_user` WHERE ( up_user_id=8977 )  [ RunTime:0.0060s ]
SQL: SELECT * FROM `yp_user` WHERE ( up_user_id=8978 )  [ RunTime:0.0060s ]
SQL: SELECT * FROM `yp_user` WHERE ( up_user_id=8979 )  [ RunTime:0.0050s ]
SQL: SELECT * FROM `yp_user` WHERE ( up_user_id=8980 )  [ RunTime:0.0060s ]
SQL: SELECT * FROM `yp_user` WHERE ( up_user_id=8983 )  [ RunTime:0.0060s ]
SQL: SELECT * FROM `yp_user` WHERE ( up_user_id=8984 )  [ RunTime:0.0050s ]
SQL: SELECT * FROM `yp_user` WHERE ( up_user_id=8985 )  [ RunTime:0.0060s ]
SQL: SELECT * FROM `yp_user` WHERE ( up_user_id=8986 )  [ RunTime:0.0050s ]
SQL: SELECT * FROM `yp_user` WHERE ( up_user_id=8990 )  [ RunTime:0.0050s ]
SQL: SELECT * FROM `yp_user` WHERE ( up_user_id=8991 )  [ RunTime:0.0050s ]
SQL: SELECT * FROM `yp_user` WHERE ( up_user_id=8992 )  [ RunTime:0.0050s ]
SQL: SELECT * FROM `yp_user` WHERE ( up_user_id=8993 )  [ RunTime:0.0060s ]
SQL: SELECT * FROM `yp_user` WHERE ( up_user_id=8994 )  [ RunTime:0.0050s ]
SQL: SELECT * FROM `yp_user` WHERE ( up_user_id=8995 )  [ RunTime:0.0050s ]
SQL: SELECT * FROM `yp_user` WHERE ( up_user_id=8997 )  [ RunTime:0.0060s ]
SQL: SELECT * FROM `yp_user` WHERE ( up_user_id=8998 )  [ RunTime:0.0050s ]
SQL: SELECT * FROM `yp_user` WHERE ( up_user_id=8999 )  [ RunTime:0.0050s ]
SQL: SELECT * FROM `yp_user` WHERE ( up_user_id=9002 )  [ RunTime:0.0050s ]
SQL: SELECT * FROM `yp_user` WHERE ( up_user_id=9003 )  [ RunTime:0.0060s ]
SQL: SELECT * FROM `yp_user` WHERE ( up_user_id=9004 )  [ RunTime:0.0050s ]
SQL: SELECT * FROM `yp_user` WHERE ( up_user_id=9010 )  [ RunTime:0.0050s ]
SQL: SELECT * FROM `yp_user` WHERE ( up_user_id=9011 )  [ RunTime:0.0060s ]
SQL: SELECT * FROM `yp_user` WHERE ( up_user_id=9013 )  [ RunTime:0.0050s ]
SQL: SELECT * FROM `yp_user` WHERE ( up_user_id=9016 )  [ RunTime:0.0060s ]
SQL: SELECT * FROM `yp_user` WHERE ( up_user_id=9017 )  [ RunTime:0.0050s ]
SQL: SELECT * FROM `yp_user` WHERE ( up_user_id=9020 )  [ RunTime:0.0050s ]
SQL: SELECT * FROM `yp_user` WHERE ( up_user_id=9025 )  [ RunTime:0.0060s ]
SQL: SELECT * FROM `yp_user` WHERE ( up_user_id=9028 )  [ RunTime:0.0050s ]
SQL: SELECT * FROM `yp_user` WHERE ( up_user_id=9034 )  [ RunTime:0.0050s ]
SQL: SELECT * FROM `yp_user` WHERE ( up_user_id=9037 )  [ RunTime:0.0060s ]
SQL: SELECT * FROM `yp_user` WHERE ( up_user_id=9038 )  [ RunTime:0.0060s ]
SQL: SELECT * FROM `yp_user` WHERE ( up_user_id=9040 )  [ RunTime:0.0050s ]
SQL: SELECT * FROM `yp_user` WHERE ( up_user_id=9042 )  [ RunTime:0.0060s ]
SQL: SELECT * FROM `yp_user` WHERE ( up_user_id=9051 )  [ RunTime:0.0050s ]
SQL: SELECT * FROM `yp_user` WHERE ( up_user_id=9052 )  [ RunTime:0.0050s ]
SQL: SELECT * FROM `yp_user` WHERE ( up_user_id=9056 )  [ RunTime:0.0050s ]
SQL: SELECT * FROM `yp_user` WHERE ( up_user_id=9061 )  [ RunTime:0.0050s ]
SQL: SELECT * FROM `yp_user` WHERE ( up_user_id=9062 )  [ RunTime:0.0060s ]
SQL: SELECT * FROM `yp_user` WHERE ( up_user_id=9063 )  [ RunTime:0.0060s ]
SQL: SELECT * FROM `yp_user` WHERE ( up_user_id=9065 )  [ RunTime:0.0050s ]
SQL: SELECT * FROM `yp_user` WHERE ( up_user_id=9068 )  [ RunTime:0.0050s ]
SQL: SELECT * FROM `yp_user` WHERE ( up_user_id=9075 )  [ RunTime:0.0060s ]
SQL: SELECT * FROM `yp_user` WHERE ( up_user_id=9084 )  [ RunTime:0.0050s ]
SQL: SELECT * FROM `yp_user` WHERE ( up_user_id=9086 )  [ RunTime:0.0050s ]
SQL: SELECT * FROM `yp_user` WHERE ( up_user_id=9089 )  [ RunTime:0.0060s ]
SQL: SELECT * FROM `yp_user` WHERE ( up_user_id=9096 )  [ RunTime:0.0050s ]
SQL: SELECT * FROM `yp_user` WHERE ( up_user_id=9104 )  [ RunTime:0.0060s ]
SQL: SELECT * FROM `yp_user` WHERE ( up_user_id=9106 )  [ RunTime:0.0060s ]
SQL: SELECT * FROM `yp_user` WHERE ( up_user_id=9107 )  [ RunTime:0.0050s ]
SQL: SELECT * FROM `yp_user` WHERE ( up_user_id=9108 )  [ RunTime:0.0050s ]
SQL: SELECT * FROM `yp_user` WHERE ( up_user_id=9110 )  [ RunTime:0.0050s ]
SQL: SELECT * FROM `yp_user` WHERE ( up_user_id=9113 )  [ RunTime:0.0060s ]
SQL: SELECT * FROM `yp_user` WHERE ( up_user_id=9116 )  [ RunTime:0.0050s ]
SQL: SELECT * FROM `yp_user` WHERE ( up_user_id=9117 )  [ RunTime:0.0050s ]
SQL: SELECT * FROM `yp_user` WHERE ( up_user_id=9121 )  [ RunTime:0.0050s ]
SQL: SELECT * FROM `yp_user` WHERE ( up_user_id=9122 )  [ RunTime:0.0060s ]
SQL: SELECT * FROM `yp_user` WHERE ( up_user_id=9124 )  [ RunTime:0.0050s ]
SQL: SELECT * FROM `yp_user` WHERE ( up_user_id=9128 )  [ RunTime:0.0060s ]
SQL: SELECT * FROM `yp_user` WHERE ( up_user_id=9130 )  [ RunTime:0.0050s ]
SQL: SELECT * FROM `yp_user` WHERE ( up_user_id=9131 )  [ RunTime:0.0060s ]
SQL: SELECT * FROM `yp_user` WHERE ( up_user_id=9134 )  [ RunTime:0.0050s ]
SQL: SELECT * FROM `yp_user` WHERE ( up_user_id=9136 )  [ RunTime:0.0050s ]
SQL: SELECT * FROM `yp_user` WHERE ( up_user_id=9139 )  [ RunTime:0.0050s ]
SQL: SELECT * FROM `yp_user` WHERE ( up_user_id=9140 )  [ RunTime:0.0050s ]
SQL: SELECT * FROM `yp_user` WHERE ( up_user_id=9141 )  [ RunTime:0.0050s ]
SQL: SELECT * FROM `yp_user` WHERE ( up_user_id=9142 )  [ RunTime:0.0060s ]
SQL: SELECT * FROM `yp_user` WHERE ( up_user_id=9143 )  [ RunTime:0.0060s ]
SQL: SELECT * FROM `yp_user` WHERE ( up_user_id=9144 )  [ RunTime:0.0050s ]
SQL: SELECT * FROM `yp_user` WHERE ( up_user_id=9155 )  [ RunTime:0.0060s ]
SQL: SELECT * FROM `yp_user` WHERE ( up_user_id=9159 )  [ RunTime:0.0050s ]
SQL: SELECT * FROM `yp_user` WHERE ( up_user_id=9163 )  [ RunTime:0.0060s ]
SQL: SELECT * FROM `yp_user` WHERE ( up_user_id=9166 )  [ RunTime:0.0050s ]
SQL: SELECT * FROM `yp_user` WHERE ( up_user_id=9168 )  [ RunTime:0.0060s ]
SQL: SELECT * FROM `yp_user` WHERE ( up_user_id=9169 )  [ RunTime:0.0050s ]
SQL: SELECT * FROM `yp_user` WHERE ( up_user_id=9170 )  [ RunTime:0.0100s ]
SQL: SELECT * FROM `yp_user` WHERE ( up_user_id=9171 )  [ RunTime:0.0060s ]
SQL: SELECT * FROM `yp_user` WHERE ( up_user_id=9173 )  [ RunTime:0.0060s ]
SQL: SELECT * FROM `yp_user` WHERE ( up_user_id=9174 )  [ RunTime:0.0050s ]
SQL: SELECT * FROM `yp_user` WHERE ( up_user_id=9175 )  [ RunTime:0.0050s ]
SQL: SELECT * FROM `yp_user` WHERE ( up_user_id=9176 )  [ RunTime:0.0060s ]
SQL: SELECT * FROM `yp_user` WHERE ( up_user_id=9177 )  [ RunTime:0.0050s ]
SQL: SELECT * FROM `yp_user` WHERE ( up_user_id=9178 )  [ RunTime:0.0060s ]
SQL: SELECT * FROM `yp_user` WHERE ( up_user_id=9179 )  [ RunTime:0.0060s ]
SQL: SELECT * FROM `yp_user` WHERE ( up_user_id=9180 )  [ RunTime:0.0050s ]
SQL: SELECT * FROM `yp_user` WHERE ( up_user_id=9183 )  [ RunTime:0.0060s ]
SQL: SELECT * FROM `yp_user` WHERE ( up_user_id=9184 )  [ RunTime:0.0060s ]
SQL: SELECT * FROM `yp_user` WHERE ( up_user_id=9185 )  [ RunTime:0.0050s ]
SQL: SELECT * FROM `yp_user` WHERE ( up_user_id=9187 )  [ RunTime:0.0060s ]
SQL: SELECT * FROM `yp_user` WHERE ( up_user_id=9188 )  [ RunTime:0.0050s ]
SQL: SELECT * FROM `yp_user` WHERE ( up_user_id=9190 )  [ RunTime:0.0050s ]
SQL: SELECT * FROM `yp_user` WHERE ( up_user_id=9194 )  [ RunTime:0.0060s ]
SQL: SELECT * FROM `yp_user` WHERE ( up_user_id=9196 )  [ RunTime:0.0060s ]
SQL: SELECT * FROM `yp_user` WHERE ( up_user_id=9197 )  [ RunTime:0.0050s ]
SQL: SELECT * FROM `yp_user` WHERE ( up_user_id=9198 )  [ RunTime:0.0060s ]
SQL: SELECT * FROM `yp_user` WHERE ( up_user_id=9201 )  [ RunTime:0.0060s ]
SQL: SELECT * FROM `yp_user` WHERE ( up_user_id=9202 )  [ RunTime:0.0050s ]
SQL: SELECT * FROM `yp_user` WHERE ( up_user_id=9206 )  [ RunTime:0.0060s ]
SQL: SELECT * FROM `yp_user` WHERE ( up_user_id=9207 )  [ RunTime:0.0060s ]
SQL: SELECT * FROM `yp_user` WHERE ( up_user_id=9208 )  [ RunTime:0.0050s ]
SQL: SELECT * FROM `yp_user` WHERE ( up_user_id=9212 )  [ RunTime:0.0060s ]
SQL: SELECT * FROM `yp_user` WHERE ( up_user_id=9213 )  [ RunTime:0.0050s ]
SQL: SELECT * FROM `yp_user` WHERE ( up_user_id=9215 )  [ RunTime:0.0060s ]
SQL: SELECT * FROM `yp_user` WHERE ( up_user_id=9217 )  [ RunTime:0.0050s ]
SQL: SELECT * FROM `yp_user` WHERE ( up_user_id=9218 )  [ RunTime:0.0060s ]
SQL: SELECT * FROM `yp_user` WHERE ( up_user_id=9226 )  [ RunTime:0.0050s ]
SQL: SELECT * FROM `yp_user` WHERE ( up_user_id=9227 )  [ RunTime:0.0050s ]
SQL: SELECT * FROM `yp_user` WHERE ( up_user_id=9228 )  [ RunTime:0.0060s ]
SQL: SELECT * FROM `yp_user` WHERE ( up_user_id=9229 )  [ RunTime:0.0060s ]
SQL: SELECT * FROM `yp_user` WHERE ( up_user_id=9230 )  [ RunTime:0.0060s ]
SQL: SELECT * FROM `yp_user` WHERE ( up_user_id=9231 )  [ RunTime:0.0050s ]
SQL: SELECT * FROM `yp_user` WHERE ( up_user_id=9232 )  [ RunTime:0.0060s ]
SQL: SELECT * FROM `yp_user` WHERE ( up_user_id=9233 )  [ RunTime:0.0060s ]
SQL: SELECT * FROM `yp_user` WHERE ( up_user_id=9234 )  [ RunTime:0.0050s ]
SQL: SELECT * FROM `yp_user` WHERE ( up_user_id=9235 )  [ RunTime:0.0050s ]
SQL: SELECT * FROM `yp_user` WHERE ( up_user_id=9236 )  [ RunTime:0.0050s ]
SQL: SELECT * FROM `yp_user` WHERE ( up_user_id=9237 )  [ RunTime:0.0060s ]
SQL: SELECT * FROM `yp_user` WHERE ( up_user_id=9239 )  [ RunTime:0.0060s ]
SQL: SELECT * FROM `yp_user` WHERE ( up_user_id=9240 )  [ RunTime:0.0050s ]
SQL: SELECT * FROM `yp_user` WHERE ( up_user_id=9243 )  [ RunTime:0.0050s ]
SQL: SELECT * FROM `yp_user` WHERE ( up_user_id=9245 )  [ RunTime:0.0060s ]
SQL: SELECT * FROM `yp_user` WHERE ( up_user_id=9247 )  [ RunTime:0.0050s ]
SQL: SELECT * FROM `yp_user` WHERE ( up_user_id=9248 )  [ RunTime:0.0060s ]
SQL: SELECT * FROM `yp_user` WHERE ( up_user_id=9250 )  [ RunTime:0.0060s ]
SQL: SELECT * FROM `yp_user` WHERE ( up_user_id=9252 )  [ RunTime:0.0050s ]
SQL: SELECT * FROM `yp_user` WHERE ( up_user_id=9254 )  [ RunTime:0.0050s ]
SQL: SELECT * FROM `yp_user` WHERE ( up_user_id=9257 )  [ RunTime:0.0060s ]
SQL: SELECT * FROM `yp_user` WHERE ( up_user_id=9258 )  [ RunTime:0.0060s ]
SQL: SELECT * FROM `yp_user` WHERE ( up_user_id=9260 )  [ RunTime:0.0060s ]
SQL: SELECT * FROM `yp_user` WHERE ( up_user_id=9261 )  [ RunTime:0.0050s ]
SQL: SELECT * FROM `yp_user` WHERE ( up_user_id=9263 )  [ RunTime:0.0050s ]
SQL: SELECT * FROM `yp_user` WHERE ( up_user_id=9265 )  [ RunTime:0.0060s ]
SQL: SELECT * FROM `yp_user` WHERE ( up_user_id=9266 )  [ RunTime:0.0050s ]
SQL: SELECT * FROM `yp_user` WHERE ( up_user_id=9267 )  [ RunTime:0.0060s ]
SQL: SELECT * FROM `yp_user` WHERE ( up_user_id=9268 )  [ RunTime:0.0050s ]
SQL: SELECT * FROM `yp_user` WHERE ( up_user_id=9269 )  [ RunTime:0.0060s ]
SQL: SELECT * FROM `yp_user` WHERE ( up_user_id=9271 )  [ RunTime:0.0060s ]
SQL: SELECT * FROM `yp_user` WHERE ( up_user_id=9273 )  [ RunTime:0.0050s ]
SQL: SELECT * FROM `yp_user` WHERE ( up_user_id=9274 )  [ RunTime:0.0050s ]
SQL: SELECT * FROM `yp_user` WHERE ( up_user_id=9276 )  [ RunTime:0.0050s ]
SQL: SELECT * FROM `yp_user` WHERE ( up_user_id=9277 )  [ RunTime:0.0050s ]
SQL: SELECT * FROM `yp_user` WHERE ( up_user_id=9281 )  [ RunTime:0.0060s ]
SQL: SELECT * FROM `yp_user` WHERE ( up_user_id=9282 )  [ RunTime:0.0060s ]
SQL: SELECT * FROM `yp_user` WHERE ( up_user_id=9283 )  [ RunTime:0.0070s ]
SQL: SELECT * FROM `yp_user` WHERE ( up_user_id=9284 )  [ RunTime:0.0060s ]
SQL: SELECT * FROM `yp_user` WHERE ( up_user_id=9285 )  [ RunTime:0.0050s ]
SQL: SELECT * FROM `yp_user` WHERE ( up_user_id=10487 )  [ RunTime:0.0050s ]
SQL: SELECT * FROM `yp_user` WHERE ( up_user_id=10443 )  [ RunTime:0.0050s ]
SQL: SELECT * FROM `yp_user` WHERE ( up_user_id=10444 )  [ RunTime:0.0050s ]
SQL: SELECT * FROM `yp_user` WHERE ( up_user_id=10446 )  [ RunTime:0.0050s ]
SQL: SELECT * FROM `yp_user` WHERE ( up_user_id=10447 )  [ RunTime:0.0060s ]
SQL: SELECT * FROM `yp_user` WHERE ( up_user_id=10448 )  [ RunTime:0.0050s ]
SQL: SELECT * FROM `yp_user` WHERE ( up_user_id=10449 )  [ RunTime:0.0060s ]
SQL: SELECT * FROM `yp_user` WHERE ( up_user_id=10453 )  [ RunTime:0.0050s ]
SQL: SELECT * FROM `yp_user` WHERE ( up_user_id=10458 )  [ RunTime:0.0050s ]
SQL: SELECT * FROM `yp_user` WHERE ( up_user_id=10459 )  [ RunTime:0.0060s ]
SQL: SELECT * FROM `yp_user` WHERE ( up_user_id=10460 )  [ RunTime:0.0070s ]
SQL: SELECT * FROM `yp_user` WHERE ( up_user_id=10461 )  [ RunTime:0.0060s ]
SQL: SELECT * FROM `yp_user` WHERE ( up_user_id=10463 )  [ RunTime:0.0050s ]
SQL: SELECT * FROM `yp_user` WHERE ( up_user_id=10464 )  [ RunTime:0.0050s ]
SQL: SELECT * FROM `yp_user` WHERE ( up_user_id=10466 )  [ RunTime:0.0060s ]
SQL: SELECT * FROM `yp_user` WHERE ( up_user_id=10469 )  [ RunTime:0.0050s ]
SQL: SELECT * FROM `yp_user` WHERE ( up_user_id=10470 )  [ RunTime:0.0050s ]
SQL: SELECT * FROM `yp_user` WHERE ( up_user_id=10472 )  [ RunTime:0.0060s ]
SQL: SELECT * FROM `yp_user` WHERE ( up_user_id=10474 )  [ RunTime:0.0050s ]
SQL: SELECT * FROM `yp_user` WHERE ( up_user_id=10476 )  [ RunTime:0.0060s ]
SQL: SELECT * FROM `yp_user` WHERE ( up_user_id=10477 )  [ RunTime:0.0050s ]
SQL: SELECT * FROM `yp_user` WHERE ( up_user_id=10478 )  [ RunTime:0.0060s ]
SQL: SELECT * FROM `yp_user` WHERE ( up_user_id=10479 )  [ RunTime:0.0050s ]
SQL: SELECT * FROM `yp_user` WHERE ( up_user_id=10480 )  [ RunTime:0.0050s ]
SQL: SELECT * FROM `yp_user` WHERE ( up_user_id=10482 )  [ RunTime:0.0060s ]
SQL: SELECT * FROM `yp_user` WHERE ( up_user_id=10488 )  [ RunTime:0.0050s ]
SQL: SELECT SUM(integral) AS tp_sum FROM `yp_integral_record` WHERE `user_id` = 7904 AND `type` = 2 LIMIT 1   [ RunTime:0.0130s ]
SQL: SELECT SUM(integral) AS tp_sum FROM `yp_integral_record` WHERE `user_id` = 7904 AND `type` = 1 LIMIT 1   [ RunTime:0.0130s ]
NOTIC: [2048] Declaration of Common\Model\ShareRecordModel::delete() should be compatible with Think\Model::delete($options = Array) D:\phpStudy\WWW\youpei_2.0\Application\Common\Model\ShareRecordModel.class.php 第 59 行.
NOTIC: [2048] Declaration of Common\Model\ShareRecordModel::find() should be compatible with Think\Model::find($options = Array) D:\phpStudy\WWW\youpei_2.0\Application\Common\Model\ShareRecordModel.class.php 第 59 行.
SQL: SHOW COLUMNS FROM `yp_share_record` [ RunTime:0.0680s ]
SQL: SELECT * FROM `yp_share_record` WHERE `user_id` = 7904 AND `create_time` >= 1515427200 AND `type` = 1 LIMIT 1   [ RunTime:0.1190s ]
NOTIC: [2048] Declaration of Common\Model\ReadRecordModel::delete() should be compatible with Think\Model::delete($options = Array) D:\phpStudy\WWW\youpei_2.0\Application\Common\Model\ReadRecordModel.class.php 第 65 行.
NOTIC: [2048] Declaration of Common\Model\ReadRecordModel::find() should be compatible with Think\Model::find($options = Array) D:\phpStudy\WWW\youpei_2.0\Application\Common\Model\ReadRecordModel.class.php 第 65 行.
SQL: SHOW COLUMNS FROM `yp_read_record` [ RunTime:0.0640s ]
SQL: SELECT COUNT(*) AS tp_count FROM `yp_read_record` WHERE `user_id` = 7904 AND `create_time` >= 1515427200 AND `type` = 1 LIMIT 1   [ RunTime:0.0660s ]
NOTIC: [2048] Declaration of Common\Model\CommentModel::delete() should be compatible with Think\Model::delete($options = Array) D:\phpStudy\WWW\youpei_2.0\Application\Common\Model\CommentModel.class.php 第 100 行.
NOTIC: [2048] Declaration of Common\Model\CommentModel::find() should be compatible with Think\Model::find($options = Array) D:\phpStudy\WWW\youpei_2.0\Application\Common\Model\CommentModel.class.php 第 100 行.
SQL: SHOW COLUMNS FROM `yp_comment` [ RunTime:0.0710s ]
SQL: SELECT * FROM `yp_comment` WHERE `user_id` = 7904 AND `create_time` >= 1515427200 LIMIT 1   [ RunTime:0.0900s ]
SQL: SELECT * FROM `yp_user` WHERE `up_user_id` = 7904 AND `create_time` >= 1515427200 LIMIT 1   [ RunTime:0.0140s ]
SQL: SHOW COLUMNS FROM `yp_config` [ RunTime:0.0410s ]
SQL: SELECT `task_share_integral`,`task_sign_integral`,`task_read_integral`,`task_comment_integral`,`task_schoolmate_integral` FROM `yp_config` WHERE ( token='g232238gc959' ) LIMIT 1   [ RunTime:0.0030s ]
SQL: SHOW COLUMNS FROM `yp_user_data` [ RunTime:0.0130s ]
SQL: SELECT * FROM `yp_user_data` WHERE `user_id` = 7904 LIMIT 1   [ RunTime:0.0010s ]
SQL: SHOW COLUMNS FROM `yp_user_message` [ RunTime:0.0130s ]
SQL: SELECT COUNT(*) AS tp_count FROM `yp_user_message` WHERE `user_id` = 7904 AND `is_read` = 1 LIMIT 1   [ RunTime:0.0160s ]
INFO: [ view_parse ] --START--
INFO: [ template_filter ] --START--
INFO: Run Behavior\ContentReplaceBehavior [ RunTime:0.000000s ]
INFO: [ template_filter ] --END-- [ RunTime:0.000000s ]
INFO: Run Behavior\ParseTemplateBehavior [ RunTime:0.038003s ]
INFO: [ view_parse ] --END-- [ RunTime:0.038003s ]
INFO: [ view_filter ] --START--
INFO: Run Behavior\WriteHtmlCacheBehavior [ RunTime:0.000000s ]
INFO: [ view_filter ] --END-- [ RunTime:0.000000s ]
INFO: [ app_end ] --START--
INFO: Run Behavior\ShowPageTraceBehavior [ RunTime:0.000000s ]
INFO: [ app_end ] --END-- [ RunTime:0.000000s ]

[ 2018-01-09T00:09:29+08:00 ] 192.168.1.117 /index.php/personal/schedule.html
INFO: [ app_init ] --START--
INFO: Run Behavior\BuildLiteBehavior [ RunTime:0.000000s ]
INFO: [ app_init ] --END-- [ RunTime:0.001000s ]
INFO: [ app_begin ] --START--
INFO: Run Behavior\ReadHtmlCacheBehavior [ RunTime:0.001000s ]
INFO: [ app_begin ] --END-- [ RunTime:0.001000s ]
NOTIC: [8] Undefined index: token D:\phpStudy\WWW\youpei_2.0\Application\Home\Controller\BaseController.class.php 第 177 行.
NOTIC: [2048] Declaration of Common\Model\UserModel::delete() should be compatible with Think\Model::delete($options = Array) D:\phpStudy\WWW\youpei_2.0\Application\Common\Model\UserModel.class.php 第 14 行.
NOTIC: [2048] Declaration of Common\Model\UserModel::find() should be compatible with Think\Model::find($options = Array) D:\phpStudy\WWW\youpei_2.0\Application\Common\Model\UserModel.class.php 第 14 行.
SQL: SHOW COLUMNS FROM `yp_user` [ RunTime:0.0270s ]
SQL: SELECT * FROM `yp_user` WHERE ( open_id='oSFV6w-VMN-xdb7eM0pyIq608E8E' ) LIMIT 1   [ RunTime:0.0010s ]
NOTIC: [2] file_get_contents(): Unable to find the wrapper &quot;https&quot; - did you forget to enable it when you configured PHP? D:\phpStudy\WWW\youpei_2.0\Application\Home\Controller\BaseController.class.php 第 241 行.
NOTIC: [2] file_get_contents(https://api.weixin.qq.com/cgi-bin/token?grant_type=client_credential&amp;appid=wx2a478415b419d817&amp;secret=5777fd0e27efa96cf5c85bbf1d2e5baa): failed to open stream: No such file or directory D:\phpStudy\WWW\youpei_2.0\Application\Home\Controller\BaseController.class.php 第 241 行.
NOTIC: [8] Trying to get property of non-object D:\phpStudy\WWW\youpei_2.0\Application\Home\Controller\BaseController.class.php 第 242 行.
NOTIC: [2] file_get_contents(): Unable to find the wrapper &quot;https&quot; - did you forget to enable it when you configured PHP? D:\phpStudy\WWW\youpei_2.0\Application\Home\Controller\BaseController.class.php 第 245 行.
NOTIC: [2] file_get_contents(https://api.weixin.qq.com/cgi-bin/user/info?access_token=&amp;openid=oSFV6w-VMN-xdb7eM0pyIq608E8E): failed to open stream: No such file or directory D:\phpStudy\WWW\youpei_2.0\Application\Home\Controller\BaseController.class.php 第 245 行.
NOTIC: [8] Trying to get property of non-object D:\phpStudy\WWW\youpei_2.0\Application\Home\Controller\BaseController.class.php 第 246 行.
SQL: SHOW COLUMNS FROM `yp_user` [ RunTime:0.0150s ]
SQL: SELECT `last_login_time` FROM `yp_user` WHERE `open_id` = 'oSFV6w-VMN-xdb7eM0pyIq608E8E' LIMIT 1   [ RunTime:0.0000s ]
SQL: UPDATE `yp_user` SET `last_login_time`='1515427769' WHERE ( id=7904 ) [ RunTime:0.0010s ]
SQL: SELECT * FROM `yp_user` WHERE ( open_id='oSFV6w-VMN-xdb7eM0pyIq608E8E' ) LIMIT 1   [ RunTime:0.0010s ]
NOTIC: [8] Undefined index: share_user_id D:\phpStudy\WWW\youpei_2.0\Application\Home\Controller\BaseController.class.php 第 133 行.
SQL: SHOW COLUMNS FROM `yp_wxuser` [ RunTime:0.0150s ]
SQL: SELECT * FROM `yp_wxuser` WHERE `token` = 'g232238gc959' LIMIT 1   [ RunTime:0.0010s ]
INFO: [ view_parse ] --START--
INFO: [ template_filter ] --START--
INFO: Run Behavior\ContentReplaceBehavior [ RunTime:0.000000s ]
INFO: [ template_filter ] --END-- [ RunTime:0.000000s ]
INFO: Run Behavior\ParseTemplateBehavior [ RunTime:0.008000s ]
INFO: [ view_parse ] --END-- [ RunTime:0.009000s ]
INFO: [ view_filter ] --START--
INFO: Run Behavior\WriteHtmlCacheBehavior [ RunTime:0.000000s ]
INFO: [ view_filter ] --END-- [ RunTime:0.000000s ]
INFO: [ app_end ] --START--
INFO: Run Behavior\ShowPageTraceBehavior [ RunTime:0.001000s ]
INFO: [ app_end ] --END-- [ RunTime:0.001000s ]

[ 2018-01-09T00:09:34+08:00 ] 192.168.1.117 /index.php/personal/ajaxSchedule
INFO: [ app_init ] --START--
INFO: Run Behavior\BuildLiteBehavior [ RunTime:0.000000s ]
INFO: [ app_init ] --END-- [ RunTime:0.000000s ]
INFO: [ app_begin ] --START--
INFO: Run Behavior\ReadHtmlCacheBehavior [ RunTime:0.000000s ]
INFO: [ app_begin ] --END-- [ RunTime:0.000000s ]
NOTIC: [8] Undefined index: token D:\phpStudy\WWW\youpei_2.0\Application\Home\Controller\BaseController.class.php 第 177 行.
NOTIC: [2048] Declaration of Common\Model\UserModel::delete() should be compatible with Think\Model::delete($options = Array) D:\phpStudy\WWW\youpei_2.0\Application\Common\Model\UserModel.class.php 第 14 行.
NOTIC: [2048] Declaration of Common\Model\UserModel::find() should be compatible with Think\Model::find($options = Array) D:\phpStudy\WWW\youpei_2.0\Application\Common\Model\UserModel.class.php 第 14 行.
SQL: SHOW COLUMNS FROM `yp_user` [ RunTime:0.0270s ]
SQL: SELECT * FROM `yp_user` WHERE ( open_id='oSFV6w-VMN-xdb7eM0pyIq608E8E' ) LIMIT 1   [ RunTime:0.0020s ]
NOTIC: [2] file_get_contents(): Unable to find the wrapper &quot;https&quot; - did you forget to enable it when you configured PHP? D:\phpStudy\WWW\youpei_2.0\Application\Home\Controller\BaseController.class.php 第 241 行.
NOTIC: [2] file_get_contents(https://api.weixin.qq.com/cgi-bin/token?grant_type=client_credential&amp;appid=wx2a478415b419d817&amp;secret=5777fd0e27efa96cf5c85bbf1d2e5baa): failed to open stream: No such file or directory D:\phpStudy\WWW\youpei_2.0\Application\Home\Controller\BaseController.class.php 第 241 行.
NOTIC: [8] Trying to get property of non-object D:\phpStudy\WWW\youpei_2.0\Application\Home\Controller\BaseController.class.php 第 242 行.
NOTIC: [2] file_get_contents(): Unable to find the wrapper &quot;https&quot; - did you forget to enable it when you configured PHP? D:\phpStudy\WWW\youpei_2.0\Application\Home\Controller\BaseController.class.php 第 245 行.
NOTIC: [2] file_get_contents(https://api.weixin.qq.com/cgi-bin/user/info?access_token=&amp;openid=oSFV6w-VMN-xdb7eM0pyIq608E8E): failed to open stream: No such file or directory D:\phpStudy\WWW\youpei_2.0\Application\Home\Controller\BaseController.class.php 第 245 行.
NOTIC: [8] Trying to get property of non-object D:\phpStudy\WWW\youpei_2.0\Application\Home\Controller\BaseController.class.php 第 246 行.
SQL: SHOW COLUMNS FROM `yp_user` [ RunTime:0.0180s ]
SQL: SELECT `last_login_time` FROM `yp_user` WHERE `open_id` = 'oSFV6w-VMN-xdb7eM0pyIq608E8E' LIMIT 1   [ RunTime:0.0010s ]
SQL: UPDATE `yp_user` SET `last_login_time`='1515427774' WHERE ( id=7904 ) [ RunTime:0.0010s ]
SQL: SELECT * FROM `yp_user` WHERE ( open_id='oSFV6w-VMN-xdb7eM0pyIq608E8E' ) LIMIT 1   [ RunTime:0.0010s ]
NOTIC: [8] Undefined index: share_user_id D:\phpStudy\WWW\youpei_2.0\Application\Home\Controller\BaseController.class.php 第 133 行.
SQL: SHOW COLUMNS FROM `yp_wxuser` [ RunTime:0.0140s ]
SQL: SELECT * FROM `yp_wxuser` WHERE `token` = 'g232238gc959' LIMIT 1   [ RunTime:0.0010s ]
SQL: SHOW COLUMNS FROM `yp_class_time` [ RunTime:0.0120s ]
SQL: SELECT `id`,`start_day_time`,`start_hour_time`,`end_hour_time`,`class_title`,`teacher`,`remark`,`classroom`,`classroom_people`,`classroom_max_people`,`class_hour`,`token`,`mobile`,`province`,`city`,`area`,`address`,`upload_type`,`leave` FROM `yp_class_time` WHERE ( `start_day_time` >= 1514736000 AND `start_day_time` < 1517328000  ) AND `user_id` = 7904 ORDER BY start_hour_time asc  [ RunTime:0.0010s ]
SQL: SHOW COLUMNS FROM `yp_user_data` [ RunTime:0.0110s ]
SQL: SELECT `baby_name` FROM `yp_user_data` WHERE `user_id` = 7904 LIMIT 1   [ RunTime:0.0000s ]

[ 2018-01-09T00:12:01+08:00 ] 192.168.1.121 /index.php/personal/schedule.html
INFO: [ app_init ] --START--
INFO: Run Behavior\BuildLiteBehavior [ RunTime:0.000000s ]
INFO: [ app_init ] --END-- [ RunTime:0.000000s ]
INFO: [ app_begin ] --START--
INFO: Run Behavior\ReadHtmlCacheBehavior [ RunTime:0.000000s ]
INFO: [ app_begin ] --END-- [ RunTime:0.000000s ]
NOTIC: [8] Undefined index: token D:\phpStudy\WWW\youpei_2.0\Application\Home\Controller\BaseController.class.php 第 177 行.
NOTIC: [2048] Declaration of Common\Model\UserModel::delete() should be compatible with Think\Model::delete($options = Array) D:\phpStudy\WWW\youpei_2.0\Application\Common\Model\UserModel.class.php 第 14 行.
NOTIC: [2048] Declaration of Common\Model\UserModel::find() should be compatible with Think\Model::find($options = Array) D:\phpStudy\WWW\youpei_2.0\Application\Common\Model\UserModel.class.php 第 14 行.
SQL: SHOW COLUMNS FROM `yp_user` [ RunTime:0.0120s ]
SQL: SELECT * FROM `yp_user` WHERE ( open_id='oSFV6w-VMN-xdb7eM0pyIq608E8E' ) LIMIT 1   [ RunTime:0.0010s ]
NOTIC: [2] file_get_contents(): Unable to find the wrapper &quot;https&quot; - did you forget to enable it when you configured PHP? D:\phpStudy\WWW\youpei_2.0\Application\Home\Controller\BaseController.class.php 第 241 行.
NOTIC: [2] file_get_contents(https://api.weixin.qq.com/cgi-bin/token?grant_type=client_credential&amp;appid=wx2a478415b419d817&amp;secret=5777fd0e27efa96cf5c85bbf1d2e5baa): failed to open stream: No such file or directory D:\phpStudy\WWW\youpei_2.0\Application\Home\Controller\BaseController.class.php 第 241 行.
NOTIC: [8] Trying to get property of non-object D:\phpStudy\WWW\youpei_2.0\Application\Home\Controller\BaseController.class.php 第 242 行.
NOTIC: [2] file_get_contents(): Unable to find the wrapper &quot;https&quot; - did you forget to enable it when you configured PHP? D:\phpStudy\WWW\youpei_2.0\Application\Home\Controller\BaseController.class.php 第 245 行.
NOTIC: [2] file_get_contents(https://api.weixin.qq.com/cgi-bin/user/info?access_token=&amp;openid=oSFV6w-VMN-xdb7eM0pyIq608E8E): failed to open stream: No such file or directory D:\phpStudy\WWW\youpei_2.0\Application\Home\Controller\BaseController.class.php 第 245 行.
NOTIC: [8] Trying to get property of non-object D:\phpStudy\WWW\youpei_2.0\Application\Home\Controller\BaseController.class.php 第 246 行.
SQL: SHOW COLUMNS FROM `yp_user` [ RunTime:0.0120s ]
SQL: SELECT `last_login_time` FROM `yp_user` WHERE `open_id` = 'oSFV6w-VMN-xdb7eM0pyIq608E8E' LIMIT 1   [ RunTime:0.0020s ]
SQL: UPDATE `yp_user` SET `last_login_time`='1515427921' WHERE ( id=7904 ) [ RunTime:0.0020s ]
SQL: SELECT * FROM `yp_user` WHERE ( open_id='oSFV6w-VMN-xdb7eM0pyIq608E8E' ) LIMIT 1   [ RunTime:0.0010s ]
NOTIC: [8] Undefined index: share_user_id D:\phpStudy\WWW\youpei_2.0\Application\Home\Controller\BaseController.class.php 第 133 行.
SQL: SHOW COLUMNS FROM `yp_wxuser` [ RunTime:0.0140s ]
SQL: SELECT * FROM `yp_wxuser` WHERE `token` = 'g232238gc959' LIMIT 1   [ RunTime:0.0020s ]
INFO: [ view_parse ] --START--
INFO: [ template_filter ] --START--
INFO: Run Behavior\ContentReplaceBehavior [ RunTime:0.000000s ]
INFO: [ template_filter ] --END-- [ RunTime:0.000000s ]
INFO: Run Behavior\ParseTemplateBehavior [ RunTime:0.010000s ]
INFO: [ view_parse ] --END-- [ RunTime:0.010000s ]
INFO: [ view_filter ] --START--
INFO: Run Behavior\WriteHtmlCacheBehavior [ RunTime:0.000000s ]
INFO: [ view_filter ] --END-- [ RunTime:0.000000s ]
INFO: [ app_end ] --START--
INFO: Run Behavior\ShowPageTraceBehavior [ RunTime:0.001000s ]
INFO: [ app_end ] --END-- [ RunTime:0.001000s ]

[ 2018-01-09T00:12:04+08:00 ] 192.168.1.121 /index.php/personal/ajaxSchedule
INFO: [ app_init ] --START--
INFO: Run Behavior\BuildLiteBehavior [ RunTime:0.000000s ]
INFO: [ app_init ] --END-- [ RunTime:0.000000s ]
INFO: [ app_begin ] --START--
INFO: Run Behavior\ReadHtmlCacheBehavior [ RunTime:0.000000s ]
INFO: [ app_begin ] --END-- [ RunTime:0.000000s ]
NOTIC: [8] Undefined index: token D:\phpStudy\WWW\youpei_2.0\Application\Home\Controller\BaseController.class.php 第 177 行.
NOTIC: [2048] Declaration of Common\Model\UserModel::delete() should be compatible with Think\Model::delete($options = Array) D:\phpStudy\WWW\youpei_2.0\Application\Common\Model\UserModel.class.php 第 14 行.
NOTIC: [2048] Declaration of Common\Model\UserModel::find() should be compatible with Think\Model::find($options = Array) D:\phpStudy\WWW\youpei_2.0\Application\Common\Model\UserModel.class.php 第 14 行.
SQL: SHOW COLUMNS FROM `yp_user` [ RunTime:0.0270s ]
SQL: SELECT * FROM `yp_user` WHERE ( open_id='oSFV6w-VMN-xdb7eM0pyIq608E8E' ) LIMIT 1   [ RunTime:0.0010s ]
NOTIC: [2] file_get_contents(): Unable to find the wrapper &quot;https&quot; - did you forget to enable it when you configured PHP? D:\phpStudy\WWW\youpei_2.0\Application\Home\Controller\BaseController.class.php 第 241 行.
NOTIC: [2] file_get_contents(https://api.weixin.qq.com/cgi-bin/token?grant_type=client_credential&amp;appid=wx2a478415b419d817&amp;secret=5777fd0e27efa96cf5c85bbf1d2e5baa): failed to open stream: No such file or directory D:\phpStudy\WWW\youpei_2.0\Application\Home\Controller\BaseController.class.php 第 241 行.
NOTIC: [8] Trying to get property of non-object D:\phpStudy\WWW\youpei_2.0\Application\Home\Controller\BaseController.class.php 第 242 行.
NOTIC: [2] file_get_contents(): Unable to find the wrapper &quot;https&quot; - did you forget to enable it when you configured PHP? D:\phpStudy\WWW\youpei_2.0\Application\Home\Controller\BaseController.class.php 第 245 行.
NOTIC: [2] file_get_contents(https://api.weixin.qq.com/cgi-bin/user/info?access_token=&amp;openid=oSFV6w-VMN-xdb7eM0pyIq608E8E): failed to open stream: No such file or directory D:\phpStudy\WWW\youpei_2.0\Application\Home\Controller\BaseController.class.php 第 245 行.
NOTIC: [8] Trying to get property of non-object D:\phpStudy\WWW\youpei_2.0\Application\Home\Controller\BaseController.class.php 第 246 行.
SQL: SHOW COLUMNS FROM `yp_user` [ RunTime:0.0250s ]
SQL: SELECT `last_login_time` FROM `yp_user` WHERE `open_id` = 'oSFV6w-VMN-xdb7eM0pyIq608E8E' LIMIT 1   [ RunTime:0.0000s ]
SQL: UPDATE `yp_user` SET `last_login_time`='1515427924' WHERE ( id=7904 ) [ RunTime:0.0010s ]
SQL: SELECT * FROM `yp_user` WHERE ( open_id='oSFV6w-VMN-xdb7eM0pyIq608E8E' ) LIMIT 1   [ RunTime:0.0010s ]
NOTIC: [8] Undefined index: share_user_id D:\phpStudy\WWW\youpei_2.0\Application\Home\Controller\BaseController.class.php 第 133 行.
SQL: SHOW COLUMNS FROM `yp_wxuser` [ RunTime:0.0130s ]
SQL: SELECT * FROM `yp_wxuser` WHERE `token` = 'g232238gc959' LIMIT 1   [ RunTime:0.0000s ]
SQL: SHOW COLUMNS FROM `yp_class_time` [ RunTime:0.0120s ]
SQL: SELECT `id`,`start_day_time`,`start_hour_time`,`end_hour_time`,`class_title`,`teacher`,`remark`,`classroom`,`classroom_people`,`classroom_max_people`,`class_hour`,`token`,`mobile`,`province`,`city`,`area`,`address`,`upload_type`,`leave` FROM `yp_class_time` WHERE ( `start_day_time` >= 1514736000 AND `start_day_time` < 1517328000  ) AND `user_id` = 7904 ORDER BY start_hour_time asc  [ RunTime:0.0000s ]
SQL: SHOW COLUMNS FROM `yp_user_data` [ RunTime:0.0100s ]
SQL: SELECT `baby_name` FROM `yp_user_data` WHERE `user_id` = 7904 LIMIT 1   [ RunTime:0.0000s ]

